==> Preparing data..
==> Distilled dataset building..
==> Warmming up the model...
  0%|                                                                                                                                    | 0/70 [00:00<?, ?it/s]==> Epoch: 1
  1%|█▊                                                                                                                          | 1/70 [00:10<11:36, 10.09s/it]==> Epoch: 2
  3%|███▌                                                                                                                        | 2/70 [00:19<11:08,  9.82s/it]==> Epoch: 3
  4%|█████▎                                                                                                                      | 3/70 [00:29<11:11, 10.02s/it]==> Epoch: 4
  6%|███████                                                                                                                     | 4/70 [00:40<11:08, 10.12s/it]==> Epoch: 5
  7%|████████▊                                                                                                                   | 5/70 [00:51<11:14, 10.38s/it]==> Epoch: 6
  9%|██████████▋                                                                                                                 | 6/70 [01:01<11:06, 10.41s/it]==> Epoch: 7
 10%|████████████▍                                                                                                               | 7/70 [01:11<10:53, 10.37s/it]==> Epoch: 8
 11%|██████████████▏                                                                                                             | 8/70 [01:22<10:53, 10.54s/it]==> Epoch: 9
 13%|███████████████▉                                                                                                            | 9/70 [01:32<10:31, 10.35s/it]==> Epoch: 10
 14%|█████████████████▌                                                                                                         | 10/70 [01:43<10:30, 10.50s/it]==> Epoch: 11
 16%|███████████████████▎                                                                                                       | 11/70 [01:54<10:21, 10.53s/it]==> Epoch: 12
 17%|█████████████████████                                                                                                      | 12/70 [02:04<10:12, 10.56s/it]==> Epoch: 13
 19%|██████████████████████▊                                                                                                    | 13/70 [02:14<09:49, 10.35s/it]==> Epoch: 14
 20%|████████████████████████▌                                                                                                  | 14/70 [02:24<09:24, 10.07s/it]==> Epoch: 15
 21%|██████████████████████████▎                                                                                                | 15/70 [02:33<09:08,  9.98s/it]==> Epoch: 16
 23%|████████████████████████████                                                                                               | 16/70 [02:43<08:46,  9.75s/it]==> Epoch: 17
 24%|█████████████████████████████▊                                                                                             | 17/70 [02:52<08:34,  9.70s/it]==> Epoch: 18
 26%|███████████████████████████████▋                                                                                           | 18/70 [03:02<08:25,  9.73s/it]==> Epoch: 19
 27%|█████████████████████████████████▍                                                                                         | 19/70 [03:11<08:01,  9.44s/it]==> Epoch: 20
 29%|███████████████████████████████████▏                                                                                       | 20/70 [03:21<07:58,  9.57s/it]==> Epoch: 21
 30%|████████████████████████████████████▉                                                                                      | 21/70 [03:30<07:50,  9.60s/it]==> Epoch: 22
 31%|██████████████████████████████████████▋                                                                                    | 22/70 [03:41<07:51,  9.83s/it]==> Epoch: 23
 33%|████████████████████████████████████████▍                                                                                  | 23/70 [03:51<07:43,  9.87s/it]==> Epoch: 24
 34%|██████████████████████████████████████████▏                                                                                | 24/70 [04:00<07:30,  9.80s/it]==> Epoch: 25
 36%|███████████████████████████████████████████▉                                                                               | 25/70 [04:10<07:25,  9.91s/it]==> Epoch: 26
 37%|█████████████████████████████████████████████▋                                                                             | 26/70 [04:20<07:14,  9.88s/it]==> Epoch: 27
 39%|███████████████████████████████████████████████▍                                                                           | 27/70 [04:29<06:56,  9.68s/it]==> Epoch: 28
 40%|█████████████████████████████████████████████████▏                                                                         | 28/70 [04:39<06:41,  9.56s/it]==> Epoch: 29
 41%|██████████████████████████████████████████████████▉                                                                        | 29/70 [04:48<06:33,  9.61s/it]==> Epoch: 30
 43%|████████████████████████████████████████████████████▋                                                                      | 30/70 [04:58<06:28,  9.71s/it]==> Epoch: 31
 44%|██████████████████████████████████████████████████████▍                                                                    | 31/70 [05:09<06:33, 10.09s/it]==> Epoch: 32
 46%|████████████████████████████████████████████████████████▏                                                                  | 32/70 [05:20<06:34, 10.38s/it]==> Epoch: 33
 47%|█████████████████████████████████████████████████████████▉                                                                 | 33/70 [05:31<06:25, 10.43s/it]==> Epoch: 34
 49%|███████████████████████████████████████████████████████████▋                                                               | 34/70 [05:41<06:15, 10.44s/it]==> Epoch: 35
 50%|█████████████████████████████████████████████████████████████▌                                                             | 35/70 [05:51<06:01, 10.32s/it]==> Epoch: 36
 51%|███████████████████████████████████████████████████████████████▎                                                           | 36/70 [06:02<05:51, 10.35s/it]==> Epoch: 37
 53%|█████████████████████████████████████████████████████████████████                                                          | 37/70 [06:12<05:37, 10.22s/it]==> Epoch: 38
 54%|██████████████████████████████████████████████████████████████████▊                                                        | 38/70 [06:21<05:19, 10.00s/it]==> Epoch: 39
 56%|████████████████████████████████████████████████████████████████████▌                                                      | 39/70 [06:30<05:00,  9.70s/it]==> Epoch: 40
 57%|██████████████████████████████████████████████████████████████████████▎                                                    | 40/70 [06:39<04:41,  9.38s/it]==> Epoch: 41
 59%|████████████████████████████████████████████████████████████████████████                                                   | 41/70 [06:47<04:24,  9.13s/it]==> Epoch: 42
 60%|█████████████████████████████████████████████████████████████████████████▊                                                 | 42/70 [06:56<04:15,  9.11s/it]==> Epoch: 43
 61%|███████████████████████████████████████████████████████████████████████████▌                                               | 43/70 [07:06<04:13,  9.37s/it]==> Epoch: 44
 63%|█████████████████████████████████████████████████████████████████████████████▎                                             | 44/70 [07:16<04:08,  9.55s/it]==> Epoch: 45
 64%|███████████████████████████████████████████████████████████████████████████████                                            | 45/70 [07:26<03:59,  9.59s/it]==> Epoch: 46
 66%|████████████████████████████████████████████████████████████████████████████████▊                                          | 46/70 [07:35<03:44,  9.37s/it]==> Epoch: 47
 67%|██████████████████████████████████████████████████████████████████████████████████▌                                        | 47/70 [07:45<03:38,  9.50s/it]==> Epoch: 48
 69%|████████████████████████████████████████████████████████████████████████████████████▎                                      | 48/70 [07:54<03:26,  9.37s/it]==> Epoch: 49
 70%|██████████████████████████████████████████████████████████████████████████████████████                                     | 49/70 [08:03<03:16,  9.37s/it]==> Epoch: 50
 71%|███████████████████████████████████████████████████████████████████████████████████████▊                                   | 50/70 [08:13<03:11,  9.55s/it]==> Epoch: 51
 73%|█████████████████████████████████████████████████████████████████████████████████████████▌                                 | 51/70 [08:22<02:57,  9.32s/it]==> Epoch: 52
 74%|███████████████████████████████████████████████████████████████████████████████████████████▎                               | 52/70 [08:31<02:45,  9.21s/it]==> Epoch: 53
 76%|█████████████████████████████████████████████████████████████████████████████████████████████▏                             | 53/70 [08:40<02:37,  9.28s/it]==> Epoch: 54
 77%|██████████████████████████████████████████████████████████████████████████████████████████████▉                            | 54/70 [08:49<02:27,  9.24s/it]==> Epoch: 55
 79%|████████████████████████████████████████████████████████████████████████████████████████████████▋                          | 55/70 [08:59<02:17,  9.19s/it]==> Epoch: 56
 80%|██████████████████████████████████████████████████████████████████████████████████████████████████▍                        | 56/70 [09:08<02:10,  9.33s/it]==> Epoch: 57
 81%|████████████████████████████████████████████████████████████████████████████████████████████████████▏                      | 57/70 [09:18<02:01,  9.34s/it]==> Epoch: 58
 83%|█████████████████████████████████████████████████████████████████████████████████████████████████████▉                     | 58/70 [09:27<01:52,  9.34s/it]==> Epoch: 59
 84%|███████████████████████████████████████████████████████████████████████████████████████████████████████▋                   | 59/70 [09:35<01:39,  9.08s/it]==> Epoch: 60
 86%|█████████████████████████████████████████████████████████████████████████████████████████████████████████▍                 | 60/70 [09:45<01:32,  9.22s/it]==> Epoch: 61
 87%|███████████████████████████████████████████████████████████████████████████████████████████████████████████▏               | 61/70 [09:55<01:24,  9.38s/it]==> Epoch: 62
 89%|████████████████████████████████████████████████████████████████████████████████████████████████████████████▉              | 62/70 [10:04<01:14,  9.26s/it]==> Epoch: 63
 90%|██████████████████████████████████████████████████████████████████████████████████████████████████████████████▋            | 63/70 [10:13<01:04,  9.23s/it]==> Epoch: 64
 91%|████████████████████████████████████████████████████████████████████████████████████████████████████████████████▍          | 64/70 [10:22<00:55,  9.31s/it]==> Epoch: 65
 93%|██████████████████████████████████████████████████████████████████████████████████████████████████████████████████▏        | 65/70 [10:31<00:45,  9.12s/it]==> Epoch: 66
 94%|███████████████████████████████████████████████████████████████████████████████████████████████████████████████████▉       | 66/70 [10:40<00:36,  9.19s/it]==> Epoch: 67
 96%|█████████████████████████████████████████████████████████████████████████████████████████████████████████████████████▋     | 67/70 [10:50<00:28,  9.46s/it]==> Epoch: 68
 97%|███████████████████████████████████████████████████████████████████████████████████████████████████████████████████████▍   | 68/70 [11:00<00:19,  9.62s/it]==> Epoch: 69
 99%|█████████████████████████████████████████████████████████████████████████████████████████████████████████████████████████▏ | 69/70 [11:11<00:09,  9.82s/it]==> Epoch: 70
100%|███████████████████████████████████████████████████████████████████████████████████████████████████████████████████████████| 70/70 [11:21<00:00,  9.73s/it]
==> Filtering dataset..
Number of distilled train examples: 17996
Accuracy of distilled train examples collection: 97.94398755278951%
Number of distilled validation examples: 1997
Accuracy of distilled validation examples collection: 98.04707060590886%
==> Distilled dataset building done..
==> Start training..
source_weight: 0.285669, target_weight: 0.714331
  0%|                                                                                                                                   | 0/200 [00:00<?, ?it/s]epoch 1
Train Loss: 0.575626, Acc: 55.606705%
Val Loss: 0.934955, Acc: 66.985851%
Test Loss: 1.657532, Acc: 44.840000%
  0%|▌                                                                                                                          | 1/200 [00:11<38:20, 11.56s/it]epoch 2
Train Loss: 0.365764, Acc: 72.437933%
Val Loss: 0.692947, Acc: 75.789624%
Test Loss: 1.376206, Acc: 54.180000%
  1%|█▏                                                                                                                         | 2/200 [00:23<38:42, 11.73s/it]epoch 3
Train Loss: 0.268470, Acc: 80.106673%
Val Loss: 0.532309, Acc: 81.406317%
Test Loss: 1.178819, Acc: 60.470000%
  2%|█▊                                                                                                                         | 3/200 [00:35<38:46, 11.81s/it]epoch 4
Train Loss: 0.213520, Acc: 84.054543%
Val Loss: 0.501494, Acc: 82.635415%
Test Loss: 1.144997, Acc: 64.010000%
  2%|██▍                                                                                                                        | 4/200 [00:47<38:32, 11.80s/it]epoch 5
Train Loss: 0.172407, Acc: 87.008699%
Val Loss: 0.416632, Acc: 86.208375%
Test Loss: 1.079491, Acc: 67.590000%
  2%|███                                                                                                                        | 5/200 [00:59<39:38, 12.20s/it]epoch 6
Train Loss: 0.147313, Acc: 88.686583%
Val Loss: 0.344863, Acc: 88.066314%
Test Loss: 0.908219, Acc: 71.790000%
  3%|███▋                                                                                                                       | 6/200 [01:12<39:22, 12.18s/it]epoch 7
Train Loss: 0.127406, Acc: 90.137469%
Val Loss: 0.345302, Acc: 88.466486%
Test Loss: 0.823088, Acc: 74.250000%
  4%|████▎                                                                                                                      | 7/200 [01:24<39:42, 12.34s/it]epoch 8
Train Loss: 0.115455, Acc: 91.031177%
Val Loss: 0.365667, Acc: 87.823353%
Test Loss: 1.028005, Acc: 70.680000%
  4%|████▉                                                                                                                      | 8/200 [01:35<38:13, 11.94s/it]epoch 9
Train Loss: 0.106159, Acc: 91.621690%
Val Loss: 0.312956, Acc: 89.752751%
Test Loss: 0.917267, Acc: 74.300000%
  4%|█████▌                                                                                                                     | 9/200 [01:48<38:38, 12.14s/it]epoch 10
Train Loss: 0.093880, Acc: 92.577306%
Val Loss: 0.275734, Acc: 91.324854%
Test Loss: 0.814056, Acc: 76.290000%
  5%|██████                                                                                                                    | 10/200 [02:00<38:35, 12.19s/it]epoch 11
Train Loss: 0.086514, Acc: 92.982094%
Val Loss: 0.266302, Acc: 91.110476%
Test Loss: 0.801867, Acc: 77.130000%
  6%|██████▋                                                                                                                   | 11/200 [02:12<37:56, 12.05s/it]epoch 12
Train Loss: 0.080835, Acc: 93.629754%
Val Loss: 0.244547, Acc: 91.410605%
Test Loss: 0.800215, Acc: 76.720000%
  6%|███████▎                                                                                                                  | 12/200 [02:23<37:08, 11.85s/it]epoch 13
Train Loss: 0.075899, Acc: 93.915487%
Val Loss: 0.308435, Acc: 89.652708%
Test Loss: 0.890792, Acc: 75.430000%
  6%|███████▉                                                                                                                  | 13/200 [02:35<37:09, 11.92s/it]epoch 14
Train Loss: 0.077524, Acc: 93.812306%
Val Loss: 0.265710, Acc: 91.339145%
Test Loss: 0.848030, Acc: 76.920000%
  7%|████████▌                                                                                                                 | 14/200 [02:48<37:48, 12.20s/it]epoch 15
Train Loss: 0.066079, Acc: 94.656804%
Val Loss: 0.209190, Acc: 93.168501%
Test Loss: 0.791834, Acc: 78.190000%
  8%|█████████▏                                                                                                                | 15/200 [03:01<38:06, 12.36s/it]epoch 16
Train Loss: 0.064510, Acc: 94.752048%
Val Loss: 0.214979, Acc: 92.625411%
Test Loss: 0.759680, Acc: 78.630000%
  8%|█████████▊                                                                                                                | 16/200 [03:13<37:42, 12.30s/it]epoch 17
Train Loss: 0.061338, Acc: 94.977459%
Val Loss: 0.200687, Acc: 93.054166%
Test Loss: 0.752824, Acc: 79.150000%
  8%|██████████▎                                                                                                               | 17/200 [03:26<37:35, 12.33s/it]epoch 18
Train Loss: 0.059237, Acc: 95.171122%
Val Loss: 0.252578, Acc: 91.739317%
Test Loss: 0.820712, Acc: 77.970000%
  9%|██████████▉                                                                                                               | 18/200 [03:38<37:21, 12.32s/it]epoch 19
Train Loss: 0.057200, Acc: 95.293352%
Val Loss: 0.218823, Acc: 92.982707%
Test Loss: 0.795409, Acc: 78.910000%
 10%|███████████▌                                                                                                              | 19/200 [03:50<36:40, 12.16s/it]epoch 20
Train Loss: 0.059676, Acc: 95.152073%
Val Loss: 0.195193, Acc: 93.168501%
Test Loss: 0.696983, Acc: 80.150000%
 10%|████████████▏                                                                                                             | 20/200 [04:02<36:37, 12.21s/it]epoch 21
Train Loss: 0.050882, Acc: 95.772747%
Val Loss: 0.267340, Acc: 91.624982%
Test Loss: 0.935457, Acc: 76.120000%
 10%|████████████▊                                                                                                             | 21/200 [04:14<36:07, 12.11s/it]epoch 22
Train Loss: 0.051112, Acc: 95.828307%
Val Loss: 0.193363, Acc: 93.454338%
Test Loss: 0.788879, Acc: 78.440000%
 11%|█████████████▍                                                                                                            | 22/200 [04:25<35:06, 11.84s/it]epoch 23
Train Loss: 0.051351, Acc: 95.875929%
Val Loss: 0.202595, Acc: 93.425754%
Test Loss: 0.812308, Acc: 78.290000%
 12%|██████████████                                                                                                            | 23/200 [04:36<34:26, 11.68s/it]epoch 24
Train Loss: 0.052669, Acc: 95.698140%
Val Loss: 0.244395, Acc: 92.182364%
Test Loss: 0.787502, Acc: 78.920000%
 12%|██████████████▋                                                                                                           | 24/200 [04:48<34:16, 11.68s/it]epoch 25
Train Loss: 0.052584, Acc: 95.712426%
Val Loss: 0.268111, Acc: 91.239102%
Test Loss: 0.868909, Acc: 76.400000%
 12%|███████████████▎                                                                                                          | 25/200 [05:00<34:11, 11.72s/it]epoch 26
Train Loss: 0.046037, Acc: 96.175948%
Val Loss: 0.207759, Acc: 93.011291%
Test Loss: 0.850220, Acc: 77.880000%
 13%|███████████████▊                                                                                                          | 26/200 [05:12<34:01, 11.73s/it]epoch 27
Train Loss: 0.045384, Acc: 96.301352%
Val Loss: 0.189337, Acc: 94.111762%
Test Loss: 0.740157, Acc: 80.570000%
 14%|████████████████▍                                                                                                         | 27/200 [05:24<33:58, 11.79s/it]epoch 28
Train Loss: 0.044346, Acc: 96.301352%
Val Loss: 0.237181, Acc: 92.496784%
Test Loss: 0.878830, Acc: 77.830000%
 14%|█████████████████                                                                                                         | 28/200 [05:36<33:55, 11.84s/it]epoch 29
Train Loss: 0.045623, Acc: 96.314052%
Val Loss: 0.191553, Acc: 93.554380%
Test Loss: 0.782549, Acc: 78.850000%
 14%|█████████████████▋                                                                                                        | 29/200 [05:48<34:27, 12.09s/it]epoch 30
Train Loss: 0.050155, Acc: 95.879103%
Val Loss: 0.213308, Acc: 93.268544%
Test Loss: 0.788628, Acc: 79.650000%
 15%|██████████████████▎                                                                                                       | 30/200 [06:01<34:35, 12.21s/it]epoch 31
Train Loss: 0.045386, Acc: 96.271192%
Val Loss: 0.172967, Acc: 94.411891%
Test Loss: 0.722083, Acc: 80.900000%
 16%|██████████████████▉                                                                                                       | 31/200 [06:13<34:29, 12.24s/it]epoch 32
Train Loss: 0.043520, Acc: 96.464855%
Val Loss: 0.220484, Acc: 93.254252%
Test Loss: 0.805074, Acc: 79.490000%
 16%|███████████████████▌                                                                                                      | 32/200 [06:25<34:13, 12.22s/it]epoch 33
Train Loss: 0.045290, Acc: 96.290241%
Val Loss: 0.197680, Acc: 93.768758%
Test Loss: 0.756892, Acc: 81.020000%
 16%|████████████████████▏                                                                                                     | 33/200 [06:38<34:07, 12.26s/it]epoch 34
Train Loss: 0.042222, Acc: 96.498190%
Val Loss: 0.189573, Acc: 93.897385%
Test Loss: 0.718533, Acc: 81.080000%
 17%|████████████████████▋                                                                                                     | 34/200 [06:49<33:30, 12.11s/it]epoch 35
Train Loss: 0.044652, Acc: 96.310877%
Val Loss: 0.256919, Acc: 91.982278%
Test Loss: 0.963294, Acc: 75.950000%
 18%|█████████████████████▎                                                                                                    | 35/200 [07:01<33:20, 12.12s/it]epoch 36
Train Loss: 0.042700, Acc: 96.517239%
Val Loss: 0.194802, Acc: 93.997427%
Test Loss: 0.732961, Acc: 80.380000%
 18%|█████████████████████▉                                                                                                    | 36/200 [07:14<33:05, 12.10s/it]epoch 37
Train Loss: 0.042927, Acc: 96.531526%
Val Loss: 0.218894, Acc: 92.925540%
Test Loss: 0.764402, Acc: 79.520000%
 18%|██████████████████████▌                                                                                                   | 37/200 [07:26<32:47, 12.07s/it]epoch 38
Train Loss: 0.041884, Acc: 96.533113%
Val Loss: 0.176122, Acc: 94.297556%
Test Loss: 0.715118, Acc: 80.780000%
 19%|███████████████████████▏                                                                                                  | 38/200 [07:37<32:12, 11.93s/it]epoch 39
Train Loss: 0.043043, Acc: 96.498190%
Val Loss: 0.222111, Acc: 93.025582%
Test Loss: 0.792413, Acc: 78.640000%
 20%|███████████████████████▊                                                                                                  | 39/200 [07:49<32:12, 12.01s/it]epoch 40
Train Loss: 0.040148, Acc: 96.795035%
Val Loss: 0.246141, Acc: 92.468201%
Test Loss: 0.856660, Acc: 78.100000%
 20%|████████████████████████▍                                                                                                 | 40/200 [08:01<32:09, 12.06s/it]epoch 41
Train Loss: 0.038121, Acc: 96.860118%
Val Loss: 0.199985, Acc: 93.497213%
Test Loss: 0.780616, Acc: 79.830000%
 20%|█████████████████████████                                                                                                 | 41/200 [08:13<31:26, 11.87s/it]epoch 42
Train Loss: 0.040957, Acc: 96.677567%
Val Loss: 0.187637, Acc: 94.126054%
Test Loss: 0.743448, Acc: 80.490000%
 21%|█████████████████████████▌                                                                                                | 42/200 [08:26<31:53, 12.11s/it]epoch 43
Train Loss: 0.042611, Acc: 96.583910%
Val Loss: 0.207086, Acc: 93.182793%
Test Loss: 0.809177, Acc: 79.480000%
 22%|██████████████████████████▏                                                                                               | 43/200 [08:37<31:12, 11.93s/it]epoch 44
Train Loss: 0.038314, Acc: 96.842657%
Val Loss: 0.170624, Acc: 94.397599%
Test Loss: 0.693916, Acc: 81.390000%
 22%|██████████████████████████▊                                                                                               | 44/200 [08:48<30:28, 11.72s/it]epoch 45
Train Loss: 0.038360, Acc: 96.868055%
Val Loss: 0.229623, Acc: 92.939831%
Test Loss: 0.842467, Acc: 78.480000%
 22%|███████████████████████████▍                                                                                              | 45/200 [09:01<30:39, 11.87s/it]epoch 46
Train Loss: 0.045052, Acc: 96.539463%
Val Loss: 0.233527, Acc: 92.711162%
Test Loss: 0.761026, Acc: 79.950000%
 23%|████████████████████████████                                                                                              | 46/200 [09:13<30:49, 12.01s/it]epoch 47
Train Loss: 0.039485, Acc: 96.802972%
Val Loss: 0.206817, Acc: 93.654423%
Test Loss: 0.759222, Acc: 80.770000%
 24%|████████████████████████████▋                                                                                             | 47/200 [09:25<30:44, 12.06s/it]epoch 48
Train Loss: 0.037005, Acc: 96.907740%
Val Loss: 0.188978, Acc: 94.168930%
Test Loss: 0.758365, Acc: 80.930000%
 24%|█████████████████████████████▎                                                                                            | 48/200 [09:37<30:23, 12.00s/it]epoch 49
Train Loss: 0.039332, Acc: 96.802972%
Val Loss: 0.184838, Acc: 94.211805%
Test Loss: 0.743699, Acc: 80.400000%
 24%|█████████████████████████████▉                                                                                            | 49/200 [09:49<30:33, 12.14s/it]epoch 50
Train Loss: 0.039853, Acc: 96.725189%
Val Loss: 0.163429, Acc: 94.669144%
Test Loss: 0.662956, Acc: 81.570000%
 25%|██████████████████████████████▌                                                                                           | 50/200 [10:01<29:58, 11.99s/it]epoch 51
Train Loss: 0.035380, Acc: 97.101403%
Val Loss: 0.211277, Acc: 93.211376%
Test Loss: 0.803763, Acc: 79.050000%
 26%|███████████████████████████████                                                                                           | 51/200 [10:13<30:01, 12.09s/it]epoch 52
Train Loss: 0.037545, Acc: 96.950600%
Val Loss: 0.174562, Acc: 94.297556%
Test Loss: 0.661413, Acc: 81.980000%
 26%|███████████████████████████████▋                                                                                          | 52/200 [10:25<29:43, 12.05s/it]epoch 53
Train Loss: 0.035378, Acc: 97.069655%
Val Loss: 0.177182, Acc: 94.383307%
Test Loss: 0.734119, Acc: 80.540000%
 26%|████████████████████████████████▎                                                                                         | 53/200 [10:38<29:41, 12.12s/it]epoch 54
Train Loss: 0.037813, Acc: 96.968061%
Val Loss: 0.214573, Acc: 93.554380%
Test Loss: 0.859636, Acc: 78.940000%
 27%|████████████████████████████████▉                                                                                         | 54/200 [10:50<29:38, 12.18s/it]epoch 55
Train Loss: 0.038183, Acc: 96.845831%
Val Loss: 0.189768, Acc: 93.854509%
Test Loss: 0.709441, Acc: 81.340000%
 28%|█████████████████████████████████▌                                                                                        | 55/200 [11:01<28:54, 11.96s/it]epoch 56
Train Loss: 0.037566, Acc: 96.950600%
Val Loss: 0.176373, Acc: 94.197513%
Test Loss: 0.693562, Acc: 81.670000%
 28%|██████████████████████████████████▏                                                                                       | 56/200 [11:14<29:04, 12.11s/it]epoch 57
Train Loss: 0.038733, Acc: 96.944250%
Val Loss: 0.186172, Acc: 94.011719%
Test Loss: 0.751785, Acc: 80.530000%
 28%|██████████████████████████████████▊                                                                                       | 57/200 [11:25<28:29, 11.95s/it]epoch 58
Train Loss: 0.036100, Acc: 97.050606%
Val Loss: 0.193706, Acc: 94.111762%
Test Loss: 0.744998, Acc: 80.710000%
 29%|███████████████████████████████████▍                                                                                      | 58/200 [11:37<27:52, 11.78s/it]epoch 59
Train Loss: 0.035782, Acc: 97.104578%
Val Loss: 0.182934, Acc: 94.526226%
Test Loss: 0.732106, Acc: 81.030000%
 30%|███████████████████████████████████▉                                                                                      | 59/200 [11:49<27:50, 11.85s/it]epoch 60
Train Loss: 0.038258, Acc: 96.883929%
Val Loss: 0.158285, Acc: 94.969273%
Test Loss: 0.641195, Acc: 83.480000%
 30%|████████████████████████████████████▌                                                                                     | 60/200 [12:00<27:32, 11.80s/it]epoch 61
Train Loss: 0.034899, Acc: 97.141088%
Val Loss: 0.226113, Acc: 93.011291%
Test Loss: 0.774253, Acc: 80.400000%
 30%|█████████████████████████████████████▏                                                                                    | 61/200 [12:13<27:46, 11.99s/it]epoch 62
Train Loss: 0.037385, Acc: 97.015684%
Val Loss: 0.216091, Acc: 93.368587%
Test Loss: 0.801541, Acc: 79.620000%
 31%|█████████████████████████████████████▊                                                                                    | 62/200 [12:25<27:51, 12.11s/it]epoch 63
Train Loss: 0.037874, Acc: 96.926789%
Val Loss: 0.177211, Acc: 94.197513%
Test Loss: 0.697869, Acc: 81.630000%
 32%|██████████████████████████████████████▍                                                                                   | 63/200 [12:38<28:01, 12.28s/it]epoch 64
Train Loss: 0.036327, Acc: 97.007747%
Val Loss: 0.212411, Acc: 93.225668%
Test Loss: 0.841777, Acc: 78.210000%
 32%|███████████████████████████████████████                                                                                   | 64/200 [12:50<27:37, 12.19s/it]epoch 65
Train Loss: 0.036056, Acc: 97.112515%
Val Loss: 0.267543, Acc: 92.010862%
Test Loss: 0.940760, Acc: 77.220000%
 32%|███████████████████████████████████████▋                                                                                  | 65/200 [13:01<26:43, 11.88s/it]epoch 66
Train Loss: 0.031810, Acc: 97.299829%
Val Loss: 0.197600, Acc: 93.825925%
Test Loss: 0.749560, Acc: 80.670000%
 33%|████████████████████████████████████████▎                                                                                 | 66/200 [13:13<26:40, 11.95s/it]epoch 67
Train Loss: 0.030691, Acc: 97.426821%
Val Loss: 0.185600, Acc: 94.140346%
Test Loss: 0.776445, Acc: 80.360000%
 34%|████████████████████████████████████████▊                                                                                 | 67/200 [13:25<26:38, 12.02s/it]epoch 68
Train Loss: 0.033480, Acc: 97.285542%
Val Loss: 0.197998, Acc: 93.768758%
Test Loss: 0.754309, Acc: 81.120000%
 34%|█████████████████████████████████████████▍                                                                                | 68/200 [13:38<26:47, 12.18s/it]epoch 69
Train Loss: 0.035205, Acc: 97.102991%
Val Loss: 0.193802, Acc: 93.797342%
Test Loss: 0.726126, Acc: 81.180000%
 34%|██████████████████████████████████████████                                                                                | 69/200 [13:50<26:30, 12.14s/it]epoch 70
Train Loss: 0.035145, Acc: 97.088704%
Val Loss: 0.167634, Acc: 94.869230%
Test Loss: 0.679754, Acc: 82.000000%
 35%|██████████████████████████████████████████▋                                                                               | 70/200 [14:02<26:01, 12.01s/it]epoch 71
Train Loss: 0.033382, Acc: 97.334751%
Val Loss: 0.169061, Acc: 94.526226%
Test Loss: 0.728845, Acc: 80.610000%
 36%|███████████████████████████████████████████▎                                                                              | 71/200 [14:14<25:56, 12.06s/it]epoch 72
Train Loss: 0.037893, Acc: 97.006159%
Val Loss: 0.235950, Acc: 92.468201%
Test Loss: 0.804745, Acc: 79.660000%
 36%|███████████████████████████████████████████▉                                                                              | 72/200 [14:26<25:57, 12.17s/it]epoch 73
Train Loss: 0.035050, Acc: 97.190298%
Val Loss: 0.151953, Acc: 95.269401%
Test Loss: 0.664325, Acc: 82.690000%
 36%|████████████████████████████████████████████▌                                                                             | 73/200 [14:38<25:34, 12.08s/it]epoch 74
Train Loss: 0.032073, Acc: 97.412534%
Val Loss: 0.176275, Acc: 94.540517%
Test Loss: 0.738335, Acc: 81.480000%
 37%|█████████████████████████████████████████████▏                                                                            | 74/200 [14:50<25:15, 12.03s/it]epoch 75
Train Loss: 0.033488, Acc: 97.318877%
Val Loss: 0.172526, Acc: 94.497642%
Test Loss: 0.701719, Acc: 81.390000%
 38%|█████████████████████████████████████████████▊                                                                            | 75/200 [15:02<24:56, 11.97s/it]epoch 76
Train Loss: 0.034771, Acc: 97.196647%
Val Loss: 0.289485, Acc: 91.567815%
Test Loss: 0.990612, Acc: 76.810000%
 38%|██████████████████████████████████████████████▎                                                                           | 76/200 [15:13<24:18, 11.76s/it]epoch 77
Train Loss: 0.033316, Acc: 97.369674%
Val Loss: 0.192121, Acc: 94.283264%
Test Loss: 0.748663, Acc: 81.370000%
 38%|██████████████████████████████████████████████▉                                                                           | 77/200 [15:25<24:23, 11.90s/it]epoch 78
Train Loss: 0.037630, Acc: 97.015684%
Val Loss: 0.167665, Acc: 94.926397%
Test Loss: 0.716395, Acc: 81.980000%
 39%|███████████████████████████████████████████████▌                                                                          | 78/200 [15:37<24:07, 11.86s/it]epoch 79
Train Loss: 0.032334, Acc: 97.282367%
Val Loss: 0.191819, Acc: 94.083179%
Test Loss: 0.754570, Acc: 80.910000%
 40%|████████████████████████████████████████████████▏                                                                         | 79/200 [15:49<23:58, 11.89s/it]epoch 80
Train Loss: 0.031527, Acc: 97.423646%
Val Loss: 0.151839, Acc: 95.540946%
Test Loss: 0.673789, Acc: 82.690000%
 40%|████████████████████████████████████████████████▊                                                                         | 80/200 [16:01<24:00, 12.00s/it]epoch 81
Train Loss: 0.032802, Acc: 97.439520%
Val Loss: 0.196501, Acc: 94.040303%
Test Loss: 0.699865, Acc: 82.280000%
 40%|█████████████████████████████████████████████████▍                                                                        | 81/200 [16:14<23:58, 12.08s/it]epoch 82
Train Loss: 0.031937, Acc: 97.336339%
Val Loss: 0.164046, Acc: 94.826354%
Test Loss: 0.690761, Acc: 81.920000%
 41%|██████████████████████████████████████████████████                                                                        | 82/200 [16:25<23:12, 11.80s/it]epoch 83
Train Loss: 0.032655, Acc: 97.352213%
Val Loss: 0.178866, Acc: 94.454766%
Test Loss: 0.720560, Acc: 81.440000%
 42%|██████████████████████████████████████████████████▋                                                                       | 83/200 [16:37<23:24, 12.00s/it]epoch 84
Train Loss: 0.031119, Acc: 97.533177%
Val Loss: 0.191023, Acc: 94.083179%
Test Loss: 0.726185, Acc: 81.120000%
 42%|███████████████████████████████████████████████████▏                                                                      | 84/200 [16:49<22:54, 11.85s/it]epoch 85
Train Loss: 0.032196, Acc: 97.366499%
Val Loss: 0.173097, Acc: 94.754895%
Test Loss: 0.770617, Acc: 81.170000%
 42%|███████████████████████████████████████████████████▊                                                                      | 85/200 [17:01<23:09, 12.08s/it]epoch 86
Train Loss: 0.033634, Acc: 97.328402%
Val Loss: 0.201753, Acc: 93.868801%
Test Loss: 0.787693, Acc: 80.220000%
 43%|████████████████████████████████████████████████████▍                                                                     | 86/200 [17:14<23:04, 12.14s/it]epoch 87
Train Loss: 0.032161, Acc: 97.407772%
Val Loss: 0.156592, Acc: 94.954981%
Test Loss: 0.680915, Acc: 82.970000%
 44%|█████████████████████████████████████████████████████                                                                     | 87/200 [17:25<22:37, 12.01s/it]epoch 88
Train Loss: 0.031142, Acc: 97.445870%
Val Loss: 0.220951, Acc: 93.368587%
Test Loss: 0.768584, Acc: 80.170000%
 44%|█████████████████████████████████████████████████████▋                                                                    | 88/200 [17:37<22:26, 12.02s/it]epoch 89
Train Loss: 0.032328, Acc: 97.491904%
Val Loss: 0.190608, Acc: 94.054595%
Test Loss: 0.749901, Acc: 81.860000%
 44%|██████████████████████████████████████████████████████▎                                                                   | 89/200 [17:50<22:19, 12.07s/it]epoch 90
Train Loss: 0.033660, Acc: 97.285542%
Val Loss: 0.157151, Acc: 95.197942%
Test Loss: 0.633708, Acc: 83.370000%
 45%|██████████████████████████████████████████████████████▉                                                                   | 90/200 [18:02<22:04, 12.04s/it]epoch 91
Train Loss: 0.031940, Acc: 97.509366%
Val Loss: 0.227860, Acc: 93.168501%
Test Loss: 0.858835, Acc: 78.830000%
 46%|███████████████████████████████████████████████████████▌                                                                  | 91/200 [18:14<22:13, 12.23s/it]epoch 92
Train Loss: 0.033254, Acc: 97.304591%
Val Loss: 0.174094, Acc: 94.840646%
Test Loss: 0.697694, Acc: 82.010000%
 46%|████████████████████████████████████████████████████████                                                                  | 92/200 [18:26<21:50, 12.14s/it]epoch 93
Train Loss: 0.032949, Acc: 97.377611%
Val Loss: 0.164146, Acc: 95.255109%
Test Loss: 0.642020, Acc: 83.480000%
 46%|████████████████████████████████████████████████████████▋                                                                 | 93/200 [18:38<21:30, 12.06s/it]epoch 94
Train Loss: 0.031385, Acc: 97.487142%
Val Loss: 0.172223, Acc: 94.526226%
Test Loss: 0.793508, Acc: 79.750000%
 47%|█████████████████████████████████████████████████████████▎                                                                | 94/200 [18:50<21:11, 11.99s/it]epoch 95
Train Loss: 0.032911, Acc: 97.391898%
Val Loss: 0.170813, Acc: 94.754895%
Test Loss: 0.682521, Acc: 82.470000%
 48%|█████████████████████████████████████████████████████████▉                                                                | 95/200 [19:02<21:04, 12.04s/it]epoch 96
Train Loss: 0.031210, Acc: 97.480792%
Val Loss: 0.163801, Acc: 95.012148%
Test Loss: 0.717877, Acc: 81.490000%
 48%|██████████████████████████████████████████████████████████▌                                                               | 96/200 [19:14<21:01, 12.13s/it]epoch 97
Train Loss: 0.032889, Acc: 97.383961%
Val Loss: 0.180600, Acc: 94.168930%
Test Loss: 0.664635, Acc: 82.580000%
 48%|███████████████████████████████████████████████████████████▏                                                              | 97/200 [19:26<20:19, 11.84s/it]epoch 98
Train Loss: 0.034947, Acc: 97.210934%
Val Loss: 0.191414, Acc: 93.997427%
Test Loss: 0.725757, Acc: 81.230000%
 49%|███████████████████████████████████████████████████████████▊                                                              | 98/200 [19:37<20:06, 11.83s/it]epoch 99
Train Loss: 0.030245, Acc: 97.572862%
Val Loss: 0.188741, Acc: 94.226097%
Test Loss: 0.680093, Acc: 82.230000%
 50%|████████████████████████████████████████████████████████████▍                                                             | 99/200 [19:50<20:03, 11.92s/it]epoch 100
Train Loss: 0.028988, Acc: 97.679218%
Val Loss: 0.227848, Acc: 93.168501%
Test Loss: 0.851507, Acc: 78.860000%
 50%|████████████████████████████████████████████████████████████▌                                                            | 100/200 [20:00<19:15, 11.56s/it]epoch 101
Train Loss: 0.013348, Acc: 98.918979%
Val Loss: 0.107145, Acc: 96.755752%
Test Loss: 0.562994, Acc: 85.960000%
 50%|█████████████████████████████████████████████████████████████                                                            | 101/200 [20:13<19:34, 11.87s/it]epoch 102
Train Loss: 0.007559, Acc: 99.396787%
Val Loss: 0.104673, Acc: 96.884379%
Test Loss: 0.564795, Acc: 86.150000%
 51%|█████████████████████████████████████████████████████████████▋                                                           | 102/200 [20:24<19:15, 11.79s/it]epoch 103
Train Loss: 0.006142, Acc: 99.512667%
Val Loss: 0.104147, Acc: 97.113048%
Test Loss: 0.551871, Acc: 86.450000%
 52%|██████████████████████████████████████████████████████████████▎                                                          | 103/200 [20:37<19:15, 11.91s/it]epoch 104
Train Loss: 0.005030, Acc: 99.614261%
Val Loss: 0.108138, Acc: 96.912963%
Test Loss: 0.557087, Acc: 86.580000%
 52%|██████████████████████████████████████████████████████████████▉                                                          | 104/200 [20:49<19:23, 12.12s/it]epoch 105
Train Loss: 0.004501, Acc: 99.660296%
Val Loss: 0.107478, Acc: 96.941546%
Test Loss: 0.556905, Acc: 86.350000%
 52%|███████████████████████████████████████████████████████████████▌                                                         | 105/200 [21:02<19:19, 12.20s/it]epoch 106
Train Loss: 0.003967, Acc: 99.722205%
Val Loss: 0.102419, Acc: 97.084465%
Test Loss: 0.570863, Acc: 86.750000%
 53%|████████████████████████████████████████████████████████████████▏                                                        | 106/200 [21:14<19:15, 12.30s/it]epoch 107
Train Loss: 0.003450, Acc: 99.746016%
Val Loss: 0.095239, Acc: 97.241675%
Test Loss: 0.573013, Acc: 86.780000%
 54%|████████████████████████████████████████████████████████████████▋                                                        | 107/200 [21:27<19:05, 12.32s/it]epoch 108
Train Loss: 0.003182, Acc: 99.774589%
Val Loss: 0.110434, Acc: 97.155924%
Test Loss: 0.568222, Acc: 86.910000%
 54%|█████████████████████████████████████████████████████████████████▎                                                       | 108/200 [21:39<19:00, 12.39s/it]epoch 109
Train Loss: 0.002950, Acc: 99.787288%
Val Loss: 0.102863, Acc: 97.213091%
Test Loss: 0.576762, Acc: 86.960000%
 55%|█████████████████████████████████████████████████████████████████▉                                                       | 109/200 [21:51<18:32, 12.23s/it]epoch 110
Train Loss: 0.002808, Acc: 99.801575%
Val Loss: 0.102200, Acc: 97.098757%
Test Loss: 0.569680, Acc: 87.130000%
 55%|██████████████████████████████████████████████████████████████████▌                                                      | 110/200 [22:03<18:25, 12.28s/it]epoch 111
Train Loss: 0.002477, Acc: 99.833323%
Val Loss: 0.102198, Acc: 97.155924%
Test Loss: 0.564091, Acc: 87.270000%
 56%|███████████████████████████████████████████████████████████████████▏                                                     | 111/200 [22:15<18:10, 12.25s/it]epoch 112
Train Loss: 0.002499, Acc: 99.811099%
Val Loss: 0.106117, Acc: 97.141632%
Test Loss: 0.578251, Acc: 87.000000%
 56%|███████████████████████████████████████████████████████████████████▊                                                     | 112/200 [22:27<17:26, 11.89s/it]epoch 113
Train Loss: 0.002107, Acc: 99.871420%
Val Loss: 0.109297, Acc: 96.827212%
Test Loss: 0.576319, Acc: 87.060000%
 56%|████████████████████████████████████████████████████████████████████▎                                                    | 113/200 [22:38<17:00, 11.73s/it]epoch 114
Train Loss: 0.002076, Acc: 99.863483%
Val Loss: 0.108239, Acc: 96.970130%
Test Loss: 0.589396, Acc: 86.860000%
 57%|████████████████████████████████████████████████████████████████████▉                                                    | 114/200 [22:50<16:53, 11.78s/it]epoch 115
Train Loss: 0.001914, Acc: 99.892057%
Val Loss: 0.103053, Acc: 97.298842%
Test Loss: 0.576011, Acc: 87.320000%
 57%|█████████████████████████████████████████████████████████████████████▌                                                   | 115/200 [23:03<17:09, 12.12s/it]epoch 116
Train Loss: 0.002017, Acc: 99.890469%
Val Loss: 0.111924, Acc: 97.070173%
Test Loss: 0.570869, Acc: 87.080000%
 58%|██████████████████████████████████████████████████████████████████████▏                                                  | 116/200 [23:15<17:12, 12.29s/it]epoch 117
Train Loss: 0.002023, Acc: 99.877770%
Val Loss: 0.113284, Acc: 97.098757%
Test Loss: 0.586317, Acc: 87.030000%
 58%|██████████████████████████████████████████████████████████████████████▊                                                  | 117/200 [23:27<16:48, 12.15s/it]epoch 118
Train Loss: 0.001680, Acc: 99.904756%
Val Loss: 0.108778, Acc: 96.941546%
Test Loss: 0.582137, Acc: 87.230000%
 59%|███████████████████████████████████████████████████████████████████████▍                                                 | 118/200 [23:39<16:24, 12.00s/it]epoch 119
Train Loss: 0.001601, Acc: 99.906343%
Val Loss: 0.108624, Acc: 97.213091%
Test Loss: 0.584788, Acc: 86.700000%
 60%|███████████████████████████████████████████████████████████████████████▉                                                 | 119/200 [23:50<15:51, 11.74s/it]epoch 120
Train Loss: 0.001487, Acc: 99.923805%
Val Loss: 0.108789, Acc: 97.127340%
Test Loss: 0.585342, Acc: 87.060000%
 60%|████████████████████████████████████████████████████████████████████████▌                                                | 120/200 [24:02<15:41, 11.77s/it]epoch 121
Train Loss: 0.001515, Acc: 99.920630%
Val Loss: 0.107868, Acc: 97.127340%
Test Loss: 0.573968, Acc: 87.330000%
 60%|█████████████████████████████████████████████████████████████████████████▏                                               | 121/200 [24:14<15:29, 11.76s/it]epoch 122
Train Loss: 0.001561, Acc: 99.917455%
Val Loss: 0.105863, Acc: 97.413177%
Test Loss: 0.584234, Acc: 87.150000%
 61%|█████████████████████████████████████████████████████████████████████████▊                                               | 122/200 [24:26<15:35, 11.99s/it]epoch 123
Train Loss: 0.001653, Acc: 99.914280%
Val Loss: 0.108285, Acc: 97.213091%
Test Loss: 0.576343, Acc: 87.100000%
 62%|██████████████████████████████████████████████████████████████████████████▍                                              | 123/200 [24:37<15:04, 11.75s/it]epoch 124
Train Loss: 0.001459, Acc: 99.930154%
Val Loss: 0.107137, Acc: 97.127340%
Test Loss: 0.592970, Acc: 87.080000%
 62%|███████████████████████████████████████████████████████████████████████████                                              | 124/200 [24:49<14:56, 11.80s/it]epoch 125
Train Loss: 0.001444, Acc: 99.931742%
Val Loss: 0.106598, Acc: 97.255967%
Test Loss: 0.583687, Acc: 87.100000%
 62%|███████████████████████████████████████████████████████████████████████████▋                                             | 125/200 [25:01<14:40, 11.74s/it]epoch 126
Train Loss: 0.001335, Acc: 99.925392%
Val Loss: 0.106233, Acc: 97.255967%
Test Loss: 0.584453, Acc: 87.350000%
 63%|████████████████████████████████████████████████████████████████████████████▏                                            | 126/200 [25:13<14:35, 11.84s/it]epoch 127
Train Loss: 0.001136, Acc: 99.955553%
Val Loss: 0.114954, Acc: 96.941546%
Test Loss: 0.588628, Acc: 87.170000%
 64%|████████████████████████████████████████████████████████████████████████████▊                                            | 127/200 [25:25<14:28, 11.89s/it]epoch 128
Train Loss: 0.001124, Acc: 99.949203%
Val Loss: 0.107159, Acc: 97.284551%
Test Loss: 0.597334, Acc: 86.620000%
 64%|█████████████████████████████████████████████████████████████████████████████▍                                           | 128/200 [25:37<14:21, 11.96s/it]epoch 129
Train Loss: 0.001301, Acc: 99.930154%
Val Loss: 0.106842, Acc: 97.370302%
Test Loss: 0.573349, Acc: 87.350000%
 64%|██████████████████████████████████████████████████████████████████████████████                                           | 129/200 [25:49<14:13, 12.02s/it]epoch 130
Train Loss: 0.001237, Acc: 99.952378%
Val Loss: 0.108978, Acc: 97.227383%
Test Loss: 0.595725, Acc: 87.160000%
 65%|██████████████████████████████████████████████████████████████████████████████▋                                          | 130/200 [26:01<13:48, 11.84s/it]epoch 131
Train Loss: 0.001258, Acc: 99.946028%
Val Loss: 0.104825, Acc: 97.356010%
Test Loss: 0.582920, Acc: 87.100000%
 66%|███████████████████████████████████████████████████████████████████████████████▎                                         | 131/200 [26:14<14:01, 12.20s/it]epoch 132
Train Loss: 0.001181, Acc: 99.925392%
Val Loss: 0.113583, Acc: 97.241675%
Test Loss: 0.585761, Acc: 87.240000%
 66%|███████████████████████████████████████████████████████████████████████████████▊                                         | 132/200 [26:25<13:28, 11.89s/it]epoch 133
Train Loss: 0.000970, Acc: 99.966665%
Val Loss: 0.115343, Acc: 97.255967%
Test Loss: 0.587245, Acc: 87.130000%
 66%|████████████████████████████████████████████████████████████████████████████████▍                                        | 133/200 [26:36<13:09, 11.78s/it]epoch 134
Train Loss: 0.001003, Acc: 99.968252%
Val Loss: 0.110990, Acc: 97.284551%
Test Loss: 0.595744, Acc: 87.190000%
 67%|█████████████████████████████████████████████████████████████████████████████████                                        | 134/200 [26:48<12:55, 11.75s/it]epoch 135
Train Loss: 0.001105, Acc: 99.960315%
Val Loss: 0.104022, Acc: 97.370302%
Test Loss: 0.577329, Acc: 87.790000%
 68%|█████████████████████████████████████████████████████████████████████████████████▋                                       | 135/200 [27:00<12:40, 11.70s/it]epoch 136
Train Loss: 0.001135, Acc: 99.947616%
Val Loss: 0.114349, Acc: 97.356010%
Test Loss: 0.587347, Acc: 87.110000%
 68%|██████████████████████████████████████████████████████████████████████████████████▎                                      | 136/200 [27:11<12:26, 11.67s/it]epoch 137
Train Loss: 0.001004, Acc: 99.961902%
Val Loss: 0.109200, Acc: 97.270259%
Test Loss: 0.590414, Acc: 87.020000%
 68%|██████████████████████████████████████████████████████████████████████████████████▉                                      | 137/200 [27:23<12:16, 11.70s/it]epoch 138
Train Loss: 0.000895, Acc: 99.963490%
Val Loss: 0.106833, Acc: 97.184508%
Test Loss: 0.587470, Acc: 87.090000%
 69%|███████████████████████████████████████████████████████████████████████████████████▍                                     | 138/200 [27:34<12:00, 11.62s/it]epoch 139
Train Loss: 0.000975, Acc: 99.961902%
Val Loss: 0.112204, Acc: 97.327426%
Test Loss: 0.584045, Acc: 87.630000%
 70%|████████████████████████████████████████████████████████████████████████████████████                                     | 139/200 [27:46<11:42, 11.52s/it]epoch 140
Train Loss: 0.001082, Acc: 99.969839%
Val Loss: 0.118288, Acc: 97.055881%
Test Loss: 0.575021, Acc: 87.300000%
 70%|████████████████████████████████████████████████████████████████████████████████████▋                                    | 140/200 [27:57<11:32, 11.55s/it]epoch 141
Train Loss: 0.000950, Acc: 99.965077%
Val Loss: 0.107065, Acc: 97.241675%
Test Loss: 0.584139, Acc: 87.240000%
 70%|█████████████████████████████████████████████████████████████████████████████████████▎                                   | 141/200 [28:09<11:26, 11.63s/it]epoch 142
Train Loss: 0.000939, Acc: 99.971427%
Val Loss: 0.111238, Acc: 97.356010%
Test Loss: 0.581042, Acc: 87.330000%
 71%|█████████████████████████████████████████████████████████████████████████████████████▉                                   | 142/200 [28:22<11:37, 12.03s/it]epoch 143
Train Loss: 0.000893, Acc: 99.977776%
Val Loss: 0.111557, Acc: 97.341718%
Test Loss: 0.582394, Acc: 87.130000%
 72%|██████████████████████████████████████████████████████████████████████████████████████▌                                  | 143/200 [28:34<11:22, 11.97s/it]epoch 144
Train Loss: 0.001127, Acc: 99.946028%
Val Loss: 0.114717, Acc: 97.098757%
Test Loss: 0.572146, Acc: 87.260000%
 72%|███████████████████████████████████████████████████████████████████████████████████████                                  | 144/200 [28:46<11:10, 11.97s/it]epoch 145
Train Loss: 0.000910, Acc: 99.960315%
Val Loss: 0.117763, Acc: 96.998714%
Test Loss: 0.583391, Acc: 87.250000%
 72%|███████████████████████████████████████████████████████████████████████████████████████▋                                 | 145/200 [28:57<10:40, 11.65s/it]epoch 146
Train Loss: 0.000968, Acc: 99.950791%
Val Loss: 0.107601, Acc: 97.255967%
Test Loss: 0.571078, Acc: 87.650000%
 73%|████████████████████████████████████████████████████████████████████████████████████████▎                                | 146/200 [29:09<10:35, 11.76s/it]epoch 147
Train Loss: 0.000865, Acc: 99.960315%
Val Loss: 0.110843, Acc: 97.170216%
Test Loss: 0.580051, Acc: 87.510000%
 74%|████████████████████████████████████████████████████████████████████████████████████████▉                                | 147/200 [29:21<10:22, 11.75s/it]epoch 148
Train Loss: 0.000823, Acc: 99.976189%
Val Loss: 0.114249, Acc: 97.127340%
Test Loss: 0.593158, Acc: 87.190000%
 74%|█████████████████████████████████████████████████████████████████████████████████████████▌                               | 148/200 [29:32<10:12, 11.78s/it]epoch 149
Train Loss: 0.000752, Acc: 99.979364%
Val Loss: 0.104185, Acc: 97.298842%
Test Loss: 0.590341, Acc: 87.330000%
 74%|██████████████████████████████████████████████████████████████████████████████████████████▏                              | 149/200 [29:45<10:05, 11.88s/it]epoch 150
Train Loss: 0.000750, Acc: 99.979364%
Val Loss: 0.110350, Acc: 97.484636%
Test Loss: 0.584747, Acc: 87.540000%
 75%|██████████████████████████████████████████████████████████████████████████████████████████▊                              | 150/200 [29:57<10:09, 12.20s/it]epoch 151
Train Loss: 0.000731, Acc: 99.973014%
Val Loss: 0.107546, Acc: 97.356010%
Test Loss: 0.582250, Acc: 87.430000%
 76%|███████████████████████████████████████████████████████████████████████████████████████████▎                             | 151/200 [30:10<09:57, 12.19s/it]epoch 152
Train Loss: 0.000706, Acc: 99.984126%
Val Loss: 0.109798, Acc: 97.255967%
Test Loss: 0.575936, Acc: 87.240000%
 76%|███████████████████████████████████████████████████████████████████████████████████████████▉                             | 152/200 [30:22<09:49, 12.28s/it]epoch 153
Train Loss: 0.000649, Acc: 99.985713%
Val Loss: 0.106182, Acc: 97.155924%
Test Loss: 0.576361, Acc: 87.420000%
 76%|████████████████████████████████████████████████████████████████████████████████████████████▌                            | 153/200 [30:34<09:30, 12.13s/it]epoch 154
Train Loss: 0.000700, Acc: 99.980951%
Val Loss: 0.112481, Acc: 97.341718%
Test Loss: 0.574968, Acc: 87.420000%
 77%|█████████████████████████████████████████████████████████████████████████████████████████████▏                           | 154/200 [30:46<09:18, 12.13s/it]epoch 155
Train Loss: 0.000747, Acc: 99.980951%
Val Loss: 0.111848, Acc: 97.213091%
Test Loss: 0.570374, Acc: 87.540000%
 78%|█████████████████████████████████████████████████████████████████████████████████████████████▊                           | 155/200 [30:59<09:11, 12.25s/it]epoch 156
Train Loss: 0.000669, Acc: 99.982539%
Val Loss: 0.108309, Acc: 97.313134%
Test Loss: 0.578733, Acc: 87.610000%
 78%|██████████████████████████████████████████████████████████████████████████████████████████████▍                          | 156/200 [31:11<08:56, 12.19s/it]epoch 157
Train Loss: 0.000659, Acc: 99.988888%
Val Loss: 0.113255, Acc: 97.084465%
Test Loss: 0.570045, Acc: 87.630000%
 78%|██████████████████████████████████████████████████████████████████████████████████████████████▉                          | 157/200 [31:23<08:40, 12.11s/it]epoch 158
Train Loss: 0.000673, Acc: 99.987301%
Val Loss: 0.111545, Acc: 97.070173%
Test Loss: 0.583258, Acc: 87.170000%
 79%|███████████████████████████████████████████████████████████████████████████████████████████████▌                         | 158/200 [31:34<08:20, 11.91s/it]epoch 159
Train Loss: 0.000689, Acc: 99.984126%
Val Loss: 0.109911, Acc: 97.284551%
Test Loss: 0.589317, Acc: 87.360000%
 80%|████████████████████████████████████████████████████████████████████████████████████████████████▏                        | 159/200 [31:46<08:13, 12.04s/it]epoch 160
Train Loss: 0.000684, Acc: 99.988888%
Val Loss: 0.110209, Acc: 97.184508%
Test Loss: 0.566088, Acc: 87.610000%
 80%|████████████████████████████████████████████████████████████████████████████████████████████████▊                        | 160/200 [31:58<07:52, 11.81s/it]epoch 161
Train Loss: 0.000707, Acc: 99.985713%
Val Loss: 0.113467, Acc: 97.113048%
Test Loss: 0.583184, Acc: 87.450000%
 80%|█████████████████████████████████████████████████████████████████████████████████████████████████▍                       | 161/200 [32:10<07:44, 11.90s/it]epoch 162
Train Loss: 0.000623, Acc: 99.984126%
Val Loss: 0.108499, Acc: 97.298842%
Test Loss: 0.573602, Acc: 87.550000%
 81%|██████████████████████████████████████████████████████████████████████████████████████████████████                       | 162/200 [32:22<07:37, 12.03s/it]epoch 163
Train Loss: 0.000671, Acc: 99.984126%
Val Loss: 0.108786, Acc: 97.413177%
Test Loss: 0.576770, Acc: 87.490000%
 82%|██████████████████████████████████████████████████████████████████████████████████████████████████▌                      | 163/200 [32:34<07:21, 11.92s/it]epoch 164
Train Loss: 0.000652, Acc: 99.987301%
Val Loss: 0.117710, Acc: 97.170216%
Test Loss: 0.575829, Acc: 87.580000%
 82%|███████████████████████████████████████████████████████████████████████████████████████████████████▏                     | 164/200 [32:45<07:02, 11.73s/it]epoch 165
Train Loss: 0.000750, Acc: 99.980951%
Val Loss: 0.110204, Acc: 97.055881%
Test Loss: 0.578980, Acc: 87.230000%
 82%|███████████████████████████████████████████████████████████████████████████████████████████████████▊                     | 165/200 [32:57<06:48, 11.67s/it]epoch 166
Train Loss: 0.000694, Acc: 99.984126%
Val Loss: 0.107637, Acc: 97.070173%
Test Loss: 0.570568, Acc: 87.630000%
 83%|████████████████████████████████████████████████████████████████████████████████████████████████████▍                    | 166/200 [33:08<06:34, 11.61s/it]epoch 167
Train Loss: 0.000627, Acc: 99.988888%
Val Loss: 0.107948, Acc: 97.341718%
Test Loss: 0.580675, Acc: 87.460000%
 84%|█████████████████████████████████████████████████████████████████████████████████████████████████████                    | 167/200 [33:21<06:34, 11.96s/it]epoch 168
Train Loss: 0.000628, Acc: 99.992063%
Val Loss: 0.111793, Acc: 97.227383%
Test Loss: 0.584801, Acc: 87.550000%
 84%|█████████████████████████████████████████████████████████████████████████████████████████████████████▋                   | 168/200 [33:33<06:25, 12.04s/it]epoch 169
Train Loss: 0.000697, Acc: 99.982539%
Val Loss: 0.111719, Acc: 97.184508%
Test Loss: 0.589383, Acc: 87.400000%
 84%|██████████████████████████████████████████████████████████████████████████████████████████████████████▏                  | 169/200 [33:44<06:02, 11.70s/it]epoch 170
Train Loss: 0.000676, Acc: 99.985713%
Val Loss: 0.111163, Acc: 97.227383%
Test Loss: 0.570850, Acc: 87.580000%
 85%|██████████████████████████████████████████████████████████████████████████████████████████████████████▊                  | 170/200 [33:56<05:56, 11.88s/it]epoch 171
Train Loss: 0.000612, Acc: 99.987301%
Val Loss: 0.115390, Acc: 97.070173%
Test Loss: 0.576748, Acc: 87.510000%
 86%|███████████████████████████████████████████████████████████████████████████████████████████████████████▍                 | 171/200 [34:08<05:46, 11.94s/it]epoch 172
Train Loss: 0.000641, Acc: 99.988888%
Val Loss: 0.116485, Acc: 97.098757%
Test Loss: 0.589073, Acc: 87.230000%
 86%|████████████████████████████████████████████████████████████████████████████████████████████████████████                 | 172/200 [34:20<05:30, 11.82s/it]epoch 173
Train Loss: 0.000724, Acc: 99.969839%
Val Loss: 0.116123, Acc: 97.113048%
Test Loss: 0.568921, Acc: 87.480000%
 86%|████████████████████████████████████████████████████████████████████████████████████████████████████████▋                | 173/200 [34:32<05:20, 11.86s/it]epoch 174
Train Loss: 0.000636, Acc: 99.988888%
Val Loss: 0.113824, Acc: 97.227383%
Test Loss: 0.570284, Acc: 87.330000%
 87%|█████████████████████████████████████████████████████████████████████████████████████████████████████████▎               | 174/200 [34:44<05:09, 11.89s/it]epoch 175
Train Loss: 0.000687, Acc: 99.974602%
Val Loss: 0.109937, Acc: 97.298842%
Test Loss: 0.582179, Acc: 87.300000%
 88%|█████████████████████████████████████████████████████████████████████████████████████████████████████████▉               | 175/200 [34:56<05:01, 12.04s/it]epoch 176
Train Loss: 0.000701, Acc: 99.988888%
Val Loss: 0.105801, Acc: 97.270259%
Test Loss: 0.571301, Acc: 87.960000%
 88%|██████████████████████████████████████████████████████████████████████████████████████████████████████████▍              | 176/200 [35:09<04:52, 12.20s/it]epoch 177
Train Loss: 0.000673, Acc: 99.976189%
Val Loss: 0.120026, Acc: 97.127340%
Test Loss: 0.580496, Acc: 87.410000%
 88%|███████████████████████████████████████████████████████████████████████████████████████████████████████████              | 177/200 [35:21<04:39, 12.15s/it]epoch 178
Train Loss: 0.000629, Acc: 99.987301%
Val Loss: 0.105529, Acc: 97.341718%
Test Loss: 0.582492, Acc: 87.340000%
 89%|███████████████████████████████████████████████████████████████████████████████████████████████████████████▋             | 178/200 [35:32<04:21, 11.91s/it]epoch 179
Train Loss: 0.000616, Acc: 99.980951%
Val Loss: 0.106307, Acc: 97.441761%
Test Loss: 0.561074, Acc: 87.640000%
 90%|████████████████████████████████████████████████████████████████████████████████████████████████████████████▎            | 179/200 [35:44<04:10, 11.92s/it]epoch 180
Train Loss: 0.000645, Acc: 99.988888%
Val Loss: 0.102555, Acc: 97.298842%
Test Loss: 0.593856, Acc: 87.160000%
 90%|████████████████████████████████████████████████████████████████████████████████████████████████████████████▉            | 180/200 [35:55<03:54, 11.70s/it]epoch 181
Train Loss: 0.000700, Acc: 99.987301%
Val Loss: 0.119606, Acc: 97.055881%
Test Loss: 0.584084, Acc: 87.580000%
 90%|█████████████████████████████████████████████████████████████████████████████████████████████████████████████▌           | 181/200 [36:07<03:43, 11.76s/it]epoch 182
Train Loss: 0.000691, Acc: 99.982539%
Val Loss: 0.110188, Acc: 97.313134%
Test Loss: 0.577279, Acc: 87.320000%
 91%|██████████████████████████████████████████████████████████████████████████████████████████████████████████████           | 182/200 [36:20<03:35, 11.95s/it]epoch 183
Train Loss: 0.000615, Acc: 99.990476%
Val Loss: 0.113829, Acc: 97.341718%
Test Loss: 0.575284, Acc: 87.680000%
 92%|██████████████████████████████████████████████████████████████████████████████████████████████████████████████▋          | 183/200 [36:31<03:22, 11.90s/it]epoch 184
Train Loss: 0.000620, Acc: 99.988888%
Val Loss: 0.112049, Acc: 97.341718%
Test Loss: 0.585623, Acc: 87.310000%
 92%|███████████████████████████████████████████████████████████████████████████████████████████████████████████████▎         | 184/200 [36:42<03:05, 11.61s/it]epoch 185
Train Loss: 0.000688, Acc: 99.982539%
Val Loss: 0.112035, Acc: 97.241675%
Test Loss: 0.584780, Acc: 87.200000%
 92%|███████████████████████████████████████████████████████████████████████████████████████████████████████████████▉         | 185/200 [36:54<02:54, 11.66s/it]epoch 186
Train Loss: 0.000619, Acc: 99.980951%
Val Loss: 0.106142, Acc: 97.470344%
Test Loss: 0.572340, Acc: 87.460000%
 93%|████████████████████████████████████████████████████████████████████████████████████████████████████████████████▌        | 186/200 [37:06<02:43, 11.67s/it]epoch 187
Train Loss: 0.000603, Acc: 99.990476%
Val Loss: 0.109396, Acc: 97.370302%
Test Loss: 0.581402, Acc: 87.370000%
 94%|█████████████████████████████████████████████████████████████████████████████████████████████████████████████████▏       | 187/200 [37:17<02:29, 11.47s/it]epoch 188
Train Loss: 0.000615, Acc: 99.987301%
Val Loss: 0.108091, Acc: 97.341718%
Test Loss: 0.564552, Acc: 87.730000%
 94%|█████████████████████████████████████████████████████████████████████████████████████████████████████████████████▋       | 188/200 [37:29<02:18, 11.57s/it]epoch 189
Train Loss: 0.000656, Acc: 99.984126%
Val Loss: 0.110904, Acc: 97.155924%
Test Loss: 0.580456, Acc: 87.550000%
 94%|██████████████████████████████████████████████████████████████████████████████████████████████████████████████████▎      | 189/200 [37:40<02:08, 11.68s/it]epoch 190
Train Loss: 0.000613, Acc: 99.992063%
Val Loss: 0.099370, Acc: 97.470344%
Test Loss: 0.594170, Acc: 87.500000%
 95%|██████████████████████████████████████████████████████████████████████████████████████████████████████████████████▉      | 190/200 [37:53<02:00, 12.06s/it]epoch 191
Train Loss: 0.000575, Acc: 99.988888%
Val Loss: 0.106910, Acc: 97.370302%
Test Loss: 0.577357, Acc: 87.750000%
 96%|███████████████████████████████████████████████████████████████████████████████████████████████████████████████████▌     | 191/200 [38:06<01:49, 12.22s/it]epoch 192
Train Loss: 0.000635, Acc: 99.987301%
Val Loss: 0.112502, Acc: 97.184508%
Test Loss: 0.566012, Acc: 87.620000%
 96%|████████████████████████████████████████████████████████████████████████████████████████████████████████████████████▏    | 192/200 [38:18<01:38, 12.26s/it]epoch 193
Train Loss: 0.000631, Acc: 99.984126%
Val Loss: 0.107533, Acc: 97.356010%
Test Loss: 0.583476, Acc: 87.330000%
 96%|████████████████████████████████████████████████████████████████████████████████████████████████████████████████████▊    | 193/200 [38:30<01:24, 12.06s/it]epoch 194
Train Loss: 0.000591, Acc: 99.990476%
Val Loss: 0.109230, Acc: 97.227383%
Test Loss: 0.595351, Acc: 86.900000%
 97%|█████████████████████████████████████████████████████████████████████████████████████████████████████████████████████▎   | 194/200 [38:42<01:12, 12.04s/it]epoch 195
Train Loss: 0.000641, Acc: 99.988888%
Val Loss: 0.111979, Acc: 97.213091%
Test Loss: 0.567628, Acc: 87.650000%
 98%|█████████████████████████████████████████████████████████████████████████████████████████████████████████████████████▉   | 195/200 [38:54<01:00, 12.06s/it]epoch 196
Train Loss: 0.000570, Acc: 99.993650%
Val Loss: 0.108109, Acc: 97.155924%
Test Loss: 0.582280, Acc: 87.460000%
 98%|██████████████████████████████████████████████████████████████████████████████████████████████████████████████████████▌  | 196/200 [39:06<00:48, 12.01s/it]epoch 197
Train Loss: 0.000591, Acc: 99.988888%
Val Loss: 0.118342, Acc: 97.084465%
Test Loss: 0.591403, Acc: 87.440000%
 98%|███████████████████████████████████████████████████████████████████████████████████████████████████████████████████████▏ | 197/200 [39:16<00:34, 11.58s/it]epoch 198
Train Loss: 0.000627, Acc: 99.980951%
Val Loss: 0.105516, Acc: 97.356010%
Test Loss: 0.577770, Acc: 87.500000%
 99%|███████████████████████████████████████████████████████████████████████████████████████████████████████████████████████▊ | 198/200 [39:28<00:23, 11.60s/it]epoch 199
Train Loss: 0.000603, Acc: 99.987301%
Val Loss: 0.105621, Acc: 97.227383%
Test Loss: 0.571343, Acc: 87.600000%
100%|████████████████████████████████████████████████████████████████████████████████████████████████████████████████████████▍| 199/200 [39:41<00:11, 11.87s/it]epoch 200
Train Loss: 0.000624, Acc: 99.980951%
Val Loss: 0.111307, Acc: 97.298842%
Test Loss: 0.581844, Acc: 87.410000%
100%|█████████████████████████████████████████████████████████████████████████████████████████████████████████████████████████| 200/200 [39:52<00:00, 11.96s/it]
Best Test Acc: 87.960000%
  0%|                                                                                                                                    | 0/40 [00:00<?, ?it/s]Fine Tune Loss: 0.016841, Acc: 99.511002%
Test Loss: 0.582776, Acc: 85.780000%
  2%|███                                                                                                                         | 1/40 [00:04<02:39,  4.08s/it]Fine Tune Loss: 0.004895, Acc: 99.944432%
Test Loss: 0.569062, Acc: 86.620000%
  5%|██████▏                                                                                                                     | 2/40 [00:08<02:33,  4.05s/it]Fine Tune Loss: 0.003622, Acc: 99.972216%
Test Loss: 0.564872, Acc: 86.680000%
  8%|█████████▎                                                                                                                  | 3/40 [00:11<02:25,  3.92s/it]Fine Tune Loss: 0.002678, Acc: 99.994443%
Test Loss: 0.537703, Acc: 87.260000%
 10%|████████████▍                                                                                                               | 4/40 [00:15<02:16,  3.80s/it]Fine Tune Loss: 0.002643, Acc: 99.983330%
Test Loss: 0.535438, Acc: 87.100000%
 12%|███████████████▌                                                                                                            | 5/40 [00:19<02:18,  3.96s/it]Fine Tune Loss: 0.002382, Acc: 99.988886%
Test Loss: 0.535020, Acc: 87.140000%
 15%|██████████████████▌                                                                                                         | 6/40 [00:23<02:13,  3.93s/it]Fine Tune Loss: 0.002221, Acc: 99.994443%
Test Loss: 0.538280, Acc: 87.250000%
 18%|█████████████████████▋                                                                                                      | 7/40 [00:27<02:13,  4.04s/it]Fine Tune Loss: 0.002175, Acc: 99.994443%
Test Loss: 0.527742, Acc: 87.370000%
 20%|████████████████████████▊                                                                                                   | 8/40 [00:31<02:07,  3.99s/it]Fine Tune Loss: 0.002025, Acc: 100.000000%
Test Loss: 0.534145, Acc: 87.350000%
 22%|███████████████████████████▉                                                                                                | 9/40 [00:35<02:01,  3.91s/it]Fine Tune Loss: 0.001922, Acc: 100.000000%
Test Loss: 0.528369, Acc: 87.420000%
 25%|██████████████████████████████▊                                                                                            | 10/40 [00:39<01:59,  3.97s/it]Fine Tune Loss: 0.002017, Acc: 99.994443%
Test Loss: 0.530034, Acc: 87.650000%
 28%|█████████████████████████████████▊                                                                                         | 11/40 [00:44<01:59,  4.11s/it]Fine Tune Loss: 0.001770, Acc: 99.994443%
Test Loss: 0.537144, Acc: 87.220000%
 30%|████████████████████████████████████▉                                                                                      | 12/40 [00:48<01:56,  4.16s/it]Fine Tune Loss: 0.001968, Acc: 99.994443%
Test Loss: 0.532446, Acc: 87.530000%
 32%|███████████████████████████████████████▉                                                                                   | 13/40 [00:52<01:53,  4.19s/it]Fine Tune Loss: 0.001615, Acc: 99.994443%
Test Loss: 0.540725, Acc: 87.500000%
 35%|███████████████████████████████████████████                                                                                | 14/40 [00:56<01:48,  4.17s/it]Fine Tune Loss: 0.001766, Acc: 100.000000%
Test Loss: 0.541787, Acc: 87.710000%
 38%|██████████████████████████████████████████████▏                                                                            | 15/40 [01:00<01:44,  4.19s/it]Fine Tune Loss: 0.001551, Acc: 100.000000%
Test Loss: 0.520100, Acc: 87.670000%
 40%|█████████████████████████████████████████████████▏                                                                         | 16/40 [01:05<01:40,  4.20s/it]Fine Tune Loss: 0.001578, Acc: 100.000000%
Test Loss: 0.532281, Acc: 87.590000%
 42%|████████████████████████████████████████████████████▎                                                                      | 17/40 [01:09<01:37,  4.24s/it]Fine Tune Loss: 0.001746, Acc: 99.977773%
Test Loss: 0.537776, Acc: 87.570000%
 45%|███████████████████████████████████████████████████████▎                                                                   | 18/40 [01:13<01:32,  4.21s/it]Fine Tune Loss: 0.001541, Acc: 99.994443%
Test Loss: 0.518501, Acc: 87.830000%
 48%|██████████████████████████████████████████████████████████▍                                                                | 19/40 [01:17<01:28,  4.20s/it]Fine Tune Loss: 0.001354, Acc: 100.000000%
Test Loss: 0.528362, Acc: 87.810000%
 50%|█████████████████████████████████████████████████████████████▌                                                             | 20/40 [01:22<01:24,  4.20s/it]Fine Tune Loss: 0.001420, Acc: 100.000000%
Test Loss: 0.534898, Acc: 87.690000%
 52%|████████████████████████████████████████████████████████████████▌                                                          | 21/40 [01:26<01:19,  4.19s/it]Fine Tune Loss: 0.001420, Acc: 100.000000%
Test Loss: 0.537551, Acc: 87.690000%
 55%|███████████████████████████████████████████████████████████████████▋                                                       | 22/40 [01:30<01:15,  4.17s/it]Fine Tune Loss: 0.001533, Acc: 100.000000%
Test Loss: 0.532857, Acc: 87.560000%
 57%|██████████████████████████████████████████████████████████████████████▋                                                    | 23/40 [01:34<01:09,  4.12s/it]Fine Tune Loss: 0.001601, Acc: 99.994443%
Test Loss: 0.523913, Acc: 87.820000%
 60%|█████████████████████████████████████████████████████████████████████████▊                                                 | 24/40 [01:38<01:06,  4.18s/it]Fine Tune Loss: 0.001414, Acc: 100.000000%
Test Loss: 0.527047, Acc: 87.570000%
 62%|████████████████████████████████████████████████████████████████████████████▉                                              | 25/40 [01:42<01:00,  4.03s/it]Fine Tune Loss: 0.001307, Acc: 99.994443%
Test Loss: 0.536822, Acc: 87.670000%
 65%|███████████████████████████████████████████████████████████████████████████████▉                                           | 26/40 [01:46<00:57,  4.07s/it]Fine Tune Loss: 0.001436, Acc: 99.994443%
Test Loss: 0.536715, Acc: 87.710000%
 68%|███████████████████████████████████████████████████████████████████████████████████                                        | 27/40 [01:50<00:53,  4.08s/it]Fine Tune Loss: 0.001490, Acc: 99.994443%
Test Loss: 0.537063, Acc: 87.700000%
 70%|██████████████████████████████████████████████████████████████████████████████████████                                     | 28/40 [01:54<00:49,  4.11s/it]Fine Tune Loss: 0.001279, Acc: 100.000000%
Test Loss: 0.536619, Acc: 87.650000%
 72%|█████████████████████████████████████████████████████████████████████████████████████████▏                                 | 29/40 [01:58<00:45,  4.15s/it]Fine Tune Loss: 0.001359, Acc: 100.000000%
Test Loss: 0.526093, Acc: 87.660000%
 75%|████████████████████████████████████████████████████████████████████████████████████████████▎                              | 30/40 [02:02<00:40,  4.04s/it]Fine Tune Loss: 0.001271, Acc: 100.000000%
Test Loss: 0.527408, Acc: 87.790000%
 78%|███████████████████████████████████████████████████████████████████████████████████████████████▎                           | 31/40 [02:06<00:36,  4.09s/it]Fine Tune Loss: 0.001459, Acc: 99.988886%
Test Loss: 0.541175, Acc: 87.700000%
 80%|██████████████████████████████████████████████████████████████████████████████████████████████████▍                        | 32/40 [02:11<00:32,  4.11s/it]Fine Tune Loss: 0.001365, Acc: 100.000000%
Test Loss: 0.527232, Acc: 87.780000%
 82%|█████████████████████████████████████████████████████████████████████████████████████████████████████▍                     | 33/40 [02:15<00:28,  4.13s/it]Fine Tune Loss: 0.001293, Acc: 100.000000%
Test Loss: 0.531126, Acc: 87.720000%
 85%|████████████████████████████████████████████████████████████████████████████████████████████████████████▌                  | 34/40 [02:19<00:24,  4.14s/it]Fine Tune Loss: 0.001238, Acc: 100.000000%
Test Loss: 0.531128, Acc: 87.900000%
 88%|███████████████████████████████████████████████████████████████████████████████████████████████████████████▋               | 35/40 [02:23<00:20,  4.19s/it]Fine Tune Loss: 0.001316, Acc: 100.000000%
Test Loss: 0.543191, Acc: 87.220000%
 90%|██████████████████████████████████████████████████████████████████████████████████████████████████████████████▋            | 36/40 [02:27<00:16,  4.12s/it]Fine Tune Loss: 0.001269, Acc: 99.994443%
Test Loss: 0.529087, Acc: 87.670000%
 92%|█████████████████████████████████████████████████████████████████████████████████████████████████████████████████▊         | 37/40 [02:31<00:12,  4.04s/it]Fine Tune Loss: 0.001542, Acc: 99.988886%
Test Loss: 0.534050, Acc: 87.570000%
 95%|████████████████████████████████████████████████████████████████████████████████████████████████████████████████████▊      | 38/40 [02:35<00:08,  4.13s/it]Fine Tune Loss: 0.001337, Acc: 99.994443%
Test Loss: 0.521733, Acc: 87.860000%
 98%|███████████████████████████████████████████████████████████████████████████████████████████████████████████████████████▉   | 39/40 [02:39<00:04,  4.10s/it]Fine Tune Loss: 0.001225, Acc: 99.988886%
Test Loss: 0.525447, Acc: 88.000000%
100%|███████████████████████████████████████████████████████████████████████████████████████████████████████████████████████████| 40/40 [02:44<00:00,  4.10s/it]
Best Test Acc: 88.000000%