==> Preparing data..
==> Warmup for distillation..
==> building source and target dataset..
==> building source and target dataset done..
Number of distilled training examples: 6643
Accuracy of distilled training examples collection: 97.03447237693813%
Number of target domain examples: 38357
==> Distilling validation set..
==> Distilling validation set done..
Number of distilled validation examples: 708
Accuracy of distilled validation examples collection: 97.45762711864407%
==> Source and target dataset building..
==> Source and target dataset building done..
==> Start training..
  0%|                                                                                                                                   | 0/200 [00:00<?, ?it/s]epoch 1
Train Loss: 2.376604, Acc: 86.395556%, Domain Acc: 67.952411%
Val Loss: 0.344573, Acc: 89.320000%
  0%|▌                                                                                                                        | 1/200 [00:20<1:09:08, 20.85s/it]epoch 2
Train Loss: 1.926892, Acc: 89.691111%, Domain Acc: 63.947356%
Val Loss: 0.331706, Acc: 89.520000%
  1%|█▏                                                                                                                       | 2/200 [00:40<1:06:39, 20.20s/it]epoch 3
Train Loss: 1.889625, Acc: 90.924444%, Domain Acc: 61.746740%
Val Loss: 0.257946, Acc: 91.880000%
  2%|█▊                                                                                                                       | 3/200 [01:00<1:06:15, 20.18s/it]epoch 4
Train Loss: 1.845382, Acc: 91.826667%, Domain Acc: 59.982723%
Val Loss: 0.293040, Acc: 91.040000%
  2%|██▍                                                                                                                      | 4/200 [01:21<1:06:08, 20.25s/it]epoch 5
Train Loss: 1.808561, Acc: 92.546667%, Domain Acc: 59.241408%
Val Loss: 0.236274, Acc: 93.520000%
  2%|███                                                                                                                      | 5/200 [01:41<1:06:13, 20.38s/it]epoch 6
Train Loss: 1.780299, Acc: 93.073333%, Domain Acc: 58.544599%
Val Loss: 0.325686, Acc: 91.820000%
  3%|███▋                                                                                                                     | 6/200 [02:01<1:05:21, 20.21s/it]epoch 7
Train Loss: 1.749227, Acc: 93.715556%, Domain Acc: 58.503819%
Val Loss: 0.278765, Acc: 92.520000%
  4%|████▏                                                                                                                    | 7/200 [02:20<1:03:57, 19.88s/it]epoch 8
Train Loss: 1.744113, Acc: 93.677778%, Domain Acc: 58.652177%
Val Loss: 0.298349, Acc: 91.920000%
  4%|████▊                                                                                                                    | 8/200 [02:41<1:04:51, 20.27s/it]epoch 9
Train Loss: 1.738699, Acc: 93.791111%, Domain Acc: 58.614107%
Val Loss: 0.291232, Acc: 91.760000%
  4%|█████▍                                                                                                                   | 9/200 [03:01<1:03:36, 19.98s/it]epoch 10
Train Loss: 1.714750, Acc: 94.284444%, Domain Acc: 57.979401%
Val Loss: 0.288449, Acc: 91.640000%
  5%|██████                                                                                                                  | 10/200 [03:21<1:03:37, 20.09s/it]epoch 11
Train Loss: 1.699050, Acc: 94.488889%, Domain Acc: 58.450379%
Val Loss: 0.241891, Acc: 93.220000%
  6%|██████▌                                                                                                                 | 11/200 [03:41<1:03:24, 20.13s/it]epoch 12
Train Loss: 1.684714, Acc: 94.773333%, Domain Acc: 57.840041%
Val Loss: 0.219445, Acc: 93.820000%
  6%|███████▏                                                                                                                | 12/200 [04:02<1:03:27, 20.25s/it]epoch 13
Train Loss: 1.688420, Acc: 94.697778%, Domain Acc: 57.528598%
Val Loss: 0.244404, Acc: 92.900000%
  6%|███████▊                                                                                                                | 13/200 [04:22<1:03:00, 20.22s/it]epoch 14
Train Loss: 1.667789, Acc: 94.902222%, Domain Acc: 57.905996%
Val Loss: 0.193334, Acc: 94.340000%
  7%|████████▍                                                                                                               | 14/200 [04:41<1:01:26, 19.82s/it]epoch 15
Train Loss: 1.670120, Acc: 94.922222%, Domain Acc: 57.314087%
Val Loss: 0.220854, Acc: 93.780000%
  8%|█████████                                                                                                               | 15/200 [05:02<1:01:52, 20.07s/it]epoch 16
Train Loss: 1.669251, Acc: 94.968889%, Domain Acc: 57.449889%
Val Loss: 0.165232, Acc: 95.360000%
  8%|█████████▌                                                                                                              | 16/200 [05:21<1:00:58, 19.88s/it]epoch 17
Train Loss: 1.644505, Acc: 95.471111%, Domain Acc: 57.185540%
Val Loss: 0.243769, Acc: 93.480000%
  8%|██████████▏                                                                                                             | 17/200 [05:42<1:01:19, 20.11s/it]epoch 18
Train Loss: 1.654393, Acc: 95.246667%, Domain Acc: 57.215763%
Val Loss: 0.169496, Acc: 95.300000%
  9%|██████████▊                                                                                                             | 18/200 [06:01<1:00:20, 19.89s/it]epoch 19
Train Loss: 1.647527, Acc: 95.364444%, Domain Acc: 57.653185%
Val Loss: 0.179480, Acc: 94.840000%
 10%|███████████▍                                                                                                            | 19/200 [06:21<1:00:24, 20.02s/it]epoch 20
Train Loss: 1.642413, Acc: 95.315556%, Domain Acc: 57.221644%
Val Loss: 0.280945, Acc: 92.480000%
 10%|████████████                                                                                                            | 20/200 [06:41<1:00:11, 20.06s/it]epoch 21
Train Loss: 1.638211, Acc: 95.486667%, Domain Acc: 56.939980%
Val Loss: 0.197235, Acc: 94.820000%
 10%|████████████▊                                                                                                             | 21/200 [07:01<59:47, 20.04s/it]epoch 22
Train Loss: 1.629959, Acc: 95.622222%, Domain Acc: 57.291520%
Val Loss: 0.197148, Acc: 94.760000%
 11%|█████████████▏                                                                                                          | 22/200 [07:23<1:00:33, 20.41s/it]epoch 23
Train Loss: 1.628402, Acc: 95.760000%, Domain Acc: 56.806617%
Val Loss: 0.212762, Acc: 94.040000%
 12%|██████████████                                                                                                            | 23/200 [07:42<59:14, 20.08s/it]epoch 24
Train Loss: 1.626277, Acc: 95.804444%, Domain Acc: 56.468375%
Val Loss: 0.221331, Acc: 93.800000%
 12%|██████████████▋                                                                                                           | 24/200 [08:03<59:20, 20.23s/it]epoch 25
Train Loss: 1.623903, Acc: 95.831111%, Domain Acc: 56.882555%
Val Loss: 0.212502, Acc: 94.420000%
 12%|███████████████▎                                                                                                          | 25/200 [08:23<59:03, 20.25s/it]epoch 26
Train Loss: 1.635037, Acc: 95.617778%, Domain Acc: 56.316211%
Val Loss: 0.231350, Acc: 93.600000%
 13%|███████████████▊                                                                                                          | 26/200 [08:43<58:13, 20.08s/it]epoch 27
Train Loss: 1.612340, Acc: 96.048889%, Domain Acc: 56.462941%
Val Loss: 0.200213, Acc: 94.380000%
 14%|████████████████▍                                                                                                         | 27/200 [09:04<58:48, 20.40s/it]epoch 28
Train Loss: 1.611936, Acc: 95.964444%, Domain Acc: 56.765386%
Val Loss: 0.200296, Acc: 94.500000%
 14%|█████████████████                                                                                                         | 28/200 [09:23<57:33, 20.08s/it]epoch 29
Train Loss: 1.611688, Acc: 96.120000%, Domain Acc: 56.379956%
Val Loss: 0.330794, Acc: 91.640000%
 14%|█████████████████▋                                                                                                        | 29/200 [09:43<57:18, 20.11s/it]epoch 30
Train Loss: 1.632326, Acc: 95.626667%, Domain Acc: 56.497187%
Val Loss: 0.201970, Acc: 94.400000%
 15%|██████████████████▎                                                                                                       | 30/200 [10:03<56:37, 19.98s/it]epoch 31
Train Loss: 1.598832, Acc: 96.037778%, Domain Acc: 57.050255%
Val Loss: 0.243505, Acc: 92.840000%
 16%|██████████████████▉                                                                                                       | 31/200 [10:24<56:51, 20.19s/it]epoch 32
Train Loss: 1.617507, Acc: 95.931111%, Domain Acc: 56.655676%
Val Loss: 0.173592, Acc: 95.060000%
 16%|███████████████████▌                                                                                                      | 32/200 [10:44<56:51, 20.30s/it]epoch 33
Train Loss: 1.604065, Acc: 96.115556%, Domain Acc: 56.209637%
Val Loss: 0.194512, Acc: 94.920000%
 16%|████████████████████▏                                                                                                     | 33/200 [11:04<56:10, 20.19s/it]epoch 34
Train Loss: 1.602957, Acc: 96.157778%, Domain Acc: 56.089058%
Val Loss: 0.189635, Acc: 94.400000%
 17%|████████████████████▋                                                                                                     | 34/200 [11:25<56:07, 20.28s/it]epoch 35
Train Loss: 1.592249, Acc: 96.371111%, Domain Acc: 56.808091%
Val Loss: 0.194490, Acc: 93.920000%
 18%|█████████████████████▎                                                                                                    | 35/200 [11:45<56:02, 20.38s/it]epoch 36
Train Loss: 1.592730, Acc: 96.346667%, Domain Acc: 56.348403%
Val Loss: 0.216446, Acc: 94.560000%
 18%|█████████████████████▉                                                                                                    | 36/200 [12:06<56:03, 20.51s/it]epoch 37
Train Loss: 1.599144, Acc: 96.184444%, Domain Acc: 56.912853%
Val Loss: 0.246144, Acc: 93.260000%
 18%|██████████████████████▌                                                                                                   | 37/200 [12:26<54:54, 20.21s/it]epoch 38
Train Loss: 1.598911, Acc: 96.146667%, Domain Acc: 56.515478%
Val Loss: 0.194389, Acc: 95.080000%
 19%|███████████████████████▏                                                                                                  | 38/200 [12:45<54:18, 20.11s/it]epoch 39
Train Loss: 1.600602, Acc: 96.157778%, Domain Acc: 56.435337%
Val Loss: 0.170903, Acc: 95.120000%
 20%|███████████████████████▊                                                                                                  | 39/200 [13:06<54:08, 20.18s/it]epoch 40
Train Loss: 1.581935, Acc: 96.428889%, Domain Acc: 56.101456%
Val Loss: 0.198568, Acc: 94.720000%
 20%|████████████████████████▍                                                                                                 | 40/200 [13:25<53:18, 19.99s/it]epoch 41
Train Loss: 1.590122, Acc: 96.360000%, Domain Acc: 56.519762%
Val Loss: 0.210629, Acc: 94.440000%
 20%|█████████████████████████                                                                                                 | 41/200 [13:46<53:27, 20.17s/it]epoch 42
Train Loss: 1.583644, Acc: 96.535556%, Domain Acc: 56.525212%
Val Loss: 0.176330, Acc: 95.300000%
 21%|█████████████████████████▌                                                                                                | 42/200 [14:06<53:24, 20.28s/it]epoch 43
Train Loss: 1.600345, Acc: 96.142222%, Domain Acc: 56.319474%
Val Loss: 0.232703, Acc: 93.300000%
 22%|██████████████████████████▏                                                                                               | 43/200 [14:27<53:40, 20.51s/it]epoch 44
Train Loss: 1.580228, Acc: 96.480000%, Domain Acc: 56.566439%
Val Loss: 0.180286, Acc: 95.140000%
 22%|██████████████████████████▊                                                                                               | 44/200 [14:46<52:02, 20.02s/it]epoch 45
Train Loss: 1.587301, Acc: 96.435556%, Domain Acc: 55.367680%
Val Loss: 0.167702, Acc: 95.060000%
 22%|███████████████████████████▍                                                                                              | 45/200 [15:06<51:08, 19.79s/it]epoch 46
Train Loss: 1.574340, Acc: 96.591111%, Domain Acc: 55.748647%
Val Loss: 0.179262, Acc: 94.860000%
 23%|████████████████████████████                                                                                              | 46/200 [15:24<49:55, 19.45s/it]epoch 47
Train Loss: 1.588657, Acc: 96.297778%, Domain Acc: 56.513254%
Val Loss: 0.209741, Acc: 94.280000%
 24%|████████████████████████████▋                                                                                             | 47/200 [15:44<49:36, 19.45s/it]epoch 48
Train Loss: 1.596074, Acc: 96.273333%, Domain Acc: 55.834911%
Val Loss: 0.177000, Acc: 94.920000%
 24%|█████████████████████████████▎                                                                                            | 48/200 [16:04<49:33, 19.56s/it]epoch 49
Train Loss: 1.574703, Acc: 96.597778%, Domain Acc: 55.795613%
Val Loss: 0.191271, Acc: 94.840000%
 24%|█████████████████████████████▉                                                                                            | 49/200 [16:23<49:04, 19.50s/it]epoch 50
Train Loss: 1.588198, Acc: 96.364444%, Domain Acc: 55.907890%
Val Loss: 0.205422, Acc: 94.340000%
 25%|██████████████████████████████▌                                                                                           | 50/200 [16:42<48:47, 19.51s/it]epoch 51
Train Loss: 1.590476, Acc: 96.348889%, Domain Acc: 55.844358%
Val Loss: 0.156544, Acc: 95.120000%
 26%|███████████████████████████████                                                                                           | 51/200 [17:03<49:00, 19.73s/it]epoch 52
Train Loss: 1.580910, Acc: 96.435556%, Domain Acc: 56.662035%
Val Loss: 0.214440, Acc: 93.700000%
 26%|███████████████████████████████▋                                                                                          | 52/200 [17:22<48:37, 19.71s/it]epoch 53
Train Loss: 1.582252, Acc: 96.457778%, Domain Acc: 56.174978%
Val Loss: 0.187557, Acc: 94.980000%
 26%|████████████████████████████████▎                                                                                         | 53/200 [17:43<48:44, 19.90s/it]epoch 54
Train Loss: 1.570684, Acc: 96.651111%, Domain Acc: 56.172851%
Val Loss: 0.177623, Acc: 95.340000%
 27%|████████████████████████████████▉                                                                                         | 54/200 [18:03<48:28, 19.92s/it]epoch 55
Train Loss: 1.574992, Acc: 96.677778%, Domain Acc: 55.972801%
Val Loss: 0.253528, Acc: 92.820000%
 28%|█████████████████████████████████▌                                                                                        | 55/200 [18:24<48:48, 20.19s/it]epoch 56
Train Loss: 1.574551, Acc: 96.680000%, Domain Acc: 55.811154%
Val Loss: 0.247609, Acc: 94.140000%
 28%|██████████████████████████████████▏                                                                                       | 56/200 [18:43<47:58, 19.99s/it]epoch 57
Train Loss: 1.581027, Acc: 96.573333%, Domain Acc: 55.788370%
Val Loss: 0.230244, Acc: 93.820000%
 28%|██████████████████████████████████▊                                                                                       | 57/200 [19:04<48:09, 20.21s/it]epoch 58
Train Loss: 1.598494, Acc: 96.251111%, Domain Acc: 56.337423%
Val Loss: 0.353537, Acc: 90.700000%
 29%|███████████████████████████████████▍                                                                                      | 58/200 [19:24<48:04, 20.31s/it]epoch 59
Train Loss: 1.566145, Acc: 96.788889%, Domain Acc: 56.674746%
Val Loss: 0.167427, Acc: 95.400000%
 30%|███████████████████████████████████▉                                                                                      | 59/200 [19:45<48:12, 20.52s/it]epoch 60
Train Loss: 1.567477, Acc: 96.640000%, Domain Acc: 56.874023%
Val Loss: 0.209093, Acc: 94.160000%
 30%|████████████████████████████████████▌                                                                                     | 60/200 [20:06<48:16, 20.69s/it]epoch 61
Train Loss: 1.586315, Acc: 96.455556%, Domain Acc: 55.641333%
Val Loss: 0.193917, Acc: 95.020000%
 30%|█████████████████████████████████████▏                                                                                    | 61/200 [20:27<47:48, 20.64s/it]epoch 62
Train Loss: 1.575313, Acc: 96.582222%, Domain Acc: 56.365503%
Val Loss: 0.211117, Acc: 94.380000%
 31%|█████████████████████████████████████▊                                                                                    | 62/200 [20:47<46:58, 20.43s/it]epoch 63
Train Loss: 1.571938, Acc: 96.591111%, Domain Acc: 56.293286%
Val Loss: 0.174122, Acc: 95.260000%
 32%|██████████████████████████████████████▍                                                                                   | 63/200 [21:08<47:24, 20.76s/it]epoch 64
Train Loss: 1.580443, Acc: 96.500000%, Domain Acc: 56.168706%
Val Loss: 0.205316, Acc: 95.100000%
 32%|███████████████████████████████████████                                                                                   | 64/200 [21:29<47:15, 20.85s/it]epoch 65
Train Loss: 1.573703, Acc: 96.640000%, Domain Acc: 56.011658%
Val Loss: 0.213530, Acc: 94.660000%
 32%|███████████████████████████████████████▋                                                                                  | 65/200 [21:50<46:48, 20.80s/it]epoch 66
Train Loss: 1.600213, Acc: 96.331111%, Domain Acc: 55.448143%
Val Loss: 0.155950, Acc: 95.440000%
 33%|████████████████████████████████████████▎                                                                                 | 66/200 [22:09<45:22, 20.32s/it]epoch 67
Train Loss: 1.562218, Acc: 96.800000%, Domain Acc: 55.346840%
Val Loss: 0.223676, Acc: 93.780000%
 34%|████████████████████████████████████████▊                                                                                 | 67/200 [22:30<45:30, 20.53s/it]epoch 68
Train Loss: 1.569091, Acc: 96.857778%, Domain Acc: 54.874036%
Val Loss: 0.197204, Acc: 94.880000%
 34%|█████████████████████████████████████████▍                                                                                | 68/200 [22:50<44:40, 20.30s/it]epoch 69
Train Loss: 1.574027, Acc: 96.704444%, Domain Acc: 55.065601%
Val Loss: 0.263170, Acc: 93.300000%
 34%|██████████████████████████████████████████                                                                                | 69/200 [23:11<44:25, 20.35s/it]epoch 70
Train Loss: 1.566546, Acc: 96.700000%, Domain Acc: 55.578379%
Val Loss: 0.230959, Acc: 93.940000%
 35%|██████████████████████████████████████████▋                                                                               | 70/200 [23:32<44:38, 20.60s/it]epoch 71
Train Loss: 1.574624, Acc: 96.528889%, Domain Acc: 55.403332%
Val Loss: 0.209106, Acc: 94.280000%
 36%|███████████████████████████████████████████▎                                                                              | 71/200 [23:52<44:09, 20.54s/it]epoch 72
Train Loss: 1.568161, Acc: 96.800000%, Domain Acc: 55.429452%
Val Loss: 0.149073, Acc: 96.280000%
 36%|███████████████████████████████████████████▉                                                                              | 72/200 [24:13<43:48, 20.54s/it]epoch 73
Train Loss: 1.569771, Acc: 96.691111%, Domain Acc: 56.216206%
Val Loss: 0.274149, Acc: 92.520000%
 36%|████████████████████████████████████████████▌                                                                             | 73/200 [24:33<43:31, 20.57s/it]epoch 74
Train Loss: 1.566332, Acc: 96.897778%, Domain Acc: 55.109153%
Val Loss: 0.176952, Acc: 95.140000%
 37%|█████████████████████████████████████████████▏                                                                            | 74/200 [24:55<43:38, 20.78s/it]epoch 75
Train Loss: 1.566844, Acc: 96.904444%, Domain Acc: 55.306437%
Val Loss: 0.170973, Acc: 94.800000%
 38%|█████████████████████████████████████████████▊                                                                            | 75/200 [25:14<42:20, 20.32s/it]epoch 76
Train Loss: 1.568356, Acc: 96.742222%, Domain Acc: 55.829658%
Val Loss: 0.145735, Acc: 95.940000%
 38%|██████████████████████████████████████████████▎                                                                           | 76/200 [25:34<42:00, 20.33s/it]epoch 77
Train Loss: 1.559073, Acc: 97.062222%, Domain Acc: 54.121040%
Val Loss: 0.149902, Acc: 95.720000%
 38%|██████████████████████████████████████████████▉                                                                           | 77/200 [25:56<42:23, 20.68s/it]epoch 78
Train Loss: 1.558018, Acc: 97.028889%, Domain Acc: 54.754809%
Val Loss: 0.227067, Acc: 94.700000%
 39%|███████████████████████████████████████████████▌                                                                          | 78/200 [26:16<41:54, 20.61s/it]epoch 79
Train Loss: 1.570888, Acc: 96.764444%, Domain Acc: 54.922243%
Val Loss: 0.151387, Acc: 96.080000%
 40%|████████████████████████████████████████████████▏                                                                         | 79/200 [26:36<41:17, 20.48s/it]epoch 80
Train Loss: 1.540883, Acc: 97.264444%, Domain Acc: 54.569795%
Val Loss: 0.178210, Acc: 94.780000%
 40%|████████████████████████████████████████████████▊                                                                         | 80/200 [26:56<40:14, 20.12s/it]epoch 81
Train Loss: 1.561048, Acc: 96.942222%, Domain Acc: 55.181309%
Val Loss: 0.258079, Acc: 93.420000%
 40%|█████████████████████████████████████████████████▍                                                                        | 81/200 [27:16<39:49, 20.08s/it]epoch 82
Train Loss: 1.569626, Acc: 96.833333%, Domain Acc: 55.077683%
Val Loss: 0.125587, Acc: 96.040000%
 41%|██████████████████████████████████████████████████                                                                        | 82/200 [27:37<40:00, 20.35s/it]epoch 83
Train Loss: 1.556182, Acc: 97.055556%, Domain Acc: 55.179710%
Val Loss: 0.258448, Acc: 93.140000%
 42%|██████████████████████████████████████████████████▋                                                                       | 83/200 [27:57<39:42, 20.36s/it]epoch 84
Train Loss: 1.561780, Acc: 97.022222%, Domain Acc: 53.727576%
Val Loss: 0.211196, Acc: 94.540000%
 42%|███████████████████████████████████████████████████▏                                                                      | 84/200 [28:18<39:49, 20.60s/it]epoch 85
Train Loss: 1.567279, Acc: 96.891111%, Domain Acc: 54.820934%
Val Loss: 0.179654, Acc: 95.180000%
 42%|███████████████████████████████████████████████████▊                                                                      | 85/200 [28:38<39:19, 20.52s/it]epoch 86
Train Loss: 1.569360, Acc: 96.871111%, Domain Acc: 54.513004%
Val Loss: 0.240687, Acc: 94.220000%
 43%|████████████████████████████████████████████████████▍                                                                     | 86/200 [28:59<39:07, 20.59s/it]epoch 87
Train Loss: 1.564759, Acc: 96.902222%, Domain Acc: 54.706173%
Val Loss: 0.213480, Acc: 95.000000%
 44%|█████████████████████████████████████████████████████                                                                     | 87/200 [29:19<38:27, 20.42s/it]epoch 88
Train Loss: 1.552663, Acc: 97.222222%, Domain Acc: 54.307002%
Val Loss: 0.159872, Acc: 95.500000%
 44%|█████████████████████████████████████████████████████▋                                                                    | 88/200 [29:40<38:17, 20.51s/it]epoch 89
Train Loss: 1.544754, Acc: 97.304444%, Domain Acc: 52.991568%
Val Loss: 0.172248, Acc: 94.940000%
 44%|██████████████████████████████████████████████████████▎                                                                   | 89/200 [30:00<37:51, 20.46s/it]epoch 90
Train Loss: 1.550433, Acc: 97.215556%, Domain Acc: 52.736866%
Val Loss: 0.196709, Acc: 94.740000%
 45%|██████████████████████████████████████████████████████▉                                                                   | 90/200 [30:20<37:16, 20.33s/it]epoch 91
Train Loss: 1.548727, Acc: 97.222222%, Domain Acc: 54.042776%
Val Loss: 0.174195, Acc: 95.220000%
 46%|███████████████████████████████████████████████████████▌                                                                  | 91/200 [30:41<37:17, 20.53s/it]epoch 92
Train Loss: 1.561406, Acc: 97.028889%, Domain Acc: 53.777075%
Val Loss: 0.318941, Acc: 92.260000%
 46%|████████████████████████████████████████████████████████                                                                  | 92/200 [31:01<36:24, 20.23s/it]epoch 93
Train Loss: 1.559984, Acc: 96.993333%, Domain Acc: 53.495008%
Val Loss: 0.169462, Acc: 95.420000%
 46%|████████████████████████████████████████████████████████▋                                                                 | 93/200 [31:21<36:05, 20.24s/it]epoch 94
Train Loss: 1.555396, Acc: 97.095556%, Domain Acc: 53.847652%
Val Loss: 0.144627, Acc: 96.380000%
 47%|█████████████████████████████████████████████████████████▎                                                                | 94/200 [31:42<36:15, 20.52s/it]epoch 95
Train Loss: 1.540291, Acc: 97.337778%, Domain Acc: 52.186101%
Val Loss: 0.143586, Acc: 95.820000%
 48%|█████████████████████████████████████████████████████████▉                                                                | 95/200 [32:02<35:29, 20.28s/it]epoch 96
Train Loss: 1.530971, Acc: 97.511111%, Domain Acc: 50.746613%
Val Loss: 0.165596, Acc: 95.600000%
 48%|██████████████████████████████████████████████████████████▌                                                               | 96/200 [32:23<35:17, 20.36s/it]epoch 97
Train Loss: 1.534028, Acc: 97.433333%, Domain Acc: 51.252024%
Val Loss: 0.165658, Acc: 95.520000%
 48%|███████████████████████████████████████████████████████████▏                                                              | 97/200 [32:43<34:52, 20.31s/it]epoch 98
Train Loss: 1.569090, Acc: 97.008889%, Domain Acc: 52.597146%
Val Loss: 0.164619, Acc: 94.960000%
 49%|███████████████████████████████████████████████████████████▊                                                              | 98/200 [33:03<34:44, 20.43s/it]epoch 99
Train Loss: 1.560691, Acc: 97.015556%, Domain Acc: 53.385350%
Val Loss: 0.197431, Acc: 94.320000%
 50%|████████████████████████████████████████████████████████████▍                                                             | 99/200 [33:23<34:11, 20.31s/it]epoch 100
Train Loss: 1.554263, Acc: 97.244444%, Domain Acc: 53.863256%
Val Loss: 0.188334, Acc: 94.860000%
 50%|████████████████████████████████████████████████████████████▌                                                            | 100/200 [33:43<33:36, 20.16s/it]epoch 101
Train Loss: 1.466110, Acc: 98.788889%, Domain Acc: 48.131227%
Val Loss: 0.093760, Acc: 97.320000%
 50%|█████████████████████████████████████████████████████████████                                                            | 101/200 [34:03<33:07, 20.07s/it]epoch 102
Train Loss: 1.431421, Acc: 99.322222%, Domain Acc: 50.553685%
Val Loss: 0.100818, Acc: 97.440000%
 51%|█████████████████████████████████████████████████████████████▋                                                           | 102/200 [34:23<32:29, 19.89s/it]epoch 103
Train Loss: 1.419948, Acc: 99.564444%, Domain Acc: 50.861997%
Val Loss: 0.093630, Acc: 97.720000%
 52%|██████████████████████████████████████████████████████████████▎                                                          | 103/200 [34:43<32:32, 20.13s/it]epoch 104
Train Loss: 1.413946, Acc: 99.571111%, Domain Acc: 51.497354%
Val Loss: 0.091876, Acc: 97.840000%
 52%|██████████████████████████████████████████████████████████████▉                                                          | 104/200 [35:03<31:53, 19.93s/it]epoch 105
Train Loss: 1.410154, Acc: 99.680000%, Domain Acc: 51.735817%
Val Loss: 0.086388, Acc: 97.860000%
 52%|███████████████████████████████████████████████████████████████▌                                                         | 105/200 [35:24<32:02, 20.23s/it]epoch 106
Train Loss: 1.407131, Acc: 99.704444%, Domain Acc: 51.609683%
Val Loss: 0.096188, Acc: 97.760000%
 53%|████████████████████████████████████████████████████████████████▏                                                        | 106/200 [35:44<31:37, 20.19s/it]epoch 107
Train Loss: 1.393847, Acc: 99.755556%, Domain Acc: 55.568555%
Val Loss: 0.096418, Acc: 97.760000%
 54%|████████████████████████████████████████████████████████████████▋                                                        | 107/200 [36:05<31:34, 20.37s/it]epoch 108
Train Loss: 1.370160, Acc: 99.626667%, Domain Acc: 58.433254%
Val Loss: 0.102699, Acc: 97.560000%
 54%|█████████████████████████████████████████████████████████████████▎                                                       | 108/200 [36:26<31:40, 20.66s/it]epoch 109
Train Loss: 1.394953, Acc: 99.600000%, Domain Acc: 56.049287%
Val Loss: 0.113908, Acc: 97.460000%
 55%|█████████████████████████████████████████████████████████████████▉                                                       | 109/200 [36:46<31:10, 20.55s/it]epoch 110
Train Loss: 1.398502, Acc: 99.680000%, Domain Acc: 54.360457%
Val Loss: 0.109921, Acc: 97.660000%
 55%|██████████████████████████████████████████████████████████████████▌                                                      | 110/200 [37:07<30:52, 20.58s/it]epoch 111
Train Loss: 1.395028, Acc: 99.737778%, Domain Acc: 54.174274%
Val Loss: 0.110529, Acc: 97.580000%
 56%|███████████████████████████████████████████████████████████████████▏                                                     | 111/200 [37:27<30:16, 20.41s/it]epoch 112
Train Loss: 1.405224, Acc: 99.764444%, Domain Acc: 51.387685%
Val Loss: 0.099283, Acc: 97.580000%
 56%|███████████████████████████████████████████████████████████████████▊                                                     | 112/200 [37:47<29:51, 20.35s/it]epoch 113
Train Loss: 1.400427, Acc: 99.842222%, Domain Acc: 50.838773%
Val Loss: 0.103343, Acc: 97.960000%
 56%|████████████████████████████████████████████████████████████████████▎                                                    | 113/200 [38:08<29:58, 20.67s/it]epoch 114
Train Loss: 1.397255, Acc: 99.871111%, Domain Acc: 51.145431%
Val Loss: 0.100703, Acc: 97.760000%
 57%|████████████████████████████████████████████████████████████████████▉                                                    | 114/200 [38:29<29:34, 20.64s/it]epoch 115
Train Loss: 1.398910, Acc: 99.800000%, Domain Acc: 51.704420%
Val Loss: 0.098147, Acc: 97.440000%
 57%|█████████████████████████████████████████████████████████████████████▌                                                   | 115/200 [38:50<29:25, 20.77s/it]epoch 116
Train Loss: 1.395321, Acc: 99.871111%, Domain Acc: 51.283219%
Val Loss: 0.123383, Acc: 97.720000%
 58%|██████████████████████████████████████████████████████████████████████▏                                                  | 116/200 [39:10<28:52, 20.62s/it]epoch 117
Train Loss: 1.399987, Acc: 99.871111%, Domain Acc: 50.373751%
Val Loss: 0.120150, Acc: 97.940000%
 58%|██████████████████████████████████████████████████████████████████████▊                                                  | 117/200 [39:32<28:44, 20.77s/it]epoch 118
Train Loss: 1.395321, Acc: 99.880000%, Domain Acc: 50.427965%
Val Loss: 0.121536, Acc: 97.920000%
 59%|███████████████████████████████████████████████████████████████████████▍                                                 | 118/200 [39:51<27:42, 20.27s/it]epoch 119
Train Loss: 1.393632, Acc: 99.846667%, Domain Acc: 52.413709%
Val Loss: 0.111973, Acc: 97.660000%
 60%|███████████████████████████████████████████████████████████████████████▉                                                 | 119/200 [40:11<27:26, 20.33s/it]epoch 120
Train Loss: 1.397796, Acc: 99.842222%, Domain Acc: 50.855980%
Val Loss: 0.107954, Acc: 97.560000%
 60%|████████████████████████████████████████████████████████████████████████▌                                                | 120/200 [40:32<27:11, 20.40s/it]epoch 121
Train Loss: 1.392907, Acc: 99.911111%, Domain Acc: 50.735371%
Val Loss: 0.116732, Acc: 97.820000%
 60%|█████████████████████████████████████████████████████████████████████████▏                                               | 121/200 [40:52<26:47, 20.35s/it]epoch 122
Train Loss: 1.396821, Acc: 99.866667%, Domain Acc: 50.498552%
Val Loss: 0.133021, Acc: 97.620000%
 61%|█████████████████████████████████████████████████████████████████████████▊                                               | 122/200 [41:13<26:56, 20.72s/it]epoch 123
Train Loss: 1.395167, Acc: 99.915556%, Domain Acc: 50.013587%
Val Loss: 0.114358, Acc: 97.780000%
 62%|██████████████████████████████████████████████████████████████████████████▍                                              | 123/200 [41:34<26:28, 20.63s/it]epoch 124
Train Loss: 1.389946, Acc: 99.853333%, Domain Acc: 52.519581%
Val Loss: 0.136018, Acc: 97.560000%
 62%|███████████████████████████████████████████████████████████████████████████                                              | 124/200 [41:54<26:02, 20.56s/it]epoch 125
Train Loss: 1.396537, Acc: 99.877778%, Domain Acc: 50.803822%
Val Loss: 0.130380, Acc: 97.720000%
 62%|███████████████████████████████████████████████████████████████████████████▋                                             | 125/200 [42:16<26:02, 20.84s/it]epoch 126
Train Loss: 1.395401, Acc: 99.884444%, Domain Acc: 51.134410%
Val Loss: 0.124518, Acc: 97.840000%
 63%|████████████████████████████████████████████████████████████████████████████▏                                            | 126/200 [42:35<25:13, 20.46s/it]epoch 127
Train Loss: 1.394905, Acc: 99.913333%, Domain Acc: 50.754957%
Val Loss: 0.124272, Acc: 97.740000%
 64%|████████████████████████████████████████████████████████████████████████████▊                                            | 127/200 [42:56<25:07, 20.65s/it]epoch 128
Train Loss: 1.393560, Acc: 99.893333%, Domain Acc: 51.154106%
Val Loss: 0.125818, Acc: 97.680000%
 64%|█████████████████████████████████████████████████████████████████████████████▍                                           | 128/200 [43:17<24:46, 20.64s/it]epoch 129
Train Loss: 1.396260, Acc: 99.902222%, Domain Acc: 49.813102%
Val Loss: 0.118564, Acc: 97.940000%
 64%|██████████████████████████████████████████████████████████████████████████████                                           | 129/200 [43:39<24:58, 21.10s/it]epoch 130
Train Loss: 1.393003, Acc: 99.904444%, Domain Acc: 51.061965%
Val Loss: 0.107645, Acc: 97.920000%
 65%|██████████████████████████████████████████████████████████████████████████████▋                                          | 130/200 [43:59<24:09, 20.71s/it]epoch 131
Train Loss: 1.395034, Acc: 99.902222%, Domain Acc: 51.028745%
Val Loss: 0.119045, Acc: 97.600000%
 66%|███████████████████████████████████████████████████████████████████████████████▎                                         | 131/200 [44:20<23:47, 20.69s/it]epoch 132
Train Loss: 1.396189, Acc: 99.871111%, Domain Acc: 50.921386%
Val Loss: 0.130378, Acc: 97.520000%
 66%|███████████████████████████████████████████████████████████████████████████████▊                                         | 132/200 [44:41<23:35, 20.81s/it]epoch 133
Train Loss: 1.394493, Acc: 99.911111%, Domain Acc: 51.938029%
Val Loss: 0.121296, Acc: 97.680000%
 66%|████████████████████████████████████████████████████████████████████████████████▍                                        | 133/200 [45:01<22:56, 20.55s/it]epoch 134
Train Loss: 1.395128, Acc: 99.893333%, Domain Acc: 50.545290%
Val Loss: 0.121019, Acc: 97.620000%
 67%|█████████████████████████████████████████████████████████████████████████████████                                        | 134/200 [45:21<22:37, 20.56s/it]epoch 135
Train Loss: 1.394020, Acc: 99.915556%, Domain Acc: 50.829021%
Val Loss: 0.120099, Acc: 97.640000%
 68%|█████████████████████████████████████████████████████████████████████████████████▋                                       | 135/200 [45:42<22:13, 20.51s/it]epoch 136
Train Loss: 1.395305, Acc: 99.893333%, Domain Acc: 50.602769%
Val Loss: 0.120391, Acc: 97.500000%
 68%|██████████████████████████████████████████████████████████████████████████████████▎                                      | 136/200 [46:02<21:46, 20.41s/it]epoch 137
Train Loss: 1.396307, Acc: 99.862222%, Domain Acc: 51.264153%
Val Loss: 0.133720, Acc: 97.680000%
 68%|██████████████████████████████████████████████████████████████████████████████████▉                                      | 137/200 [46:23<21:30, 20.48s/it]epoch 138
Train Loss: 1.390921, Acc: 99.822222%, Domain Acc: 55.062828%
Val Loss: 0.142514, Acc: 97.640000%
 69%|███████████████████████████████████████████████████████████████████████████████████▍                                     | 138/200 [46:43<21:06, 20.42s/it]epoch 139
Train Loss: 1.397487, Acc: 99.888889%, Domain Acc: 50.607358%
Val Loss: 0.130569, Acc: 97.520000%
 70%|████████████████████████████████████████████████████████████████████████████████████                                     | 139/200 [47:03<20:45, 20.42s/it]epoch 140
Train Loss: 1.394663, Acc: 99.866667%, Domain Acc: 51.252870%
Val Loss: 0.121400, Acc: 97.760000%
 70%|████████████████████████████████████████████████████████████████████████████████████▋                                    | 140/200 [47:24<20:27, 20.46s/it]epoch 141
Train Loss: 1.392005, Acc: 99.864444%, Domain Acc: 52.705326%
Val Loss: 0.134905, Acc: 97.300000%
 70%|█████████████████████████████████████████████████████████████████████████████████████▎                                   | 141/200 [47:45<20:20, 20.69s/it]epoch 142
Train Loss: 1.396909, Acc: 99.811111%, Domain Acc: 51.947714%
Val Loss: 0.115230, Acc: 97.720000%
 71%|█████████████████████████████████████████████████████████████████████████████████████▉                                   | 142/200 [48:05<19:47, 20.47s/it]epoch 143
Train Loss: 1.396941, Acc: 99.842222%, Domain Acc: 52.768614%
Val Loss: 0.136077, Acc: 97.680000%
 72%|██████████████████████████████████████████████████████████████████████████████████████▌                                  | 143/200 [48:26<19:29, 20.52s/it]epoch 144
Train Loss: 1.398666, Acc: 99.842222%, Domain Acc: 52.184247%
Val Loss: 0.112971, Acc: 97.640000%
 72%|███████████████████████████████████████████████████████████████████████████████████████                                  | 144/200 [48:47<19:16, 20.66s/it]epoch 145
Train Loss: 1.400468, Acc: 99.844444%, Domain Acc: 50.459789%
Val Loss: 0.133343, Acc: 97.600000%
 72%|███████████████████████████████████████████████████████████████████████████████████████▋                                 | 145/200 [49:07<18:54, 20.62s/it]epoch 146
Train Loss: 1.395939, Acc: 99.911111%, Domain Acc: 49.703304%
Val Loss: 0.127587, Acc: 97.800000%
 73%|████████████████████████████████████████████████████████████████████████████████████████▎                                | 146/200 [49:28<18:39, 20.72s/it]epoch 147
Train Loss: 1.394423, Acc: 99.877778%, Domain Acc: 51.187311%
Val Loss: 0.107510, Acc: 97.500000%
 74%|████████████████████████████████████████████████████████████████████████████████████████▉                                | 147/200 [49:47<17:57, 20.33s/it]epoch 148
Train Loss: 1.401716, Acc: 99.768889%, Domain Acc: 51.588648%
Val Loss: 0.144847, Acc: 97.520000%
 74%|█████████████████████████████████████████████████████████████████████████████████████████▌                               | 148/200 [50:08<17:46, 20.50s/it]epoch 149
Train Loss: 1.394864, Acc: 99.831111%, Domain Acc: 52.960298%
Val Loss: 0.128187, Acc: 97.660000%
 74%|██████████████████████████████████████████████████████████████████████████████████████████▏                              | 149/200 [50:29<17:23, 20.46s/it]epoch 150
Train Loss: 1.395175, Acc: 99.871111%, Domain Acc: 51.716096%
Val Loss: 0.145624, Acc: 97.460000%
 75%|██████████████████████████████████████████████████████████████████████████████████████████▊                              | 150/200 [50:49<17:02, 20.46s/it]epoch 151
Train Loss: 1.377365, Acc: 99.873333%, Domain Acc: 54.391768%
Val Loss: 0.125947, Acc: 97.740000%
 76%|███████████████████████████████████████████████████████████████████████████████████████████▎                             | 151/200 [51:10<16:46, 20.55s/it]epoch 152
Train Loss: 1.394319, Acc: 99.942222%, Domain Acc: 51.043967%
Val Loss: 0.129182, Acc: 97.780000%
 76%|███████████████████████████████████████████████████████████████████████████████████████████▉                             | 152/200 [51:30<16:18, 20.40s/it]epoch 153
Train Loss: 1.393607, Acc: 99.960000%, Domain Acc: 50.568275%
Val Loss: 0.124423, Acc: 97.620000%
 76%|████████████████████████████████████████████████████████████████████████████████████████████▌                            | 153/200 [51:51<16:08, 20.60s/it]epoch 154
Train Loss: 1.388227, Acc: 99.968889%, Domain Acc: 54.059798%
Val Loss: 0.123903, Acc: 97.780000%
 77%|█████████████████████████████████████████████████████████████████████████████████████████████▏                           | 154/200 [52:11<15:42, 20.49s/it]epoch 155
Train Loss: 1.370618, Acc: 99.960000%, Domain Acc: 59.445247%
Val Loss: 0.130346, Acc: 97.860000%
 78%|█████████████████████████████████████████████████████████████████████████████████████████████▊                           | 155/200 [52:31<15:15, 20.34s/it]epoch 156
Train Loss: 1.392553, Acc: 99.926667%, Domain Acc: 51.295585%
Val Loss: 0.123019, Acc: 97.820000%
 78%|██████████████████████████████████████████████████████████████████████████████████████████████▍                          | 156/200 [52:53<15:07, 20.62s/it]epoch 157
Train Loss: 1.389619, Acc: 99.926667%, Domain Acc: 51.954065%
Val Loss: 0.119220, Acc: 97.640000%
 78%|██████████████████████████████████████████████████████████████████████████████████████████████▉                          | 157/200 [53:13<14:39, 20.46s/it]epoch 158
Train Loss: 1.393678, Acc: 99.948889%, Domain Acc: 50.626474%
Val Loss: 0.132300, Acc: 97.780000%
 79%|███████████████████████████████████████████████████████████████████████████████████████████████▌                         | 158/200 [53:33<14:21, 20.51s/it]epoch 159
Train Loss: 1.394404, Acc: 99.964444%, Domain Acc: 50.346183%
Val Loss: 0.145593, Acc: 97.840000%
 80%|████████████████████████████████████████████████████████████████████████████████████████████████▏                        | 159/200 [53:53<13:51, 20.27s/it]epoch 160
Train Loss: 1.391079, Acc: 99.948889%, Domain Acc: 52.134785%
Val Loss: 0.147705, Acc: 97.680000%
 80%|████████████████████████████████████████████████████████████████████████████████████████████████▊                        | 160/200 [54:14<13:41, 20.54s/it]epoch 161
Train Loss: 1.391582, Acc: 99.955556%, Domain Acc: 52.451473%
Val Loss: 0.135827, Acc: 97.620000%
 80%|█████████████████████████████████████████████████████████████████████████████████████████████████▍                       | 161/200 [54:34<13:13, 20.35s/it]epoch 162
Train Loss: 1.393688, Acc: 99.944444%, Domain Acc: 51.372910%
Val Loss: 0.144586, Acc: 97.520000%
 81%|██████████████████████████████████████████████████████████████████████████████████████████████████                       | 162/200 [54:54<12:51, 20.31s/it]epoch 163
Train Loss: 1.394017, Acc: 99.955556%, Domain Acc: 50.781716%
Val Loss: 0.138135, Acc: 97.700000%
 82%|██████████████████████████████████████████████████████████████████████████████████████████████████▌                      | 163/200 [55:15<12:37, 20.46s/it]epoch 164
Train Loss: 1.395147, Acc: 99.964444%, Domain Acc: 50.254010%
Val Loss: 0.132415, Acc: 97.840000%
 82%|███████████████████████████████████████████████████████████████████████████████████████████████████▏                     | 164/200 [55:36<12:17, 20.50s/it]epoch 165
Train Loss: 1.393585, Acc: 99.962222%, Domain Acc: 50.906071%
Val Loss: 0.120392, Acc: 97.880000%
 82%|███████████████████████████████████████████████████████████████████████████████████████████████████▊                     | 165/200 [55:56<12:00, 20.58s/it]epoch 166
Train Loss: 1.393174, Acc: 99.962222%, Domain Acc: 50.714206%
Val Loss: 0.115244, Acc: 97.440000%
 83%|████████████████████████████████████████████████████████████████████████████████████████████████████▍                    | 166/200 [56:17<11:41, 20.63s/it]epoch 167
Train Loss: 1.393447, Acc: 99.964444%, Domain Acc: 50.703773%
Val Loss: 0.110837, Acc: 97.800000%
 84%|█████████████████████████████████████████████████████████████████████████████████████████████████████                    | 167/200 [56:38<11:24, 20.73s/it]epoch 168
Train Loss: 1.393373, Acc: 99.960000%, Domain Acc: 50.756938%
Val Loss: 0.110525, Acc: 97.600000%
 84%|█████████████████████████████████████████████████████████████████████████████████████████████████████▋                   | 168/200 [56:59<11:02, 20.72s/it]epoch 169
Train Loss: 1.394422, Acc: 99.973333%, Domain Acc: 48.349371%
Val Loss: 0.114905, Acc: 97.900000%
 84%|██████████████████████████████████████████████████████████████████████████████████████████████████████▏                  | 169/200 [57:19<10:37, 20.56s/it]epoch 170
Train Loss: 1.390036, Acc: 99.966667%, Domain Acc: 49.563118%
Val Loss: 0.125610, Acc: 97.740000%
 85%|██████████████████████████████████████████████████████████████████████████████████████████████████████▊                  | 170/200 [57:40<10:19, 20.65s/it]epoch 171
Train Loss: 1.391496, Acc: 99.955556%, Domain Acc: 50.092673%
Val Loss: 0.118781, Acc: 97.820000%
 86%|███████████████████████████████████████████████████████████████████████████████████████████████████████▍                 | 171/200 [58:00<09:54, 20.48s/it]epoch 172
Train Loss: 1.392713, Acc: 99.962222%, Domain Acc: 50.059431%
Val Loss: 0.117328, Acc: 97.760000%
 86%|████████████████████████████████████████████████████████████████████████████████████████████████████████                 | 172/200 [58:21<09:35, 20.57s/it]epoch 173
Train Loss: 1.391335, Acc: 99.973333%, Domain Acc: 50.359911%
Val Loss: 0.126377, Acc: 97.660000%
 86%|████████████████████████████████████████████████████████████████████████████████████████████████████████▋                | 173/200 [58:41<09:15, 20.59s/it]epoch 174
Train Loss: 1.392013, Acc: 99.980000%, Domain Acc: 49.588383%
Val Loss: 0.116804, Acc: 97.940000%
 87%|█████████████████████████████████████████████████████████████████████████████████████████████████████████▎               | 174/200 [59:02<08:52, 20.49s/it]epoch 175
Train Loss: 1.392162, Acc: 99.975556%, Domain Acc: 48.854734%
Val Loss: 0.117722, Acc: 97.880000%
 88%|█████████████████████████████████████████████████████████████████████████████████████████████████████████▉               | 175/200 [59:23<08:38, 20.74s/it]epoch 176
Train Loss: 1.391475, Acc: 99.973333%, Domain Acc: 49.178991%
Val Loss: 0.110631, Acc: 97.840000%
 88%|██████████████████████████████████████████████████████████████████████████████████████████████████████████▍              | 176/200 [59:43<08:16, 20.67s/it]epoch 177
Train Loss: 1.391482, Acc: 99.986667%, Domain Acc: 49.193310%
Val Loss: 0.119819, Acc: 98.000000%
 88%|█████████████████████████████████████████████████████████████████████████████████████████████████████████▎             | 177/200 [1:00:04<07:56, 20.70s/it]epoch 178
Train Loss: 1.391143, Acc: 99.975556%, Domain Acc: 49.406688%
Val Loss: 0.115331, Acc: 97.960000%
 89%|█████████████████████████████████████████████████████████████████████████████████████████████████████████▉             | 178/200 [1:00:25<07:35, 20.71s/it]epoch 179
Train Loss: 1.391765, Acc: 99.962222%, Domain Acc: 49.824420%
Val Loss: 0.116218, Acc: 97.960000%
 90%|██████████████████████████████████████████████████████████████████████████████████████████████████████████▌            | 179/200 [1:00:46<07:19, 20.92s/it]epoch 180
Train Loss: 1.390860, Acc: 99.980000%, Domain Acc: 50.409751%
Val Loss: 0.134584, Acc: 97.580000%
 90%|███████████████████████████████████████████████████████████████████████████████████████████████████████████            | 180/200 [1:01:06<06:50, 20.51s/it]epoch 181
Train Loss: 1.391425, Acc: 99.980000%, Domain Acc: 50.512293%
Val Loss: 0.127863, Acc: 97.940000%
 90%|███████████████████████████████████████████████████████████████████████████████████████████████████████████▋           | 181/200 [1:01:26<06:29, 20.50s/it]epoch 182
Train Loss: 1.391209, Acc: 99.975556%, Domain Acc: 50.706871%
Val Loss: 0.129040, Acc: 98.000000%
 91%|████████████████████████████████████████████████████████████████████████████████████████████████████████████▎          | 182/200 [1:01:47<06:10, 20.60s/it]epoch 183
Train Loss: 1.390918, Acc: 99.986667%, Domain Acc: 50.881155%
Val Loss: 0.120894, Acc: 97.960000%
 92%|████████████████████████████████████████████████████████████████████████████████████████████████████████████▉          | 183/200 [1:02:08<05:50, 20.62s/it]epoch 184
Train Loss: 1.390698, Acc: 99.980000%, Domain Acc: 50.748363%
Val Loss: 0.115227, Acc: 97.860000%
 92%|█████████████████████████████████████████████████████████████████████████████████████████████████████████████▍         | 184/200 [1:02:29<05:31, 20.75s/it]epoch 185
Train Loss: 1.390568, Acc: 99.991111%, Domain Acc: 50.487829%
Val Loss: 0.131275, Acc: 97.900000%
 92%|██████████████████████████████████████████████████████████████████████████████████████████████████████████████         | 185/200 [1:02:49<05:07, 20.53s/it]epoch 186
Train Loss: 1.390749, Acc: 99.988889%, Domain Acc: 50.664147%
Val Loss: 0.133486, Acc: 97.740000%
 93%|██████████████████████████████████████████████████████████████████████████████████████████████████████████████▋        | 186/200 [1:03:08<04:42, 20.21s/it]epoch 187
Train Loss: 1.391021, Acc: 99.986667%, Domain Acc: 50.721409%
Val Loss: 0.112924, Acc: 97.920000%
 94%|███████████████████████████████████████████████████████████████████████████████████████████████████████████████▎       | 187/200 [1:03:29<04:25, 20.39s/it]epoch 188
Train Loss: 1.390394, Acc: 99.986667%, Domain Acc: 50.804789%
Val Loss: 0.126572, Acc: 97.960000%
 94%|███████████████████████████████████████████████████████████████████████████████████████████████████████████████▊       | 188/200 [1:03:50<04:05, 20.49s/it]epoch 189
Train Loss: 1.390277, Acc: 99.991111%, Domain Acc: 50.749778%
Val Loss: 0.131349, Acc: 97.800000%
 94%|████████████████████████████████████████████████████████████████████████████████████████████████████████████████▍      | 189/200 [1:04:10<03:43, 20.33s/it]epoch 190
Train Loss: 1.391085, Acc: 99.986667%, Domain Acc: 50.562855%
Val Loss: 0.126539, Acc: 97.600000%
 95%|█████████████████████████████████████████████████████████████████████████████████████████████████████████████████      | 190/200 [1:04:29<03:20, 20.09s/it]epoch 191
Train Loss: 1.391572, Acc: 99.973333%, Domain Acc: 50.747793%
Val Loss: 0.132388, Acc: 97.700000%
 96%|█████████████████████████████████████████████████████████████████████████████████████████████████████████████████▋     | 191/200 [1:04:51<03:04, 20.45s/it]epoch 192
Train Loss: 1.391024, Acc: 99.980000%, Domain Acc: 50.522437%
Val Loss: 0.140702, Acc: 97.680000%
 96%|██████████████████████████████████████████████████████████████████████████████████████████████████████████████████▏    | 192/200 [1:05:11<02:42, 20.35s/it]epoch 193
Train Loss: 1.391102, Acc: 99.973333%, Domain Acc: 50.625882%
Val Loss: 0.127223, Acc: 98.000000%
 96%|██████████████████████████████████████████████████████████████████████████████████████████████████████████████████▊    | 193/200 [1:05:32<02:23, 20.47s/it]epoch 194
Train Loss: 1.389542, Acc: 99.973333%, Domain Acc: 50.867746%
Val Loss: 0.137904, Acc: 97.840000%
 97%|███████████████████████████████████████████████████████████████████████████████████████████████████████████████████▍   | 194/200 [1:05:53<02:03, 20.61s/it]epoch 195
Train Loss: 1.390121, Acc: 99.986667%, Domain Acc: 50.823915%
Val Loss: 0.132461, Acc: 97.840000%
 98%|████████████████████████████████████████████████████████████████████████████████████████████████████████████████████   | 195/200 [1:06:13<01:42, 20.58s/it]epoch 196
Train Loss: 1.391296, Acc: 99.986667%, Domain Acc: 50.412047%
Val Loss: 0.138426, Acc: 97.700000%
 98%|████████████████████████████████████████████████████████████████████████████████████████████████████████████████████▌  | 196/200 [1:06:34<01:22, 20.71s/it]epoch 197
Train Loss: 1.391492, Acc: 99.984444%, Domain Acc: 50.033066%
Val Loss: 0.138480, Acc: 97.900000%
 98%|█████████████████████████████████████████████████████████████████████████████████████████████████████████████████████▏ | 197/200 [1:06:54<01:01, 20.58s/it]epoch 198
Train Loss: 1.391261, Acc: 99.986667%, Domain Acc: 50.494225%
Val Loss: 0.122764, Acc: 98.020000%
 99%|█████████████████████████████████████████████████████████████████████████████████████████████████████████████████████▊ | 198/200 [1:07:16<00:41, 20.90s/it]epoch 199
Train Loss: 1.391432, Acc: 99.982222%, Domain Acc: 51.185415%
Val Loss: 0.136339, Acc: 97.620000%
100%|██████████████████████████████████████████████████████████████████████████████████████████████████████████████████████▍| 199/200 [1:07:36<00:20, 20.74s/it]epoch 200
Train Loss: 1.391246, Acc: 99.968889%, Domain Acc: 50.822918%
Val Loss: 0.136181, Acc: 97.980000%
100%|███████████████████████████████████████████████████████████████████████████████████████████████████████████████████████| 200/200 [1:07:56<00:00, 20.38s/it]
Test Loss: 1.746836, Acc: 79.730000%