==> Preparing data..
==> Warmup for distillation..
==> building source and target dataset..
==> building source and target dataset done..
Number of distilled training examples: 6643
Accuracy of distilled training examples collection: 97.03447237693813%
Number of target domain examples: 38357
==> Distilling validation set..
==> Distilling validation set done..
Number of distilled validation examples: 708
Accuracy of distilled validation examples collection: 97.45762711864407%
==> Source and target dataset building..
==> Source and target dataset building done..
==> Start training..
  0%|                                                                                                                | 0/200 [00:00<?, ?it/s]epoch 1
  0%|▌                                                                                                     | 1/200 [00:57<3:10:33, 57.45s/it]Train Loss: 2.218138, Acc: 86.366667%, Domain Acc: 67.640541%
Val Loss: 0.369147, Acc: 88.640000%
epoch 2
  1%|█                                                                                                     | 2/200 [01:47<2:55:29, 53.18s/it]Train Loss: 1.942303, Acc: 90.248889%, Domain Acc: 62.820111%
Val Loss: 0.292354, Acc: 91.000000%
epoch 3
  2%|█▌                                                                                                    | 3/200 [02:38<2:51:34, 52.26s/it]Train Loss: 1.886159, Acc: 91.108889%, Domain Acc: 60.857721%
Val Loss: 0.293335, Acc: 91.280000%
epoch 4
  2%|██                                                                                                    | 4/200 [03:32<2:52:22, 52.77s/it]Train Loss: 1.825851, Acc: 92.033333%, Domain Acc: 59.723154%
Val Loss: 0.264393, Acc: 92.360000%
epoch 5
  2%|██▌                                                                                                   | 5/200 [04:25<2:52:01, 52.93s/it]Train Loss: 1.787508, Acc: 92.697778%, Domain Acc: 58.715783%
Val Loss: 0.280071, Acc: 91.880000%
epoch 6
  3%|███                                                                                                   | 6/200 [05:18<2:51:24, 53.02s/it]Train Loss: 1.767703, Acc: 93.253333%, Domain Acc: 58.548850%
Val Loss: 0.208766, Acc: 93.840000%
epoch 7
  4%|███▌                                                                                                  | 7/200 [06:10<2:48:48, 52.48s/it]Train Loss: 1.754113, Acc: 93.673333%, Domain Acc: 58.278608%
Val Loss: 0.253088, Acc: 92.520000%
epoch 8
  4%|████                                                                                                  | 8/200 [07:00<2:46:07, 51.92s/it]Train Loss: 1.736496, Acc: 93.755556%, Domain Acc: 57.599251%
Val Loss: 0.279062, Acc: 92.920000%
epoch 9
  4%|████▌                                                                                                 | 9/200 [07:50<2:43:24, 51.33s/it]Train Loss: 1.710059, Acc: 94.171111%, Domain Acc: 57.497514%
Val Loss: 0.310965, Acc: 91.560000%
epoch 10
  5%|█████                                                                                                | 10/200 [08:43<2:43:41, 51.69s/it]Train Loss: 1.697571, Acc: 94.355556%, Domain Acc: 58.121272%
Val Loss: 0.243186, Acc: 93.260000%
epoch 11
  6%|█████▌                                                                                               | 11/200 [09:34<2:42:09, 51.48s/it]Train Loss: 1.687188, Acc: 94.715556%, Domain Acc: 57.829665%
Val Loss: 0.286616, Acc: 91.500000%
epoch 12
  6%|██████                                                                                               | 12/200 [10:25<2:40:45, 51.31s/it]Train Loss: 1.681866, Acc: 94.782222%, Domain Acc: 57.844886%
Val Loss: 0.242537, Acc: 93.300000%
epoch 13
  6%|██████▌                                                                                              | 13/200 [11:17<2:40:37, 51.54s/it]Train Loss: 1.689020, Acc: 94.502222%, Domain Acc: 57.586230%
Val Loss: 0.218095, Acc: 94.080000%
epoch 14
  7%|███████                                                                                              | 14/200 [12:08<2:38:57, 51.28s/it]Train Loss: 1.673530, Acc: 94.984444%, Domain Acc: 57.281492%
Val Loss: 0.180189, Acc: 94.400000%
epoch 15
  8%|███████▌                                                                                             | 15/200 [12:59<2:38:24, 51.37s/it]Train Loss: 1.652546, Acc: 95.202222%, Domain Acc: 57.671547%
Val Loss: 0.195373, Acc: 94.420000%
epoch 16
  8%|████████                                                                                             | 16/200 [13:50<2:37:23, 51.33s/it]Train Loss: 1.651467, Acc: 95.255556%, Domain Acc: 57.071664%
Val Loss: 0.189283, Acc: 94.440000%
epoch 17
  8%|████████▌                                                                                            | 17/200 [14:43<2:38:11, 51.86s/it]Train Loss: 1.644503, Acc: 95.328889%, Domain Acc: 57.290890%
Val Loss: 0.242754, Acc: 93.420000%
epoch 18
  9%|█████████                                                                                            | 18/200 [15:34<2:36:13, 51.50s/it]Train Loss: 1.649077, Acc: 95.408889%, Domain Acc: 57.051944%
Val Loss: 0.234552, Acc: 93.480000%
epoch 19
 10%|█████████▌                                                                                           | 19/200 [16:25<2:34:39, 51.27s/it]Train Loss: 1.646908, Acc: 95.331111%, Domain Acc: 57.177301%
Val Loss: 0.245848, Acc: 92.680000%
epoch 20
 10%|██████████                                                                                           | 20/200 [17:16<2:33:57, 51.32s/it]Train Loss: 1.648748, Acc: 95.271111%, Domain Acc: 57.161684%
Val Loss: 0.187720, Acc: 94.560000%
epoch 21
 10%|██████████▌                                                                                          | 21/200 [18:07<2:32:39, 51.17s/it]Train Loss: 1.627612, Acc: 95.642222%, Domain Acc: 57.127128%
Val Loss: 0.374444, Acc: 90.340000%
epoch 22
 11%|███████████                                                                                          | 22/200 [18:58<2:31:06, 50.94s/it]Train Loss: 1.654964, Acc: 95.220000%, Domain Acc: 57.153629%
Val Loss: 0.204024, Acc: 94.320000%
epoch 23
 12%|███████████▌                                                                                         | 23/200 [19:48<2:29:35, 50.71s/it]Train Loss: 1.619533, Acc: 95.900000%, Domain Acc: 56.644923%
Val Loss: 0.176619, Acc: 94.880000%
epoch 24
 12%|████████████                                                                                         | 24/200 [20:37<2:27:45, 50.37s/it]Train Loss: 1.619292, Acc: 95.953333%, Domain Acc: 57.058756%
Val Loss: 0.173959, Acc: 94.820000%
epoch 25
 12%|████████████▋                                                                                        | 25/200 [21:28<2:27:00, 50.40s/it]Train Loss: 1.610859, Acc: 96.082222%, Domain Acc: 56.761439%
Val Loss: 0.201705, Acc: 93.920000%
epoch 26
 13%|█████████████▏                                                                                       | 26/200 [22:15<2:23:48, 49.59s/it]Train Loss: 1.612755, Acc: 95.873333%, Domain Acc: 56.310988%
Val Loss: 0.188107, Acc: 94.240000%
epoch 27
 14%|█████████████▋                                                                                       | 27/200 [23:05<2:23:22, 49.72s/it]Train Loss: 1.595477, Acc: 96.160000%, Domain Acc: 56.779446%
Val Loss: 0.277402, Acc: 92.480000%
epoch 28
 14%|██████████████▏                                                                                      | 28/200 [23:56<2:22:55, 49.86s/it]Train Loss: 1.607690, Acc: 96.071111%, Domain Acc: 56.855567%
Val Loss: 0.199847, Acc: 94.600000%
epoch 29
 14%|██████████████▋                                                                                      | 29/200 [24:48<2:24:18, 50.63s/it]Train Loss: 1.624955, Acc: 95.717778%, Domain Acc: 56.869958%
Val Loss: 0.194489, Acc: 94.580000%
epoch 30
 15%|███████████████▏                                                                                     | 30/200 [25:40<2:24:24, 50.97s/it]Train Loss: 1.603531, Acc: 96.160000%, Domain Acc: 56.404384%
Val Loss: 0.255385, Acc: 93.040000%
epoch 31
 16%|███████████████▋                                                                                     | 31/200 [26:31<2:23:47, 51.05s/it]Train Loss: 1.608110, Acc: 95.984444%, Domain Acc: 56.857196%
Val Loss: 0.194444, Acc: 94.560000%
epoch 32
 16%|████████████████▏                                                                                    | 32/200 [27:23<2:23:28, 51.24s/it]Train Loss: 1.592868, Acc: 96.162222%, Domain Acc: 56.854344%
Val Loss: 0.244746, Acc: 93.120000%
epoch 33
 16%|████████████████▋                                                                                    | 33/200 [28:14<2:22:32, 51.21s/it]Train Loss: 1.604214, Acc: 96.077778%, Domain Acc: 56.434207%
Val Loss: 0.211551, Acc: 94.940000%
epoch 34
 17%|█████████████████▏                                                                                   | 34/200 [29:05<2:21:20, 51.09s/it]Train Loss: 1.603017, Acc: 96.248889%, Domain Acc: 56.386260%
Val Loss: 0.169469, Acc: 95.360000%
epoch 35
 18%|█████████████████▋                                                                                   | 35/200 [29:54<2:19:24, 50.69s/it]Train Loss: 1.592348, Acc: 96.186667%, Domain Acc: 56.247916%
Val Loss: 0.204704, Acc: 94.380000%
epoch 36
 18%|██████████████████▏                                                                                  | 36/200 [30:45<2:18:04, 50.51s/it]Train Loss: 1.582601, Acc: 96.353333%, Domain Acc: 56.056161%
Val Loss: 0.167797, Acc: 95.900000%
epoch 37
 18%|██████████████████▋                                                                                  | 37/200 [31:36<2:17:56, 50.77s/it]Train Loss: 1.594766, Acc: 96.331111%, Domain Acc: 55.910241%
Val Loss: 0.213492, Acc: 94.220000%
epoch 38
 19%|███████████████████▏                                                                                 | 38/200 [32:29<2:18:40, 51.36s/it]Train Loss: 1.589822, Acc: 96.184444%, Domain Acc: 56.707334%
Val Loss: 0.196272, Acc: 94.440000%
epoch 39
 20%|███████████████████▋                                                                                 | 39/200 [33:19<2:16:59, 51.05s/it]Train Loss: 1.592675, Acc: 96.244444%, Domain Acc: 56.761884%
Val Loss: 0.204878, Acc: 93.600000%
epoch 40
 20%|████████████████████▏                                                                                | 40/200 [34:04<2:11:38, 49.36s/it]Train Loss: 1.585404, Acc: 96.360000%, Domain Acc: 56.426853%
Val Loss: 0.163925, Acc: 94.940000%
epoch 41
 20%|████████████████████▋                                                                                | 41/200 [34:54<2:10:41, 49.32s/it]Train Loss: 1.576801, Acc: 96.560000%, Domain Acc: 56.168393%
Val Loss: 0.402699, Acc: 90.940000%
epoch 42
 21%|█████████████████████▏                                                                               | 42/200 [35:43<2:10:12, 49.45s/it]Train Loss: 1.588922, Acc: 96.420000%, Domain Acc: 56.350405%
Val Loss: 0.182488, Acc: 95.020000%
epoch 43
 22%|█████████████████████▋                                                                               | 43/200 [36:33<2:09:42, 49.57s/it]Train Loss: 1.577668, Acc: 96.686667%, Domain Acc: 55.987157%
Val Loss: 0.202945, Acc: 94.120000%
epoch 44
 22%|██████████████████████▏                                                                              | 44/200 [37:23<2:09:04, 49.64s/it]Train Loss: 1.592976, Acc: 96.408889%, Domain Acc: 55.649816%
Val Loss: 0.210563, Acc: 93.720000%
epoch 45
 22%|██████████████████████▋                                                                              | 45/200 [38:12<2:07:44, 49.45s/it]Train Loss: 1.578368, Acc: 96.580000%, Domain Acc: 55.992677%
Val Loss: 0.256072, Acc: 92.900000%
epoch 46
 23%|███████████████████████▏                                                                             | 46/200 [39:02<2:07:34, 49.70s/it]Train Loss: 1.578841, Acc: 96.557778%, Domain Acc: 56.071977%
Val Loss: 0.187061, Acc: 94.820000%
epoch 47
 24%|███████████████████████▋                                                                             | 47/200 [39:51<2:06:17, 49.53s/it]Train Loss: 1.575821, Acc: 96.575556%, Domain Acc: 55.930697%
Val Loss: 0.167812, Acc: 95.120000%
epoch 48
 24%|████████████████████████▏                                                                            | 48/200 [40:40<2:04:45, 49.25s/it]Train Loss: 1.586109, Acc: 96.333333%, Domain Acc: 56.799876%
Val Loss: 0.221168, Acc: 94.220000%
epoch 49
 24%|████████████████████████▋                                                                            | 49/200 [41:28<2:03:03, 48.90s/it]Train Loss: 1.605808, Acc: 96.057778%, Domain Acc: 56.024213%
Val Loss: 0.170351, Acc: 94.840000%
epoch 50
 25%|█████████████████████████▎                                                                           | 50/200 [42:14<2:00:01, 48.01s/it]Train Loss: 1.572250, Acc: 96.633333%, Domain Acc: 56.164004%
Val Loss: 0.222167, Acc: 94.340000%
epoch 51
 26%|█████████████████████████▊                                                                           | 51/200 [43:01<1:58:08, 47.57s/it]Train Loss: 1.578430, Acc: 96.611111%, Domain Acc: 55.971430%
Val Loss: 0.186565, Acc: 94.440000%
epoch 52
 26%|██████████████████████████▎                                                                          | 52/200 [43:46<1:55:35, 46.86s/it]Train Loss: 1.562473, Acc: 96.795556%, Domain Acc: 55.913535%
Val Loss: 0.167232, Acc: 95.040000%
epoch 53
 26%|██████████████████████████▊                                                                          | 53/200 [44:35<1:56:49, 47.68s/it]Train Loss: 1.574293, Acc: 96.644444%, Domain Acc: 55.283839%
Val Loss: 0.179736, Acc: 94.660000%
epoch 54
 27%|███████████████████████████▎                                                                         | 54/200 [45:27<1:59:05, 48.94s/it]Train Loss: 1.567291, Acc: 96.766667%, Domain Acc: 56.025493%
Val Loss: 0.168362, Acc: 95.140000%
epoch 55
 28%|███████████████████████████▊                                                                         | 55/200 [46:15<1:57:18, 48.54s/it]Train Loss: 1.575718, Acc: 96.488889%, Domain Acc: 55.746265%
Val Loss: 0.139599, Acc: 95.840000%
epoch 56
 28%|████████████████████████████▎                                                                        | 56/200 [47:02<1:55:18, 48.05s/it]Train Loss: 1.576230, Acc: 96.575556%, Domain Acc: 55.879045%
Val Loss: 0.212191, Acc: 94.180000%
epoch 57
 28%|████████████████████████████▊                                                                        | 57/200 [47:50<1:54:42, 48.13s/it]Train Loss: 1.569726, Acc: 96.717778%, Domain Acc: 55.757820%
Val Loss: 0.197961, Acc: 94.360000%
epoch 58
 29%|█████████████████████████████▎                                                                       | 58/200 [48:38<1:53:32, 47.97s/it]Train Loss: 1.563269, Acc: 96.733333%, Domain Acc: 55.972675%
Val Loss: 0.147109, Acc: 95.860000%
epoch 59
 30%|█████████████████████████████▊                                                                       | 59/200 [49:26<1:53:09, 48.15s/it]Train Loss: 1.575674, Acc: 96.586667%, Domain Acc: 55.766384%
Val Loss: 0.236798, Acc: 93.240000%
epoch 60
 30%|██████████████████████████████▎                                                                      | 60/200 [50:14<1:51:53, 47.96s/it]Train Loss: 1.585718, Acc: 96.520000%, Domain Acc: 54.903237%
Val Loss: 0.148347, Acc: 95.800000%
epoch 61
 30%|██████████████████████████████▊                                                                      | 61/200 [51:00<1:49:45, 47.38s/it]Train Loss: 1.556656, Acc: 96.971111%, Domain Acc: 55.686399%
Val Loss: 0.470189, Acc: 88.040000%
epoch 62
 31%|███████████████████████████████▎                                                                     | 62/200 [51:43<1:45:51, 46.03s/it]Train Loss: 1.612831, Acc: 96.035556%, Domain Acc: 55.693077%
Val Loss: 0.167536, Acc: 95.260000%
epoch 63
 32%|███████████████████████████████▊                                                                     | 63/200 [52:29<1:45:26, 46.18s/it]Train Loss: 1.592538, Acc: 96.344444%, Domain Acc: 55.620131%
Val Loss: 0.188331, Acc: 94.460000%
epoch 64
 32%|████████████████████████████████▎                                                                    | 64/200 [53:20<1:47:56, 47.62s/it]Train Loss: 1.563336, Acc: 96.833333%, Domain Acc: 55.882690%
Val Loss: 0.171237, Acc: 95.200000%
epoch 65
 32%|████████████████████████████████▊                                                                    | 65/200 [54:10<1:48:30, 48.23s/it]Train Loss: 1.565068, Acc: 96.857778%, Domain Acc: 54.860242%
Val Loss: 0.201801, Acc: 93.920000%
epoch 66
 33%|█████████████████████████████████▎                                                                   | 66/200 [55:01<1:49:46, 49.15s/it]Train Loss: 1.550750, Acc: 96.980000%, Domain Acc: 55.552421%
Val Loss: 0.162334, Acc: 95.260000%
epoch 67
 34%|█████████████████████████████████▊                                                                   | 67/200 [55:53<1:50:28, 49.84s/it]Train Loss: 1.564491, Acc: 96.851111%, Domain Acc: 55.663750%
Val Loss: 0.155633, Acc: 95.760000%
epoch 68
 34%|██████████████████████████████████▎                                                                  | 68/200 [56:43<1:50:01, 50.01s/it]Train Loss: 1.583039, Acc: 96.477778%, Domain Acc: 55.845449%
Val Loss: 0.188199, Acc: 94.600000%
epoch 69
 34%|██████████████████████████████████▊                                                                  | 69/200 [57:34<1:49:54, 50.34s/it]Train Loss: 1.563923, Acc: 96.844444%, Domain Acc: 54.900886%
Val Loss: 0.205639, Acc: 94.440000%
epoch 70
 35%|███████████████████████████████████▎                                                                 | 70/200 [58:25<1:49:17, 50.44s/it]Train Loss: 1.571527, Acc: 96.686667%, Domain Acc: 56.022846%
Val Loss: 0.283816, Acc: 91.840000%
epoch 71
 36%|███████████████████████████████████▊                                                                 | 71/200 [59:15<1:48:05, 50.27s/it]Train Loss: 1.581145, Acc: 96.515556%, Domain Acc: 55.546405%
Val Loss: 0.269112, Acc: 92.780000%
epoch 72
 36%|███████████████████████████████████▋                                                               | 72/200 [1:00:07<1:48:48, 51.01s/it]Train Loss: 1.567278, Acc: 96.813333%, Domain Acc: 55.614016%
Val Loss: 0.150655, Acc: 95.860000%
epoch 73
 36%|████████████████████████████████████▏                                                              | 73/200 [1:00:59<1:48:24, 51.21s/it]Train Loss: 1.554261, Acc: 96.933333%, Domain Acc: 56.319503%
Val Loss: 0.203720, Acc: 94.440000%
epoch 74
 37%|████████████████████████████████████▋                                                              | 74/200 [1:01:48<1:46:04, 50.51s/it]Train Loss: 1.559552, Acc: 96.891111%, Domain Acc: 55.730071%
Val Loss: 0.166072, Acc: 95.140000%
epoch 75
 38%|█████████████████████████████████████▏                                                             | 75/200 [1:02:37<1:44:15, 50.04s/it]Train Loss: 1.557441, Acc: 96.995556%, Domain Acc: 55.257794%
Val Loss: 0.165586, Acc: 95.500000%
epoch 76
 38%|█████████████████████████████████████▌                                                             | 76/200 [1:03:28<1:43:45, 50.21s/it]Train Loss: 1.560518, Acc: 96.908889%, Domain Acc: 55.669408%
Val Loss: 0.192954, Acc: 94.940000%
epoch 77
 38%|██████████████████████████████████████                                                             | 77/200 [1:04:21<1:44:58, 51.21s/it]Train Loss: 1.575507, Acc: 96.664444%, Domain Acc: 55.683564%
Val Loss: 0.156085, Acc: 95.740000%
epoch 78
 39%|██████████████████████████████████████▌                                                            | 78/200 [1:05:11<1:43:08, 50.73s/it]Train Loss: 1.555802, Acc: 96.962222%, Domain Acc: 55.396599%
Val Loss: 0.156636, Acc: 95.560000%
epoch 79
 40%|███████████████████████████████████████                                                            | 79/200 [1:05:58<1:40:13, 49.70s/it]Train Loss: 1.574488, Acc: 96.702222%, Domain Acc: 54.251110%
Val Loss: 0.186380, Acc: 95.360000%
epoch 80
 40%|███████████████████████████████████████▌                                                           | 80/200 [1:06:46<1:38:26, 49.22s/it]Train Loss: 1.547548, Acc: 97.068889%, Domain Acc: 55.040888%
Val Loss: 0.310072, Acc: 93.380000%
epoch 81
 40%|████████████████████████████████████████                                                           | 81/200 [1:07:38<1:39:00, 49.92s/it]Train Loss: 1.553797, Acc: 96.946667%, Domain Acc: 54.977326%
Val Loss: 0.248040, Acc: 93.900000%
epoch 82
 41%|████████████████████████████████████████▌                                                          | 82/200 [1:08:26<1:37:27, 49.56s/it]Train Loss: 1.563723, Acc: 96.960000%, Domain Acc: 54.552456%
Val Loss: 0.221004, Acc: 93.760000%
epoch 83
 42%|█████████████████████████████████████████                                                          | 83/200 [1:09:15<1:35:54, 49.19s/it]Train Loss: 1.555914, Acc: 96.957778%, Domain Acc: 54.923045%
Val Loss: 0.223078, Acc: 94.000000%
epoch 84
 42%|█████████████████████████████████████████▌                                                         | 84/200 [1:10:04<1:34:55, 49.10s/it]Train Loss: 1.575066, Acc: 96.702222%, Domain Acc: 54.335615%
Val Loss: 0.190205, Acc: 94.760000%
epoch 85
 42%|██████████████████████████████████████████                                                         | 85/200 [1:10:49<1:31:51, 47.92s/it]Train Loss: 1.585329, Acc: 96.586667%, Domain Acc: 55.626907%
Val Loss: 0.170546, Acc: 94.860000%
epoch 86
 43%|██████████████████████████████████████████▌                                                        | 86/200 [1:11:34<1:29:30, 47.11s/it]Train Loss: 1.551449, Acc: 97.128889%, Domain Acc: 55.281362%
Val Loss: 0.160494, Acc: 95.660000%
epoch 87
 44%|███████████████████████████████████████████                                                        | 87/200 [1:12:21<1:28:30, 46.99s/it]Train Loss: 1.554366, Acc: 97.048889%, Domain Acc: 54.228069%
Val Loss: 0.187596, Acc: 94.800000%
epoch 88
 44%|███████████████████████████████████████████▌                                                       | 88/200 [1:13:10<1:28:56, 47.65s/it]Train Loss: 1.545098, Acc: 97.086667%, Domain Acc: 55.640248%
Val Loss: 0.172166, Acc: 95.480000%
epoch 89
 44%|████████████████████████████████████████████                                                       | 89/200 [1:13:56<1:27:32, 47.32s/it]Train Loss: 1.565187, Acc: 96.920000%, Domain Acc: 53.555274%
Val Loss: 0.144798, Acc: 96.100000%
epoch 90
 45%|████████████████████████████████████████████▌                                                      | 90/200 [1:14:45<1:27:38, 47.80s/it]Train Loss: 1.542536, Acc: 97.335556%, Domain Acc: 53.833399%
Val Loss: 0.123367, Acc: 96.200000%
epoch 91
 46%|█████████████████████████████████████████████                                                      | 91/200 [1:15:33<1:26:41, 47.72s/it]Train Loss: 1.556718, Acc: 97.035556%, Domain Acc: 54.991814%
Val Loss: 0.173967, Acc: 95.120000%
epoch 92
 46%|█████████████████████████████████████████████▌                                                     | 92/200 [1:16:18<1:24:16, 46.81s/it]Train Loss: 1.551821, Acc: 97.153333%, Domain Acc: 53.579914%
Val Loss: 0.172474, Acc: 95.220000%
epoch 93
 46%|██████████████████████████████████████████████                                                     | 93/200 [1:17:05<1:24:03, 47.14s/it]Train Loss: 1.551346, Acc: 97.226667%, Domain Acc: 54.637142%
Val Loss: 0.192709, Acc: 94.120000%
epoch 94
 47%|██████████████████████████████████████████████▌                                                    | 94/200 [1:17:50<1:21:43, 46.26s/it]Train Loss: 1.552821, Acc: 97.193333%, Domain Acc: 53.704569%
Val Loss: 0.152038, Acc: 95.560000%
epoch 95
 48%|███████████████████████████████████████████████                                                    | 95/200 [1:18:34<1:19:51, 45.63s/it]Train Loss: 1.554346, Acc: 97.022222%, Domain Acc: 54.351230%
Val Loss: 0.264054, Acc: 93.000000%
epoch 96
 48%|███████████████████████████████████████████████▌                                                   | 96/200 [1:19:21<1:20:02, 46.18s/it]Train Loss: 1.549321, Acc: 97.224444%, Domain Acc: 54.237190%
Val Loss: 0.130311, Acc: 96.060000%
epoch 97
 48%|████████████████████████████████████████████████                                                   | 97/200 [1:20:09<1:20:14, 46.75s/it]Train Loss: 1.547205, Acc: 97.180000%, Domain Acc: 53.626875%
Val Loss: 0.144586, Acc: 95.660000%
epoch 98
 49%|████████████████████████████████████████████████▌                                                  | 98/200 [1:20:55<1:18:53, 46.41s/it]Train Loss: 1.550527, Acc: 97.104444%, Domain Acc: 54.022462%
Val Loss: 0.191399, Acc: 94.780000%
epoch 99
 50%|█████████████████████████████████████████████████                                                  | 99/200 [1:21:43<1:18:52, 46.85s/it]Train Loss: 1.546850, Acc: 97.153333%, Domain Acc: 54.450570%
Val Loss: 0.145338, Acc: 95.980000%
epoch 100
 50%|█████████████████████████████████████████████████                                                 | 100/200 [1:22:32<1:19:27, 47.67s/it]Train Loss: 1.562783, Acc: 96.895556%, Domain Acc: 54.573221%
Val Loss: 0.149317, Acc: 95.680000%
epoch 101
 50%|█████████████████████████████████████████████████▍                                                | 101/200 [1:23:19<1:18:08, 47.36s/it]Train Loss: 1.430694, Acc: 98.826667%, Domain Acc: 56.367415%
Val Loss: 0.093993, Acc: 97.320000%
epoch 102
 51%|█████████████████████████████████████████████████▉                                                | 102/200 [1:24:05<1:16:30, 46.84s/it]Train Loss: 1.403990, Acc: 99.242222%, Domain Acc: 56.923447%
Val Loss: 0.101077, Acc: 97.700000%
epoch 103
 52%|██████████████████████████████████████████████████▍                                               | 103/200 [1:24:50<1:14:50, 46.29s/it]Train Loss: 1.390320, Acc: 99.264444%, Domain Acc: 58.440559%
Val Loss: 0.105792, Acc: 97.460000%
epoch 104
 52%|██████████████████████████████████████████████████▉                                               | 104/200 [1:25:35<1:13:38, 46.03s/it]Train Loss: 1.405576, Acc: 99.384444%, Domain Acc: 56.239413%
Val Loss: 0.107433, Acc: 97.520000%
epoch 105
 52%|███████████████████████████████████████████████████▍                                              | 105/200 [1:26:23<1:13:42, 46.55s/it]Train Loss: 1.407141, Acc: 99.397778%, Domain Acc: 55.961831%
Val Loss: 0.110372, Acc: 97.400000%
epoch 106
 53%|███████████████████████████████████████████████████▉                                              | 106/200 [1:27:10<1:13:06, 46.67s/it]Train Loss: 1.411850, Acc: 99.471111%, Domain Acc: 54.469400%
Val Loss: 0.101251, Acc: 97.620000%
epoch 107
 54%|████████████████████████████████████████████████████▍                                             | 107/200 [1:27:58<1:13:12, 47.23s/it]Train Loss: 1.418428, Acc: 99.582222%, Domain Acc: 52.546733%
Val Loss: 0.107701, Acc: 97.440000%
epoch 108
 54%|████████████████████████████████████████████████████▉                                             | 108/200 [1:28:47<1:13:06, 47.68s/it]Train Loss: 1.410820, Acc: 99.611111%, Domain Acc: 53.250104%
Val Loss: 0.112086, Acc: 97.420000%
epoch 109
 55%|█████████████████████████████████████████████████████▍                                            | 109/200 [1:29:32<1:11:03, 46.86s/it]Train Loss: 1.405015, Acc: 99.651111%, Domain Acc: 52.664110%
Val Loss: 0.113017, Acc: 97.420000%
epoch 110
 55%|█████████████████████████████████████████████████████▉                                            | 110/200 [1:30:19<1:10:16, 46.85s/it]Train Loss: 1.401830, Acc: 99.704444%, Domain Acc: 54.279851%
Val Loss: 0.106258, Acc: 97.680000%
epoch 111
 56%|██████████████████████████████████████████████████████▍                                           | 111/200 [1:31:04<1:08:44, 46.34s/it]Train Loss: 1.405620, Acc: 99.717778%, Domain Acc: 52.819546%
Val Loss: 0.109510, Acc: 97.420000%
epoch 112
 56%|██████████████████████████████████████████████████████▉                                           | 112/200 [1:31:51<1:08:16, 46.55s/it]Train Loss: 1.401651, Acc: 99.760000%, Domain Acc: 52.991566%
Val Loss: 0.113867, Acc: 97.920000%
epoch 113
 56%|███████████████████████████████████████████████████████▎                                          | 113/200 [1:32:40<1:08:20, 47.14s/it]Train Loss: 1.406599, Acc: 99.760000%, Domain Acc: 52.182670%
Val Loss: 0.110315, Acc: 97.740000%
epoch 114
 57%|███████████████████████████████████████████████████████▊                                          | 114/200 [1:33:25<1:06:58, 46.72s/it]Train Loss: 1.405155, Acc: 99.693333%, Domain Acc: 51.922764%
Val Loss: 0.115624, Acc: 97.740000%
epoch 115
 57%|████████████████████████████████████████████████████████▎                                         | 115/200 [1:34:15<1:07:19, 47.53s/it]Train Loss: 1.401576, Acc: 99.768889%, Domain Acc: 53.197680%
Val Loss: 0.114366, Acc: 97.620000%
epoch 116
 58%|████████████████████████████████████████████████████████▊                                         | 116/200 [1:35:02<1:06:24, 47.43s/it]Train Loss: 1.401434, Acc: 99.777778%, Domain Acc: 52.581746%
Val Loss: 0.134802, Acc: 97.480000%
epoch 117
 58%|█████████████████████████████████████████████████████████▎                                        | 117/200 [1:35:49<1:05:20, 47.24s/it]Train Loss: 1.399809, Acc: 99.800000%, Domain Acc: 52.770549%
Val Loss: 0.120953, Acc: 97.740000%
epoch 118
 59%|█████████████████████████████████████████████████████████▊                                        | 118/200 [1:36:34<1:03:44, 46.64s/it]Train Loss: 1.399322, Acc: 99.822222%, Domain Acc: 52.729152%
Val Loss: 0.120724, Acc: 97.820000%
epoch 119
 60%|██████████████████████████████████████████████████████████▎                                       | 119/200 [1:37:20<1:02:51, 46.56s/it]Train Loss: 1.395652, Acc: 99.817778%, Domain Acc: 53.805065%
Val Loss: 0.137446, Acc: 97.400000%
epoch 120
 60%|██████████████████████████████████████████████████████████▊                                       | 120/200 [1:38:08<1:02:42, 47.03s/it]Train Loss: 1.396703, Acc: 99.808889%, Domain Acc: 52.457152%
Val Loss: 0.123297, Acc: 97.660000%
epoch 121
 60%|███████████████████████████████████████████████████████████▎                                      | 121/200 [1:38:55<1:01:44, 46.89s/it]Train Loss: 1.395884, Acc: 99.835556%, Domain Acc: 52.766717%
Val Loss: 0.129123, Acc: 97.660000%
epoch 122
 61%|█████████████████████████████████████████████████████████████                                       | 122/200 [1:39:39<59:43, 45.94s/it]Train Loss: 1.397407, Acc: 99.831111%, Domain Acc: 51.927218%
Val Loss: 0.126565, Acc: 97.640000%
epoch 123
 62%|█████████████████████████████████████████████████████████████▌                                      | 123/200 [1:40:25<59:09, 46.10s/it]Train Loss: 1.392873, Acc: 99.795556%, Domain Acc: 53.490584%
Val Loss: 0.136626, Acc: 97.480000%
epoch 124
 62%|██████████████████████████████████████████████████████████████                                      | 124/200 [1:41:13<58:59, 46.57s/it]Train Loss: 1.394080, Acc: 99.837778%, Domain Acc: 53.263955%
Val Loss: 0.126805, Acc: 97.600000%
epoch 125
 62%|██████████████████████████████████████████████████████████████▌                                     | 125/200 [1:41:58<57:48, 46.25s/it]Train Loss: 1.391493, Acc: 99.806667%, Domain Acc: 54.063024%
Val Loss: 0.118482, Acc: 97.660000%
epoch 126
 63%|███████████████████████████████████████████████████████████████                                     | 126/200 [1:42:46<57:25, 46.57s/it]Train Loss: 1.397370, Acc: 99.742222%, Domain Acc: 53.841782%
Val Loss: 0.127952, Acc: 97.700000%
epoch 127
 64%|███████████████████████████████████████████████████████████████▌                                    | 127/200 [1:43:31<56:03, 46.08s/it]Train Loss: 1.396990, Acc: 99.748889%, Domain Acc: 53.596716%
Val Loss: 0.132470, Acc: 97.680000%
epoch 128
 64%|████████████████████████████████████████████████████████████████                                    | 128/200 [1:44:15<54:49, 45.68s/it]Train Loss: 1.395250, Acc: 99.820000%, Domain Acc: 52.663606%
Val Loss: 0.120288, Acc: 97.620000%
epoch 129
 64%|████████████████████████████████████████████████████████████████▌                                   | 129/200 [1:45:01<53:52, 45.52s/it]Train Loss: 1.396509, Acc: 99.815556%, Domain Acc: 52.790517%
Val Loss: 0.122229, Acc: 97.720000%
epoch 130
 65%|█████████████████████████████████████████████████████████████████                                   | 130/200 [1:45:47<53:34, 45.91s/it]Train Loss: 1.396653, Acc: 99.844444%, Domain Acc: 52.515661%
Val Loss: 0.126760, Acc: 97.740000%
epoch 131
 66%|█████████████████████████████████████████████████████████████████▌                                  | 131/200 [1:46:33<52:35, 45.73s/it]Train Loss: 1.395066, Acc: 99.848889%, Domain Acc: 53.087020%
Val Loss: 0.131595, Acc: 97.540000%
epoch 132
 66%|██████████████████████████████████████████████████████████████████                                  | 132/200 [1:47:21<52:37, 46.43s/it]Train Loss: 1.398517, Acc: 99.828889%, Domain Acc: 53.285719%
Val Loss: 0.119386, Acc: 97.740000%
epoch 133
 66%|██████████████████████████████████████████████████████████████████▌                                 | 133/200 [1:48:06<51:20, 45.97s/it]Train Loss: 1.408502, Acc: 99.593333%, Domain Acc: 53.499657%
Val Loss: 0.126404, Acc: 97.520000%
epoch 134
 67%|███████████████████████████████████████████████████████████████████                                 | 134/200 [1:48:50<50:10, 45.61s/it]Train Loss: 1.402801, Acc: 99.648889%, Domain Acc: 53.995601%
Val Loss: 0.106305, Acc: 97.780000%
epoch 135
 68%|███████████████████████████████████████████████████████████████████▌                                | 135/200 [1:49:35<48:56, 45.17s/it]Train Loss: 1.399285, Acc: 99.748889%, Domain Acc: 53.203724%
Val Loss: 0.117575, Acc: 97.520000%
epoch 136
 68%|████████████████████████████████████████████████████████████████████                                | 136/200 [1:50:19<47:54, 44.91s/it]Train Loss: 1.394999, Acc: 99.784444%, Domain Acc: 53.862088%
Val Loss: 0.129306, Acc: 97.300000%
epoch 137
 68%|████████████████████████████████████████████████████████████████████▌                               | 137/200 [1:51:06<47:55, 45.64s/it]Train Loss: 1.400503, Acc: 99.762222%, Domain Acc: 52.322736%
Val Loss: 0.124277, Acc: 97.380000%
epoch 138
 69%|█████████████████████████████████████████████████████████████████████                               | 138/200 [1:51:51<46:57, 45.45s/it]Train Loss: 1.397593, Acc: 99.800000%, Domain Acc: 52.462798%
Val Loss: 0.111666, Acc: 97.720000%
epoch 139
 70%|█████████████████████████████████████████████████████████████████████▌                              | 139/200 [1:52:35<45:44, 44.99s/it]Train Loss: 1.389887, Acc: 99.795556%, Domain Acc: 53.971176%
Val Loss: 0.108516, Acc: 97.860000%
epoch 140
 70%|██████████████████████████████████████████████████████████████████████                              | 140/200 [1:53:19<44:41, 44.69s/it]Train Loss: 1.398882, Acc: 99.757778%, Domain Acc: 52.941980%
Val Loss: 0.119200, Acc: 97.680000%
epoch 141
 70%|██████████████████████████████████████████████████████████████████████▌                             | 141/200 [1:54:06<44:43, 45.49s/it]Train Loss: 1.394984, Acc: 99.842222%, Domain Acc: 52.875205%
Val Loss: 0.122265, Acc: 97.720000%
epoch 142
 71%|███████████████████████████████████████████████████████████████████████                             | 142/200 [1:54:53<44:10, 45.69s/it]Train Loss: 1.396447, Acc: 99.813333%, Domain Acc: 53.356733%
Val Loss: 0.131011, Acc: 97.740000%
epoch 143
 72%|███████████████████████████████████████████████████████████████████████▌                            | 143/200 [1:55:37<43:05, 45.35s/it]Train Loss: 1.399047, Acc: 99.840000%, Domain Acc: 51.885508%
Val Loss: 0.134164, Acc: 97.380000%
epoch 144
 72%|████████████████████████████████████████████████████████████████████████                            | 144/200 [1:56:26<43:18, 46.41s/it]Train Loss: 1.394776, Acc: 99.780000%, Domain Acc: 53.324288%
Val Loss: 0.123507, Acc: 97.660000%
epoch 145
 72%|████████████████████████████████████████████████████████████████████████▌                           | 145/200 [1:57:12<42:16, 46.12s/it]Train Loss: 1.393850, Acc: 99.826667%, Domain Acc: 53.664538%
Val Loss: 0.118973, Acc: 97.700000%
epoch 146
 73%|█████████████████████████████████████████████████████████████████████████                           | 146/200 [1:57:58<41:35, 46.21s/it]Train Loss: 1.396933, Acc: 99.788889%, Domain Acc: 52.966867%
Val Loss: 0.137410, Acc: 97.420000%
epoch 147
 74%|█████████████████████████████████████████████████████████████████████████▌                          | 147/200 [1:58:44<40:45, 46.14s/it]Train Loss: 1.395951, Acc: 99.815556%, Domain Acc: 52.684296%
Val Loss: 0.107031, Acc: 97.980000%
epoch 148
 74%|██████████████████████████████████████████████████████████████████████████                          | 148/200 [1:59:33<40:39, 46.92s/it]Train Loss: 1.400082, Acc: 99.788889%, Domain Acc: 52.458145%
Val Loss: 0.146482, Acc: 97.500000%
epoch 149
 74%|██████████████████████████████████████████████████████████████████████████▌                         | 149/200 [2:00:18<39:35, 46.58s/it]Train Loss: 1.394040, Acc: 99.826667%, Domain Acc: 53.141332%
Val Loss: 0.144556, Acc: 97.460000%
epoch 150
 75%|███████████████████████████████████████████████████████████████████████████                         | 150/200 [2:01:06<39:10, 47.00s/it]Train Loss: 1.395120, Acc: 99.822222%, Domain Acc: 53.183151%
Val Loss: 0.116353, Acc: 97.760000%
epoch 151
 76%|███████████████████████████████████████████████████████████████████████████▌                        | 151/200 [2:01:54<38:33, 47.21s/it]Train Loss: 1.389822, Acc: 99.868889%, Domain Acc: 52.661770%
Val Loss: 0.105293, Acc: 97.960000%
epoch 152
 76%|████████████████████████████████████████████████████████████████████████████                        | 152/200 [2:02:43<38:11, 47.74s/it]Train Loss: 1.393207, Acc: 99.913333%, Domain Acc: 51.917372%
Val Loss: 0.135872, Acc: 97.840000%
epoch 153
 76%|████████████████████████████████████████████████████████████████████████████▌                       | 153/200 [2:03:31<37:22, 47.70s/it]Train Loss: 1.389151, Acc: 99.935556%, Domain Acc: 53.816642%
Val Loss: 0.118001, Acc: 97.920000%
epoch 154
 77%|█████████████████████████████████████████████████████████████████████████████                       | 154/200 [2:04:16<35:55, 46.86s/it]Train Loss: 1.390570, Acc: 99.937778%, Domain Acc: 53.843778%
Val Loss: 0.101498, Acc: 98.000000%
epoch 155
 78%|█████████████████████████████████████████████████████████████████████████████▌                      | 155/200 [2:05:02<35:06, 46.82s/it]Train Loss: 1.392428, Acc: 99.935556%, Domain Acc: 52.285076%
Val Loss: 0.138722, Acc: 97.640000%
epoch 156
 78%|██████████████████████████████████████████████████████████████████████████████                      | 156/200 [2:05:52<34:55, 47.62s/it]Train Loss: 1.392169, Acc: 99.917778%, Domain Acc: 52.137914%
Val Loss: 0.108950, Acc: 98.100000%
epoch 157
 78%|██████████████████████████████████████████████████████████████████████████████▌                     | 157/200 [2:06:40<34:09, 47.67s/it]Train Loss: 1.391750, Acc: 99.928889%, Domain Acc: 51.851941%
Val Loss: 0.102975, Acc: 97.900000%
epoch 158
 79%|███████████████████████████████████████████████████████████████████████████████                     | 158/200 [2:07:25<32:47, 46.85s/it]Train Loss: 1.391502, Acc: 99.964444%, Domain Acc: 51.405271%
Val Loss: 0.110847, Acc: 97.920000%
epoch 159
 80%|███████████████████████████████████████████████████████████████████████████████▌                    | 159/200 [2:08:12<32:14, 47.17s/it]Train Loss: 1.374228, Acc: 99.944444%, Domain Acc: 55.858549%
Val Loss: 0.131949, Acc: 97.700000%
epoch 160
 80%|████████████████████████████████████████████████████████████████████████████████                    | 160/200 [2:09:00<31:27, 47.19s/it]Train Loss: 1.400341, Acc: 99.940000%, Domain Acc: 50.314601%
Val Loss: 0.118427, Acc: 98.020000%
epoch 161
 80%|████████████████████████████████████████████████████████████████████████████████▌                   | 161/200 [2:09:46<30:33, 47.01s/it]Train Loss: 1.394136, Acc: 99.953333%, Domain Acc: 50.955339%
Val Loss: 0.108004, Acc: 97.920000%
epoch 162
 81%|█████████████████████████████████████████████████████████████████████████████████                   | 162/200 [2:10:34<29:55, 47.25s/it]Train Loss: 1.376872, Acc: 99.931111%, Domain Acc: 55.307428%
Val Loss: 0.105612, Acc: 98.000000%
epoch 163
 82%|█████████████████████████████████████████████████████████████████████████████████▌                  | 163/200 [2:11:22<29:12, 47.37s/it]Train Loss: 1.392976, Acc: 99.955556%, Domain Acc: 51.643133%
Val Loss: 0.106895, Acc: 98.080000%
epoch 164
 82%|██████████████████████████████████████████████████████████████████████████████████                  | 164/200 [2:12:09<28:19, 47.20s/it]Train Loss: 1.387199, Acc: 99.951111%, Domain Acc: 53.190303%
Val Loss: 0.106383, Acc: 97.860000%
epoch 165
 82%|██████████████████████████████████████████████████████████████████████████████████▌                 | 165/200 [2:12:57<27:40, 47.44s/it]Train Loss: 1.385660, Acc: 99.957778%, Domain Acc: 52.505434%
Val Loss: 0.117464, Acc: 97.600000%
epoch 166
 83%|███████████████████████████████████████████████████████████████████████████████████                 | 166/200 [2:13:45<27:01, 47.70s/it]Train Loss: 1.387794, Acc: 99.960000%, Domain Acc: 51.968338%
Val Loss: 0.129369, Acc: 97.900000%
epoch 167
 84%|███████████████████████████████████████████████████████████████████████████████████▌                | 167/200 [2:14:30<25:44, 46.79s/it]Train Loss: 1.393478, Acc: 99.960000%, Domain Acc: 51.517266%
Val Loss: 0.097717, Acc: 97.980000%
epoch 168
 84%|████████████████████████████████████████████████████████████████████████████████████                | 168/200 [2:15:15<24:43, 46.35s/it]Train Loss: 1.391564, Acc: 99.920000%, Domain Acc: 52.847018%
Val Loss: 0.130909, Acc: 97.760000%
epoch 169
 84%|████████████████████████████████████████████████████████████████████████████████████▌               | 169/200 [2:16:02<24:01, 46.51s/it]Train Loss: 1.387660, Acc: 99.944444%, Domain Acc: 53.171901%
Val Loss: 0.119932, Acc: 97.820000%
epoch 170
 85%|█████████████████████████████████████████████████████████████████████████████████████               | 170/200 [2:16:49<23:18, 46.62s/it]Train Loss: 1.387565, Acc: 99.957778%, Domain Acc: 52.410037%
Val Loss: 0.101767, Acc: 98.220000%
epoch 171
 86%|█████████████████████████████████████████████████████████████████████████████████████▌              | 171/200 [2:17:36<22:35, 46.75s/it]Train Loss: 1.391060, Acc: 99.962222%, Domain Acc: 51.363407%
Val Loss: 0.117856, Acc: 98.100000%
epoch 172
 86%|██████████████████████████████████████████████████████████████████████████████████████              | 172/200 [2:18:22<21:48, 46.72s/it]Train Loss: 1.393521, Acc: 99.968889%, Domain Acc: 51.159999%
Val Loss: 0.120427, Acc: 97.780000%
epoch 173
 86%|██████████████████████████████████████████████████████████████████████████████████████▌             | 173/200 [2:19:10<21:10, 47.06s/it]Train Loss: 1.390725, Acc: 99.931111%, Domain Acc: 52.397273%
Val Loss: 0.111225, Acc: 97.880000%
epoch 174
 87%|███████████████████████████████████████████████████████████████████████████████████████             | 174/200 [2:19:57<20:21, 46.99s/it]Train Loss: 1.393019, Acc: 99.944444%, Domain Acc: 52.044380%
Val Loss: 0.113767, Acc: 97.800000%
epoch 175
 88%|███████████████████████████████████████████████████████████████████████████████████████▌            | 175/200 [2:20:47<20:00, 48.00s/it]Train Loss: 1.391444, Acc: 99.962222%, Domain Acc: 52.599565%
Val Loss: 0.112394, Acc: 97.980000%
epoch 176
 88%|████████████████████████████████████████████████████████████████████████████████████████            | 176/200 [2:21:34<19:05, 47.73s/it]Train Loss: 1.390483, Acc: 99.951111%, Domain Acc: 52.546030%
Val Loss: 0.118077, Acc: 97.820000%
epoch 177
 88%|████████████████████████████████████████████████████████████████████████████████████████▌           | 177/200 [2:22:23<18:21, 47.90s/it]Train Loss: 1.388191, Acc: 99.973333%, Domain Acc: 53.024354%
Val Loss: 0.107708, Acc: 98.040000%
epoch 178
 89%|█████████████████████████████████████████████████████████████████████████████████████████           | 178/200 [2:23:09<17:21, 47.36s/it]Train Loss: 1.379018, Acc: 99.944444%, Domain Acc: 56.437980%
Val Loss: 0.111012, Acc: 97.940000%
epoch 179
 90%|█████████████████████████████████████████████████████████████████████████████████████████▌          | 179/200 [2:23:57<16:40, 47.62s/it]Train Loss: 1.390061, Acc: 99.951111%, Domain Acc: 51.913730%
Val Loss: 0.109224, Acc: 97.780000%
epoch 180
 90%|██████████████████████████████████████████████████████████████████████████████████████████          | 180/200 [2:24:43<15:40, 47.01s/it]Train Loss: 1.391399, Acc: 99.966667%, Domain Acc: 51.911808%
Val Loss: 0.124526, Acc: 97.740000%
epoch 181
 90%|██████████████████████████████████████████████████████████████████████████████████████████▌         | 181/200 [2:25:29<14:48, 46.76s/it]Train Loss: 1.393284, Acc: 99.964444%, Domain Acc: 51.602738%
Val Loss: 0.109916, Acc: 97.820000%
epoch 182
 91%|███████████████████████████████████████████████████████████████████████████████████████████         | 182/200 [2:26:13<13:46, 45.94s/it]Train Loss: 1.392682, Acc: 99.975556%, Domain Acc: 52.200686%
Val Loss: 0.118206, Acc: 97.800000%
epoch 183
 92%|███████████████████████████████████████████████████████████████████████████████████████████▌        | 183/200 [2:26:59<13:03, 46.11s/it]Train Loss: 1.394534, Acc: 99.955556%, Domain Acc: 52.411362%
Val Loss: 0.103001, Acc: 97.800000%
epoch 184
 92%|████████████████████████████████████████████████████████████████████████████████████████████        | 184/200 [2:27:45<12:16, 46.02s/it]Train Loss: 1.393566, Acc: 99.968889%, Domain Acc: 51.859492%
Val Loss: 0.115725, Acc: 97.800000%
epoch 185
 92%|████████████████████████████████████████████████████████████████████████████████████████████▌       | 185/200 [2:28:32<11:33, 46.23s/it]Train Loss: 1.389726, Acc: 99.966667%, Domain Acc: 52.674442%
Val Loss: 0.102425, Acc: 97.820000%
epoch 186
 93%|█████████████████████████████████████████████████████████████████████████████████████████████       | 186/200 [2:29:18<10:48, 46.32s/it]Train Loss: 1.390376, Acc: 99.975556%, Domain Acc: 51.753406%
Val Loss: 0.122785, Acc: 97.860000%
epoch 187
 94%|█████████████████████████████████████████████████████████████████████████████████████████████▌      | 187/200 [2:30:05<10:02, 46.34s/it]Train Loss: 1.393245, Acc: 99.968889%, Domain Acc: 51.416784%
Val Loss: 0.130605, Acc: 97.700000%
epoch 188
 94%|██████████████████████████████████████████████████████████████████████████████████████████████      | 188/200 [2:30:50<09:12, 46.06s/it]Train Loss: 1.391194, Acc: 99.975556%, Domain Acc: 51.923664%
Val Loss: 0.123384, Acc: 97.740000%
epoch 189
 94%|██████████████████████████████████████████████████████████████████████████████████████████████▌     | 189/200 [2:31:36<08:25, 45.95s/it]Train Loss: 1.392305, Acc: 99.960000%, Domain Acc: 51.898999%
Val Loss: 0.104601, Acc: 97.960000%
epoch 190
 95%|███████████████████████████████████████████████████████████████████████████████████████████████     | 190/200 [2:32:23<07:42, 46.28s/it]Train Loss: 1.393254, Acc: 99.937778%, Domain Acc: 51.301945%
Val Loss: 0.119295, Acc: 97.960000%
epoch 191
 96%|███████████████████████████████████████████████████████████████████████████████████████████████▌    | 191/200 [2:33:11<07:02, 46.90s/it]Train Loss: 1.391840, Acc: 99.955556%, Domain Acc: 51.941861%
Val Loss: 0.118015, Acc: 97.800000%
epoch 192
 96%|████████████████████████████████████████████████████████████████████████████████████████████████    | 192/200 [2:33:56<06:10, 46.27s/it]Train Loss: 1.392551, Acc: 99.955556%, Domain Acc: 51.751313%
Val Loss: 0.105421, Acc: 97.960000%
epoch 193
 96%|████████████████████████████████████████████████████████████████████████████████████████████████▌   | 193/200 [2:34:44<05:27, 46.72s/it]Train Loss: 1.395676, Acc: 99.957778%, Domain Acc: 51.312152%
Val Loss: 0.120890, Acc: 97.660000%
epoch 194
 97%|█████████████████████████████████████████████████████████████████████████████████████████████████   | 194/200 [2:35:30<04:38, 46.39s/it]Train Loss: 1.395125, Acc: 99.973333%, Domain Acc: 50.598913%
Val Loss: 0.115295, Acc: 97.680000%
epoch 195
 98%|█████████████████████████████████████████████████████████████████████████████████████████████████▌  | 195/200 [2:36:15<03:50, 46.13s/it]Train Loss: 1.394772, Acc: 99.955556%, Domain Acc: 51.481180%
Val Loss: 0.110298, Acc: 98.020000%
epoch 196
 98%|██████████████████████████████████████████████████████████████████████████████████████████████████  | 196/200 [2:37:00<03:03, 45.85s/it]Train Loss: 1.393422, Acc: 99.968889%, Domain Acc: 51.017540%
Val Loss: 0.130047, Acc: 97.720000%
epoch 197
 98%|██████████████████████████████████████████████████████████████████████████████████████████████████▌ | 197/200 [2:37:45<02:16, 45.58s/it]Train Loss: 1.392521, Acc: 99.982222%, Domain Acc: 51.399534%
Val Loss: 0.116600, Acc: 97.940000%
epoch 198
 99%|███████████████████████████████████████████████████████████████████████████████████████████████████ | 198/200 [2:38:31<01:31, 45.75s/it]Train Loss: 1.391354, Acc: 99.962222%, Domain Acc: 51.582150%
Val Loss: 0.123664, Acc: 97.600000%
epoch 199
100%|███████████████████████████████████████████████████████████████████████████████████████████████████▌| 199/200 [2:39:15<00:45, 45.08s/it]Train Loss: 1.389612, Acc: 99.982222%, Domain Acc: 51.355004%
Val Loss: 0.112761, Acc: 97.880000%
epoch 200
100%|████████████████████████████████████████████████████████████████████████████████████████████████████| 200/200 [2:40:00<00:00, 48.00s/it]Train Loss: 1.392625, Acc: 99.962222%, Domain Acc: 51.229932%
Val Loss: 0.111072, Acc: 97.880000%

Test Loss: 1.701686, Acc: 81.170000%