==> Preparing data..
==> Warmup for distillation..
==> building source and target dataset..
==> building source and target dataset done..
Number of distilled training examples: 6642
Accuracy of distilled training examples collection: 97.03402589581451%
Number of target domain examples: 38358
==> Distilling validation set..
==> Distilling validation set done..
Number of distilled validation examples: 708
Accuracy of distilled validation examples collection: 97.45762711864407%
==> Source and target dataset building..
==> Source and target dataset building done..
==> Start training..
  0%|                                                                                                                | 0/200 [00:00<?, ?it/s]epoch 1
Train Loss: 2.176427, Acc: 86.424444%, Domain Acc: 67.614526%
Val Loss: 0.706152, Acc: 80.600000%
  0%|▌                                                                                                     | 1/200 [00:51<2:52:10, 51.91s/it]Test Loss: 2.082901, Acc: 51.850000%
epoch 2
Train Loss: 1.933237, Acc: 90.046667%, Domain Acc: 62.967318%
Val Loss: 0.271531, Acc: 91.820000%
  1%|█                                                                                                     | 2/200 [01:44<2:53:17, 52.51s/it]Test Loss: 1.405086, Acc: 63.050000%
epoch 3
Train Loss: 1.886666, Acc: 91.233333%, Domain Acc: 60.459260%
Val Loss: 0.322462, Acc: 89.800000%
  2%|█▌                                                                                                    | 3/200 [02:32<2:45:07, 50.29s/it]Test Loss: 1.634481, Acc: 59.440000%
epoch 4
Train Loss: 1.850670, Acc: 91.991111%, Domain Acc: 59.299470%
Val Loss: 0.266763, Acc: 92.060000%
  2%|██                                                                                                    | 4/200 [03:25<2:48:03, 51.45s/it]Test Loss: 1.546736, Acc: 63.670000%
epoch 5
Train Loss: 1.812418, Acc: 92.551111%, Domain Acc: 58.808116%
Val Loss: 0.341115, Acc: 90.000000%
  2%|██▌                                                                                                   | 5/200 [04:19<2:49:44, 52.23s/it]Test Loss: 1.609601, Acc: 65.040000%
epoch 6
Train Loss: 1.759616, Acc: 93.375556%, Domain Acc: 58.373279%
Val Loss: 0.317786, Acc: 90.660000%
  3%|███                                                                                                   | 6/200 [05:14<2:52:14, 53.27s/it]Test Loss: 1.959156, Acc: 61.840000%
epoch 7
Train Loss: 1.735606, Acc: 93.586667%, Domain Acc: 58.619775%
Val Loss: 0.290327, Acc: 91.360000%
  4%|███▌                                                                                                  | 7/200 [06:09<2:52:31, 53.64s/it]Test Loss: 1.529983, Acc: 64.490000%
epoch 8
Train Loss: 1.737247, Acc: 93.684444%, Domain Acc: 58.522240%
Val Loss: 0.261247, Acc: 92.160000%
  4%|████                                                                                                  | 8/200 [07:01<2:50:09, 53.18s/it]Test Loss: 1.766053, Acc: 63.510000%
epoch 9
Train Loss: 1.707084, Acc: 94.351111%, Domain Acc: 57.964947%
Val Loss: 0.189962, Acc: 93.960000%
  4%|████▌                                                                                                 | 9/200 [07:53<2:48:17, 52.87s/it]Test Loss: 1.685417, Acc: 66.990000%
epoch 10
Train Loss: 1.699384, Acc: 94.384444%, Domain Acc: 57.980648%
Val Loss: 0.232759, Acc: 93.380000%
  5%|█████                                                                                                | 10/200 [08:44<2:45:47, 52.36s/it]Test Loss: 1.629522, Acc: 67.290000%
epoch 11
Train Loss: 1.687978, Acc: 94.513333%, Domain Acc: 57.893802%
Val Loss: 0.259682, Acc: 92.400000%
  6%|█████▌                                                                                               | 11/200 [09:36<2:44:03, 52.08s/it]Test Loss: 1.598762, Acc: 68.890000%
epoch 12
Train Loss: 1.683836, Acc: 94.782222%, Domain Acc: 57.528498%
Val Loss: 0.246684, Acc: 92.440000%
  6%|██████                                                                                               | 12/200 [10:29<2:44:50, 52.61s/it]Test Loss: 1.551108, Acc: 67.130000%
epoch 13
Train Loss: 1.678101, Acc: 94.748889%, Domain Acc: 58.089535%
Val Loss: 0.274827, Acc: 91.980000%
  6%|██████▌                                                                                              | 13/200 [11:23<2:44:39, 52.83s/it]Test Loss: 1.473324, Acc: 68.630000%
epoch 14
Train Loss: 1.664876, Acc: 94.988889%, Domain Acc: 57.293702%
Val Loss: 0.209403, Acc: 94.040000%
  7%|███████                                                                                              | 14/200 [12:16<2:43:54, 52.88s/it]Test Loss: 1.716881, Acc: 68.120000%
epoch 15
Train Loss: 1.644528, Acc: 95.320000%, Domain Acc: 57.227031%
Val Loss: 0.225721, Acc: 93.560000%
  8%|███████▌                                                                                             | 15/200 [13:10<2:44:30, 53.35s/it]Test Loss: 1.458435, Acc: 70.490000%
epoch 16
Train Loss: 1.650732, Acc: 95.262222%, Domain Acc: 57.167553%
Val Loss: 0.329952, Acc: 90.860000%
  8%|████████                                                                                             | 16/200 [14:05<2:44:58, 53.80s/it]Test Loss: 1.895690, Acc: 63.260000%
epoch 17
Train Loss: 1.654068, Acc: 95.168889%, Domain Acc: 57.305957%
Val Loss: 0.186071, Acc: 94.360000%
  8%|████████▌                                                                                            | 17/200 [15:02<2:46:53, 54.72s/it]Test Loss: 1.418839, Acc: 71.650000%
epoch 18
Train Loss: 1.638946, Acc: 95.477778%, Domain Acc: 57.072372%
Val Loss: 0.225942, Acc: 93.300000%
  9%|█████████                                                                                            | 18/200 [15:53<2:42:38, 53.62s/it]Test Loss: 1.561493, Acc: 69.030000%
epoch 19
Train Loss: 1.627127, Acc: 95.657778%, Domain Acc: 56.652832%
Val Loss: 0.213025, Acc: 94.380000%
 10%|█████████▌                                                                                           | 19/200 [16:46<2:41:25, 53.51s/it]Test Loss: 1.657974, Acc: 70.420000%
epoch 20
Train Loss: 1.632884, Acc: 95.562222%, Domain Acc: 56.775649%
Val Loss: 0.197031, Acc: 94.540000%
 10%|██████████                                                                                           | 20/200 [17:42<2:42:41, 54.23s/it]Test Loss: 1.596471, Acc: 69.590000%
epoch 21
Train Loss: 1.631412, Acc: 95.677778%, Domain Acc: 57.336006%
Val Loss: 0.200804, Acc: 94.780000%
 10%|██████████▌                                                                                          | 21/200 [18:35<2:40:32, 53.81s/it]Test Loss: 1.397564, Acc: 71.890000%
epoch 22
Train Loss: 1.621778, Acc: 95.820000%, Domain Acc: 56.608164%
Val Loss: 0.223938, Acc: 93.380000%
 11%|███████████                                                                                          | 22/200 [19:25<2:36:36, 52.79s/it]Test Loss: 1.906548, Acc: 64.820000%
epoch 23
Train Loss: 1.621131, Acc: 95.680000%, Domain Acc: 57.335239%
Val Loss: 0.247898, Acc: 93.500000%
 12%|███████████▌                                                                                         | 23/200 [20:18<2:35:44, 52.79s/it]Test Loss: 1.869966, Acc: 66.330000%
epoch 24
Train Loss: 1.621094, Acc: 95.808889%, Domain Acc: 56.637944%
Val Loss: 0.214714, Acc: 94.540000%
 12%|████████████                                                                                         | 24/200 [21:13<2:36:30, 53.36s/it]Test Loss: 1.592903, Acc: 68.780000%
epoch 25
Train Loss: 1.614697, Acc: 95.853333%, Domain Acc: 56.702522%
Val Loss: 0.237533, Acc: 93.360000%
 12%|████████████▋                                                                                        | 25/200 [22:08<2:37:11, 53.89s/it]Test Loss: 1.961788, Acc: 69.160000%
epoch 26
Train Loss: 1.612336, Acc: 95.888889%, Domain Acc: 56.857572%
Val Loss: 0.231910, Acc: 93.720000%
 13%|█████████████▏                                                                                       | 26/200 [23:01<2:36:00, 53.79s/it]Test Loss: 1.741423, Acc: 69.260000%
epoch 27
Train Loss: 1.604113, Acc: 96.193333%, Domain Acc: 56.586297%
Val Loss: 0.193335, Acc: 94.360000%
 14%|█████████████▋                                                                                       | 27/200 [23:56<2:35:55, 54.08s/it]Test Loss: 1.500482, Acc: 68.300000%
epoch 28
Train Loss: 1.605911, Acc: 96.000000%, Domain Acc: 56.706604%
Val Loss: 0.205292, Acc: 94.540000%
 14%|██████████████▏                                                                                      | 28/200 [24:48<2:33:18, 53.48s/it]Test Loss: 1.749378, Acc: 69.480000%
epoch 29
Train Loss: 1.612781, Acc: 95.964444%, Domain Acc: 56.712793%
Val Loss: 0.218093, Acc: 93.760000%
 14%|██████████████▋                                                                                      | 29/200 [25:43<2:33:21, 53.81s/it]Test Loss: 1.614946, Acc: 68.360000%
epoch 30
Train Loss: 1.600254, Acc: 96.082222%, Domain Acc: 56.971812%
Val Loss: 0.191051, Acc: 94.620000%
 15%|███████████████▏                                                                                     | 30/200 [26:35<2:31:13, 53.37s/it]Test Loss: 1.606384, Acc: 68.780000%
epoch 31
Train Loss: 1.598416, Acc: 96.104444%, Domain Acc: 56.744884%
Val Loss: 0.216627, Acc: 93.060000%
 16%|███████████████▋                                                                                     | 31/200 [27:27<2:29:04, 52.93s/it]Test Loss: 1.625421, Acc: 67.320000%
epoch 32
Train Loss: 1.598927, Acc: 96.168889%, Domain Acc: 56.765541%
Val Loss: 0.205575, Acc: 94.060000%
 16%|████████████████▏                                                                                    | 32/200 [28:22<2:29:36, 53.43s/it]Test Loss: 2.257595, Acc: 66.530000%
epoch 33
Train Loss: 1.594404, Acc: 96.220000%, Domain Acc: 56.063294%
Val Loss: 0.229627, Acc: 93.640000%
 16%|████████████████▋                                                                                    | 33/200 [29:15<2:28:16, 53.27s/it]Test Loss: 1.798538, Acc: 65.350000%
epoch 34
Train Loss: 1.592802, Acc: 96.428889%, Domain Acc: 55.490193%
Val Loss: 0.173182, Acc: 94.940000%
 17%|█████████████████▏                                                                                   | 34/200 [30:08<2:27:22, 53.27s/it]Test Loss: 1.400399, Acc: 73.250000%
epoch 35
Train Loss: 1.591732, Acc: 96.351111%, Domain Acc: 55.904498%
Val Loss: 0.244373, Acc: 93.440000%
 18%|█████████████████▋                                                                                   | 35/200 [31:02<2:27:00, 53.46s/it]Test Loss: 1.983698, Acc: 66.570000%
epoch 36
Train Loss: 1.598888, Acc: 96.257778%, Domain Acc: 55.727738%
Val Loss: 0.178074, Acc: 95.380000%
 18%|██████████████████▏                                                                                  | 36/200 [31:55<2:26:16, 53.52s/it]Test Loss: 1.863147, Acc: 68.160000%
epoch 37
Train Loss: 1.617790, Acc: 95.908889%, Domain Acc: 55.925803%
Val Loss: 0.223389, Acc: 94.180000%
 18%|██████████████████▋                                                                                  | 37/200 [32:51<2:26:57, 54.10s/it]Test Loss: 2.331786, Acc: 66.810000%
epoch 38
Train Loss: 1.587394, Acc: 96.404444%, Domain Acc: 56.450814%
Val Loss: 0.167166, Acc: 95.420000%
 19%|███████████████████▏                                                                                 | 38/200 [33:44<2:25:05, 53.74s/it]Test Loss: 1.758034, Acc: 70.720000%
epoch 39
Train Loss: 1.605209, Acc: 96.106667%, Domain Acc: 56.300769%
Val Loss: 0.176059, Acc: 95.260000%
 20%|███████████████████▋                                                                                 | 39/200 [34:37<2:23:47, 53.59s/it]Test Loss: 1.664891, Acc: 71.130000%
epoch 40
Train Loss: 1.581143, Acc: 96.504444%, Domain Acc: 56.502999%
Val Loss: 0.185834, Acc: 95.060000%
 20%|████████████████████▏                                                                                | 40/200 [35:30<2:22:28, 53.43s/it]Test Loss: 1.373749, Acc: 73.370000%
epoch 41
Train Loss: 1.580137, Acc: 96.420000%, Domain Acc: 55.819861%
Val Loss: 0.220941, Acc: 93.940000%
 20%|████████████████████▋                                                                                | 41/200 [36:23<2:20:53, 53.17s/it]Test Loss: 1.492403, Acc: 70.010000%
epoch 42
Train Loss: 1.587741, Acc: 96.306667%, Domain Acc: 56.091096%
Val Loss: 0.183999, Acc: 95.380000%
 21%|█████████████████████▏                                                                               | 42/200 [37:14<2:18:36, 52.63s/it]Test Loss: 1.474541, Acc: 71.290000%
epoch 43
Train Loss: 1.575006, Acc: 96.668889%, Domain Acc: 55.975009%
Val Loss: 0.231548, Acc: 93.560000%
 22%|█████████████████████▋                                                                               | 43/200 [38:08<2:18:33, 52.95s/it]Test Loss: 1.668110, Acc: 68.970000%
epoch 44
Train Loss: 1.589923, Acc: 96.440000%, Domain Acc: 55.845925%
Val Loss: 0.216203, Acc: 93.800000%
 22%|██████████████████████▏                                                                              | 44/200 [39:03<2:19:31, 53.67s/it]Test Loss: 1.879693, Acc: 69.290000%
epoch 45
Train Loss: 1.586874, Acc: 96.415556%, Domain Acc: 56.043573%
Val Loss: 0.207837, Acc: 94.360000%
 22%|██████████████████████▋                                                                              | 45/200 [39:58<2:19:18, 53.92s/it]Test Loss: 1.604702, Acc: 69.330000%
epoch 46
Train Loss: 1.584723, Acc: 96.471111%, Domain Acc: 56.285013%
Val Loss: 0.188244, Acc: 94.540000%
 23%|███████████████████████▏                                                                             | 46/200 [40:49<2:16:36, 53.22s/it]Test Loss: 1.471126, Acc: 70.220000%
epoch 47
Train Loss: 1.570023, Acc: 96.688889%, Domain Acc: 55.650245%
Val Loss: 0.225401, Acc: 93.900000%
 24%|███████████████████████▋                                                                             | 47/200 [41:40<2:13:48, 52.47s/it]Test Loss: 1.782330, Acc: 69.840000%
epoch 48
Train Loss: 1.581004, Acc: 96.455556%, Domain Acc: 55.931954%
Val Loss: 0.166832, Acc: 95.180000%
 24%|████████████████████████▏                                                                            | 48/200 [42:33<2:13:08, 52.56s/it]Test Loss: 1.529486, Acc: 70.470000%
epoch 49
Train Loss: 1.583237, Acc: 96.457778%, Domain Acc: 55.863717%
Val Loss: 0.210849, Acc: 94.760000%
 24%|████████████████████████▋                                                                            | 49/200 [43:27<2:13:38, 53.10s/it]Test Loss: 1.985908, Acc: 68.320000%
epoch 50
Train Loss: 1.580839, Acc: 96.531111%, Domain Acc: 55.968424%
Val Loss: 0.176250, Acc: 94.800000%
 25%|█████████████████████████▎                                                                           | 50/200 [44:21<2:13:41, 53.47s/it]Test Loss: 1.590176, Acc: 69.330000%
epoch 51
Train Loss: 1.568781, Acc: 96.735556%, Domain Acc: 55.618290%
Val Loss: 0.223012, Acc: 94.300000%
 26%|█████████████████████████▊                                                                           | 51/200 [45:12<2:10:57, 52.73s/it]Test Loss: 1.521994, Acc: 71.310000%
epoch 52
Train Loss: 1.571881, Acc: 96.702222%, Domain Acc: 56.771136%
Val Loss: 0.262392, Acc: 93.560000%
 26%|██████████████████████████▎                                                                          | 52/200 [46:07<2:11:34, 53.34s/it]Test Loss: 2.023555, Acc: 67.210000%
epoch 53
Train Loss: 1.603404, Acc: 96.166667%, Domain Acc: 56.497638%
Val Loss: 0.146548, Acc: 95.760000%
 26%|██████████████████████████▊                                                                          | 53/200 [46:59<2:09:40, 52.93s/it]Test Loss: 1.550730, Acc: 72.230000%
epoch 54
Train Loss: 1.583678, Acc: 96.448889%, Domain Acc: 55.777591%
Val Loss: 0.165568, Acc: 95.200000%
 27%|███████████████████████████▎                                                                         | 54/200 [47:52<2:08:26, 52.78s/it]Test Loss: 1.866389, Acc: 67.850000%
epoch 55
Train Loss: 1.567804, Acc: 96.753333%, Domain Acc: 56.134049%
Val Loss: 0.152176, Acc: 95.620000%
 28%|███████████████████████████▊                                                                         | 55/200 [48:42<2:06:00, 52.14s/it]Test Loss: 1.439091, Acc: 71.700000%
epoch 56
Train Loss: 1.582048, Acc: 96.522222%, Domain Acc: 55.808622%
Val Loss: 0.169269, Acc: 95.300000%
 28%|████████████████████████████▎                                                                        | 56/200 [49:35<2:05:31, 52.30s/it]Test Loss: 1.629369, Acc: 69.360000%
epoch 57
Train Loss: 1.571218, Acc: 96.653333%, Domain Acc: 56.418013%
Val Loss: 0.180843, Acc: 95.120000%
 28%|████████████████████████████▊                                                                        | 57/200 [50:27<2:04:40, 52.31s/it]Test Loss: 1.715720, Acc: 70.990000%
epoch 58
Train Loss: 1.571071, Acc: 96.695556%, Domain Acc: 55.778079%
Val Loss: 0.217254, Acc: 93.600000%
 29%|█████████████████████████████▎                                                                       | 58/200 [51:20<2:04:09, 52.46s/it]Test Loss: 1.496548, Acc: 69.690000%
epoch 59
Train Loss: 1.570838, Acc: 96.644444%, Domain Acc: 55.949522%
Val Loss: 0.186086, Acc: 94.900000%
 30%|█████████████████████████████▊                                                                       | 59/200 [52:14<2:04:31, 52.99s/it]Test Loss: 1.624900, Acc: 70.700000%
epoch 60
Train Loss: 1.550941, Acc: 96.948889%, Domain Acc: 56.022355%
Val Loss: 0.163474, Acc: 95.320000%
 30%|██████████████████████████████▎                                                                      | 60/200 [53:06<2:02:30, 52.50s/it]Test Loss: 1.475883, Acc: 70.940000%
epoch 61
Train Loss: 1.568090, Acc: 96.797778%, Domain Acc: 56.264390%
Val Loss: 0.166414, Acc: 95.520000%
 30%|██████████████████████████████▊                                                                      | 61/200 [53:56<2:00:12, 51.89s/it]Test Loss: 1.642939, Acc: 70.730000%
epoch 62
Train Loss: 1.567702, Acc: 96.813333%, Domain Acc: 56.056190%
Val Loss: 0.199724, Acc: 93.920000%
 31%|███████████████████████████████▎                                                                     | 62/200 [54:49<2:00:22, 52.34s/it]Test Loss: 1.639210, Acc: 68.340000%
epoch 63
Train Loss: 1.582323, Acc: 96.400000%, Domain Acc: 56.615177%
Val Loss: 0.204334, Acc: 94.580000%
 32%|███████████████████████████████▊                                                                     | 63/200 [55:43<2:00:29, 52.77s/it]Test Loss: 1.729013, Acc: 68.450000%
epoch 64
Train Loss: 1.575720, Acc: 96.664444%, Domain Acc: 55.347931%
Val Loss: 0.152106, Acc: 95.800000%
 32%|████████████████████████████████▎                                                                    | 64/200 [56:36<1:59:41, 52.80s/it]Test Loss: 1.575970, Acc: 70.450000%
epoch 65
Train Loss: 1.565217, Acc: 96.740000%, Domain Acc: 56.540084%
Val Loss: 0.203160, Acc: 94.100000%
 32%|████████████████████████████████▊                                                                    | 65/200 [57:23<1:54:33, 50.91s/it]Test Loss: 1.555698, Acc: 68.730000%
epoch 66
Train Loss: 1.564946, Acc: 96.782222%, Domain Acc: 54.944697%
Val Loss: 0.156583, Acc: 95.960000%
 33%|█████████████████████████████████▎                                                                   | 66/200 [58:17<1:55:57, 51.92s/it]Test Loss: 1.653717, Acc: 71.660000%
epoch 67
Train Loss: 1.568347, Acc: 96.826667%, Domain Acc: 55.926628%
Val Loss: 0.167464, Acc: 95.580000%
 34%|█████████████████████████████████▊                                                                   | 67/200 [59:08<1:54:47, 51.78s/it]Test Loss: 1.642276, Acc: 71.550000%
epoch 68
Train Loss: 1.573128, Acc: 96.584444%, Domain Acc: 56.387735%
Val Loss: 0.157537, Acc: 95.640000%
 34%|█████████████████████████████████▋                                                                 | 68/200 [1:00:00<1:53:44, 51.70s/it]Test Loss: 1.848306, Acc: 68.300000%
epoch 69
Train Loss: 1.572047, Acc: 96.648889%, Domain Acc: 55.722500%
Val Loss: 0.281811, Acc: 93.220000%
 34%|██████████████████████████████████▏                                                                | 69/200 [1:00:52<1:53:25, 51.95s/it]Test Loss: 1.896517, Acc: 69.090000%
epoch 70
Train Loss: 1.569323, Acc: 96.762222%, Domain Acc: 56.404697%
Val Loss: 0.241800, Acc: 93.960000%
 35%|██████████████████████████████████▋                                                                | 70/200 [1:01:48<1:54:46, 52.97s/it]Test Loss: 1.732099, Acc: 71.230000%
epoch 71
Train Loss: 1.563914, Acc: 96.731111%, Domain Acc: 56.250141%
Val Loss: 0.162866, Acc: 95.420000%
 36%|███████████████████████████████████▏                                                               | 71/200 [1:02:42<1:54:31, 53.27s/it]Test Loss: 1.581827, Acc: 71.130000%
epoch 72
Train Loss: 1.575547, Acc: 96.751111%, Domain Acc: 55.432990%
Val Loss: 0.259339, Acc: 92.580000%
 36%|███████████████████████████████████▋                                                               | 72/200 [1:03:35<1:53:48, 53.34s/it]Test Loss: 1.770817, Acc: 67.910000%
epoch 73
Train Loss: 1.559152, Acc: 96.886667%, Domain Acc: 55.718932%
Val Loss: 0.187422, Acc: 94.620000%
 36%|████████████████████████████████████▏                                                              | 73/200 [1:04:29<1:53:12, 53.48s/it]Test Loss: 1.340300, Acc: 72.670000%
epoch 74
Train Loss: 1.571691, Acc: 96.813333%, Domain Acc: 55.620820%
Val Loss: 0.152771, Acc: 95.480000%
 37%|████████████████████████████████████▋                                                              | 74/200 [1:05:20<1:50:27, 52.60s/it]Test Loss: 1.375186, Acc: 71.840000%
epoch 75
Train Loss: 1.551499, Acc: 97.042222%, Domain Acc: 56.364012%
Val Loss: 0.146636, Acc: 96.340000%
 38%|█████████████████████████████████████▏                                                             | 75/200 [1:06:10<1:48:21, 52.01s/it]Test Loss: 1.531017, Acc: 72.060000%
epoch 76
Train Loss: 1.565401, Acc: 96.831111%, Domain Acc: 55.432315%
Val Loss: 0.174839, Acc: 95.540000%
 38%|█████████████████████████████████████▌                                                             | 76/200 [1:07:01<1:46:55, 51.74s/it]Test Loss: 1.480446, Acc: 71.320000%
epoch 77
Train Loss: 1.557779, Acc: 96.966667%, Domain Acc: 54.684601%
Val Loss: 0.196308, Acc: 94.860000%
 38%|██████████████████████████████████████                                                             | 77/200 [1:07:55<1:47:00, 52.20s/it]Test Loss: 1.720981, Acc: 68.990000%
epoch 78
Train Loss: 1.567935, Acc: 96.688889%, Domain Acc: 54.990151%
Val Loss: 0.165762, Acc: 95.540000%
 39%|██████████████████████████████████████▌                                                            | 78/200 [1:08:44<1:44:07, 51.21s/it]Test Loss: 1.452586, Acc: 72.980000%
epoch 79
Train Loss: 1.567990, Acc: 96.824444%, Domain Acc: 54.677918%
Val Loss: 0.145927, Acc: 95.960000%
 40%|███████████████████████████████████████                                                            | 79/200 [1:09:38<1:45:23, 52.26s/it]Test Loss: 1.533622, Acc: 69.950000%
epoch 80
Train Loss: 1.557053, Acc: 97.088889%, Domain Acc: 54.936605%
Val Loss: 0.184678, Acc: 94.860000%
 40%|███████████████████████████████████████▌                                                           | 80/200 [1:10:30<1:44:21, 52.18s/it]Test Loss: 1.658648, Acc: 72.320000%
epoch 81
Train Loss: 1.576763, Acc: 96.557778%, Domain Acc: 56.084120%
Val Loss: 0.169029, Acc: 95.200000%
 40%|████████████████████████████████████████                                                           | 81/200 [1:11:22<1:43:11, 52.03s/it]Test Loss: 1.867942, Acc: 69.940000%
epoch 82
Train Loss: 1.559597, Acc: 97.031111%, Domain Acc: 55.429486%
Val Loss: 0.177080, Acc: 95.080000%
 41%|████████████████████████████████████████▌                                                          | 82/200 [1:12:13<1:41:46, 51.75s/it]Test Loss: 1.622402, Acc: 69.140000%
epoch 83
Train Loss: 1.558448, Acc: 97.128889%, Domain Acc: 53.806977%
Val Loss: 0.223822, Acc: 94.120000%
 42%|█████████████████████████████████████████                                                          | 83/200 [1:13:08<1:42:58, 52.81s/it]Test Loss: 1.652079, Acc: 69.670000%
epoch 84
Train Loss: 1.558676, Acc: 97.106667%, Domain Acc: 54.804155%
Val Loss: 0.191851, Acc: 95.020000%
 42%|█████████████████████████████████████████▌                                                         | 84/200 [1:14:01<1:41:58, 52.75s/it]Test Loss: 1.610480, Acc: 70.980000%
epoch 85
Train Loss: 1.553274, Acc: 96.977778%, Domain Acc: 55.543109%
Val Loss: 0.245993, Acc: 93.840000%
 42%|██████████████████████████████████████████                                                         | 85/200 [1:14:53<1:40:58, 52.68s/it]Test Loss: 1.567026, Acc: 71.360000%
epoch 86
Train Loss: 1.564325, Acc: 96.871111%, Domain Acc: 55.083047%
Val Loss: 0.205764, Acc: 94.480000%
 43%|██████████████████████████████████████████▌                                                        | 86/200 [1:15:48<1:41:19, 53.33s/it]Test Loss: 1.511393, Acc: 69.690000%
epoch 87
Train Loss: 1.551025, Acc: 97.024444%, Domain Acc: 54.919965%
Val Loss: 0.208504, Acc: 94.160000%
 44%|███████████████████████████████████████████                                                        | 87/200 [1:16:39<1:38:49, 52.47s/it]Test Loss: 1.641532, Acc: 69.520000%
epoch 88
Train Loss: 1.552694, Acc: 97.126667%, Domain Acc: 54.678031%
Val Loss: 0.237680, Acc: 94.140000%
 44%|███████████████████████████████████████████▌                                                       | 88/200 [1:17:30<1:37:17, 52.12s/it]Test Loss: 1.610574, Acc: 70.350000%
epoch 89
Train Loss: 1.552663, Acc: 97.037778%, Domain Acc: 55.651515%
Val Loss: 0.141568, Acc: 95.860000%
 44%|████████████████████████████████████████████                                                       | 89/200 [1:18:23<1:36:56, 52.40s/it]Test Loss: 1.427047, Acc: 70.550000%
epoch 90
Train Loss: 1.556906, Acc: 96.984444%, Domain Acc: 55.100511%
Val Loss: 0.262719, Acc: 92.440000%
 45%|████████████████████████████████████████████▌                                                      | 90/200 [1:19:17<1:36:49, 52.81s/it]Test Loss: 2.537118, Acc: 65.420000%
epoch 91
Train Loss: 1.561410, Acc: 96.924444%, Domain Acc: 55.456212%
Val Loss: 0.206715, Acc: 94.120000%
 46%|█████████████████████████████████████████████                                                      | 91/200 [1:20:04<1:32:46, 51.07s/it]Test Loss: 1.466863, Acc: 70.460000%
epoch 92
Train Loss: 1.557420, Acc: 96.915556%, Domain Acc: 53.325845%
Val Loss: 0.170343, Acc: 95.260000%
 46%|█████████████████████████████████████████████▌                                                     | 92/200 [1:20:59<1:33:54, 52.17s/it]Test Loss: 1.523345, Acc: 70.000000%
epoch 93
Train Loss: 1.557158, Acc: 96.968889%, Domain Acc: 55.320529%
Val Loss: 0.170037, Acc: 95.640000%
 46%|██████████████████████████████████████████████                                                     | 93/200 [1:21:49<1:32:11, 51.70s/it]Test Loss: 1.780395, Acc: 68.380000%
epoch 94
Train Loss: 1.545561, Acc: 97.157778%, Domain Acc: 54.804624%
Val Loss: 0.143235, Acc: 95.740000%
 47%|██████████████████████████████████████████████▌                                                    | 94/200 [1:22:44<1:32:51, 52.56s/it]Test Loss: 1.449250, Acc: 71.790000%
epoch 95
Train Loss: 1.552192, Acc: 97.024444%, Domain Acc: 55.026838%
Val Loss: 0.181066, Acc: 95.120000%
 48%|███████████████████████████████████████████████                                                    | 95/200 [1:23:37<1:32:30, 52.86s/it]Test Loss: 1.573267, Acc: 70.460000%
epoch 96
Train Loss: 1.561190, Acc: 96.997778%, Domain Acc: 54.392671%
Val Loss: 0.173752, Acc: 95.580000%
 48%|███████████████████████████████████████████████▌                                                   | 96/200 [1:24:29<1:31:02, 52.52s/it]Test Loss: 1.593602, Acc: 69.720000%
epoch 97
Train Loss: 1.551584, Acc: 97.135556%, Domain Acc: 54.301986%
Val Loss: 0.182279, Acc: 94.840000%
 48%|████████████████████████████████████████████████                                                   | 97/200 [1:25:21<1:29:55, 52.39s/it]Test Loss: 1.545995, Acc: 69.790000%
epoch 98
Train Loss: 1.570879, Acc: 96.933333%, Domain Acc: 52.354329%
Val Loss: 0.182827, Acc: 94.640000%
 49%|████████████████████████████████████████████████▌                                                  | 98/200 [1:26:12<1:28:26, 52.03s/it]Test Loss: 1.418881, Acc: 70.190000%
epoch 99
Train Loss: 1.539351, Acc: 97.435556%, Domain Acc: 53.164089%
Val Loss: 0.147757, Acc: 95.960000%
 50%|█████████████████████████████████████████████████                                                  | 99/200 [1:27:02<1:26:33, 51.42s/it]Test Loss: 1.347872, Acc: 72.990000%
epoch 100
Train Loss: 1.551096, Acc: 97.108889%, Domain Acc: 53.866721%
Val Loss: 0.161867, Acc: 95.200000%
 50%|█████████████████████████████████████████████████                                                 | 100/200 [1:27:56<1:26:40, 52.00s/it]Test Loss: 1.544402, Acc: 70.680000%
epoch 101
Train Loss: 1.418303, Acc: 98.866667%, Domain Acc: 58.626731%
Val Loss: 0.090344, Acc: 97.380000%
 50%|█████████████████████████████████████████████████▍                                                | 101/200 [1:28:50<1:27:06, 52.80s/it]Test Loss: 1.174544, Acc: 76.940000%
epoch 102
Train Loss: 1.380807, Acc: 99.284444%, Domain Acc: 59.476892%
Val Loss: 0.103056, Acc: 97.320000%
 51%|█████████████████████████████████████████████████▉                                                | 102/200 [1:29:41<1:25:16, 52.21s/it]Test Loss: 1.117227, Acc: 78.550000%
epoch 103
Train Loss: 1.390068, Acc: 99.277778%, Domain Acc: 58.611161%
Val Loss: 0.101429, Acc: 97.440000%
 52%|██████████████████████████████████████████████████▍                                               | 103/200 [1:30:35<1:25:08, 52.67s/it]Test Loss: 1.134874, Acc: 79.320000%
epoch 104
Train Loss: 1.399021, Acc: 99.437778%, Domain Acc: 56.381270%
Val Loss: 0.105485, Acc: 97.560000%
 52%|██████████████████████████████████████████████████▉                                               | 104/200 [1:31:27<1:23:54, 52.44s/it]Test Loss: 1.191530, Acc: 78.760000%
epoch 105
Train Loss: 1.391718, Acc: 99.484444%, Domain Acc: 57.184964%
Val Loss: 0.111100, Acc: 97.460000%
 52%|███████████████████████████████████████████████████▍                                              | 105/200 [1:32:21<1:23:38, 52.83s/it]Test Loss: 1.223042, Acc: 79.170000%
epoch 106
Train Loss: 1.402097, Acc: 99.517778%, Domain Acc: 55.847672%
Val Loss: 0.112570, Acc: 97.540000%
 53%|███████████████████████████████████████████████████▉                                              | 106/200 [1:33:14<1:23:13, 53.13s/it]Test Loss: 1.254568, Acc: 79.700000%
epoch 107
Train Loss: 1.405328, Acc: 99.560000%, Domain Acc: 55.211376%
Val Loss: 0.101084, Acc: 97.360000%
 54%|████████████████████████████████████████████████████▍                                             | 107/200 [1:34:03<1:20:26, 51.90s/it]Test Loss: 1.263520, Acc: 79.430000%
epoch 108
Train Loss: 1.412046, Acc: 99.573333%, Domain Acc: 54.077001%
Val Loss: 0.111556, Acc: 97.680000%
 54%|████████████████████████████████████████████████████▉                                             | 108/200 [1:34:57<1:20:12, 52.31s/it]Test Loss: 1.365757, Acc: 78.740000%
epoch 109
Train Loss: 1.406488, Acc: 99.562222%, Domain Acc: 54.561665%
Val Loss: 0.118273, Acc: 97.580000%
 55%|█████████████████████████████████████████████████████▍                                            | 109/200 [1:35:50<1:19:38, 52.51s/it]Test Loss: 1.394685, Acc: 78.980000%
epoch 110
Train Loss: 1.402879, Acc: 99.622222%, Domain Acc: 53.860475%
Val Loss: 0.118561, Acc: 97.680000%
 55%|█████████████████████████████████████████████████████▉                                            | 110/200 [1:36:42<1:18:50, 52.56s/it]Test Loss: 1.322170, Acc: 79.370000%
epoch 111
Train Loss: 1.402386, Acc: 99.726667%, Domain Acc: 53.565395%
Val Loss: 0.132407, Acc: 97.380000%
 56%|██████████████████████████████████████████████████████▍                                           | 111/200 [1:37:32<1:16:48, 51.78s/it]Test Loss: 1.379447, Acc: 79.890000%
epoch 112
Train Loss: 1.401656, Acc: 99.662222%, Domain Acc: 54.196534%
Val Loss: 0.115673, Acc: 97.540000%
 56%|██████████████████████████████████████████████████████▉                                           | 112/200 [1:38:25<1:16:24, 52.09s/it]Test Loss: 1.419044, Acc: 79.160000%
epoch 113
Train Loss: 1.402745, Acc: 99.711111%, Domain Acc: 52.723583%
Val Loss: 0.106544, Acc: 97.420000%
 56%|███████████████████████████████████████████████████████▎                                          | 113/200 [1:39:19<1:16:10, 52.54s/it]Test Loss: 1.432712, Acc: 79.180000%
epoch 114
Train Loss: 1.403005, Acc: 99.742222%, Domain Acc: 53.004950%
Val Loss: 0.123589, Acc: 97.520000%
 57%|███████████████████████████████████████████████████████▊                                          | 114/200 [1:40:11<1:15:11, 52.46s/it]Test Loss: 1.473661, Acc: 79.420000%
epoch 115
Train Loss: 1.401065, Acc: 99.755556%, Domain Acc: 52.972253%
Val Loss: 0.118327, Acc: 97.560000%
 57%|████████████████████████████████████████████████████████▎                                         | 115/200 [1:41:00<1:12:52, 51.44s/it]Test Loss: 1.439936, Acc: 79.630000%
epoch 116
Train Loss: 1.397570, Acc: 99.793333%, Domain Acc: 53.778431%
Val Loss: 0.125835, Acc: 97.480000%
 58%|████████████████████████████████████████████████████████▊                                         | 116/200 [1:41:51<1:11:48, 51.29s/it]Test Loss: 1.415563, Acc: 79.580000%
epoch 117
Train Loss: 1.401033, Acc: 99.764444%, Domain Acc: 52.730690%
Val Loss: 0.124592, Acc: 97.460000%
 58%|█████████████████████████████████████████████████████████▎                                        | 117/200 [1:42:42<1:10:51, 51.23s/it]Test Loss: 1.453751, Acc: 79.580000%
epoch 118
Train Loss: 1.397167, Acc: 99.813333%, Domain Acc: 53.005012%
Val Loss: 0.136935, Acc: 97.480000%
 59%|█████████████████████████████████████████████████████████▊                                        | 118/200 [1:43:34<1:10:18, 51.44s/it]Test Loss: 1.464887, Acc: 80.250000%
epoch 119
Train Loss: 1.396743, Acc: 99.824444%, Domain Acc: 53.774633%
Val Loss: 0.123371, Acc: 97.800000%
 60%|██████████████████████████████████████████████████████████▎                                       | 119/200 [1:44:27<1:10:09, 51.97s/it]Test Loss: 1.509394, Acc: 79.790000%
epoch 120
Train Loss: 1.397106, Acc: 99.802222%, Domain Acc: 53.293846%
Val Loss: 0.131964, Acc: 97.540000%
 60%|██████████████████████████████████████████████████████████▊                                       | 120/200 [1:45:20<1:09:45, 52.32s/it]Test Loss: 1.497747, Acc: 80.250000%
epoch 121
Train Loss: 1.396972, Acc: 99.780000%, Domain Acc: 52.881646%
Val Loss: 0.145028, Acc: 97.480000%
 60%|███████████████████████████████████████████████████████████▎                                      | 121/200 [1:46:13<1:09:03, 52.45s/it]Test Loss: 1.594079, Acc: 79.790000%
epoch 122
Train Loss: 1.396973, Acc: 99.775556%, Domain Acc: 52.536105%
Val Loss: 0.135280, Acc: 97.700000%
 61%|███████████████████████████████████████████████████████████▊                                      | 122/200 [1:47:04<1:07:36, 52.01s/it]Test Loss: 1.547920, Acc: 79.560000%
epoch 123
Train Loss: 1.398420, Acc: 99.775556%, Domain Acc: 52.792647%
Val Loss: 0.106484, Acc: 97.680000%
 62%|████████████████████████████████████████████████████████████▎                                     | 123/200 [1:47:56<1:06:43, 52.00s/it]Test Loss: 1.667550, Acc: 79.280000%
epoch 124
Train Loss: 1.400116, Acc: 99.751111%, Domain Acc: 53.536945%
Val Loss: 0.139010, Acc: 97.440000%
 62%|████████████████████████████████████████████████████████████▊                                     | 124/200 [1:48:48<1:05:48, 51.95s/it]Test Loss: 1.729948, Acc: 78.430000%
epoch 125
Train Loss: 1.397576, Acc: 99.782222%, Domain Acc: 53.224734%
Val Loss: 0.119456, Acc: 97.600000%
 62%|█████████████████████████████████████████████████████████████▎                                    | 125/200 [1:49:41<1:05:32, 52.44s/it]Test Loss: 1.679212, Acc: 79.050000%
epoch 126
Train Loss: 1.394276, Acc: 99.820000%, Domain Acc: 53.816655%
Val Loss: 0.141594, Acc: 97.760000%
 63%|█████████████████████████████████████████████████████████████▋                                    | 126/200 [1:50:32<1:03:52, 51.79s/it]Test Loss: 1.669532, Acc: 79.390000%
epoch 127
Train Loss: 1.397850, Acc: 99.840000%, Domain Acc: 51.376218%
Val Loss: 0.119753, Acc: 97.540000%
 64%|██████████████████████████████████████████████████████████████▏                                   | 127/200 [1:51:25<1:03:41, 52.35s/it]Test Loss: 1.589529, Acc: 79.970000%
epoch 128
Train Loss: 1.392478, Acc: 99.842222%, Domain Acc: 53.333544%
Val Loss: 0.116540, Acc: 97.780000%
 64%|██████████████████████████████████████████████████████████████▋                                   | 128/200 [1:52:17<1:02:31, 52.11s/it]Test Loss: 1.586093, Acc: 80.370000%
epoch 129
Train Loss: 1.390311, Acc: 99.822222%, Domain Acc: 53.779349%
Val Loss: 0.142862, Acc: 97.620000%
 64%|███████████████████████████████████████████████████████████████▏                                  | 129/200 [1:53:09<1:01:31, 52.00s/it]Test Loss: 1.601573, Acc: 79.950000%
epoch 130
Train Loss: 1.398338, Acc: 99.793333%, Domain Acc: 52.476263%
Val Loss: 0.134491, Acc: 97.620000%
 65%|█████████████████████████████████████████████████████████████████                                   | 130/200 [1:53:58<59:46, 51.23s/it]Test Loss: 1.618309, Acc: 80.180000%
epoch 131
Train Loss: 1.395620, Acc: 99.813333%, Domain Acc: 52.322269%
Val Loss: 0.121137, Acc: 97.700000%
 66%|████████████████████████████████████████████████████████████████▏                                 | 131/200 [1:54:53<1:00:01, 52.20s/it]Test Loss: 1.700477, Acc: 79.820000%
epoch 132
Train Loss: 1.394659, Acc: 99.786667%, Domain Acc: 53.438533%
Val Loss: 0.137169, Acc: 97.820000%
 66%|██████████████████████████████████████████████████████████████████                                  | 132/200 [1:55:46<59:30, 52.50s/it]Test Loss: 1.632477, Acc: 79.990000%
epoch 133
Train Loss: 1.395676, Acc: 99.815556%, Domain Acc: 53.306217%
Val Loss: 0.141215, Acc: 97.480000%
 66%|██████████████████████████████████████████████████████████████████▌                                 | 133/200 [1:56:40<59:03, 52.89s/it]Test Loss: 1.680562, Acc: 79.850000%
epoch 134
Train Loss: 1.395094, Acc: 99.837778%, Domain Acc: 52.725138%
Val Loss: 0.120683, Acc: 97.640000%
 67%|███████████████████████████████████████████████████████████████████                                 | 134/200 [1:57:33<58:22, 53.06s/it]Test Loss: 1.630178, Acc: 80.200000%
epoch 135
Train Loss: 1.397755, Acc: 99.811111%, Domain Acc: 52.594987%
Val Loss: 0.140893, Acc: 97.580000%
 68%|███████████████████████████████████████████████████████████████████▌                                | 135/200 [1:58:26<57:27, 53.03s/it]Test Loss: 1.690375, Acc: 79.560000%
epoch 136
Train Loss: 1.399035, Acc: 99.811111%, Domain Acc: 51.880170%
Val Loss: 0.176466, Acc: 97.460000%
 68%|████████████████████████████████████████████████████████████████████                                | 136/200 [1:59:18<56:10, 52.67s/it]Test Loss: 1.731035, Acc: 80.240000%
epoch 137
Train Loss: 1.402736, Acc: 99.697778%, Domain Acc: 53.064218%
Val Loss: 0.117829, Acc: 97.600000%
 68%|████████████████████████████████████████████████████████████████████▌                               | 137/200 [2:00:11<55:29, 52.85s/it]Test Loss: 1.590896, Acc: 80.130000%
epoch 138
Train Loss: 1.399512, Acc: 99.782222%, Domain Acc: 52.796387%
Val Loss: 0.138796, Acc: 97.540000%
 69%|█████████████████████████████████████████████████████████████████████                               | 138/200 [2:01:04<54:35, 52.83s/it]Test Loss: 1.734564, Acc: 79.740000%
epoch 139
Train Loss: 1.396907, Acc: 99.804444%, Domain Acc: 52.821286%
Val Loss: 0.140072, Acc: 97.320000%
 70%|█████████████████████████████████████████████████████████████████████▌                              | 139/200 [2:01:54<52:55, 52.05s/it]Test Loss: 1.647482, Acc: 79.460000%
epoch 140
Train Loss: 1.400763, Acc: 99.760000%, Domain Acc: 52.639989%
Val Loss: 0.124658, Acc: 97.460000%
 70%|██████████████████████████████████████████████████████████████████████                              | 140/200 [2:02:47<52:10, 52.18s/it]Test Loss: 1.730286, Acc: 79.800000%
epoch 141
Train Loss: 1.399476, Acc: 99.760000%, Domain Acc: 52.466788%
Val Loss: 0.126172, Acc: 97.740000%
 70%|██████████████████████████████████████████████████████████████████████▌                             | 141/200 [2:03:39<51:25, 52.29s/it]Test Loss: 1.691722, Acc: 79.920000%
epoch 142
Train Loss: 1.394784, Acc: 99.795556%, Domain Acc: 53.694352%
Val Loss: 0.121367, Acc: 97.540000%
 71%|███████████████████████████████████████████████████████████████████████                             | 142/200 [2:04:29<49:51, 51.58s/it]Test Loss: 1.572274, Acc: 80.120000%
epoch 143
Train Loss: 1.396965, Acc: 99.804444%, Domain Acc: 53.141732%
Val Loss: 0.133758, Acc: 97.460000%
 72%|███████████████████████████████████████████████████████████████████████▌                            | 143/200 [2:05:15<47:20, 49.84s/it]Test Loss: 1.646885, Acc: 79.900000%
epoch 144
Train Loss: 1.395074, Acc: 99.820000%, Domain Acc: 52.967754%
Val Loss: 0.159762, Acc: 97.120000%
 72%|████████████████████████████████████████████████████████████████████████                            | 144/200 [2:06:07<47:15, 50.63s/it]Test Loss: 1.612357, Acc: 80.020000%
epoch 145
Train Loss: 1.394232, Acc: 99.795556%, Domain Acc: 53.359276%
Val Loss: 0.142440, Acc: 97.340000%
 72%|████████████████████████████████████████████████████████████████████████▌                           | 145/200 [2:06:57<46:05, 50.28s/it]Test Loss: 1.718960, Acc: 79.120000%
epoch 146
Train Loss: 1.397565, Acc: 99.733333%, Domain Acc: 53.293780%
Val Loss: 0.135629, Acc: 97.400000%
 73%|█████████████████████████████████████████████████████████████████████████                           | 146/200 [2:07:49<45:51, 50.96s/it]Test Loss: 1.763275, Acc: 78.540000%
epoch 147
Train Loss: 1.397499, Acc: 99.808889%, Domain Acc: 53.013111%
Val Loss: 0.139474, Acc: 97.380000%
 74%|█████████████████████████████████████████████████████████████████████████▌                          | 147/200 [2:08:38<44:20, 50.21s/it]Test Loss: 1.740932, Acc: 79.020000%
epoch 148
Train Loss: 1.404373, Acc: 99.617778%, Domain Acc: 53.895495%
Val Loss: 0.144830, Acc: 97.460000%
 74%|██████████████████████████████████████████████████████████████████████████                          | 148/200 [2:09:31<44:19, 51.15s/it]Test Loss: 1.591175, Acc: 80.600000%
epoch 149
Train Loss: 1.397680, Acc: 99.824444%, Domain Acc: 52.574399%
Val Loss: 0.142114, Acc: 97.560000%
 74%|██████████████████████████████████████████████████████████████████████████▌                         | 149/200 [2:10:25<44:07, 51.91s/it]Test Loss: 1.665828, Acc: 80.290000%
epoch 150
Train Loss: 1.391382, Acc: 99.784444%, Domain Acc: 53.438316%
Val Loss: 0.128738, Acc: 97.320000%
 75%|███████████████████████████████████████████████████████████████████████████                         | 150/200 [2:11:18<43:41, 52.42s/it]Test Loss: 1.800763, Acc: 79.060000%
epoch 151
Train Loss: 1.373362, Acc: 99.831111%, Domain Acc: 57.142716%
Val Loss: 0.143020, Acc: 97.520000%
 76%|███████████████████████████████████████████████████████████████████████████▌                        | 151/200 [2:12:14<43:34, 53.36s/it]Test Loss: 1.671427, Acc: 80.140000%
epoch 152
Train Loss: 1.387902, Acc: 99.886667%, Domain Acc: 52.711776%
Val Loss: 0.126038, Acc: 97.700000%
 76%|████████████████████████████████████████████████████████████████████████████                        | 152/200 [2:13:08<42:53, 53.62s/it]Test Loss: 1.568970, Acc: 80.600000%
epoch 153
Train Loss: 1.396973, Acc: 99.895556%, Domain Acc: 51.089916%
Val Loss: 0.129071, Acc: 97.700000%
 76%|████████████████████████████████████████████████████████████████████████████▌                       | 153/200 [2:14:00<41:31, 53.02s/it]Test Loss: 1.589633, Acc: 80.940000%
epoch 154
Train Loss: 1.400246, Acc: 99.913333%, Domain Acc: 50.365629%
Val Loss: 0.121899, Acc: 97.600000%
 77%|█████████████████████████████████████████████████████████████████████████████                       | 154/200 [2:14:53<40:44, 53.15s/it]Test Loss: 1.576453, Acc: 81.070000%
epoch 155
Train Loss: 1.392796, Acc: 99.935556%, Domain Acc: 52.669486%
Val Loss: 0.118443, Acc: 97.620000%
 78%|█████████████████████████████████████████████████████████████████████████████▌                      | 155/200 [2:15:47<40:06, 53.47s/it]Test Loss: 1.571568, Acc: 81.280000%
epoch 156
Train Loss: 1.388147, Acc: 99.917778%, Domain Acc: 53.611970%
Val Loss: 0.124292, Acc: 97.740000%
 78%|██████████████████████████████████████████████████████████████████████████████                      | 156/200 [2:16:41<39:18, 53.61s/it]Test Loss: 1.611104, Acc: 80.370000%
epoch 157
Train Loss: 1.391078, Acc: 99.908889%, Domain Acc: 53.506576%
Val Loss: 0.116793, Acc: 97.700000%
 78%|██████████████████████████████████████████████████████████████████████████████▌                     | 157/200 [2:17:35<38:18, 53.46s/it]Test Loss: 1.563201, Acc: 80.830000%
epoch 158
Train Loss: 1.383571, Acc: 99.933333%, Domain Acc: 53.630166%
Val Loss: 0.129647, Acc: 97.720000%
 79%|███████████████████████████████████████████████████████████████████████████████                     | 158/200 [2:18:28<37:28, 53.53s/it]Test Loss: 1.606163, Acc: 80.840000%
epoch 159
Train Loss: 1.389273, Acc: 99.937778%, Domain Acc: 53.204551%
Val Loss: 0.135280, Acc: 97.540000%
 80%|███████████████████████████████████████████████████████████████████████████████▌                    | 159/200 [2:19:23<36:54, 54.02s/it]Test Loss: 1.586458, Acc: 80.670000%
epoch 160
Train Loss: 1.386941, Acc: 99.931111%, Domain Acc: 52.904648%
Val Loss: 0.125643, Acc: 97.980000%
 80%|████████████████████████████████████████████████████████████████████████████████                    | 160/200 [2:20:16<35:44, 53.61s/it]Test Loss: 1.548755, Acc: 81.030000%
epoch 161
Train Loss: 1.391979, Acc: 99.942222%, Domain Acc: 52.277523%
Val Loss: 0.136176, Acc: 97.780000%
 80%|████████████████████████████████████████████████████████████████████████████████▌                   | 161/200 [2:21:10<34:54, 53.71s/it]Test Loss: 1.555877, Acc: 81.330000%
epoch 162
Train Loss: 1.395563, Acc: 99.937778%, Domain Acc: 51.656090%
Val Loss: 0.140350, Acc: 97.540000%
 81%|█████████████████████████████████████████████████████████████████████████████████                   | 162/200 [2:22:02<33:37, 53.10s/it]Test Loss: 1.644954, Acc: 80.360000%
epoch 163
Train Loss: 1.389246, Acc: 99.933333%, Domain Acc: 53.610956%
Val Loss: 0.122572, Acc: 97.740000%
 82%|█████████████████████████████████████████████████████████████████████████████████▌                  | 163/200 [2:22:55<32:46, 53.15s/it]Test Loss: 1.608524, Acc: 80.860000%
epoch 164
Train Loss: 1.394159, Acc: 99.931111%, Domain Acc: 51.921613%
Val Loss: 0.133356, Acc: 97.760000%
 82%|██████████████████████████████████████████████████████████████████████████████████                  | 164/200 [2:23:47<31:40, 52.79s/it]Test Loss: 1.588483, Acc: 80.710000%
epoch 165
Train Loss: 1.398463, Acc: 99.928889%, Domain Acc: 51.537701%
Val Loss: 0.129948, Acc: 97.540000%
 82%|██████████████████████████████████████████████████████████████████████████████████▌                 | 165/200 [2:24:40<30:55, 53.02s/it]Test Loss: 1.594351, Acc: 80.930000%
epoch 166
Train Loss: 1.395370, Acc: 99.951111%, Domain Acc: 51.373185%
Val Loss: 0.128150, Acc: 97.800000%
 83%|███████████████████████████████████████████████████████████████████████████████████                 | 166/200 [2:25:34<30:07, 53.17s/it]Test Loss: 1.605616, Acc: 80.850000%
epoch 167
Train Loss: 1.392985, Acc: 99.957778%, Domain Acc: 51.415558%
Val Loss: 0.135184, Acc: 97.580000%
 84%|███████████████████████████████████████████████████████████████████████████████████▌                | 167/200 [2:26:30<29:39, 53.93s/it]Test Loss: 1.558711, Acc: 81.310000%
epoch 168
Train Loss: 1.393437, Acc: 99.964444%, Domain Acc: 51.601347%
Val Loss: 0.136178, Acc: 97.740000%
 84%|████████████████████████████████████████████████████████████████████████████████████                | 168/200 [2:27:23<28:35, 53.62s/it]Test Loss: 1.595565, Acc: 81.150000%
epoch 169
Train Loss: 1.394122, Acc: 99.960000%, Domain Acc: 50.597484%
Val Loss: 0.136476, Acc: 97.700000%
 84%|████████████████████████████████████████████████████████████████████████████████████▌               | 169/200 [2:28:14<27:20, 52.92s/it]Test Loss: 1.624349, Acc: 80.610000%
epoch 170
Train Loss: 1.395284, Acc: 99.951111%, Domain Acc: 51.131968%
Val Loss: 0.129367, Acc: 97.660000%
 85%|█████████████████████████████████████████████████████████████████████████████████████               | 170/200 [2:29:07<26:28, 52.95s/it]Test Loss: 1.639161, Acc: 81.080000%
epoch 171
Train Loss: 1.394617, Acc: 99.940000%, Domain Acc: 51.376566%
Val Loss: 0.140914, Acc: 97.600000%
 86%|█████████████████████████████████████████████████████████████████████████████████████▌              | 171/200 [2:30:00<25:38, 53.04s/it]Test Loss: 1.640614, Acc: 81.070000%
epoch 172
Train Loss: 1.395273, Acc: 99.926667%, Domain Acc: 51.518688%
Val Loss: 0.133495, Acc: 97.840000%
 86%|██████████████████████████████████████████████████████████████████████████████████████              | 172/200 [2:30:52<24:32, 52.59s/it]Test Loss: 1.576415, Acc: 81.450000%
epoch 173
Train Loss: 1.391865, Acc: 99.935556%, Domain Acc: 52.151694%
Val Loss: 0.142824, Acc: 97.540000%
 86%|██████████████████████████████████████████████████████████████████████████████████████▌             | 173/200 [2:31:46<23:50, 52.98s/it]Test Loss: 1.656745, Acc: 80.690000%
epoch 174
Train Loss: 1.393037, Acc: 99.913333%, Domain Acc: 52.242661%
Val Loss: 0.133142, Acc: 97.560000%
 87%|███████████████████████████████████████████████████████████████████████████████████████             | 174/200 [2:32:39<22:57, 52.99s/it]Test Loss: 1.643126, Acc: 80.990000%
epoch 175
Train Loss: 1.390901, Acc: 99.955556%, Domain Acc: 51.911028%
Val Loss: 0.138897, Acc: 97.720000%
 88%|███████████████████████████████████████████████████████████████████████████████████████▌            | 175/200 [2:33:29<21:42, 52.09s/it]Test Loss: 1.611647, Acc: 81.360000%
epoch 176
Train Loss: 1.392505, Acc: 99.926667%, Domain Acc: 52.702356%
Val Loss: 0.111598, Acc: 97.540000%
 88%|████████████████████████████████████████████████████████████████████████████████████████            | 176/200 [2:34:23<21:06, 52.78s/it]Test Loss: 1.619422, Acc: 81.490000%
epoch 177
Train Loss: 1.393063, Acc: 99.960000%, Domain Acc: 51.756706%
Val Loss: 0.133589, Acc: 97.760000%
 88%|████████████████████████████████████████████████████████████████████████████████████████▌           | 177/200 [2:35:15<20:12, 52.70s/it]Test Loss: 1.676623, Acc: 81.520000%
epoch 178
Train Loss: 1.394112, Acc: 99.953333%, Domain Acc: 50.787456%
Val Loss: 0.119816, Acc: 97.640000%
 89%|█████████████████████████████████████████████████████████████████████████████████████████           | 178/200 [2:36:08<19:21, 52.80s/it]Test Loss: 1.670711, Acc: 81.120000%
epoch 179
Train Loss: 1.390194, Acc: 99.971111%, Domain Acc: 52.892588%
Val Loss: 0.128675, Acc: 97.700000%
 90%|█████████████████████████████████████████████████████████████████████████████████████████▌          | 179/200 [2:37:01<18:29, 52.86s/it]Test Loss: 1.651710, Acc: 81.280000%
epoch 180
Train Loss: 1.392375, Acc: 99.962222%, Domain Acc: 51.247207%
Val Loss: 0.143185, Acc: 97.760000%
 90%|██████████████████████████████████████████████████████████████████████████████████████████          | 180/200 [2:37:55<17:42, 53.10s/it]Test Loss: 1.726401, Acc: 81.250000%
epoch 181
Train Loss: 1.393821, Acc: 99.957778%, Domain Acc: 50.845766%
Val Loss: 0.124851, Acc: 97.920000%
 90%|██████████████████████████████████████████████████████████████████████████████████████████▌         | 181/200 [2:38:46<16:35, 52.39s/it]Test Loss: 1.719489, Acc: 81.090000%
epoch 182
Train Loss: 1.392007, Acc: 99.962222%, Domain Acc: 51.449149%
Val Loss: 0.126861, Acc: 97.780000%
 91%|███████████████████████████████████████████████████████████████████████████████████████████         | 182/200 [2:39:35<15:23, 51.31s/it]Test Loss: 1.717888, Acc: 81.070000%
epoch 183
Train Loss: 1.391770, Acc: 99.944444%, Domain Acc: 51.664965%
Val Loss: 0.136685, Acc: 97.680000%
 92%|███████████████████████████████████████████████████████████████████████████████████████████▌        | 183/200 [2:40:26<14:30, 51.22s/it]Test Loss: 1.698876, Acc: 81.450000%
epoch 184
Train Loss: 1.392300, Acc: 99.973333%, Domain Acc: 51.551248%
Val Loss: 0.127030, Acc: 97.700000%
 92%|████████████████████████████████████████████████████████████████████████████████████████████        | 184/200 [2:41:17<13:39, 51.24s/it]Test Loss: 1.754129, Acc: 81.770000%
epoch 185
Train Loss: 1.392306, Acc: 99.962222%, Domain Acc: 51.929713%
Val Loss: 0.135123, Acc: 97.740000%
 92%|████████████████████████████████████████████████████████████████████████████████████████████▌       | 185/200 [2:42:07<12:45, 51.01s/it]Test Loss: 1.755638, Acc: 80.990000%
epoch 186
Train Loss: 1.392597, Acc: 99.955556%, Domain Acc: 52.108999%
Val Loss: 0.141174, Acc: 97.460000%
 93%|█████████████████████████████████████████████████████████████████████████████████████████████       | 186/200 [2:42:59<11:54, 51.05s/it]Test Loss: 1.715559, Acc: 80.960000%
epoch 187
Train Loss: 1.392206, Acc: 99.968889%, Domain Acc: 52.199701%
Val Loss: 0.151856, Acc: 97.760000%
 94%|█████████████████████████████████████████████████████████████████████████████████████████████▌      | 187/200 [2:43:52<11:14, 51.88s/it]Test Loss: 1.689619, Acc: 81.420000%
epoch 188
Train Loss: 1.391642, Acc: 99.944444%, Domain Acc: 51.754425%
Val Loss: 0.131160, Acc: 97.640000%
 94%|██████████████████████████████████████████████████████████████████████████████████████████████      | 188/200 [2:44:46<10:29, 52.43s/it]Test Loss: 1.765005, Acc: 81.020000%
epoch 189
Train Loss: 1.393212, Acc: 99.953333%, Domain Acc: 51.001261%
Val Loss: 0.139205, Acc: 97.540000%
 94%|██████████████████████████████████████████████████████████████████████████████████████████████▌     | 189/200 [2:45:39<09:37, 52.53s/it]Test Loss: 1.704819, Acc: 81.400000%
epoch 190
Train Loss: 1.391750, Acc: 99.964444%, Domain Acc: 51.461108%
Val Loss: 0.147020, Acc: 97.580000%
 95%|███████████████████████████████████████████████████████████████████████████████████████████████     | 190/200 [2:46:28<08:34, 51.41s/it]Test Loss: 1.682999, Acc: 81.250000%
epoch 191
Train Loss: 1.389590, Acc: 99.966667%, Domain Acc: 52.530719%
Val Loss: 0.150046, Acc: 97.600000%
 96%|███████████████████████████████████████████████████████████████████████████████████████████████▌    | 191/200 [2:47:21<07:48, 52.11s/it]Test Loss: 1.661370, Acc: 81.530000%
epoch 192
Train Loss: 1.390843, Acc: 99.948889%, Domain Acc: 51.513662%
Val Loss: 0.137719, Acc: 97.800000%
 96%|████████████████████████████████████████████████████████████████████████████████████████████████    | 192/200 [2:48:14<06:57, 52.22s/it]Test Loss: 1.665153, Acc: 81.620000%
epoch 193
Train Loss: 1.391866, Acc: 99.962222%, Domain Acc: 51.589229%
Val Loss: 0.139365, Acc: 97.520000%
 96%|████████████████████████████████████████████████████████████████████████████████████████████████▌   | 193/200 [2:49:07<06:06, 52.38s/it]Test Loss: 1.668626, Acc: 81.990000%
epoch 194
Train Loss: 1.392010, Acc: 99.973333%, Domain Acc: 50.605799%
Val Loss: 0.163738, Acc: 97.600000%
 97%|█████████████████████████████████████████████████████████████████████████████████████████████████   | 194/200 [2:49:59<05:14, 52.46s/it]Test Loss: 1.734700, Acc: 81.240000%
epoch 195
Train Loss: 1.393655, Acc: 99.962222%, Domain Acc: 50.643106%
Val Loss: 0.149705, Acc: 97.560000%
 98%|█████████████████████████████████████████████████████████████████████████████████████████████████▌  | 195/200 [2:50:52<04:23, 52.65s/it]Test Loss: 1.728042, Acc: 81.340000%
epoch 196
Train Loss: 1.391754, Acc: 99.940000%, Domain Acc: 51.318792%
Val Loss: 0.140516, Acc: 97.680000%
 98%|██████████████████████████████████████████████████████████████████████████████████████████████████  | 196/200 [2:51:46<03:31, 52.84s/it]Test Loss: 1.757698, Acc: 81.410000%
epoch 197
Train Loss: 1.390664, Acc: 99.973333%, Domain Acc: 51.345024%
Val Loss: 0.145398, Acc: 97.560000%
 98%|██████████████████████████████████████████████████████████████████████████████████████████████████▌ | 197/200 [2:52:39<02:38, 52.85s/it]Test Loss: 1.792322, Acc: 81.250000%
epoch 198
Train Loss: 1.390617, Acc: 99.951111%, Domain Acc: 51.368751%
Val Loss: 0.130436, Acc: 97.520000%
 99%|███████████████████████████████████████████████████████████████████████████████████████████████████ | 198/200 [2:53:27<01:43, 51.60s/it]Test Loss: 1.759604, Acc: 81.150000%
epoch 199
Train Loss: 1.393174, Acc: 99.973333%, Domain Acc: 50.349440%
Val Loss: 0.150314, Acc: 97.320000%
100%|███████████████████████████████████████████████████████████████████████████████████████████████████▌| 199/200 [2:54:15<00:50, 50.51s/it]Test Loss: 1.762061, Acc: 80.820000%
epoch 200
Train Loss: 1.394339, Acc: 99.946667%, Domain Acc: 49.915525%
Val Loss: 0.133193, Acc: 97.800000%
100%|████████████████████████████████████████████████████████████████████████████████████████████████████| 200/200 [2:55:08<00:00, 52.54s/it]
Test Loss: 1.730279, Acc: 81.330000%
Best Val Acc: 97.980000%, Best Test Acc: 81.990000%