==> Preparing data..
==> Warmup for distillation..
==> building source and target dataset..
==> building source and target dataset done..
Number of distilled training examples: 6643
Accuracy of distilled training examples collection: 97.03447237693813%
Number of target domain examples: 38357
==> Distilling validation set..
==> Distilling validation set done..
Number of distilled validation examples: 708
Accuracy of distilled validation examples collection: 97.45762711864407%
==> Source and target dataset building..
==> Source and target dataset building done..
==> Start training..

  0%|                                                                                                                  | 0/200 [00:00<?, ?it/s]epoch 1

  0%|▌                                                                                                       | 1/200 [00:20<1:08:31, 20.66s/it]Train Loss: 2.249827, Acc: 86.286667%, Domain Acc: 68.067689%
Val Loss: 0.350077, Acc: 88.660000%
epoch 2

  1%|█                                                                                                       | 2/200 [00:40<1:06:03, 20.02s/it]Train Loss: 1.912791, Acc: 90.035556%, Domain Acc: 63.830662%
Val Loss: 0.351374, Acc: 88.820000%
epoch 3

  2%|█▌                                                                                                      | 3/200 [01:00<1:06:34, 20.28s/it]Train Loss: 1.889327, Acc: 90.884444%, Domain Acc: 61.693415%
Val Loss: 0.285128, Acc: 90.940000%
epoch 4

  2%|██                                                                                                      | 4/200 [01:20<1:04:59, 19.89s/it]Train Loss: 1.834742, Acc: 92.037778%, Domain Acc: 60.252683%
Val Loss: 0.286395, Acc: 91.420000%
epoch 5

  2%|██▌                                                                                                     | 5/200 [01:40<1:05:44, 20.23s/it]Train Loss: 1.795479, Acc: 92.677778%, Domain Acc: 59.489594%
Val Loss: 0.220151, Acc: 93.440000%
epoch 6

  3%|███                                                                                                     | 6/200 [02:00<1:04:15, 19.87s/it]Train Loss: 1.767939, Acc: 93.288889%, Domain Acc: 58.990939%
Val Loss: 0.318304, Acc: 90.960000%
epoch 7

  4%|███▋                                                                                                    | 7/200 [02:19<1:03:29, 19.74s/it]Train Loss: 1.792293, Acc: 92.844444%, Domain Acc: 58.622672%
Val Loss: 0.230386, Acc: 93.280000%
epoch 8

  4%|████▏                                                                                                   | 8/200 [02:40<1:04:18, 20.10s/it]Train Loss: 1.735988, Acc: 93.728889%, Domain Acc: 58.618028%
Val Loss: 0.244079, Acc: 93.020000%
epoch 9

  4%|████▋                                                                                                   | 9/200 [03:00<1:03:36, 19.98s/it]Train Loss: 1.720019, Acc: 94.026667%, Domain Acc: 58.177626%
Val Loss: 0.361037, Acc: 89.420000%
epoch 10

  5%|█████▏                                                                                                 | 10/200 [03:20<1:04:03, 20.23s/it]Train Loss: 1.707007, Acc: 94.335556%, Domain Acc: 58.169834%
Val Loss: 0.275011, Acc: 91.660000%
epoch 11

  6%|█████▋                                                                                                 | 11/200 [03:40<1:03:18, 20.10s/it]Train Loss: 1.703240, Acc: 94.333333%, Domain Acc: 58.209949%
Val Loss: 0.234225, Acc: 93.760000%
epoch 12

  6%|██████▏                                                                                                | 12/200 [04:01<1:03:23, 20.23s/it]Train Loss: 1.677046, Acc: 94.891111%, Domain Acc: 57.945755%
Val Loss: 0.254450, Acc: 92.620000%
epoch 13

  6%|██████▋                                                                                                | 13/200 [04:21<1:02:54, 20.18s/it]Train Loss: 1.681240, Acc: 94.766667%, Domain Acc: 57.835277%
Val Loss: 0.218157, Acc: 94.220000%
epoch 14

  7%|███████▏                                                                                               | 14/200 [04:40<1:01:28, 19.83s/it]Train Loss: 1.669238, Acc: 94.980000%, Domain Acc: 57.081518%
Val Loss: 0.247055, Acc: 93.240000%
epoch 15

  8%|███████▋                                                                                               | 15/200 [05:00<1:01:29, 19.94s/it]Train Loss: 1.657664, Acc: 95.177778%, Domain Acc: 57.501179%
Val Loss: 0.248200, Acc: 93.120000%
epoch 16

  8%|████████▏                                                                                              | 16/200 [05:19<1:00:35, 19.76s/it]Train Loss: 1.652547, Acc: 95.295556%, Domain Acc: 57.312418%
Val Loss: 0.221857, Acc: 93.680000%
epoch 17

  8%|████████▊                                                                                              | 17/200 [05:40<1:00:39, 19.89s/it]Train Loss: 1.656584, Acc: 95.295556%, Domain Acc: 57.044269%
Val Loss: 0.206350, Acc: 93.780000%
epoch 18

  9%|█████████▎                                                                                             | 18/200 [06:00<1:00:19, 19.89s/it]Train Loss: 1.651837, Acc: 95.317778%, Domain Acc: 57.116960%
Val Loss: 0.217720, Acc: 94.100000%
epoch 19

 10%|█████████▉                                                                                               | 19/200 [06:19<59:18, 19.66s/it]Train Loss: 1.644347, Acc: 95.491111%, Domain Acc: 56.685738%
Val Loss: 0.221019, Acc: 93.560000%
epoch 20

 10%|██████████▎                                                                                            | 20/200 [06:39<1:00:01, 20.01s/it]Train Loss: 1.634580, Acc: 95.702222%, Domain Acc: 56.305671%
Val Loss: 0.234123, Acc: 93.500000%
epoch 21

 10%|███████████                                                                                              | 21/200 [06:58<58:46, 19.70s/it]Train Loss: 1.632563, Acc: 95.657778%, Domain Acc: 56.833534%
Val Loss: 0.231817, Acc: 93.620000%
epoch 22

 11%|███████████▌                                                                                             | 22/200 [07:18<58:36, 19.76s/it]Train Loss: 1.635479, Acc: 95.473333%, Domain Acc: 56.828479%
Val Loss: 0.252838, Acc: 93.300000%
epoch 23

 12%|████████████                                                                                             | 23/200 [07:38<58:32, 19.85s/it]Train Loss: 1.621078, Acc: 95.797778%, Domain Acc: 56.852956%
Val Loss: 0.192342, Acc: 94.500000%
epoch 24

 12%|████████████▌                                                                                            | 24/200 [07:59<58:41, 20.01s/it]Train Loss: 1.634795, Acc: 95.615556%, Domain Acc: 56.590378%
Val Loss: 0.198576, Acc: 93.900000%
epoch 25

 12%|█████████████▏                                                                                           | 25/200 [08:19<58:29, 20.05s/it]Train Loss: 1.618999, Acc: 95.895556%, Domain Acc: 56.712406%
Val Loss: 0.223170, Acc: 93.920000%
epoch 26

 13%|█████████████▋                                                                                           | 26/200 [08:39<58:14, 20.09s/it]Train Loss: 1.619065, Acc: 95.875556%, Domain Acc: 56.391441%
Val Loss: 0.172360, Acc: 95.000000%
epoch 27

 14%|██████████████▏                                                                                          | 27/200 [08:59<58:05, 20.15s/it]Train Loss: 1.613890, Acc: 95.984444%, Domain Acc: 56.703048%
Val Loss: 0.176261, Acc: 95.200000%
epoch 28

 14%|██████████████▋                                                                                          | 28/200 [09:18<56:28, 19.70s/it]Train Loss: 1.609483, Acc: 96.060000%, Domain Acc: 56.575150%
Val Loss: 0.189447, Acc: 94.280000%
epoch 29

 14%|███████████████▏                                                                                         | 29/200 [09:39<56:52, 19.96s/it]Train Loss: 1.620570, Acc: 95.888889%, Domain Acc: 56.555923%
Val Loss: 0.284982, Acc: 92.400000%
epoch 30

 15%|███████████████▊                                                                                         | 30/200 [09:58<55:56, 19.74s/it]Train Loss: 1.649570, Acc: 95.446667%, Domain Acc: 56.552228%
Val Loss: 0.239582, Acc: 93.700000%
epoch 31

 16%|████████████████▎                                                                                        | 31/200 [10:18<55:53, 19.84s/it]Train Loss: 1.598443, Acc: 96.202222%, Domain Acc: 56.857452%
Val Loss: 0.171444, Acc: 95.000000%
epoch 32

 16%|████████████████▊                                                                                        | 32/200 [10:38<55:42, 19.89s/it]Train Loss: 1.618665, Acc: 95.857778%, Domain Acc: 56.721780%
Val Loss: 0.200274, Acc: 94.180000%
epoch 33

 16%|█████████████████▎                                                                                       | 33/200 [10:58<55:36, 19.98s/it]Train Loss: 1.607013, Acc: 96.066667%, Domain Acc: 56.700866%
Val Loss: 0.284038, Acc: 91.760000%
epoch 34

 17%|█████████████████▊                                                                                       | 34/200 [11:19<56:04, 20.27s/it]Train Loss: 1.606558, Acc: 96.133333%, Domain Acc: 56.027484%
Val Loss: 0.181972, Acc: 94.340000%
epoch 35

 18%|██████████████████▍                                                                                      | 35/200 [11:39<55:38, 20.23s/it]Train Loss: 1.604405, Acc: 96.055556%, Domain Acc: 56.414074%
Val Loss: 0.252196, Acc: 93.100000%
epoch 36

 18%|██████████████████▉                                                                                      | 36/200 [12:00<56:10, 20.55s/it]Train Loss: 1.600270, Acc: 96.304444%, Domain Acc: 56.017314%
Val Loss: 0.168597, Acc: 95.280000%
epoch 37

 18%|███████████████████▍                                                                                     | 37/200 [12:21<55:37, 20.47s/it]Train Loss: 1.601562, Acc: 96.140000%, Domain Acc: 56.733399%
Val Loss: 0.208908, Acc: 94.900000%
epoch 38

 19%|███████████████████▉                                                                                     | 38/200 [12:41<54:41, 20.26s/it]Train Loss: 1.591990, Acc: 96.362222%, Domain Acc: 55.730205%
Val Loss: 0.216164, Acc: 94.400000%
epoch 39

 20%|████████████████████▍                                                                                    | 39/200 [13:01<54:46, 20.41s/it]Train Loss: 1.590552, Acc: 96.393333%, Domain Acc: 56.317552%
Val Loss: 0.164066, Acc: 95.360000%
epoch 40

 20%|█████████████████████                                                                                    | 40/200 [13:22<54:41, 20.51s/it]Train Loss: 1.586886, Acc: 96.302222%, Domain Acc: 56.264336%
Val Loss: 0.240791, Acc: 94.080000%
epoch 41

 20%|█████████████████████▌                                                                                   | 41/200 [13:42<54:10, 20.44s/it]Train Loss: 1.595146, Acc: 96.322222%, Domain Acc: 55.965379%
Val Loss: 0.173885, Acc: 94.860000%
epoch 42

 21%|██████████████████████                                                                                   | 42/200 [14:02<52:56, 20.10s/it]Train Loss: 1.582343, Acc: 96.468889%, Domain Acc: 55.992347%
Val Loss: 0.194265, Acc: 94.580000%
epoch 43

 22%|██████████████████████▌                                                                                  | 43/200 [14:22<52:54, 20.22s/it]Train Loss: 1.600717, Acc: 96.135556%, Domain Acc: 56.509145%
Val Loss: 0.302167, Acc: 91.760000%
epoch 44

 22%|███████████████████████                                                                                  | 44/200 [14:42<52:38, 20.25s/it]Train Loss: 1.594964, Acc: 96.224444%, Domain Acc: 56.575292%
Val Loss: 0.171697, Acc: 95.380000%
epoch 45

 22%|███████████████████████▋                                                                                 | 45/200 [15:03<52:15, 20.23s/it]Train Loss: 1.581687, Acc: 96.451111%, Domain Acc: 56.120370%
Val Loss: 0.177817, Acc: 95.040000%
epoch 46

 23%|████████████████████████▏                                                                                | 46/200 [15:23<52:02, 20.28s/it]Train Loss: 1.588166, Acc: 96.324444%, Domain Acc: 56.348348%
Val Loss: 0.188607, Acc: 94.360000%
epoch 47

 24%|████████████████████████▋                                                                                | 47/200 [15:42<50:44, 19.90s/it]Train Loss: 1.593020, Acc: 96.297778%, Domain Acc: 56.378326%
Val Loss: 0.172239, Acc: 94.940000%
epoch 48

 24%|█████████████████████████▏                                                                               | 48/200 [16:03<50:54, 20.10s/it]Train Loss: 1.586827, Acc: 96.344444%, Domain Acc: 56.296620%
Val Loss: 0.182207, Acc: 95.000000%
epoch 49

 24%|█████████████████████████▋                                                                               | 49/200 [16:22<49:45, 19.77s/it]Train Loss: 1.577606, Acc: 96.606667%, Domain Acc: 56.226921%
Val Loss: 0.199190, Acc: 95.040000%
epoch 50

 25%|██████████████████████████▎                                                                              | 50/200 [16:40<48:22, 19.35s/it]Train Loss: 1.584987, Acc: 96.426667%, Domain Acc: 56.614845%
Val Loss: 0.191780, Acc: 94.300000%
epoch 51

 26%|██████████████████████████▊                                                                              | 51/200 [17:01<49:23, 19.89s/it]Train Loss: 1.581608, Acc: 96.511111%, Domain Acc: 55.397753%
Val Loss: 0.149043, Acc: 95.640000%
epoch 52

 26%|███████████████████████████▎                                                                             | 52/200 [17:21<49:23, 20.02s/it]Train Loss: 1.579878, Acc: 96.568889%, Domain Acc: 56.853560%
Val Loss: 0.193057, Acc: 94.240000%
epoch 53

 26%|███████████████████████████▊                                                                             | 53/200 [17:42<49:12, 20.09s/it]Train Loss: 1.593260, Acc: 96.333333%, Domain Acc: 56.244565%
Val Loss: 0.169885, Acc: 95.400000%
epoch 54

 27%|████████████████████████████▎                                                                            | 54/200 [18:02<49:00, 20.14s/it]Train Loss: 1.578530, Acc: 96.562222%, Domain Acc: 55.996325%
Val Loss: 0.179289, Acc: 95.020000%
epoch 55

 28%|████████████████████████████▉                                                                            | 55/200 [18:22<48:50, 20.21s/it]Train Loss: 1.583892, Acc: 96.557778%, Domain Acc: 55.851432%
Val Loss: 0.233462, Acc: 93.220000%
epoch 56

 28%|█████████████████████████████▍                                                                           | 56/200 [18:42<48:13, 20.09s/it]Train Loss: 1.579199, Acc: 96.457778%, Domain Acc: 55.757861%
Val Loss: 0.194805, Acc: 94.120000%
epoch 57

 28%|█████████████████████████████▉                                                                           | 57/200 [19:00<46:21, 19.45s/it]Train Loss: 1.580077, Acc: 96.513333%, Domain Acc: 56.206592%
Val Loss: 0.174942, Acc: 94.860000%
epoch 58

 29%|██████████████████████████████▍                                                                          | 58/200 [19:21<46:52, 19.81s/it]Train Loss: 1.582765, Acc: 96.477778%, Domain Acc: 56.542302%
Val Loss: 0.224071, Acc: 94.020000%
epoch 59

 30%|██████████████████████████████▉                                                                          | 59/200 [19:40<46:17, 19.70s/it]Train Loss: 1.575278, Acc: 96.684444%, Domain Acc: 55.109618%
Val Loss: 0.201375, Acc: 94.540000%
epoch 60

 30%|███████████████████████████████▌                                                                         | 60/200 [20:01<46:55, 20.11s/it]Train Loss: 1.572649, Acc: 96.602222%, Domain Acc: 56.295115%
Val Loss: 0.142485, Acc: 96.100000%
epoch 61

 30%|████████████████████████████████                                                                         | 61/200 [20:22<46:47, 20.19s/it]Train Loss: 1.570967, Acc: 96.682222%, Domain Acc: 55.761088%
Val Loss: 0.142662, Acc: 95.920000%
epoch 62

 31%|████████████████████████████████▌                                                                        | 62/200 [20:41<45:36, 19.83s/it]Train Loss: 1.573514, Acc: 96.571111%, Domain Acc: 55.937078%
Val Loss: 0.164832, Acc: 95.060000%
epoch 63

 32%|█████████████████████████████████                                                                        | 63/200 [21:01<45:32, 19.95s/it]Train Loss: 1.578035, Acc: 96.568889%, Domain Acc: 55.914264%
Val Loss: 0.225840, Acc: 93.520000%
epoch 64

 32%|█████████████████████████████████▌                                                                       | 64/200 [21:20<44:36, 19.68s/it]Train Loss: 1.577880, Acc: 96.640000%, Domain Acc: 55.377037%
Val Loss: 0.198558, Acc: 94.560000%
epoch 65

 32%|██████████████████████████████████▏                                                                      | 65/200 [21:40<44:43, 19.87s/it]Train Loss: 1.569579, Acc: 96.740000%, Domain Acc: 54.929268%
Val Loss: 0.151731, Acc: 95.680000%
epoch 66

 33%|██████████████████████████████████▋                                                                      | 66/200 [22:01<44:48, 20.06s/it]Train Loss: 1.567676, Acc: 96.862222%, Domain Acc: 54.661613%
Val Loss: 0.186241, Acc: 94.940000%
epoch 67

 34%|███████████████████████████████████▏                                                                     | 67/200 [22:21<44:19, 20.00s/it]Train Loss: 1.550445, Acc: 97.080000%, Domain Acc: 54.954818%
Val Loss: 0.201401, Acc: 93.860000%
epoch 68

 34%|███████████████████████████████████▋                                                                     | 68/200 [22:41<43:58, 19.99s/it]Train Loss: 1.564154, Acc: 96.880000%, Domain Acc: 55.315350%
Val Loss: 0.185999, Acc: 94.500000%
epoch 69

 34%|████████████████████████████████████▏                                                                    | 69/200 [23:01<43:41, 20.01s/it]Train Loss: 1.576340, Acc: 96.675556%, Domain Acc: 55.330722%
Val Loss: 0.194887, Acc: 94.560000%
epoch 70

 35%|████████████████████████████████████▊                                                                    | 70/200 [23:21<43:26, 20.05s/it]Train Loss: 1.577517, Acc: 96.651111%, Domain Acc: 55.452664%
Val Loss: 0.184792, Acc: 95.020000%
epoch 71

 36%|█████████████████████████████████████▎                                                                   | 71/200 [23:41<43:04, 20.03s/it]Train Loss: 1.559675, Acc: 97.088889%, Domain Acc: 54.378073%
Val Loss: 0.208917, Acc: 93.620000%
epoch 72

 36%|█████████████████████████████████████▊                                                                   | 72/200 [24:02<43:37, 20.45s/it]Train Loss: 1.565816, Acc: 96.920000%, Domain Acc: 53.959669%
Val Loss: 0.139578, Acc: 96.180000%
epoch 73

 36%|██████████████████████████████████████▎                                                                  | 73/200 [24:22<43:11, 20.41s/it]Train Loss: 1.562472, Acc: 96.902222%, Domain Acc: 54.961754%
Val Loss: 0.164052, Acc: 95.560000%
epoch 74

 37%|██████████████████████████████████████▊                                                                  | 74/200 [24:43<43:12, 20.57s/it]Train Loss: 1.562764, Acc: 96.975556%, Domain Acc: 54.740450%
Val Loss: 0.205394, Acc: 94.240000%
epoch 75

 38%|███████████████████████████████████████▍                                                                 | 75/200 [25:03<42:30, 20.41s/it]Train Loss: 1.564464, Acc: 96.860000%, Domain Acc: 55.317185%
Val Loss: 0.173865, Acc: 95.020000%
epoch 76

 38%|███████████████████████████████████████▉                                                                 | 76/200 [25:24<42:09, 20.40s/it]Train Loss: 1.565405, Acc: 96.926667%, Domain Acc: 54.963062%
Val Loss: 0.158374, Acc: 95.360000%
epoch 77

 38%|████████████████████████████████████████▍                                                                | 77/200 [25:45<42:29, 20.73s/it]Train Loss: 1.572158, Acc: 96.711111%, Domain Acc: 55.952662%
Val Loss: 0.180388, Acc: 94.820000%
epoch 78

 39%|████████████████████████████████████████▉                                                                | 78/200 [26:06<41:57, 20.63s/it]Train Loss: 1.575429, Acc: 96.686667%, Domain Acc: 54.746266%
Val Loss: 0.164445, Acc: 94.900000%
epoch 79

 40%|█████████████████████████████████████████▍                                                               | 79/200 [26:28<42:18, 20.98s/it]Train Loss: 1.562033, Acc: 96.924444%, Domain Acc: 54.772075%
Val Loss: 0.197164, Acc: 94.500000%
epoch 80

 40%|██████████████████████████████████████████                                                               | 80/200 [26:47<41:05, 20.54s/it]Train Loss: 1.564690, Acc: 97.057778%, Domain Acc: 53.327654%
Val Loss: 0.156203, Acc: 95.260000%
epoch 81

 40%|██████████████████████████████████████████▌                                                              | 81/200 [27:07<40:25, 20.38s/it]Train Loss: 1.547043, Acc: 97.271111%, Domain Acc: 53.876039%
Val Loss: 0.187392, Acc: 94.580000%
epoch 82

 41%|███████████████████████████████████████████                                                              | 82/200 [27:28<40:21, 20.52s/it]Train Loss: 1.561073, Acc: 96.953333%, Domain Acc: 54.776107%
Val Loss: 0.196268, Acc: 94.660000%
epoch 83

 42%|███████████████████████████████████████████▌                                                             | 83/200 [27:48<39:49, 20.42s/it]Train Loss: 1.563560, Acc: 96.980000%, Domain Acc: 54.573131%
Val Loss: 0.190758, Acc: 94.520000%
epoch 84

 42%|████████████████████████████████████████████                                                             | 84/200 [28:08<39:18, 20.33s/it]Train Loss: 1.558424, Acc: 97.013333%, Domain Acc: 54.846750%
Val Loss: 0.160610, Acc: 95.580000%
epoch 85

 42%|████████████████████████████████████████████▋                                                            | 85/200 [28:27<38:20, 20.00s/it]Train Loss: 1.560232, Acc: 96.886667%, Domain Acc: 54.187168%
Val Loss: 0.172939, Acc: 95.440000%
epoch 86

 43%|█████████████████████████████████████████████▏                                                           | 86/200 [28:48<38:13, 20.11s/it]Train Loss: 1.563328, Acc: 96.946667%, Domain Acc: 54.939628%
Val Loss: 0.197504, Acc: 95.160000%
epoch 87

 44%|█████████████████████████████████████████████▋                                                           | 87/200 [29:07<37:37, 19.98s/it]Train Loss: 1.548635, Acc: 97.228889%, Domain Acc: 53.899643%
Val Loss: 0.175440, Acc: 95.420000%
epoch 88

 44%|██████████████████████████████████████████████▏                                                          | 88/200 [29:28<37:19, 20.00s/it]Train Loss: 1.560549, Acc: 96.977778%, Domain Acc: 53.750426%
Val Loss: 0.286606, Acc: 92.240000%
epoch 89

 44%|██████████████████████████████████████████████▋                                                          | 89/200 [29:48<37:12, 20.12s/it]Train Loss: 1.561816, Acc: 96.946667%, Domain Acc: 54.152480%
Val Loss: 0.147179, Acc: 96.080000%
epoch 90

 45%|███████████████████████████████████████████████▎                                                         | 90/200 [30:08<36:36, 19.97s/it]Train Loss: 1.562726, Acc: 96.846667%, Domain Acc: 54.558873%
Val Loss: 0.188924, Acc: 94.740000%
epoch 91

 46%|███████████████████████████████████████████████▊                                                         | 91/200 [30:28<36:42, 20.21s/it]Train Loss: 1.571179, Acc: 96.862222%, Domain Acc: 54.286861%
Val Loss: 0.185883, Acc: 95.240000%
epoch 92

 46%|████████████████████████████████████████████████▎                                                        | 92/200 [30:48<36:21, 20.20s/it]Train Loss: 1.579868, Acc: 96.628889%, Domain Acc: 54.450747%
Val Loss: 0.151111, Acc: 96.000000%
epoch 93

 46%|████████████████████████████████████████████████▊                                                        | 93/200 [31:08<35:40, 20.00s/it]Train Loss: 1.556078, Acc: 97.111111%, Domain Acc: 52.848150%
Val Loss: 0.143891, Acc: 96.040000%
epoch 94

 47%|█████████████████████████████████████████████████▎                                                       | 94/200 [31:29<35:40, 20.19s/it]Train Loss: 1.567456, Acc: 96.906667%, Domain Acc: 54.418299%
Val Loss: 0.185506, Acc: 94.820000%
epoch 95

 48%|█████████████████████████████████████████████████▉                                                       | 95/200 [31:49<35:23, 20.23s/it]Train Loss: 1.543757, Acc: 97.391111%, Domain Acc: 53.567441%
Val Loss: 0.156746, Acc: 95.740000%
epoch 96

 48%|██████████████████████████████████████████████████▍                                                      | 96/200 [32:10<35:38, 20.56s/it]Train Loss: 1.559201, Acc: 97.046667%, Domain Acc: 53.479537%
Val Loss: 0.154081, Acc: 95.500000%
epoch 97

 48%|██████████████████████████████████████████████████▉                                                      | 97/200 [32:30<34:51, 20.30s/it]Train Loss: 1.541982, Acc: 97.364444%, Domain Acc: 53.624480%
Val Loss: 0.160834, Acc: 95.560000%
epoch 98

 49%|███████████████████████████████████████████████████▍                                                     | 98/200 [32:51<34:48, 20.48s/it]Train Loss: 1.561075, Acc: 96.986667%, Domain Acc: 54.639655%
Val Loss: 0.259577, Acc: 92.280000%
epoch 99

 50%|███████████████████████████████████████████████████▉                                                     | 99/200 [33:11<34:06, 20.26s/it]Train Loss: 1.562011, Acc: 97.015556%, Domain Acc: 53.037305%
Val Loss: 0.156414, Acc: 95.840000%
epoch 100

 50%|████████████████████████████████████████████████████                                                    | 100/200 [33:31<33:53, 20.34s/it]Train Loss: 1.540102, Acc: 97.393333%, Domain Acc: 51.751419%
Val Loss: 0.192112, Acc: 94.980000%
epoch 101

 50%|████████████████████████████████████████████████████▌                                                   | 101/200 [33:51<33:22, 20.22s/it]Train Loss: 1.451065, Acc: 98.902222%, Domain Acc: 54.230865%
Val Loss: 0.099841, Acc: 97.400000%
epoch 102

 51%|█████████████████████████████████████████████████████                                                   | 102/200 [34:11<33:02, 20.23s/it]Train Loss: 1.400464, Acc: 99.340000%, Domain Acc: 56.072367%
Val Loss: 0.105974, Acc: 97.600000%
epoch 103

 52%|█████████████████████████████████████████████████████▌                                                  | 103/200 [34:32<33:03, 20.45s/it]Train Loss: 1.399675, Acc: 99.333333%, Domain Acc: 56.452169%
Val Loss: 0.114337, Acc: 97.520000%
epoch 104

 52%|██████████████████████████████████████████████████████                                                  | 104/200 [34:52<32:22, 20.23s/it]Train Loss: 1.400594, Acc: 99.508889%, Domain Acc: 54.326023%
Val Loss: 0.090349, Acc: 98.040000%
epoch 105

 52%|██████████████████████████████████████████████████████▌                                                 | 105/200 [35:14<32:47, 20.71s/it]Train Loss: 1.391449, Acc: 99.584444%, Domain Acc: 56.349423%
Val Loss: 0.104481, Acc: 97.800000%
epoch 106

 53%|███████████████████████████████████████████████████████                                                 | 106/200 [35:34<32:14, 20.58s/it]Train Loss: 1.393111, Acc: 99.588889%, Domain Acc: 56.340621%
Val Loss: 0.105680, Acc: 97.540000%
epoch 107

 54%|███████████████████████████████████████████████████████▋                                                | 107/200 [35:54<31:43, 20.47s/it]Train Loss: 1.394875, Acc: 99.573333%, Domain Acc: 56.189351%
Val Loss: 0.103504, Acc: 97.860000%
epoch 108

 54%|████████████████████████████████████████████████████████▏                                               | 108/200 [36:16<32:05, 20.93s/it]Train Loss: 1.400685, Acc: 99.580000%, Domain Acc: 55.137908%
Val Loss: 0.107288, Acc: 97.440000%
epoch 109

 55%|████████████████████████████████████████████████████████▋                                               | 109/200 [36:37<31:26, 20.73s/it]Train Loss: 1.405090, Acc: 99.713333%, Domain Acc: 52.623335%
Val Loss: 0.119115, Acc: 97.880000%
epoch 110

 55%|█████████████████████████████████████████████████████████▏                                              | 110/200 [36:58<31:12, 20.80s/it]Train Loss: 1.403491, Acc: 99.715556%, Domain Acc: 53.061028%
Val Loss: 0.090853, Acc: 97.520000%
epoch 111

 56%|█████████████████████████████████████████████████████████▋                                              | 111/200 [37:17<30:24, 20.50s/it]Train Loss: 1.403754, Acc: 99.791111%, Domain Acc: 51.852371%
Val Loss: 0.111335, Acc: 97.800000%
epoch 112

 56%|██████████████████████████████████████████████████████████▏                                             | 112/200 [37:37<29:47, 20.31s/it]Train Loss: 1.395579, Acc: 99.795556%, Domain Acc: 53.297713%
Val Loss: 0.122876, Acc: 97.740000%
epoch 113

 56%|██████████████████████████████████████████████████████████▊                                             | 113/200 [37:58<29:31, 20.36s/it]Train Loss: 1.396909, Acc: 99.811111%, Domain Acc: 52.182909%
Val Loss: 0.125305, Acc: 97.920000%
epoch 114

 57%|███████████████████████████████████████████████████████████▎                                            | 114/200 [38:17<28:33, 19.93s/it]Train Loss: 1.400784, Acc: 99.822222%, Domain Acc: 51.302347%
Val Loss: 0.105213, Acc: 97.620000%
epoch 115

 57%|███████████████████████████████████████████████████████████▊                                            | 115/200 [38:36<27:50, 19.65s/it]Train Loss: 1.394987, Acc: 99.793333%, Domain Acc: 52.924550%
Val Loss: 0.128147, Acc: 97.940000%
epoch 116

 58%|████████████████████████████████████████████████████████████▎                                           | 116/200 [38:55<27:30, 19.64s/it]Train Loss: 1.393170, Acc: 99.804444%, Domain Acc: 53.946551%
Val Loss: 0.122965, Acc: 97.840000%
epoch 117

 58%|████████████████████████████████████████████████████████████▊                                           | 117/200 [39:16<27:30, 19.88s/it]Train Loss: 1.399682, Acc: 99.820000%, Domain Acc: 51.737623%
Val Loss: 0.126927, Acc: 97.680000%
epoch 118

 59%|█████████████████████████████████████████████████████████████▎                                          | 118/200 [39:35<27:02, 19.79s/it]Train Loss: 1.400437, Acc: 99.848889%, Domain Acc: 50.730362%
Val Loss: 0.122649, Acc: 97.740000%
epoch 119

 60%|█████████████████████████████████████████████████████████████▉                                          | 119/200 [39:55<26:28, 19.61s/it]Train Loss: 1.399733, Acc: 99.844444%, Domain Acc: 50.939225%
Val Loss: 0.137204, Acc: 97.740000%
epoch 120

 60%|██████████████████████████████████████████████████████████████▍                                         | 120/200 [40:15<26:27, 19.85s/it]Train Loss: 1.399260, Acc: 99.893333%, Domain Acc: 49.147575%
Val Loss: 0.122468, Acc: 97.740000%
epoch 121

 60%|██████████████████████████████████████████████████████████████▉                                         | 121/200 [40:35<26:07, 19.84s/it]Train Loss: 1.395449, Acc: 99.908889%, Domain Acc: 50.665409%
Val Loss: 0.136504, Acc: 97.780000%
epoch 122

 61%|███████████████████████████████████████████████████████████████▍                                        | 122/200 [40:56<26:11, 20.15s/it]Train Loss: 1.395397, Acc: 99.846667%, Domain Acc: 51.467536%
Val Loss: 0.150709, Acc: 97.760000%
epoch 123

 62%|███████████████████████████████████████████████████████████████▉                                        | 123/200 [41:16<25:48, 20.11s/it]Train Loss: 1.396699, Acc: 99.884444%, Domain Acc: 51.250366%
Val Loss: 0.109779, Acc: 97.680000%
epoch 124

 62%|████████████████████████████████████████████████████████████████▍                                       | 124/200 [41:35<25:12, 19.90s/it]Train Loss: 1.397736, Acc: 99.855556%, Domain Acc: 51.463312%
Val Loss: 0.148159, Acc: 97.660000%
epoch 125

 62%|█████████████████████████████████████████████████████████████████                                       | 125/200 [41:55<25:02, 20.03s/it]Train Loss: 1.397245, Acc: 99.868889%, Domain Acc: 50.429332%
Val Loss: 0.113961, Acc: 97.740000%
epoch 126

 63%|█████████████████████████████████████████████████████████████████▌                                      | 126/200 [42:15<24:38, 19.98s/it]Train Loss: 1.394770, Acc: 99.884444%, Domain Acc: 51.148466%
Val Loss: 0.152391, Acc: 97.760000%
epoch 127

 64%|██████████████████████████████████████████████████████████████████                                      | 127/200 [42:36<24:27, 20.10s/it]Train Loss: 1.395777, Acc: 99.888889%, Domain Acc: 50.173597%
Val Loss: 0.110137, Acc: 97.740000%
epoch 128

 64%|██████████████████████████████████████████████████████████████████▌                                     | 128/200 [42:56<24:14, 20.20s/it]Train Loss: 1.393917, Acc: 99.866667%, Domain Acc: 51.658065%
Val Loss: 0.130645, Acc: 97.440000%
epoch 129

 64%|███████████████████████████████████████████████████████████████████                                     | 129/200 [43:18<24:21, 20.58s/it]Train Loss: 1.394805, Acc: 99.897778%, Domain Acc: 51.650985%
Val Loss: 0.130469, Acc: 97.620000%
epoch 130

 65%|███████████████████████████████████████████████████████████████████▌                                    | 130/200 [43:37<23:41, 20.30s/it]Train Loss: 1.394075, Acc: 99.853333%, Domain Acc: 52.770738%
Val Loss: 0.165984, Acc: 97.560000%
epoch 131

 66%|████████████████████████████████████████████████████████████████████                                    | 131/200 [43:58<23:24, 20.36s/it]Train Loss: 1.397839, Acc: 99.851111%, Domain Acc: 51.714764%
Val Loss: 0.126135, Acc: 97.720000%
epoch 132

 66%|████████████████████████████████████████████████████████████████████▋                                   | 132/200 [44:18<23:09, 20.43s/it]Train Loss: 1.395706, Acc: 99.826667%, Domain Acc: 51.866624%
Val Loss: 0.148882, Acc: 97.660000%
epoch 133

 66%|█████████████████████████████████████████████████████████████████████▏                                  | 133/200 [44:39<22:51, 20.46s/it]Train Loss: 1.396580, Acc: 99.871111%, Domain Acc: 51.730289%
Val Loss: 0.147605, Acc: 97.700000%
epoch 134

 67%|█████████████████████████████████████████████████████████████████████▋                                  | 134/200 [45:01<22:58, 20.89s/it]Train Loss: 1.402265, Acc: 99.793333%, Domain Acc: 52.193435%
Val Loss: 0.123409, Acc: 97.820000%
epoch 135

 68%|██████████████████████████████████████████████████████████████████████▏                                 | 135/200 [45:20<22:10, 20.47s/it]Train Loss: 1.395490, Acc: 99.846667%, Domain Acc: 52.055449%
Val Loss: 0.116502, Acc: 97.720000%
epoch 136

 68%|██████████████████████████████████████████████████████████████████████▋                                 | 136/200 [45:40<21:37, 20.28s/it]Train Loss: 1.397336, Acc: 99.853333%, Domain Acc: 51.149195%
Val Loss: 0.131629, Acc: 97.500000%
epoch 137

 68%|███████████████████████████████████████████████████████████████████████▏                                | 137/200 [45:59<20:53, 19.90s/it]Train Loss: 1.394875, Acc: 99.833333%, Domain Acc: 53.993988%
Val Loss: 0.123237, Acc: 97.900000%
epoch 138

 69%|███████████████████████████████████████████████████████████████████████▊                                | 138/200 [46:19<20:37, 19.96s/it]Train Loss: 1.395591, Acc: 99.875556%, Domain Acc: 51.547751%
Val Loss: 0.131887, Acc: 97.740000%
epoch 139

 70%|████████████████████████████████████████████████████████████████████████▎                               | 139/200 [46:39<20:16, 19.95s/it]Train Loss: 1.394831, Acc: 99.908889%, Domain Acc: 50.926105%
Val Loss: 0.114080, Acc: 97.860000%
epoch 140

 70%|████████████████████████████████████████████████████████████████████████▊                               | 140/200 [46:59<19:50, 19.85s/it]Train Loss: 1.394258, Acc: 99.851111%, Domain Acc: 51.303719%
Val Loss: 0.139642, Acc: 97.680000%
epoch 141

 70%|█████████████████████████████████████████████████████████████████████████▎                              | 141/200 [47:19<19:35, 19.92s/it]Train Loss: 1.393803, Acc: 99.873333%, Domain Acc: 52.413467%
Val Loss: 0.122156, Acc: 97.760000%
epoch 142

 71%|█████████████████████████████████████████████████████████████████████████▊                              | 142/200 [47:38<19:05, 19.75s/it]Train Loss: 1.398222, Acc: 99.828889%, Domain Acc: 51.775510%
Val Loss: 0.127194, Acc: 97.380000%
epoch 143

 72%|██████████████████████████████████████████████████████████████████████████▎                             | 143/200 [47:58<18:50, 19.84s/it]Train Loss: 1.398063, Acc: 99.857778%, Domain Acc: 51.174761%
Val Loss: 0.144275, Acc: 97.560000%
epoch 144

 72%|██████████████████████████████████████████████████████████████████████████▉                             | 144/200 [48:18<18:33, 19.89s/it]Train Loss: 1.399954, Acc: 99.846667%, Domain Acc: 51.049646%
Val Loss: 0.126718, Acc: 97.620000%
epoch 145

 72%|███████████████████████████████████████████████████████████████████████████▍                            | 145/200 [48:38<18:09, 19.81s/it]Train Loss: 1.395434, Acc: 99.846667%, Domain Acc: 52.594824%
Val Loss: 0.141783, Acc: 97.800000%
epoch 146

 73%|███████████████████████████████████████████████████████████████████████████▉                            | 146/200 [48:58<17:50, 19.82s/it]Train Loss: 1.394518, Acc: 99.886667%, Domain Acc: 52.302986%
Val Loss: 0.131616, Acc: 97.580000%
epoch 147

 74%|████████████████████████████████████████████████████████████████████████████▍                           | 147/200 [49:15<16:53, 19.13s/it]Train Loss: 1.394856, Acc: 99.857778%, Domain Acc: 52.066437%
Val Loss: 0.130033, Acc: 97.500000%
epoch 148

 74%|████████████████████████████████████████████████████████████████████████████▉                           | 148/200 [49:36<17:01, 19.65s/it]Train Loss: 1.402975, Acc: 99.755556%, Domain Acc: 51.528127%
Val Loss: 0.128386, Acc: 97.460000%
epoch 149

 74%|█████████████████████████████████████████████████████████████████████████████▍                          | 149/200 [49:55<16:38, 19.57s/it]Train Loss: 1.399379, Acc: 99.795556%, Domain Acc: 52.104316%
Val Loss: 0.151165, Acc: 97.420000%
epoch 150

 75%|██████████████████████████████████████████████████████████████████████████████                          | 150/200 [50:14<16:05, 19.32s/it]Train Loss: 1.399355, Acc: 99.788889%, Domain Acc: 51.820116%
Val Loss: 0.136156, Acc: 97.580000%
epoch 151

 76%|██████████████████████████████████████████████████████████████████████████████▌                         | 151/200 [50:35<16:08, 19.77s/it]Train Loss: 1.392787, Acc: 99.897778%, Domain Acc: 50.750583%
Val Loss: 0.129263, Acc: 97.680000%
epoch 152

 76%|███████████████████████████████████████████████████████████████████████████████                         | 152/200 [50:54<15:42, 19.64s/it]Train Loss: 1.393570, Acc: 99.906667%, Domain Acc: 51.229824%
Val Loss: 0.157517, Acc: 97.780000%
epoch 153

 76%|███████████████████████████████████████████████████████████████████████████████▌                        | 153/200 [51:14<15:18, 19.55s/it]Train Loss: 1.390822, Acc: 99.937778%, Domain Acc: 52.850918%
Val Loss: 0.130588, Acc: 97.980000%
epoch 154

 77%|████████████████████████████████████████████████████████████████████████████████                        | 154/200 [51:33<14:58, 19.52s/it]Train Loss: 1.386457, Acc: 99.924444%, Domain Acc: 54.715775%
Val Loss: 0.142271, Acc: 97.780000%
epoch 155

 78%|████████████████████████████████████████████████████████████████████████████████▌                       | 155/200 [51:53<14:48, 19.75s/it]Train Loss: 1.389496, Acc: 99.926667%, Domain Acc: 52.129605%
Val Loss: 0.134772, Acc: 97.780000%
epoch 156

 78%|█████████████████████████████████████████████████████████████████████████████████                       | 156/200 [52:13<14:25, 19.68s/it]Train Loss: 1.392004, Acc: 99.942222%, Domain Acc: 50.500277%
Val Loss: 0.153373, Acc: 97.820000%
epoch 157

 78%|█████████████████████████████████████████████████████████████████████████████████▋                      | 157/200 [52:32<13:53, 19.39s/it]Train Loss: 1.391055, Acc: 99.935556%, Domain Acc: 51.967487%
Val Loss: 0.126502, Acc: 97.760000%
epoch 158

 79%|██████████████████████████████████████████████████████████████████████████████████▏                     | 158/200 [52:52<13:49, 19.75s/it]Train Loss: 1.387242, Acc: 99.946667%, Domain Acc: 52.988302%
Val Loss: 0.146492, Acc: 97.760000%
epoch 159

 80%|██████████████████████████████████████████████████████████████████████████████████▋                     | 159/200 [53:12<13:33, 19.83s/it]Train Loss: 1.388453, Acc: 99.946667%, Domain Acc: 52.001247%
Val Loss: 0.156523, Acc: 97.880000%
epoch 160

 80%|███████████████████████████████████████████████████████████████████████████████████▏                    | 160/200 [53:33<13:23, 20.08s/it]Train Loss: 1.391143, Acc: 99.955556%, Domain Acc: 51.647151%
Val Loss: 0.137117, Acc: 97.760000%
epoch 161

 80%|███████████████████████████████████████████████████████████████████████████████████▋                    | 161/200 [53:53<13:02, 20.07s/it]Train Loss: 1.392556, Acc: 99.944444%, Domain Acc: 51.423856%
Val Loss: 0.126337, Acc: 97.780000%
epoch 162

 81%|████████████████████████████████████████████████████████████████████████████████████▏                   | 162/200 [54:13<12:41, 20.03s/it]Train Loss: 1.393925, Acc: 99.953333%, Domain Acc: 50.823088%
Val Loss: 0.129635, Acc: 97.660000%
epoch 163

 82%|████████████████████████████████████████████████████████████████████████████████████▊                   | 163/200 [54:33<12:22, 20.08s/it]Train Loss: 1.392595, Acc: 99.955556%, Domain Acc: 50.986374%
Val Loss: 0.125182, Acc: 98.040000%
epoch 164

 82%|█████████████████████████████████████████████████████████████████████████████████████▎                  | 164/200 [54:53<11:57, 19.92s/it]Train Loss: 1.393519, Acc: 99.951111%, Domain Acc: 50.709022%
Val Loss: 0.153090, Acc: 97.800000%
epoch 165

 82%|█████████████████████████████████████████████████████████████████████████████████████▊                  | 165/200 [55:13<11:44, 20.14s/it]Train Loss: 1.396867, Acc: 99.935556%, Domain Acc: 50.103388%
Val Loss: 0.139707, Acc: 97.840000%
epoch 166

 83%|██████████████████████████████████████████████████████████████████████████████████████▎                 | 166/200 [55:33<11:21, 20.04s/it]Train Loss: 1.395818, Acc: 99.948889%, Domain Acc: 49.477632%
Val Loss: 0.143409, Acc: 97.720000%
epoch 167

 84%|██████████████████████████████████████████████████████████████████████████████████████▊                 | 167/200 [55:53<10:58, 19.97s/it]Train Loss: 1.395741, Acc: 99.968889%, Domain Acc: 48.667407%
Val Loss: 0.134461, Acc: 97.740000%
epoch 168

 84%|███████████████████████████████████████████████████████████████████████████████████████▎                | 168/200 [56:12<10:33, 19.80s/it]Train Loss: 1.395512, Acc: 99.964444%, Domain Acc: 49.626815%
Val Loss: 0.128242, Acc: 97.720000%
epoch 169

 84%|███████████████████████████████████████████████████████████████████████████████████████▉                | 169/200 [56:31<10:01, 19.39s/it]Train Loss: 1.395225, Acc: 99.960000%, Domain Acc: 50.112413%
Val Loss: 0.125440, Acc: 97.760000%
epoch 170

 85%|████████████████████████████████████████████████████████████████████████████████████████▍               | 170/200 [56:51<09:50, 19.68s/it]Train Loss: 1.397110, Acc: 99.922222%, Domain Acc: 50.268648%
Val Loss: 0.146107, Acc: 97.820000%
epoch 171

 86%|████████████████████████████████████████████████████████████████████████████████████████▉               | 171/200 [57:11<09:29, 19.66s/it]Train Loss: 1.394238, Acc: 99.960000%, Domain Acc: 48.902585%
Val Loss: 0.123877, Acc: 97.840000%
epoch 172

 86%|█████████████████████████████████████████████████████████████████████████████████████████▍              | 172/200 [57:32<09:24, 20.15s/it]Train Loss: 1.392088, Acc: 99.966667%, Domain Acc: 49.259036%
Val Loss: 0.135589, Acc: 97.720000%
epoch 173

 86%|█████████████████████████████████████████████████████████████████████████████████████████▉              | 173/200 [57:52<09:04, 20.16s/it]Train Loss: 1.391551, Acc: 99.977778%, Domain Acc: 49.957817%
Val Loss: 0.131516, Acc: 97.800000%
epoch 174

 87%|██████████████████████████████████████████████████████████████████████████████████████████▍             | 174/200 [58:12<08:44, 20.17s/it]Train Loss: 1.395424, Acc: 99.962222%, Domain Acc: 50.606082%
Val Loss: 0.125547, Acc: 97.860000%
epoch 175

 88%|███████████████████████████████████████████████████████████████████████████████████████████             | 175/200 [58:33<08:28, 20.32s/it]Train Loss: 1.393357, Acc: 99.977778%, Domain Acc: 49.638349%
Val Loss: 0.144709, Acc: 97.700000%
epoch 176

 88%|███████████████████████████████████████████████████████████████████████████████████████████▌            | 176/200 [58:53<08:03, 20.15s/it]Train Loss: 1.393542, Acc: 99.988889%, Domain Acc: 49.532804%
Val Loss: 0.146895, Acc: 97.860000%
epoch 177

 88%|████████████████████████████████████████████████████████████████████████████████████████████            | 177/200 [59:13<07:41, 20.05s/it]Train Loss: 1.392807, Acc: 99.982222%, Domain Acc: 50.605917%
Val Loss: 0.165895, Acc: 97.760000%
epoch 178

 89%|████████████████████████████████████████████████████████████████████████████████████████████▌           | 178/200 [59:33<07:21, 20.08s/it]Train Loss: 1.391919, Acc: 99.973333%, Domain Acc: 50.936100%
Val Loss: 0.132581, Acc: 97.920000%
epoch 179

 90%|█████████████████████████████████████████████████████████████████████████████████████████████           | 179/200 [59:53<07:02, 20.14s/it]Train Loss: 1.391430, Acc: 99.984444%, Domain Acc: 50.304203%
Val Loss: 0.143537, Acc: 97.780000%
epoch 180

 90%|███████████████████████████████████████████████████████████████████████████████████████████▊          | 180/200 [1:00:13<06:42, 20.12s/it]Train Loss: 1.392067, Acc: 99.977778%, Domain Acc: 49.768941%
Val Loss: 0.135030, Acc: 97.880000%
epoch 181

 90%|████████████████████████████████████████████████████████████████████████████████████████████▎         | 181/200 [1:00:33<06:20, 20.05s/it]Train Loss: 1.391925, Acc: 99.971111%, Domain Acc: 50.252832%
Val Loss: 0.129261, Acc: 97.960000%
epoch 182

 91%|████████████████████████████████████████████████████████████████████████████████████████████▊         | 182/200 [1:00:54<06:06, 20.37s/it]Train Loss: 1.387265, Acc: 99.966667%, Domain Acc: 52.622448%
Val Loss: 0.132570, Acc: 97.960000%
epoch 183

 92%|█████████████████████████████████████████████████████████████████████████████████████████████▎        | 183/200 [1:01:15<05:47, 20.45s/it]Train Loss: 1.372097, Acc: 99.984444%, Domain Acc: 56.378010%
Val Loss: 0.130368, Acc: 97.920000%
epoch 184

 92%|█████████████████████████████████████████████████████████████████████████████████████████████▊        | 184/200 [1:01:36<05:29, 20.62s/it]Train Loss: 1.390345, Acc: 99.968889%, Domain Acc: 51.933868%
Val Loss: 0.120293, Acc: 97.940000%
epoch 185

 92%|██████████████████████████████████████████████████████████████████████████████████████████████▎       | 185/200 [1:01:56<05:09, 20.65s/it]Train Loss: 1.388407, Acc: 99.982222%, Domain Acc: 52.741928%
Val Loss: 0.140874, Acc: 97.760000%
epoch 186

 93%|██████████████████████████████████████████████████████████████████████████████████████████████▊       | 186/200 [1:02:17<04:48, 20.58s/it]Train Loss: 1.388666, Acc: 99.977778%, Domain Acc: 52.152515%
Val Loss: 0.146065, Acc: 97.640000%
epoch 187

 94%|███████████████████████████████████████████████████████████████████████████████████████████████▎      | 187/200 [1:02:38<04:29, 20.69s/it]Train Loss: 1.392680, Acc: 99.971111%, Domain Acc: 50.385872%
Val Loss: 0.127331, Acc: 98.040000%
epoch 188

 94%|███████████████████████████████████████████████████████████████████████████████████████████████▉      | 188/200 [1:02:58<04:05, 20.47s/it]Train Loss: 1.390152, Acc: 99.975556%, Domain Acc: 51.378179%
Val Loss: 0.127796, Acc: 97.780000%
epoch 189

 94%|████████████████████████████████████████████████████████████████████████████████████████████████▍     | 189/200 [1:03:18<03:45, 20.50s/it]Train Loss: 1.393297, Acc: 99.955556%, Domain Acc: 50.418563%
Val Loss: 0.121245, Acc: 97.660000%
epoch 190

 95%|████████████████████████████████████████████████████████████████████████████████████████████████▉     | 190/200 [1:03:39<03:25, 20.55s/it]Train Loss: 1.392869, Acc: 99.977778%, Domain Acc: 50.778430%
Val Loss: 0.126727, Acc: 97.620000%
epoch 191

 96%|█████████████████████████████████████████████████████████████████████████████████████████████████▍    | 191/200 [1:04:00<03:07, 20.78s/it]Train Loss: 1.394136, Acc: 99.968889%, Domain Acc: 49.672896%
Val Loss: 0.114240, Acc: 97.800000%
epoch 192

 96%|█████████████████████████████████████████████████████████████████████████████████████████████████▉    | 192/200 [1:04:20<02:44, 20.56s/it]Train Loss: 1.393246, Acc: 99.968889%, Domain Acc: 49.316582%
Val Loss: 0.121076, Acc: 97.840000%
epoch 193

 96%|██████████████████████████████████████████████████████████████████████████████████████████████████▍   | 193/200 [1:04:40<02:21, 20.20s/it]Train Loss: 1.393636, Acc: 99.960000%, Domain Acc: 49.616011%
Val Loss: 0.124406, Acc: 98.080000%
epoch 194

 97%|██████████████████████████████████████████████████████████████████████████████████████████████████▉   | 194/200 [1:05:00<02:01, 20.19s/it]Train Loss: 1.387004, Acc: 99.977778%, Domain Acc: 52.958993%
Val Loss: 0.118983, Acc: 97.920000%
epoch 195

 98%|███████████████████████████████████████████████████████████████████████████████████████████████████▍  | 195/200 [1:05:20<01:40, 20.06s/it]Train Loss: 1.380441, Acc: 99.964444%, Domain Acc: 53.157115%
Val Loss: 0.141973, Acc: 97.760000%
epoch 196

 98%|███████████████████████████████████████████████████████████████████████████████████████████████████▉  | 196/200 [1:05:40<01:20, 20.05s/it]Train Loss: 1.391067, Acc: 99.966667%, Domain Acc: 51.706255%
Val Loss: 0.142336, Acc: 97.560000%
epoch 197

 98%|████████████████████████████████████████████████████████████████████████████████████████████████████▍ | 197/200 [1:06:00<01:00, 20.03s/it]Train Loss: 1.397127, Acc: 99.964444%, Domain Acc: 48.289557%
Val Loss: 0.129635, Acc: 97.700000%
epoch 198

 99%|████████████████████████████████████████████████████████████████████████████████████████████████████▉ | 198/200 [1:06:21<00:40, 20.30s/it]Train Loss: 1.394458, Acc: 99.986667%, Domain Acc: 48.646156%
Val Loss: 0.135775, Acc: 97.880000%
epoch 199

100%|█████████████████████████████████████████████████████████████████████████████████████████████████████▍| 199/200 [1:06:41<00:20, 20.29s/it]Train Loss: 1.392529, Acc: 99.960000%, Domain Acc: 50.866692%
Val Loss: 0.140852, Acc: 97.560000%
epoch 200

100%|██████████████████████████████████████████████████████████████████████████████████████████████████████| 200/200 [1:07:01<00:00, 20.15s/it]
100%|██████████████████████████████████████████████████████████████████████████████████████████████████████| 200/200 [1:07:01<00:00, 20.11s/it]Train Loss: 1.393745, Acc: 99.968889%, Domain Acc: 50.508900%
Val Loss: 0.140409, Acc: 97.880000%

Test Loss: 1.689710, Acc: 80.690000%
