==> Preparing data..
==> Warmup for distillation..
==> Warmming up the model...
  0%|                                                                                                                                    | 0/40 [00:00<?, ?it/s]==> Epoch: 1
  2%|███                                                                                                                         | 1/40 [00:11<07:25, 11.44s/it]==> Epoch: 2
  5%|██████▏                                                                                                                     | 2/40 [00:22<07:09, 11.30s/it]==> Epoch: 3
  8%|█████████▎                                                                                                                  | 3/40 [00:32<06:39, 10.80s/it]==> Epoch: 4
 10%|████████████▍                                                                                                               | 4/40 [00:42<06:15, 10.42s/it]==> Epoch: 5
 12%|███████████████▌                                                                                                            | 5/40 [00:51<05:49,  9.97s/it]==> Epoch: 6
 15%|██████████████████▌                                                                                                         | 6/40 [01:01<05:33,  9.81s/it]==> Epoch: 7
 18%|█████████████████████▋                                                                                                      | 7/40 [01:11<05:23,  9.81s/it]==> Epoch: 8
 20%|████████████████████████▊                                                                                                   | 8/40 [01:20<05:10,  9.72s/it]==> Epoch: 9
 22%|███████████████████████████▉                                                                                                | 9/40 [01:30<05:02,  9.75s/it]==> Epoch: 10
 25%|██████████████████████████████▊                                                                                            | 10/40 [01:40<04:52,  9.74s/it]==> Epoch: 11
 28%|█████████████████████████████████▊                                                                                         | 11/40 [01:50<04:50, 10.01s/it]==> Epoch: 12
 30%|████████████████████████████████████▉                                                                                      | 12/40 [02:00<04:39,  9.96s/it]==> Epoch: 13
 32%|███████████████████████████████████████▉                                                                                   | 13/40 [02:10<04:27,  9.91s/it]==> Epoch: 14
 35%|███████████████████████████████████████████                                                                                | 14/40 [02:20<04:17,  9.90s/it]==> Epoch: 15
 38%|██████████████████████████████████████████████▏                                                                            | 15/40 [02:30<04:07,  9.91s/it]==> Epoch: 16
 40%|█████████████████████████████████████████████████▏                                                                         | 16/40 [02:40<03:56,  9.86s/it]==> Epoch: 17
 42%|████████████████████████████████████████████████████▎                                                                      | 17/40 [02:49<03:43,  9.71s/it]==> Epoch: 18
 45%|███████████████████████████████████████████████████████▎                                                                   | 18/40 [02:59<03:38,  9.94s/it]==> Epoch: 19
 48%|██████████████████████████████████████████████████████████▍                                                                | 19/40 [03:10<03:33, 10.17s/it]==> Epoch: 20
 50%|█████████████████████████████████████████████████████████████▌                                                             | 20/40 [03:20<03:23, 10.15s/it]==> Epoch: 21
 52%|████████████████████████████████████████████████████████████████▌                                                          | 21/40 [03:30<03:09,  9.95s/it]==> Epoch: 22
 55%|███████████████████████████████████████████████████████████████████▋                                                       | 22/40 [03:40<02:59,  9.96s/it]==> Epoch: 23
 57%|██████████████████████████████████████████████████████████████████████▋                                                    | 23/40 [03:50<02:52, 10.15s/it]==> Epoch: 24
 60%|█████████████████████████████████████████████████████████████████████████▊                                                 | 24/40 [04:01<02:45, 10.32s/it]==> Epoch: 25
 62%|████████████████████████████████████████████████████████████████████████████▉                                              | 25/40 [04:12<02:35, 10.39s/it]==> Epoch: 26
 65%|███████████████████████████████████████████████████████████████████████████████▉                                           | 26/40 [04:23<02:31, 10.81s/it]==> Epoch: 27
 68%|███████████████████████████████████████████████████████████████████████████████████                                        | 27/40 [04:34<02:19, 10.76s/it]==> Epoch: 28
 70%|██████████████████████████████████████████████████████████████████████████████████████                                     | 28/40 [04:45<02:10, 10.84s/it]==> Epoch: 29
 72%|█████████████████████████████████████████████████████████████████████████████████████████▏                                 | 29/40 [04:55<01:57, 10.66s/it]==> Epoch: 30
 75%|████████████████████████████████████████████████████████████████████████████████████████████▎                              | 30/40 [05:05<01:43, 10.32s/it]==> Epoch: 31
 78%|███████████████████████████████████████████████████████████████████████████████████████████████▎                           | 31/40 [05:15<01:32, 10.22s/it]==> Epoch: 32
 80%|██████████████████████████████████████████████████████████████████████████████████████████████████▍                        | 32/40 [05:25<01:21, 10.22s/it]==> Epoch: 33
 82%|█████████████████████████████████████████████████████████████████████████████████████████████████████▍                     | 33/40 [05:35<01:10, 10.04s/it]==> Epoch: 34
 85%|████████████████████████████████████████████████████████████████████████████████████████████████████████▌                  | 34/40 [05:45<01:01, 10.29s/it]==> Epoch: 35
 88%|███████████████████████████████████████████████████████████████████████████████████████████████████████████▋               | 35/40 [05:56<00:52, 10.42s/it]==> Epoch: 36
 90%|██████████████████████████████████████████████████████████████████████████████████████████████████████████████▋            | 36/40 [06:06<00:41, 10.32s/it]==> Epoch: 37
 92%|█████████████████████████████████████████████████████████████████████████████████████████████████████████████████▊         | 37/40 [06:17<00:31, 10.49s/it]==> Epoch: 38
 95%|████████████████████████████████████████████████████████████████████████████████████████████████████████████████████▊      | 38/40 [06:27<00:20, 10.39s/it]==> Epoch: 39
 98%|███████████████████████████████████████████████████████████████████████████████████████████████████████████████████████▉   | 39/40 [06:38<00:10, 10.36s/it]==> Epoch: 40
100%|███████████████████████████████████████████████████████████████████████████████████████████████████████████████████████████| 40/40 [06:49<00:00, 10.23s/it]
==> Filtering dataset..
Number of distilled train examples: 17996
Accuracy of distilled train examples collection: 96.99933318515225%
Number of distilled validation examples: 1997
Accuracy of distilled validation examples collection: 96.74511767651477%
==> Distilled dataset building..
==> Distilled dataset building done..
==> Start training..
  0%|                                                                                                                                   | 0/200 [00:00<?, ?it/s]epoch 1
Train Loss: 0.412262, Acc: 86.402222%
Val Loss: 0.397602, Acc: 87.700000%
  0%|▌                                                                                                                          | 1/200 [00:08<28:10,  8.49s/it]epoch 2
Train Loss: 0.295585, Acc: 90.020000%
Val Loss: 0.487555, Acc: 85.900000%
  1%|█▏                                                                                                                         | 2/200 [00:17<28:46,  8.72s/it]epoch 3
Train Loss: 0.248452, Acc: 91.471111%
Val Loss: 0.341222, Acc: 89.100000%
  2%|█▊                                                                                                                         | 3/200 [00:25<27:47,  8.47s/it]epoch 4
Train Loss: 0.222481, Acc: 92.393333%
Val Loss: 0.295835, Acc: 90.820000%
  2%|██▍                                                                                                                        | 4/200 [00:33<26:28,  8.10s/it]epoch 5
Train Loss: 0.201594, Acc: 93.055556%
Val Loss: 0.347132, Acc: 88.340000%
  2%|███                                                                                                                        | 5/200 [00:40<25:35,  7.87s/it]epoch 6
Train Loss: 0.189841, Acc: 93.311111%
Val Loss: 0.355152, Acc: 88.300000%
  3%|███▋                                                                                                                       | 6/200 [00:47<24:44,  7.65s/it]epoch 7
Train Loss: 0.175740, Acc: 94.068889%
Val Loss: 0.303700, Acc: 90.400000%
  4%|████▎                                                                                                                      | 7/200 [00:55<24:56,  7.76s/it]epoch 8
Train Loss: 0.168740, Acc: 94.220000%
Val Loss: 0.298308, Acc: 90.580000%
  4%|████▉                                                                                                                      | 8/200 [01:03<25:18,  7.91s/it]epoch 9
Train Loss: 0.159111, Acc: 94.464444%
Val Loss: 0.311693, Acc: 90.900000%
  4%|█████▌                                                                                                                     | 9/200 [01:12<25:35,  8.04s/it]epoch 10
Train Loss: 0.151251, Acc: 94.637778%
Val Loss: 0.253727, Acc: 91.680000%
  5%|██████                                                                                                                    | 10/200 [01:20<25:28,  8.05s/it]epoch 11
Train Loss: 0.144006, Acc: 94.915556%
Val Loss: 0.312584, Acc: 90.700000%
  6%|██████▋                                                                                                                   | 11/200 [01:28<25:38,  8.14s/it]epoch 12
Train Loss: 0.135574, Acc: 95.322222%
Val Loss: 0.275780, Acc: 91.480000%
  6%|███████▎                                                                                                                  | 12/200 [01:37<25:52,  8.26s/it]epoch 13
Train Loss: 0.137285, Acc: 95.255556%
Val Loss: 0.275194, Acc: 91.940000%
  6%|███████▉                                                                                                                  | 13/200 [01:45<25:51,  8.30s/it]epoch 14
Train Loss: 0.132049, Acc: 95.371111%
Val Loss: 0.319071, Acc: 90.800000%
  7%|████████▌                                                                                                                 | 14/200 [01:53<25:22,  8.18s/it]epoch 15
Train Loss: 0.125993, Acc: 95.504444%
Val Loss: 0.222518, Acc: 93.140000%
  8%|█████████▏                                                                                                                | 15/200 [02:01<24:35,  7.97s/it]epoch 16
Train Loss: 0.124446, Acc: 95.584444%
Val Loss: 0.267138, Acc: 91.960000%
  8%|█████████▊                                                                                                                | 16/200 [02:08<24:22,  7.95s/it]epoch 17
Train Loss: 0.116558, Acc: 95.862222%
Val Loss: 0.322443, Acc: 90.860000%
  8%|██████████▎                                                                                                               | 17/200 [02:17<24:26,  8.02s/it]epoch 18
Train Loss: 0.116391, Acc: 95.882222%
Val Loss: 0.259982, Acc: 91.900000%
  9%|██████████▉                                                                                                               | 18/200 [02:24<24:03,  7.93s/it]epoch 19
Train Loss: 0.118390, Acc: 95.855556%
Val Loss: 0.261281, Acc: 92.260000%
 10%|███████████▌                                                                                                              | 19/200 [02:32<23:40,  7.85s/it]epoch 20
Train Loss: 0.108486, Acc: 96.224444%
Val Loss: 0.285395, Acc: 91.860000%
 10%|████████████▏                                                                                                             | 20/200 [02:40<23:42,  7.90s/it]epoch 21
Train Loss: 0.103195, Acc: 96.366667%
Val Loss: 0.258862, Acc: 92.680000%
 10%|████████████▊                                                                                                             | 21/200 [02:49<24:06,  8.08s/it]epoch 22
Train Loss: 0.103338, Acc: 96.366667%
Val Loss: 0.242243, Acc: 92.940000%
 11%|█████████████▍                                                                                                            | 22/200 [02:56<23:44,  8.00s/it]epoch 23
Train Loss: 0.104987, Acc: 96.364444%
Val Loss: 0.254946, Acc: 91.580000%
 12%|██████████████                                                                                                            | 23/200 [03:05<23:46,  8.06s/it]epoch 24
Train Loss: 0.105331, Acc: 96.266667%
Val Loss: 0.272627, Acc: 92.260000%
 12%|██████████████▋                                                                                                           | 24/200 [03:12<23:12,  7.91s/it]epoch 25
Train Loss: 0.098161, Acc: 96.515556%
Val Loss: 0.235282, Acc: 93.000000%
 12%|███████████████▎                                                                                                          | 25/200 [03:20<23:10,  7.95s/it]epoch 26
Train Loss: 0.100301, Acc: 96.433333%
Val Loss: 0.250899, Acc: 93.140000%
 13%|███████████████▊                                                                                                          | 26/200 [03:28<22:45,  7.85s/it]epoch 27
Train Loss: 0.097443, Acc: 96.522222%
Val Loss: 0.298122, Acc: 91.200000%
 14%|████████████████▍                                                                                                         | 27/200 [03:36<22:54,  7.94s/it]epoch 28
Train Loss: 0.096582, Acc: 96.628889%
Val Loss: 0.221549, Acc: 92.800000%
 14%|█████████████████                                                                                                         | 28/200 [03:44<22:59,  8.02s/it]epoch 29
Train Loss: 0.088755, Acc: 96.866667%
Val Loss: 0.260526, Acc: 92.480000%
 14%|█████████████████▋                                                                                                        | 29/200 [03:51<22:15,  7.81s/it]epoch 30
Train Loss: 0.098395, Acc: 96.557778%
Val Loss: 0.380671, Acc: 89.400000%
 15%|██████████████████▎                                                                                                       | 30/200 [03:59<22:03,  7.79s/it]epoch 31
Train Loss: 0.090449, Acc: 96.880000%
Val Loss: 0.261840, Acc: 92.040000%
 16%|██████████████████▉                                                                                                       | 31/200 [04:07<21:46,  7.73s/it]epoch 32
Train Loss: 0.090896, Acc: 96.800000%
Val Loss: 0.261060, Acc: 92.980000%
 16%|███████████████████▌                                                                                                      | 32/200 [04:15<21:56,  7.84s/it]epoch 33
Train Loss: 0.088821, Acc: 96.877778%
Val Loss: 0.221218, Acc: 93.220000%
 16%|████████████████████▏                                                                                                     | 33/200 [04:23<21:52,  7.86s/it]epoch 34
Train Loss: 0.082880, Acc: 97.100000%
Val Loss: 0.239406, Acc: 92.900000%
 17%|████████████████████▋                                                                                                     | 34/200 [04:30<21:29,  7.77s/it]epoch 35
Train Loss: 0.085877, Acc: 96.940000%
Val Loss: 0.266140, Acc: 92.180000%
 18%|█████████████████████▎                                                                                                    | 35/200 [04:38<20:53,  7.60s/it]epoch 36
Train Loss: 0.089000, Acc: 96.920000%
Val Loss: 0.269442, Acc: 92.540000%
 18%|█████████████████████▉                                                                                                    | 36/200 [04:46<21:26,  7.85s/it]epoch 37
Train Loss: 0.080513, Acc: 97.106667%
Val Loss: 0.279802, Acc: 92.020000%
 18%|██████████████████████▌                                                                                                   | 37/200 [04:54<21:11,  7.80s/it]epoch 38
Train Loss: 0.088858, Acc: 96.813333%
Val Loss: 0.260347, Acc: 92.320000%
 19%|███████████████████████▏                                                                                                  | 38/200 [05:02<21:24,  7.93s/it]epoch 39
Train Loss: 0.080724, Acc: 97.164444%
Val Loss: 0.276506, Acc: 92.260000%
 20%|███████████████████████▊                                                                                                  | 39/200 [05:10<21:08,  7.88s/it]epoch 40
Train Loss: 0.078258, Acc: 97.333333%
Val Loss: 0.253686, Acc: 92.860000%
 20%|████████████████████████▍                                                                                                 | 40/200 [05:17<20:48,  7.80s/it]epoch 41
Train Loss: 0.086500, Acc: 97.060000%
Val Loss: 0.317616, Acc: 90.860000%
 20%|█████████████████████████                                                                                                 | 41/200 [05:25<20:23,  7.70s/it]epoch 42
Train Loss: 0.082233, Acc: 97.097778%
Val Loss: 0.265635, Acc: 92.020000%
 21%|█████████████████████████▌                                                                                                | 42/200 [05:32<20:12,  7.67s/it]epoch 43
Train Loss: 0.080438, Acc: 97.117778%
Val Loss: 0.267729, Acc: 92.400000%
 22%|██████████████████████████▏                                                                                               | 43/200 [05:40<20:22,  7.79s/it]epoch 44
Train Loss: 0.078782, Acc: 97.266667%
Val Loss: 0.257073, Acc: 92.300000%
 22%|██████████████████████████▊                                                                                               | 44/200 [05:49<20:42,  7.97s/it]epoch 45
Train Loss: 0.079618, Acc: 97.160000%
Val Loss: 0.260103, Acc: 92.300000%
 22%|███████████████████████████▍                                                                                              | 45/200 [05:56<19:49,  7.67s/it]epoch 46
Train Loss: 0.076859, Acc: 97.302222%
Val Loss: 0.226234, Acc: 93.280000%
 23%|████████████████████████████                                                                                              | 46/200 [06:04<19:54,  7.76s/it]epoch 47
Train Loss: 0.071145, Acc: 97.522222%
Val Loss: 0.318921, Acc: 91.320000%
 24%|████████████████████████████▋                                                                                             | 47/200 [06:12<20:28,  8.03s/it]epoch 48
Train Loss: 0.081191, Acc: 97.111111%
Val Loss: 0.319349, Acc: 91.440000%
 24%|█████████████████████████████▎                                                                                            | 48/200 [06:21<20:26,  8.07s/it]epoch 49
Train Loss: 0.076536, Acc: 97.426667%
Val Loss: 0.282427, Acc: 91.600000%
 24%|█████████████████████████████▉                                                                                            | 49/200 [06:28<19:52,  7.89s/it]epoch 50
Train Loss: 0.079703, Acc: 97.322222%
Val Loss: 0.251748, Acc: 92.960000%
 25%|██████████████████████████████▌                                                                                           | 50/200 [06:36<19:39,  7.86s/it]epoch 51
Train Loss: 0.073849, Acc: 97.386667%
Val Loss: 0.274679, Acc: 92.620000%
 26%|███████████████████████████████                                                                                           | 51/200 [06:43<19:10,  7.72s/it]epoch 52
Train Loss: 0.074674, Acc: 97.413333%
Val Loss: 0.257066, Acc: 92.760000%
 26%|███████████████████████████████▋                                                                                          | 52/200 [06:51<19:00,  7.70s/it]epoch 53
Train Loss: 0.070219, Acc: 97.535556%
Val Loss: 0.282890, Acc: 91.960000%
 26%|████████████████████████████████▎                                                                                         | 53/200 [06:58<18:39,  7.62s/it]epoch 54
Train Loss: 0.080562, Acc: 97.166667%
Val Loss: 0.281187, Acc: 92.540000%
 27%|████████████████████████████████▉                                                                                         | 54/200 [07:06<18:47,  7.72s/it]epoch 55
Train Loss: 0.072130, Acc: 97.433333%
Val Loss: 0.260673, Acc: 92.280000%
 28%|█████████████████████████████████▌                                                                                        | 55/200 [07:14<18:42,  7.74s/it]epoch 56
Train Loss: 0.072252, Acc: 97.582222%
Val Loss: 0.286995, Acc: 92.240000%
 28%|██████████████████████████████████▏                                                                                       | 56/200 [07:22<18:34,  7.74s/it]epoch 57
Train Loss: 0.069779, Acc: 97.533333%
Val Loss: 0.264200, Acc: 92.380000%
 28%|██████████████████████████████████▊                                                                                       | 57/200 [07:30<18:42,  7.85s/it]epoch 58
Train Loss: 0.069970, Acc: 97.573333%
Val Loss: 0.266419, Acc: 92.620000%
 29%|███████████████████████████████████▍                                                                                      | 58/200 [07:38<18:44,  7.92s/it]epoch 59
Train Loss: 0.074308, Acc: 97.371111%
Val Loss: 0.286577, Acc: 92.120000%
 30%|███████████████████████████████████▉                                                                                      | 59/200 [07:47<19:13,  8.18s/it]epoch 60
Train Loss: 0.069146, Acc: 97.600000%
Val Loss: 0.242310, Acc: 92.900000%
 30%|████████████████████████████████████▌                                                                                     | 60/200 [07:55<19:07,  8.20s/it]epoch 61
Train Loss: 0.078993, Acc: 97.171111%
Val Loss: 0.247136, Acc: 92.640000%
 30%|█████████████████████████████████████▏                                                                                    | 61/200 [08:03<18:40,  8.06s/it]epoch 62
Train Loss: 0.073953, Acc: 97.415556%
Val Loss: 0.215627, Acc: 93.280000%
 31%|█████████████████████████████████████▊                                                                                    | 62/200 [08:10<18:09,  7.90s/it]epoch 63
Train Loss: 0.068552, Acc: 97.582222%
Val Loss: 0.336101, Acc: 91.320000%
 32%|██████████████████████████████████████▍                                                                                   | 63/200 [08:18<17:37,  7.72s/it]epoch 64
Train Loss: 0.066667, Acc: 97.693333%
Val Loss: 0.216887, Acc: 93.520000%
 32%|███████████████████████████████████████                                                                                   | 64/200 [08:25<17:35,  7.76s/it]epoch 65
Train Loss: 0.064559, Acc: 97.826667%
Val Loss: 0.240772, Acc: 93.240000%
 32%|███████████████████████████████████████▋                                                                                  | 65/200 [08:34<17:59,  7.99s/it]epoch 66
Train Loss: 0.072294, Acc: 97.482222%
Val Loss: 0.244996, Acc: 92.940000%
 33%|████████████████████████████████████████▎                                                                                 | 66/200 [08:41<17:30,  7.84s/it]epoch 67
Train Loss: 0.071875, Acc: 97.448889%
Val Loss: 0.351665, Acc: 90.460000%
 34%|████████████████████████████████████████▊                                                                                 | 67/200 [08:50<17:50,  8.05s/it]epoch 68
Train Loss: 0.067884, Acc: 97.675556%
Val Loss: 0.263103, Acc: 93.480000%
 34%|█████████████████████████████████████████▍                                                                                | 68/200 [08:57<17:15,  7.85s/it]epoch 69
Train Loss: 0.064010, Acc: 97.795556%
Val Loss: 0.321636, Acc: 91.000000%
 34%|██████████████████████████████████████████                                                                                | 69/200 [09:06<17:25,  7.98s/it]epoch 70
Train Loss: 0.073380, Acc: 97.457778%
Val Loss: 0.235710, Acc: 93.580000%
 35%|██████████████████████████████████████████▋                                                                               | 70/200 [09:13<17:09,  7.92s/it]epoch 71
Train Loss: 0.066131, Acc: 97.657778%
Val Loss: 0.273824, Acc: 92.420000%
 36%|███████████████████████████████████████████▎                                                                              | 71/200 [09:21<17:01,  7.92s/it]epoch 72
Train Loss: 0.068727, Acc: 97.584444%
Val Loss: 0.245382, Acc: 93.300000%
 36%|███████████████████████████████████████████▉                                                                              | 72/200 [09:29<16:32,  7.75s/it]epoch 73
Train Loss: 0.064645, Acc: 97.720000%
Val Loss: 0.318980, Acc: 91.800000%
 36%|████████████████████████████████████████████▌                                                                             | 73/200 [09:36<16:08,  7.63s/it]epoch 74
Train Loss: 0.065756, Acc: 97.688889%
Val Loss: 0.230397, Acc: 93.260000%
 37%|█████████████████████████████████████████████▏                                                                            | 74/200 [09:44<16:03,  7.65s/it]epoch 75
Train Loss: 0.067745, Acc: 97.615556%
Val Loss: 0.286214, Acc: 92.220000%
 38%|█████████████████████████████████████████████▊                                                                            | 75/200 [09:52<16:26,  7.89s/it]epoch 76
Train Loss: 0.065780, Acc: 97.757778%
Val Loss: 0.253498, Acc: 92.680000%
 38%|██████████████████████████████████████████████▎                                                                           | 76/200 [10:00<16:27,  7.96s/it]epoch 77
Train Loss: 0.073113, Acc: 97.457778%
Val Loss: 0.330358, Acc: 90.800000%
 38%|██████████████████████████████████████████████▉                                                                           | 77/200 [10:08<16:27,  8.02s/it]epoch 78
Train Loss: 0.067225, Acc: 97.631111%
Val Loss: 0.232659, Acc: 93.020000%
 39%|███████████████████████████████████████████████▌                                                                          | 78/200 [10:16<16:17,  8.01s/it]epoch 79
Train Loss: 0.067403, Acc: 97.608889%
Val Loss: 0.256989, Acc: 92.980000%
 40%|████████████████████████████████████████████████▏                                                                         | 79/200 [10:24<15:48,  7.84s/it]epoch 80
Train Loss: 0.066767, Acc: 97.682222%
Val Loss: 0.269129, Acc: 92.240000%
 40%|████████████████████████████████████████████████▊                                                                         | 80/200 [10:32<15:41,  7.84s/it]epoch 81
Train Loss: 0.064308, Acc: 97.708889%
Val Loss: 0.303921, Acc: 91.920000%
 40%|█████████████████████████████████████████████████▍                                                                        | 81/200 [10:39<15:24,  7.77s/it]epoch 82
Train Loss: 0.067100, Acc: 97.664444%
Val Loss: 0.248512, Acc: 92.560000%
 41%|██████████████████████████████████████████████████                                                                        | 82/200 [10:47<15:05,  7.68s/it]epoch 83
Train Loss: 0.065530, Acc: 97.806667%
Val Loss: 0.242867, Acc: 92.520000%
 42%|██████████████████████████████████████████████████▋                                                                       | 83/200 [10:55<15:12,  7.80s/it]epoch 84
Train Loss: 0.063309, Acc: 97.797778%
Val Loss: 0.259760, Acc: 93.140000%
 42%|███████████████████████████████████████████████████▏                                                                      | 84/200 [11:03<15:04,  7.80s/it]epoch 85
Train Loss: 0.060997, Acc: 97.904444%
Val Loss: 0.245509, Acc: 93.080000%
 42%|███████████████████████████████████████████████████▊                                                                      | 85/200 [11:10<14:45,  7.70s/it]epoch 86
Train Loss: 0.063631, Acc: 97.862222%
Val Loss: 0.415224, Acc: 90.420000%
 43%|████████████████████████████████████████████████████▍                                                                     | 86/200 [11:18<14:30,  7.63s/it]epoch 87
Train Loss: 0.065175, Acc: 97.695556%
Val Loss: 0.245911, Acc: 92.740000%
 44%|█████████████████████████████████████████████████████                                                                     | 87/200 [11:25<14:26,  7.67s/it]epoch 88
Train Loss: 0.062775, Acc: 97.831111%
Val Loss: 0.272290, Acc: 92.420000%
 44%|█████████████████████████████████████████████████████▋                                                                    | 88/200 [11:33<14:34,  7.81s/it]epoch 89
Train Loss: 0.064761, Acc: 97.733333%
Val Loss: 0.260334, Acc: 92.100000%
 44%|██████████████████████████████████████████████████████▎                                                                   | 89/200 [11:41<14:33,  7.87s/it]epoch 90
Train Loss: 0.062048, Acc: 97.908889%
Val Loss: 0.235920, Acc: 94.200000%
 45%|██████████████████████████████████████████████████████▉                                                                   | 90/200 [11:50<14:40,  8.00s/it]epoch 91
Train Loss: 0.058483, Acc: 97.946667%
Val Loss: 0.250404, Acc: 92.660000%
 46%|███████████████████████████████████████████████████████▌                                                                  | 91/200 [11:57<14:19,  7.88s/it]epoch 92
Train Loss: 0.063185, Acc: 97.813333%
Val Loss: 0.270824, Acc: 92.680000%
 46%|████████████████████████████████████████████████████████                                                                  | 92/200 [12:05<13:57,  7.75s/it]epoch 93
Train Loss: 0.068897, Acc: 97.613333%
Val Loss: 0.313585, Acc: 91.160000%
 46%|████████████████████████████████████████████████████████▋                                                                 | 93/200 [12:12<13:36,  7.63s/it]epoch 94
Train Loss: 0.057612, Acc: 98.082222%
Val Loss: 0.249831, Acc: 93.140000%
 47%|█████████████████████████████████████████████████████████▎                                                                | 94/200 [12:20<13:18,  7.54s/it]epoch 95
Train Loss: 0.063825, Acc: 97.806667%
Val Loss: 0.257251, Acc: 93.020000%
 48%|█████████████████████████████████████████████████████████▉                                                                | 95/200 [12:27<12:53,  7.37s/it]epoch 96
Train Loss: 0.061925, Acc: 97.833333%
Val Loss: 0.276382, Acc: 93.160000%
 48%|██████████████████████████████████████████████████████████▌                                                               | 96/200 [12:34<12:44,  7.35s/it]epoch 97
Train Loss: 0.062676, Acc: 97.853333%
Val Loss: 0.281760, Acc: 92.600000%
 48%|███████████████████████████████████████████████████████████▏                                                              | 97/200 [12:41<12:47,  7.45s/it]epoch 98
Train Loss: 0.064164, Acc: 97.822222%
Val Loss: 0.248209, Acc: 93.240000%
 49%|███████████████████████████████████████████████████████████▊                                                              | 98/200 [12:49<12:54,  7.59s/it]epoch 99
Train Loss: 0.066252, Acc: 97.728889%
Val Loss: 0.253824, Acc: 93.280000%
 50%|████████████████████████████████████████████████████████████▍                                                             | 99/200 [12:57<13:01,  7.73s/it]epoch 100
Train Loss: 0.062674, Acc: 97.777778%
Val Loss: 0.260918, Acc: 92.920000%
 50%|████████████████████████████████████████████████████████████▌                                                            | 100/200 [13:06<13:04,  7.85s/it]epoch 101
Train Loss: 0.024311, Acc: 99.253333%
Val Loss: 0.181423, Acc: 95.440000%
 50%|█████████████████████████████████████████████████████████████                                                            | 101/200 [13:13<12:55,  7.83s/it]epoch 102
Train Loss: 0.012119, Acc: 99.702222%
Val Loss: 0.176816, Acc: 95.680000%
 51%|█████████████████████████████████████████████████████████████▋                                                           | 102/200 [13:21<12:41,  7.77s/it]epoch 103
Train Loss: 0.008899, Acc: 99.797778%
Val Loss: 0.165842, Acc: 95.700000%
 52%|██████████████████████████████████████████████████████████████▎                                                          | 103/200 [13:28<12:21,  7.64s/it]epoch 104
Train Loss: 0.007535, Acc: 99.828889%
Val Loss: 0.166768, Acc: 95.740000%
 52%|██████████████████████████████████████████████████████████████▉                                                          | 104/200 [13:37<12:42,  7.94s/it]epoch 105
Train Loss: 0.006406, Acc: 99.864444%
Val Loss: 0.168881, Acc: 96.040000%
 52%|███████████████████████████████████████████████████████████████▌                                                         | 105/200 [13:45<12:43,  8.04s/it]epoch 106
Train Loss: 0.005760, Acc: 99.860000%
Val Loss: 0.167390, Acc: 95.760000%
 53%|████████████████████████████████████████████████████████████████▏                                                        | 106/200 [13:53<12:21,  7.89s/it]epoch 107
Train Loss: 0.004795, Acc: 99.900000%
Val Loss: 0.192884, Acc: 95.860000%
 54%|████████████████████████████████████████████████████████████████▋                                                        | 107/200 [14:01<12:12,  7.88s/it]epoch 108
Train Loss: 0.004683, Acc: 99.902222%
Val Loss: 0.197061, Acc: 95.820000%
 54%|█████████████████████████████████████████████████████████████████▎                                                       | 108/200 [14:08<11:52,  7.74s/it]epoch 109
Train Loss: 0.004238, Acc: 99.917778%
Val Loss: 0.190402, Acc: 95.640000%
 55%|█████████████████████████████████████████████████████████████████▉                                                       | 109/200 [14:16<11:52,  7.83s/it]epoch 110
Train Loss: 0.003671, Acc: 99.940000%
Val Loss: 0.185906, Acc: 95.660000%
 55%|██████████████████████████████████████████████████████████████████▌                                                      | 110/200 [14:24<11:37,  7.75s/it]epoch 111
Train Loss: 0.003525, Acc: 99.933333%
Val Loss: 0.176383, Acc: 95.980000%
 56%|███████████████████████████████████████████████████████████████████▏                                                     | 111/200 [14:32<11:37,  7.84s/it]epoch 112
Train Loss: 0.003316, Acc: 99.962222%
Val Loss: 0.180846, Acc: 95.820000%
 56%|███████████████████████████████████████████████████████████████████▊                                                     | 112/200 [14:39<11:27,  7.81s/it]epoch 113
Train Loss: 0.003211, Acc: 99.935556%
Val Loss: 0.183957, Acc: 96.020000%
 56%|████████████████████████████████████████████████████████████████████▎                                                    | 113/200 [14:47<10:59,  7.58s/it]epoch 114
Train Loss: 0.002897, Acc: 99.944444%
Val Loss: 0.188129, Acc: 96.060000%
 57%|████████████████████████████████████████████████████████████████████▉                                                    | 114/200 [14:55<11:07,  7.76s/it]epoch 115
Train Loss: 0.002545, Acc: 99.957778%
Val Loss: 0.177450, Acc: 95.960000%
 57%|█████████████████████████████████████████████████████████████████████▌                                                   | 115/200 [15:02<10:57,  7.73s/it]epoch 116
Train Loss: 0.002570, Acc: 99.968889%
Val Loss: 0.170111, Acc: 96.240000%
 58%|██████████████████████████████████████████████████████████████████████▏                                                  | 116/200 [15:10<10:58,  7.84s/it]epoch 117
Train Loss: 0.002358, Acc: 99.960000%
Val Loss: 0.187296, Acc: 96.220000%
 58%|██████████████████████████████████████████████████████████████████████▊                                                  | 117/200 [15:18<10:51,  7.85s/it]epoch 118
Train Loss: 0.002522, Acc: 99.946667%
Val Loss: 0.193676, Acc: 95.960000%
 59%|███████████████████████████████████████████████████████████████████████▍                                                 | 118/200 [15:26<10:47,  7.89s/it]epoch 119
Train Loss: 0.002287, Acc: 99.968889%
Val Loss: 0.169717, Acc: 95.920000%
 60%|███████████████████████████████████████████████████████████████████████▉                                                 | 119/200 [15:33<10:19,  7.64s/it]epoch 120
Train Loss: 0.002248, Acc: 99.964444%
Val Loss: 0.190903, Acc: 95.860000%
 60%|████████████████████████████████████████████████████████████████████████▌                                                | 120/200 [15:41<10:11,  7.64s/it]epoch 121
Train Loss: 0.002002, Acc: 99.973333%
Val Loss: 0.181695, Acc: 96.260000%
 60%|█████████████████████████████████████████████████████████████████████████▏                                               | 121/200 [15:49<10:11,  7.74s/it]epoch 122
Train Loss: 0.002060, Acc: 99.953333%
Val Loss: 0.201950, Acc: 95.920000%
 61%|█████████████████████████████████████████████████████████████████████████▊                                               | 122/200 [15:57<10:05,  7.76s/it]epoch 123
Train Loss: 0.001975, Acc: 99.966667%
Val Loss: 0.200776, Acc: 96.080000%
 62%|██████████████████████████████████████████████████████████████████████████▍                                              | 123/200 [16:05<09:59,  7.78s/it]epoch 124
Train Loss: 0.002058, Acc: 99.960000%
Val Loss: 0.184554, Acc: 95.980000%
 62%|███████████████████████████████████████████████████████████████████████████                                              | 124/200 [16:13<10:14,  8.08s/it]epoch 125
Train Loss: 0.001685, Acc: 99.977778%
Val Loss: 0.201170, Acc: 95.900000%
 62%|███████████████████████████████████████████████████████████████████████████▋                                             | 125/200 [16:21<09:48,  7.85s/it]epoch 126
Train Loss: 0.001678, Acc: 99.982222%
Val Loss: 0.198834, Acc: 96.160000%
 63%|████████████████████████████████████████████████████████████████████████████▏                                            | 126/200 [16:28<09:36,  7.79s/it]epoch 127
Train Loss: 0.001876, Acc: 99.971111%
Val Loss: 0.187355, Acc: 96.000000%
 64%|████████████████████████████████████████████████████████████████████████████▊                                            | 127/200 [16:36<09:27,  7.77s/it]epoch 128
Train Loss: 0.001632, Acc: 99.982222%
Val Loss: 0.200118, Acc: 95.740000%
 64%|█████████████████████████████████████████████████████████████████████████████▍                                           | 128/200 [16:44<09:20,  7.79s/it]epoch 129
Train Loss: 0.001619, Acc: 99.975556%
Val Loss: 0.204086, Acc: 95.980000%
 64%|██████████████████████████████████████████████████████████████████████████████                                           | 129/200 [16:52<09:10,  7.75s/it]epoch 130
Train Loss: 0.001456, Acc: 99.982222%
Val Loss: 0.178803, Acc: 96.160000%
 65%|██████████████████████████████████████████████████████████████████████████████▋                                          | 130/200 [16:59<08:55,  7.65s/it]epoch 131
Train Loss: 0.001536, Acc: 99.980000%
Val Loss: 0.188494, Acc: 95.920000%
 66%|███████████████████████████████████████████████████████████████████████████████▎                                         | 131/200 [17:07<09:04,  7.89s/it]epoch 132
Train Loss: 0.001379, Acc: 99.986667%
Val Loss: 0.188523, Acc: 95.880000%
 66%|███████████████████████████████████████████████████████████████████████████████▊                                         | 132/200 [17:16<09:05,  8.03s/it]epoch 133
Train Loss: 0.001384, Acc: 99.988889%
Val Loss: 0.208015, Acc: 95.960000%
 66%|████████████████████████████████████████████████████████████████████████████████▍                                        | 133/200 [17:23<08:49,  7.90s/it]epoch 134
Train Loss: 0.001630, Acc: 99.980000%
Val Loss: 0.191212, Acc: 96.060000%
 67%|█████████████████████████████████████████████████████████████████████████████████                                        | 134/200 [17:31<08:35,  7.81s/it]epoch 135
Train Loss: 0.001272, Acc: 99.984444%
Val Loss: 0.188095, Acc: 95.900000%
 68%|█████████████████████████████████████████████████████████████████████████████████▋                                       | 135/200 [17:39<08:31,  7.87s/it]epoch 136
Train Loss: 0.001322, Acc: 99.988889%
Val Loss: 0.201818, Acc: 96.080000%
 68%|██████████████████████████████████████████████████████████████████████████████████▎                                      | 136/200 [17:47<08:25,  7.90s/it]epoch 137
Train Loss: 0.001456, Acc: 99.984444%
Val Loss: 0.199886, Acc: 95.800000%
 68%|██████████████████████████████████████████████████████████████████████████████████▉                                      | 137/200 [17:54<08:08,  7.76s/it]epoch 138
Train Loss: 0.001306, Acc: 99.988889%
Val Loss: 0.189201, Acc: 95.920000%
 69%|███████████████████████████████████████████████████████████████████████████████████▍                                     | 138/200 [18:02<07:56,  7.68s/it]epoch 139
Train Loss: 0.001228, Acc: 99.991111%
Val Loss: 0.192353, Acc: 95.780000%
 70%|████████████████████████████████████████████████████████████████████████████████████                                     | 139/200 [18:09<07:43,  7.60s/it]epoch 140
Train Loss: 0.001291, Acc: 99.982222%
Val Loss: 0.198668, Acc: 95.780000%
 70%|████████████████████████████████████████████████████████████████████████████████████▋                                    | 140/200 [18:17<07:40,  7.68s/it]epoch 141
Train Loss: 0.001395, Acc: 99.984444%
Val Loss: 0.197106, Acc: 96.080000%
 70%|█████████████████████████████████████████████████████████████████████████████████████▎                                   | 141/200 [18:26<07:45,  7.89s/it]epoch 142
Train Loss: 0.001256, Acc: 99.984444%
Val Loss: 0.189752, Acc: 95.940000%
 71%|█████████████████████████████████████████████████████████████████████████████████████▉                                   | 142/200 [18:33<07:35,  7.85s/it]epoch 143
Train Loss: 0.001422, Acc: 99.977778%
Val Loss: 0.200979, Acc: 96.080000%
 72%|██████████████████████████████████████████████████████████████████████████████████████▌                                  | 143/200 [18:42<07:42,  8.11s/it]epoch 144
Train Loss: 0.001211, Acc: 99.986667%
Val Loss: 0.193165, Acc: 96.160000%
 72%|███████████████████████████████████████████████████████████████████████████████████████                                  | 144/200 [18:50<07:24,  7.93s/it]epoch 145
Train Loss: 0.001259, Acc: 99.984444%
Val Loss: 0.189053, Acc: 96.040000%
 72%|███████████████████████████████████████████████████████████████████████████████████████▋                                 | 145/200 [18:57<07:10,  7.82s/it]epoch 146
Train Loss: 0.001056, Acc: 99.997778%
Val Loss: 0.195100, Acc: 96.180000%
 73%|████████████████████████████████████████████████████████████████████████████████████████▎                                | 146/200 [19:05<07:01,  7.81s/it]epoch 147
Train Loss: 0.001229, Acc: 99.986667%
Val Loss: 0.198243, Acc: 96.100000%
 74%|████████████████████████████████████████████████████████████████████████████████████████▉                                | 147/200 [19:13<07:04,  8.00s/it]epoch 148
Train Loss: 0.001001, Acc: 99.995556%
Val Loss: 0.191781, Acc: 95.980000%
 74%|█████████████████████████████████████████████████████████████████████████████████████████▌                               | 148/200 [19:21<06:55,  7.99s/it]epoch 149
Train Loss: 0.001094, Acc: 99.988889%
Val Loss: 0.179717, Acc: 95.900000%
 74%|██████████████████████████████████████████████████████████████████████████████████████████▏                              | 149/200 [19:29<06:48,  8.01s/it]epoch 150
Train Loss: 0.001048, Acc: 99.986667%
Val Loss: 0.191875, Acc: 95.920000%
 75%|██████████████████████████████████████████████████████████████████████████████████████████▊                              | 150/200 [19:37<06:37,  7.94s/it]epoch 151
Train Loss: 0.001036, Acc: 99.995556%
Val Loss: 0.189099, Acc: 96.140000%
 76%|███████████████████████████████████████████████████████████████████████████████████████████▎                             | 151/200 [19:46<06:38,  8.14s/it]epoch 152
Train Loss: 0.001057, Acc: 99.991111%
Val Loss: 0.177781, Acc: 96.020000%
 76%|███████████████████████████████████████████████████████████████████████████████████████████▉                             | 152/200 [19:54<06:28,  8.09s/it]epoch 153
Train Loss: 0.000958, Acc: 99.997778%
Val Loss: 0.192505, Acc: 96.120000%
 76%|████████████████████████████████████████████████████████████████████████████████████████████▌                            | 153/200 [20:01<06:12,  7.94s/it]epoch 154
Train Loss: 0.001079, Acc: 99.986667%
Val Loss: 0.196963, Acc: 96.000000%
 77%|█████████████████████████████████████████████████████████████████████████████████████████████▏                           | 154/200 [20:09<06:02,  7.89s/it]epoch 155
Train Loss: 0.000917, Acc: 99.993333%
Val Loss: 0.196669, Acc: 96.080000%
 78%|█████████████████████████████████████████████████████████████████████████████████████████████▊                           | 155/200 [20:17<05:54,  7.87s/it]epoch 156
Train Loss: 0.001070, Acc: 99.991111%
Val Loss: 0.191459, Acc: 96.060000%
 78%|██████████████████████████████████████████████████████████████████████████████████████████████▍                          | 156/200 [20:25<05:54,  8.05s/it]epoch 157
Train Loss: 0.000950, Acc: 99.993333%
Val Loss: 0.184270, Acc: 96.080000%
 78%|██████████████████████████████████████████████████████████████████████████████████████████████▉                          | 157/200 [20:33<05:43,  7.99s/it]epoch 158
Train Loss: 0.000992, Acc: 99.993333%
Val Loss: 0.199195, Acc: 96.340000%
 79%|███████████████████████████████████████████████████████████████████████████████████████████████▌                         | 158/200 [20:42<05:38,  8.07s/it]epoch 159
Train Loss: 0.001155, Acc: 99.982222%
Val Loss: 0.183908, Acc: 96.000000%
 80%|████████████████████████████████████████████████████████████████████████████████████████████████▏                        | 159/200 [20:50<05:41,  8.33s/it]epoch 160
Train Loss: 0.000963, Acc: 99.995556%
Val Loss: 0.186483, Acc: 95.900000%
 80%|████████████████████████████████████████████████████████████████████████████████████████████████▊                        | 160/200 [20:59<05:38,  8.46s/it]epoch 161
Train Loss: 0.000868, Acc: 99.995556%
Val Loss: 0.198320, Acc: 96.100000%
 80%|█████████████████████████████████████████████████████████████████████████████████████████████████▍                       | 161/200 [21:07<05:17,  8.15s/it]epoch 162
Train Loss: 0.000895, Acc: 99.995556%
Val Loss: 0.190705, Acc: 96.020000%
 81%|██████████████████████████████████████████████████████████████████████████████████████████████████                       | 162/200 [21:14<05:02,  7.95s/it]epoch 163
Train Loss: 0.000981, Acc: 99.993333%
Val Loss: 0.178037, Acc: 96.060000%
 82%|██████████████████████████████████████████████████████████████████████████████████████████████████▌                      | 163/200 [21:22<04:54,  7.97s/it]epoch 164
Train Loss: 0.000889, Acc: 99.995556%
Val Loss: 0.199777, Acc: 96.060000%
 82%|███████████████████████████████████████████████████████████████████████████████████████████████████▏                     | 164/200 [21:30<04:42,  7.83s/it]epoch 165
Train Loss: 0.000937, Acc: 99.995556%
Val Loss: 0.193582, Acc: 95.800000%
 82%|███████████████████████████████████████████████████████████████████████████████████████████████████▊                     | 165/200 [21:37<04:28,  7.66s/it]epoch 166
Train Loss: 0.000864, Acc: 99.997778%
Val Loss: 0.193060, Acc: 95.820000%
 83%|████████████████████████████████████████████████████████████████████████████████████████████████████▍                    | 166/200 [21:45<04:27,  7.86s/it]epoch 167
Train Loss: 0.000982, Acc: 99.991111%
Val Loss: 0.183554, Acc: 96.040000%
 84%|█████████████████████████████████████████████████████████████████████████████████████████████████████                    | 167/200 [21:53<04:14,  7.71s/it]epoch 168
Train Loss: 0.000962, Acc: 99.995556%
Val Loss: 0.190018, Acc: 96.100000%
 84%|█████████████████████████████████████████████████████████████████████████████████████████████████████▋                   | 168/200 [22:00<04:03,  7.61s/it]epoch 169
Train Loss: 0.000910, Acc: 99.991111%
Val Loss: 0.187023, Acc: 95.980000%
 84%|██████████████████████████████████████████████████████████████████████████████████████████████████████▏                  | 169/200 [22:09<04:07,  7.99s/it]epoch 170
Train Loss: 0.000988, Acc: 99.993333%
Val Loss: 0.193820, Acc: 96.140000%
 85%|██████████████████████████████████████████████████████████████████████████████████████████████████████▊                  | 170/200 [22:17<04:00,  8.01s/it]epoch 171
Train Loss: 0.000862, Acc: 99.995556%
Val Loss: 0.195577, Acc: 95.720000%
 86%|███████████████████████████████████████████████████████████████████████████████████████████████████████▍                 | 171/200 [22:25<03:50,  7.95s/it]epoch 172
Train Loss: 0.000877, Acc: 99.993333%
Val Loss: 0.183582, Acc: 96.180000%
 86%|████████████████████████████████████████████████████████████████████████████████████████████████████████                 | 172/200 [22:33<03:43,  7.97s/it]epoch 173
Train Loss: 0.000975, Acc: 99.991111%
Val Loss: 0.191985, Acc: 95.840000%
 86%|████████████████████████████████████████████████████████████████████████████████████████████████████████▋                | 173/200 [22:41<03:33,  7.92s/it]epoch 174
Train Loss: 0.000881, Acc: 100.000000%
Val Loss: 0.201956, Acc: 96.040000%
 87%|█████████████████████████████████████████████████████████████████████████████████████████████████████████▎               | 174/200 [22:48<03:22,  7.77s/it]epoch 175
Train Loss: 0.000821, Acc: 99.997778%
Val Loss: 0.183603, Acc: 96.160000%
 88%|█████████████████████████████████████████████████████████████████████████████████████████████████████████▉               | 175/200 [22:56<03:14,  7.80s/it]epoch 176
Train Loss: 0.000915, Acc: 99.995556%
Val Loss: 0.182493, Acc: 96.020000%
 88%|██████████████████████████████████████████████████████████████████████████████████████████████████████████▍              | 176/200 [23:04<03:07,  7.82s/it]epoch 177
Train Loss: 0.000898, Acc: 99.995556%
Val Loss: 0.192200, Acc: 95.740000%
 88%|███████████████████████████████████████████████████████████████████████████████████████████████████████████              | 177/200 [23:12<03:01,  7.87s/it]epoch 178
Train Loss: 0.000880, Acc: 99.995556%
Val Loss: 0.174325, Acc: 96.060000%
 89%|███████████████████████████████████████████████████████████████████████████████████████████████████████████▋             | 178/200 [23:19<02:50,  7.77s/it]epoch 179
Train Loss: 0.000978, Acc: 99.991111%
Val Loss: 0.193737, Acc: 96.000000%
 90%|████████████████████████████████████████████████████████████████████████████████████████████████████████████▎            | 179/200 [23:27<02:45,  7.88s/it]epoch 180
Train Loss: 0.000965, Acc: 99.991111%
Val Loss: 0.200184, Acc: 95.760000%
 90%|████████████████████████████████████████████████████████████████████████████████████████████████████████████▉            | 180/200 [23:36<02:40,  8.01s/it]epoch 181
Train Loss: 0.000942, Acc: 99.993333%
Val Loss: 0.198517, Acc: 96.020000%
 90%|█████████████████████████████████████████████████████████████████████████████████████████████████████████████▌           | 181/200 [23:43<02:29,  7.86s/it]epoch 182
Train Loss: 0.000941, Acc: 99.995556%
Val Loss: 0.184474, Acc: 95.840000%
 91%|██████████████████████████████████████████████████████████████████████████████████████████████████████████████           | 182/200 [23:51<02:19,  7.73s/it]epoch 183
Train Loss: 0.001040, Acc: 99.988889%
Val Loss: 0.183473, Acc: 95.860000%
 92%|██████████████████████████████████████████████████████████████████████████████████████████████████████████████▋          | 183/200 [23:59<02:12,  7.79s/it]epoch 184
Train Loss: 0.000809, Acc: 100.000000%
Val Loss: 0.202539, Acc: 95.880000%
 92%|███████████████████████████████████████████████████████████████████████████████████████████████████████████████▎         | 184/200 [24:07<02:07,  7.95s/it]epoch 185
Train Loss: 0.000860, Acc: 99.997778%
Val Loss: 0.173574, Acc: 96.120000%
 92%|███████████████████████████████████████████████████████████████████████████████████████████████████████████████▉         | 185/200 [24:14<01:56,  7.78s/it]epoch 186
Train Loss: 0.000869, Acc: 99.995556%
Val Loss: 0.187321, Acc: 95.800000%
 93%|████████████████████████████████████████████████████████████████████████████████████████████████████████████████▌        | 186/200 [24:22<01:48,  7.76s/it]epoch 187
Train Loss: 0.000937, Acc: 99.997778%
Val Loss: 0.196578, Acc: 96.080000%
 94%|█████████████████████████████████████████████████████████████████████████████████████████████████████████████████▏       | 187/200 [24:30<01:41,  7.80s/it]epoch 188
Train Loss: 0.000898, Acc: 99.993333%
Val Loss: 0.185180, Acc: 96.160000%
 94%|█████████████████████████████████████████████████████████████████████████████████████████████████████████████████▋       | 188/200 [24:38<01:33,  7.77s/it]epoch 189
Train Loss: 0.000876, Acc: 99.993333%
Val Loss: 0.193807, Acc: 95.980000%
 94%|██████████████████████████████████████████████████████████████████████████████████████████████████████████████████▎      | 189/200 [24:45<01:24,  7.73s/it]epoch 190
Train Loss: 0.000864, Acc: 99.995556%
Val Loss: 0.198231, Acc: 96.000000%
 95%|██████████████████████████████████████████████████████████████████████████████████████████████████████████████████▉      | 190/200 [24:53<01:18,  7.88s/it]epoch 191
Train Loss: 0.000999, Acc: 99.995556%
Val Loss: 0.200559, Acc: 95.800000%
 96%|███████████████████████████████████████████████████████████████████████████████████████████████████████████████████▌     | 191/200 [25:01<01:11,  7.92s/it]epoch 192
Train Loss: 0.000913, Acc: 99.995556%
Val Loss: 0.178915, Acc: 96.180000%
 96%|████████████████████████████████████████████████████████████████████████████████████████████████████████████████████▏    | 192/200 [25:09<01:03,  7.95s/it]epoch 193
Train Loss: 0.000830, Acc: 99.997778%
Val Loss: 0.200692, Acc: 96.000000%
 96%|████████████████████████████████████████████████████████████████████████████████████████████████████████████████████▊    | 193/200 [25:17<00:55,  7.87s/it]epoch 194
Train Loss: 0.000838, Acc: 99.991111%
Val Loss: 0.188031, Acc: 96.240000%
 97%|█████████████████████████████████████████████████████████████████████████████████████████████████████████████████████▎   | 194/200 [25:25<00:47,  7.88s/it]epoch 195
Train Loss: 0.000870, Acc: 99.995556%
Val Loss: 0.199268, Acc: 96.200000%
 98%|█████████████████████████████████████████████████████████████████████████████████████████████████████████████████████▉   | 195/200 [25:32<00:38,  7.71s/it]epoch 196
Train Loss: 0.000840, Acc: 99.997778%
Val Loss: 0.189021, Acc: 96.160000%
 98%|██████████████████████████████████████████████████████████████████████████████████████████████████████████████████████▌  | 196/200 [25:40<00:31,  7.76s/it]epoch 197
Train Loss: 0.000826, Acc: 99.995556%
Val Loss: 0.193762, Acc: 95.860000%
 98%|███████████████████████████████████████████████████████████████████████████████████████████████████████████████████████▏ | 197/200 [25:48<00:22,  7.66s/it]epoch 198
Train Loss: 0.000908, Acc: 99.991111%
Val Loss: 0.184827, Acc: 96.380000%
 99%|███████████████████████████████████████████████████████████████████████████████████████████████████████████████████████▊ | 198/200 [25:56<00:15,  7.75s/it]epoch 199
Train Loss: 0.000895, Acc: 99.997778%
Val Loss: 0.179682, Acc: 96.040000%
100%|████████████████████████████████████████████████████████████████████████████████████████████████████████████████████████▍| 199/200 [26:03<00:07,  7.71s/it]epoch 200
Train Loss: 0.001032, Acc: 99.988889%
Val Loss: 0.199377, Acc: 95.740000%
100%|█████████████████████████████████████████████████████████████████████████████████████████████████████████████████████████| 200/200 [26:11<00:00,  7.86s/it]
Test Loss: 0.732250, Acc: 85.510000%