==> Preparing data..
==> Warmup for distillation..
==> Warmming up the model...
  0%|                                                                                                                                    | 0/60 [00:00<?, ?it/s]==> Epoch: 1
  2%|██                                                                                                                          | 1/60 [00:11<10:58, 11.15s/it]==> Epoch: 2
  3%|████▏                                                                                                                       | 2/60 [00:21<10:11, 10.54s/it]==> Epoch: 3
  5%|██████▏                                                                                                                     | 3/60 [00:31<10:05, 10.63s/it]==> Epoch: 4
  7%|████████▎                                                                                                                   | 4/60 [00:43<10:09, 10.88s/it]==> Epoch: 5
  8%|██████████▎                                                                                                                 | 5/60 [00:53<09:55, 10.82s/it]==> Epoch: 6
 10%|████████████▍                                                                                                               | 6/60 [01:04<09:38, 10.71s/it]==> Epoch: 7
 12%|██████████████▍                                                                                                             | 7/60 [01:13<09:04, 10.28s/it]==> Epoch: 8
 13%|████████████████▌                                                                                                           | 8/60 [01:24<08:58, 10.36s/it]==> Epoch: 9
 15%|██████████████████▌                                                                                                         | 9/60 [01:34<08:49, 10.38s/it]==> Epoch: 10
 17%|████████████████████▌                                                                                                      | 10/60 [01:45<08:41, 10.43s/it]==> Epoch: 11
 18%|██████████████████████▌                                                                                                    | 11/60 [01:56<08:36, 10.55s/it]==> Epoch: 12
 20%|████████████████████████▌                                                                                                  | 12/60 [02:06<08:29, 10.62s/it]==> Epoch: 13
 22%|██████████████████████████▋                                                                                                | 13/60 [02:17<08:18, 10.61s/it]==> Epoch: 14
 23%|████████████████████████████▋                                                                                              | 14/60 [02:27<08:03, 10.51s/it]==> Epoch: 15
 25%|██████████████████████████████▊                                                                                            | 15/60 [02:37<07:48, 10.40s/it]==> Epoch: 16
 27%|████████████████████████████████▊                                                                                          | 16/60 [02:48<07:34, 10.32s/it]==> Epoch: 17
 28%|██████████████████████████████████▊                                                                                        | 17/60 [02:57<07:16, 10.15s/it]==> Epoch: 18
 30%|████████████████████████████████████▉                                                                                      | 18/60 [03:07<07:02, 10.06s/it]==> Epoch: 19
 32%|██████████████████████████████████████▉                                                                                    | 19/60 [03:18<06:56, 10.16s/it]==> Epoch: 20
 33%|█████████████████████████████████████████                                                                                  | 20/60 [03:28<06:47, 10.19s/it]==> Epoch: 21
 35%|███████████████████████████████████████████                                                                                | 21/60 [03:38<06:38, 10.21s/it]==> Epoch: 22
 37%|█████████████████████████████████████████████                                                                              | 22/60 [03:48<06:25, 10.16s/it]==> Epoch: 23
 38%|███████████████████████████████████████████████▏                                                                           | 23/60 [03:58<06:15, 10.14s/it]==> Epoch: 24
 40%|█████████████████████████████████████████████████▏                                                                         | 24/60 [04:08<06:05, 10.16s/it]==> Epoch: 25
 42%|███████████████████████████████████████████████████▎                                                                       | 25/60 [04:18<05:53, 10.11s/it]==> Epoch: 26
 43%|█████████████████████████████████████████████████████▎                                                                     | 26/60 [04:29<05:45, 10.16s/it]==> Epoch: 27
 45%|███████████████████████████████████████████████████████▎                                                                   | 27/60 [04:39<05:37, 10.23s/it]==> Epoch: 28
 47%|█████████████████████████████████████████████████████████▍                                                                 | 28/60 [04:49<05:27, 10.22s/it]==> Epoch: 29
 48%|███████████████████████████████████████████████████████████▍                                                               | 29/60 [04:59<05:14, 10.13s/it]==> Epoch: 30
 50%|█████████████████████████████████████████████████████████████▌                                                             | 30/60 [05:10<05:05, 10.18s/it]==> Epoch: 31
 52%|███████████████████████████████████████████████████████████████▌                                                           | 31/60 [05:20<04:58, 10.28s/it]==> Epoch: 32
 53%|█████████████████████████████████████████████████████████████████▌                                                         | 32/60 [05:30<04:41, 10.04s/it]==> Epoch: 33
 55%|███████████████████████████████████████████████████████████████████▋                                                       | 33/60 [05:40<04:31, 10.07s/it]==> Epoch: 34
 57%|█████████████████████████████████████████████████████████████████████▋                                                     | 34/60 [05:50<04:20, 10.03s/it]==> Epoch: 35
 58%|███████████████████████████████████████████████████████████████████████▊                                                   | 35/60 [05:59<04:06,  9.85s/it]==> Epoch: 36
 60%|█████████████████████████████████████████████████████████████████████████▊                                                 | 36/60 [06:09<03:59,  9.98s/it]==> Epoch: 37
 62%|███████████████████████████████████████████████████████████████████████████▊                                               | 37/60 [06:19<03:48,  9.95s/it]==> Epoch: 38
 63%|█████████████████████████████████████████████████████████████████████████████▉                                             | 38/60 [06:29<03:36,  9.84s/it]==> Epoch: 39
 65%|███████████████████████████████████████████████████████████████████████████████▉                                           | 39/60 [06:39<03:26,  9.82s/it]==> Epoch: 40
 67%|██████████████████████████████████████████████████████████████████████████████████                                         | 40/60 [06:48<03:16,  9.81s/it]==> Epoch: 41
 68%|████████████████████████████████████████████████████████████████████████████████████                                       | 41/60 [06:59<03:08,  9.91s/it]==> Epoch: 42
 70%|██████████████████████████████████████████████████████████████████████████████████████                                     | 42/60 [07:08<02:56,  9.82s/it]==> Epoch: 43
 72%|████████████████████████████████████████████████████████████████████████████████████████▏                                  | 43/60 [07:19<02:50, 10.05s/it]==> Epoch: 44
 73%|██████████████████████████████████████████████████████████████████████████████████████████▏                                | 44/60 [07:29<02:40, 10.05s/it]==> Epoch: 45
 75%|████████████████████████████████████████████████████████████████████████████████████████████▎                              | 45/60 [07:38<02:28,  9.89s/it]==> Epoch: 46
 77%|██████████████████████████████████████████████████████████████████████████████████████████████▎                            | 46/60 [07:48<02:18,  9.91s/it]==> Epoch: 47
 78%|████████████████████████████████████████████████████████████████████████████████████████████████▎                          | 47/60 [07:58<02:10, 10.00s/it]==> Epoch: 48
 80%|██████████████████████████████████████████████████████████████████████████████████████████████████▍                        | 48/60 [08:09<02:01, 10.13s/it]==> Epoch: 49
 82%|████████████████████████████████████████████████████████████████████████████████████████████████████▍                      | 49/60 [08:19<01:50, 10.07s/it]==> Epoch: 50
 83%|██████████████████████████████████████████████████████████████████████████████████████████████████████▌                    | 50/60 [08:28<01:39,  9.92s/it]==> Epoch: 51
 85%|████████████████████████████████████████████████████████████████████████████████████████████████████████▌                  | 51/60 [08:39<01:29,  9.99s/it]==> Epoch: 52
 87%|██████████████████████████████████████████████████████████████████████████████████████████████████████████▌                | 52/60 [08:48<01:18,  9.82s/it]==> Epoch: 53
 88%|████████████████████████████████████████████████████████████████████████████████████████████████████████████▋              | 53/60 [08:57<01:07,  9.70s/it]==> Epoch: 54
 90%|██████████████████████████████████████████████████████████████████████████████████████████████████████████████▋            | 54/60 [09:07<00:57,  9.61s/it]==> Epoch: 55
 92%|████████████████████████████████████████████████████████████████████████████████████████████████████████████████▊          | 55/60 [09:17<00:49,  9.86s/it]==> Epoch: 56
 93%|██████████████████████████████████████████████████████████████████████████████████████████████████████████████████▊        | 56/60 [09:27<00:39,  9.97s/it]==> Epoch: 57
 95%|████████████████████████████████████████████████████████████████████████████████████████████████████████████████████▊      | 57/60 [09:38<00:30, 10.09s/it]==> Epoch: 58
 97%|██████████████████████████████████████████████████████████████████████████████████████████████████████████████████████▉    | 58/60 [09:48<00:20, 10.04s/it]==> Epoch: 59
 98%|████████████████████████████████████████████████████████████████████████████████████████████████████████████████████████▉  | 59/60 [09:58<00:09,  9.97s/it]==> Epoch: 60
100%|███████████████████████████████████████████████████████████████████████████████████████████████████████████████████████████| 60/60 [10:07<00:00, 10.12s/it]
==> Filtering dataset..
Number of distilled train examples: 17996
Accuracy of distilled train examples collection: 97.61613691931541%
Number of distilled validation examples: 1997
Accuracy of distilled validation examples collection: 97.84677015523285%
==> Distilled dataset building..
==> Distilled dataset building done..
==> Start training..
  0%|                                                                                                                                   | 0/200 [00:00<?, ?it/s]epoch 1
Train Loss: 0.297430, Acc: 90.293034%
Val Loss: 0.368425, Acc: 88.480000%
  0%|▌                                                                                                                          | 1/200 [00:10<33:50, 10.20s/it]epoch 2
Train Loss: 0.195470, Acc: 93.520224%
Val Loss: 0.322924, Acc: 89.940000%
  1%|█▏                                                                                                                         | 2/200 [00:20<33:49, 10.25s/it]epoch 3
Train Loss: 0.167893, Acc: 94.302813%
Val Loss: 0.292732, Acc: 90.520000%
  2%|█▊                                                                                                                         | 3/200 [00:30<33:47, 10.29s/it]epoch 4
Train Loss: 0.150139, Acc: 94.847292%
Val Loss: 0.267216, Acc: 91.160000%
  2%|██▍                                                                                                                        | 4/200 [00:40<33:15, 10.18s/it]epoch 5
Train Loss: 0.140909, Acc: 95.169535%
Val Loss: 0.266450, Acc: 91.620000%
  2%|███                                                                                                                        | 5/200 [00:51<33:45, 10.38s/it]epoch 6
Train Loss: 0.128365, Acc: 95.558448%
Val Loss: 0.244926, Acc: 91.940000%
  3%|███▋                                                                                                                       | 6/200 [01:01<33:05, 10.23s/it]epoch 7
Train Loss: 0.122511, Acc: 95.796559%
Val Loss: 0.268111, Acc: 91.760000%
  4%|████▎                                                                                                                      | 7/200 [01:11<32:48, 10.20s/it]epoch 8
Train Loss: 0.117975, Acc: 95.912439%
Val Loss: 0.270822, Acc: 91.720000%
  4%|████▉                                                                                                                      | 8/200 [01:21<32:12, 10.07s/it]epoch 9
Train Loss: 0.112458, Acc: 96.158486%
Val Loss: 0.293309, Acc: 92.120000%
  4%|█████▌                                                                                                                     | 9/200 [01:31<32:25, 10.19s/it]epoch 10
Train Loss: 0.108309, Acc: 96.185472%
Val Loss: 0.248812, Acc: 92.340000%
  5%|██████                                                                                                                    | 10/200 [01:43<33:24, 10.55s/it]epoch 11
Train Loss: 0.104059, Acc: 96.418820%
Val Loss: 0.231855, Acc: 92.900000%
  6%|██████▋                                                                                                                   | 11/200 [01:53<33:07, 10.52s/it]epoch 12
Train Loss: 0.106419, Acc: 96.353737%
Val Loss: 0.232033, Acc: 92.640000%
  6%|███████▎                                                                                                                  | 12/200 [02:04<32:54, 10.50s/it]epoch 13
Train Loss: 0.100743, Acc: 96.496603%
Val Loss: 0.324671, Acc: 90.660000%
  6%|███████▉                                                                                                                  | 13/200 [02:15<33:28, 10.74s/it]epoch 14
Train Loss: 0.097910, Acc: 96.577560%
Val Loss: 0.267349, Acc: 91.800000%
  7%|████████▌                                                                                                                 | 14/200 [02:26<33:49, 10.91s/it]epoch 15
Train Loss: 0.099381, Acc: 96.548987%
Val Loss: 0.297440, Acc: 91.260000%
  8%|█████████▏                                                                                                                | 15/200 [02:37<33:37, 10.91s/it]epoch 16
Train Loss: 0.097368, Acc: 96.648994%
Val Loss: 0.302851, Acc: 91.640000%
  8%|█████████▊                                                                                                                | 16/200 [02:48<33:31, 10.93s/it]epoch 17
Train Loss: 0.095783, Acc: 96.683916%
Val Loss: 0.257156, Acc: 92.400000%
  8%|██████████▎                                                                                                               | 17/200 [02:58<32:40, 10.71s/it]epoch 18
Train Loss: 0.088046, Acc: 96.949013%
Val Loss: 0.306410, Acc: 90.680000%
  9%|██████████▉                                                                                                               | 18/200 [03:09<32:08, 10.60s/it]epoch 19
Train Loss: 0.093941, Acc: 96.752175%
Val Loss: 0.238521, Acc: 92.740000%
 10%|███████████▌                                                                                                              | 19/200 [03:19<31:22, 10.40s/it]epoch 20
Train Loss: 0.093873, Acc: 96.744238%
Val Loss: 0.242123, Acc: 92.620000%
 10%|████████████▏                                                                                                             | 20/200 [03:29<31:34, 10.53s/it]epoch 21
Train Loss: 0.088367, Acc: 97.039495%
Val Loss: 0.218877, Acc: 93.880000%
 10%|████████████▊                                                                                                             | 21/200 [03:40<31:25, 10.53s/it]epoch 22
Train Loss: 0.087952, Acc: 96.936313%
Val Loss: 0.272001, Acc: 91.960000%
 11%|█████████████▍                                                                                                            | 22/200 [03:51<31:55, 10.76s/it]epoch 23
Train Loss: 0.085378, Acc: 96.993460%
Val Loss: 0.257041, Acc: 92.940000%
 12%|██████████████                                                                                                            | 23/200 [04:02<31:36, 10.71s/it]epoch 24
Train Loss: 0.085545, Acc: 97.039495%
Val Loss: 0.227029, Acc: 93.160000%
 12%|██████████████▋                                                                                                           | 24/200 [04:13<31:36, 10.78s/it]epoch 25
Train Loss: 0.080845, Acc: 97.112515%
Val Loss: 0.271273, Acc: 92.660000%
 12%|███████████████▎                                                                                                          | 25/200 [04:24<31:49, 10.91s/it]epoch 26
Train Loss: 0.084430, Acc: 97.049019%
Val Loss: 0.304067, Acc: 90.880000%
 13%|███████████████▊                                                                                                          | 26/200 [04:35<31:45, 10.95s/it]epoch 27
Train Loss: 0.092647, Acc: 96.752175%
Val Loss: 0.277717, Acc: 92.780000%
 14%|████████████████▍                                                                                                         | 27/200 [04:46<31:52, 11.06s/it]epoch 28
Train Loss: 0.083422, Acc: 97.041082%
Val Loss: 0.245669, Acc: 92.880000%
 14%|█████████████████                                                                                                         | 28/200 [04:58<32:05, 11.19s/it]epoch 29
Train Loss: 0.076825, Acc: 97.279192%
Val Loss: 0.243653, Acc: 92.520000%
 14%|█████████████████▋                                                                                                        | 29/200 [05:09<31:30, 11.06s/it]epoch 30
Train Loss: 0.079853, Acc: 97.193473%
Val Loss: 0.204049, Acc: 94.020000%
 15%|██████████████████▎                                                                                                       | 30/200 [05:20<31:13, 11.02s/it]epoch 31
Train Loss: 0.076099, Acc: 97.376024%
Val Loss: 0.253824, Acc: 92.180000%
 16%|██████████████████▉                                                                                                       | 31/200 [05:29<30:00, 10.66s/it]epoch 32
Train Loss: 0.075545, Acc: 97.398248%
Val Loss: 0.240767, Acc: 92.820000%
 16%|███████████████████▌                                                                                                      | 32/200 [05:40<29:28, 10.53s/it]epoch 33
Train Loss: 0.078388, Acc: 97.339514%
Val Loss: 0.254028, Acc: 93.380000%
 16%|████████████████████▏                                                                                                     | 33/200 [05:51<30:06, 10.82s/it]epoch 34
Train Loss: 0.078195, Acc: 97.280780%
Val Loss: 0.265976, Acc: 92.000000%
 17%|████████████████████▋                                                                                                     | 34/200 [06:02<30:14, 10.93s/it]epoch 35
Train Loss: 0.077355, Acc: 97.303003%
Val Loss: 0.295246, Acc: 90.840000%
 18%|█████████████████████▎                                                                                                    | 35/200 [06:13<29:45, 10.82s/it]epoch 36
Train Loss: 0.077965, Acc: 97.285542%
Val Loss: 0.272135, Acc: 93.100000%
 18%|█████████████████████▉                                                                                                    | 36/200 [06:23<29:05, 10.65s/it]epoch 37
Train Loss: 0.078673, Acc: 97.245857%
Val Loss: 0.256699, Acc: 93.120000%
 18%|██████████████████████▌                                                                                                   | 37/200 [06:34<28:57, 10.66s/it]epoch 38
Train Loss: 0.076046, Acc: 97.452219%
Val Loss: 0.216014, Acc: 93.680000%
 19%|███████████████████████▏                                                                                                  | 38/200 [06:45<29:14, 10.83s/it]epoch 39
Train Loss: 0.079698, Acc: 97.276018%
Val Loss: 0.235331, Acc: 93.440000%
 20%|███████████████████████▊                                                                                                  | 39/200 [06:56<29:04, 10.84s/it]epoch 40
Train Loss: 0.073235, Acc: 97.415709%
Val Loss: 0.250828, Acc: 92.520000%
 20%|████████████████████████▍                                                                                                 | 40/200 [07:08<29:34, 11.09s/it]epoch 41
Train Loss: 0.072622, Acc: 97.476030%
Val Loss: 0.215505, Acc: 94.200000%
 20%|█████████████████████████                                                                                                 | 41/200 [07:19<29:33, 11.15s/it]epoch 42
Train Loss: 0.068710, Acc: 97.676043%
Val Loss: 0.224134, Acc: 93.880000%
 21%|█████████████████████████▌                                                                                                | 42/200 [07:30<29:21, 11.15s/it]epoch 43
Train Loss: 0.072994, Acc: 97.469681%
Val Loss: 0.250727, Acc: 92.740000%
 22%|██████████████████████████▏                                                                                               | 43/200 [07:41<29:00, 11.08s/it]epoch 44
Train Loss: 0.076856, Acc: 97.307766%
Val Loss: 0.268835, Acc: 92.020000%
 22%|██████████████████████████▊                                                                                               | 44/200 [07:52<28:46, 11.07s/it]epoch 45
Train Loss: 0.073155, Acc: 97.476030%
Val Loss: 0.229678, Acc: 93.140000%
 22%|███████████████████████████▍                                                                                              | 45/200 [08:02<27:43, 10.73s/it]epoch 46
Train Loss: 0.070106, Acc: 97.595085%
Val Loss: 0.251324, Acc: 92.540000%
 23%|████████████████████████████                                                                                              | 46/200 [08:13<27:46, 10.82s/it]epoch 47
Train Loss: 0.067736, Acc: 97.642707%
Val Loss: 0.216919, Acc: 93.780000%
 24%|████████████████████████████▋                                                                                             | 47/200 [08:24<28:07, 11.03s/it]epoch 48
Train Loss: 0.070544, Acc: 97.558575%
Val Loss: 0.210404, Acc: 93.800000%
 24%|█████████████████████████████▎                                                                                            | 48/200 [08:36<28:02, 11.07s/it]epoch 49
Train Loss: 0.064389, Acc: 97.658581%
Val Loss: 0.229429, Acc: 93.100000%
 24%|█████████████████████████████▉                                                                                            | 49/200 [08:46<27:24, 10.89s/it]epoch 50
Train Loss: 0.070890, Acc: 97.512540%
Val Loss: 0.205800, Acc: 93.860000%
 25%|██████████████████████████████▌                                                                                           | 50/200 [08:57<27:23, 10.96s/it]epoch 51
Train Loss: 0.071269, Acc: 97.547463%
Val Loss: 0.219157, Acc: 93.420000%
 26%|███████████████████████████████                                                                                           | 51/200 [09:09<27:32, 11.09s/it]epoch 52
Train Loss: 0.067159, Acc: 97.693504%
Val Loss: 0.268641, Acc: 92.180000%
 26%|███████████████████████████████▋                                                                                          | 52/200 [09:20<27:44, 11.25s/it]epoch 53
Train Loss: 0.069953, Acc: 97.517303%
Val Loss: 0.227014, Acc: 93.140000%
 26%|████████████████████████████████▎                                                                                         | 53/200 [09:31<26:54, 10.98s/it]epoch 54
Train Loss: 0.068864, Acc: 97.637945%
Val Loss: 0.208755, Acc: 93.860000%
 27%|████████████████████████████████▉                                                                                         | 54/200 [09:41<26:30, 10.89s/it]epoch 55
Train Loss: 0.069995, Acc: 97.609372%
Val Loss: 0.227580, Acc: 92.920000%
 28%|█████████████████████████████████▌                                                                                        | 55/200 [09:51<25:32, 10.57s/it]epoch 56
Train Loss: 0.065536, Acc: 97.772874%
Val Loss: 0.237357, Acc: 92.880000%
 28%|██████████████████████████████████▏                                                                                       | 56/200 [10:02<25:38, 10.69s/it]epoch 57
Train Loss: 0.068077, Acc: 97.607785%
Val Loss: 0.198502, Acc: 93.840000%
 28%|██████████████████████████████████▊                                                                                       | 57/200 [10:13<25:49, 10.84s/it]epoch 58
Train Loss: 0.068700, Acc: 97.590323%
Val Loss: 0.261844, Acc: 93.040000%
 29%|███████████████████████████████████▍                                                                                      | 58/200 [10:24<25:42, 10.86s/it]epoch 59
Train Loss: 0.070811, Acc: 97.604610%
Val Loss: 0.250015, Acc: 93.160000%
 30%|███████████████████████████████████▉                                                                                      | 59/200 [10:35<25:39, 10.92s/it]epoch 60
Train Loss: 0.076666, Acc: 97.403010%
Val Loss: 0.200976, Acc: 94.120000%
 30%|████████████████████████████████████▌                                                                                     | 60/200 [10:46<25:06, 10.76s/it]epoch 61
Train Loss: 0.066692, Acc: 97.798273%
Val Loss: 0.208535, Acc: 93.700000%
 30%|█████████████████████████████████████▏                                                                                    | 61/200 [10:56<25:00, 10.80s/it]epoch 62
Train Loss: 0.065395, Acc: 97.774462%
Val Loss: 0.197702, Acc: 94.080000%
 31%|█████████████████████████████████████▊                                                                                    | 62/200 [11:07<24:37, 10.70s/it]epoch 63
Train Loss: 0.063782, Acc: 97.779224%
Val Loss: 0.337171, Acc: 90.620000%
 32%|██████████████████████████████████████▍                                                                                   | 63/200 [11:17<24:15, 10.62s/it]epoch 64
Train Loss: 0.064303, Acc: 97.806210%
Val Loss: 0.210932, Acc: 93.580000%
 32%|███████████████████████████████████████                                                                                   | 64/200 [11:28<23:50, 10.51s/it]epoch 65
Train Loss: 0.062381, Acc: 97.801448%
Val Loss: 0.200283, Acc: 94.040000%
 32%|███████████████████████████████████████▋                                                                                  | 65/200 [11:39<24:20, 10.82s/it]epoch 66
Train Loss: 0.064479, Acc: 97.787161%
Val Loss: 0.170197, Acc: 94.760000%
 33%|████████████████████████████████████████▎                                                                                 | 66/200 [11:50<24:01, 10.76s/it]epoch 67
Train Loss: 0.061524, Acc: 97.815734%
Val Loss: 0.238914, Acc: 93.060000%
 34%|████████████████████████████████████████▊                                                                                 | 67/200 [12:00<23:28, 10.59s/it]epoch 68
Train Loss: 0.067087, Acc: 97.706204%
Val Loss: 0.227274, Acc: 93.180000%
 34%|█████████████████████████████████████████▍                                                                                | 68/200 [12:11<23:29, 10.68s/it]epoch 69
Train Loss: 0.063181, Acc: 97.868119%
Val Loss: 0.265116, Acc: 92.240000%
 34%|██████████████████████████████████████████                                                                                | 69/200 [12:21<23:15, 10.65s/it]epoch 70
Train Loss: 0.072797, Acc: 97.476030%
Val Loss: 0.231614, Acc: 93.140000%
 35%|██████████████████████████████████████████▋                                                                               | 70/200 [12:33<23:38, 10.92s/it]epoch 71
Train Loss: 0.061884, Acc: 97.893517%
Val Loss: 0.215722, Acc: 94.020000%
 36%|███████████████████████████████████████████▎                                                                              | 71/200 [12:44<23:43, 11.04s/it]epoch 72
Train Loss: 0.063013, Acc: 97.825259%
Val Loss: 0.216944, Acc: 93.860000%
 36%|███████████████████████████████████████████▉                                                                              | 72/200 [12:55<23:02, 10.80s/it]epoch 73
Train Loss: 0.064213, Acc: 97.782399%
Val Loss: 0.239993, Acc: 92.800000%
 36%|████████████████████████████████████████████▌                                                                             | 73/200 [13:05<22:44, 10.74s/it]epoch 74
Train Loss: 0.063216, Acc: 97.806210%
Val Loss: 0.252648, Acc: 92.880000%
 37%|█████████████████████████████████████████████▏                                                                            | 74/200 [13:15<22:12, 10.58s/it]epoch 75
Train Loss: 0.065987, Acc: 97.666519%
Val Loss: 0.262023, Acc: 92.660000%
 38%|█████████████████████████████████████████████▊                                                                            | 75/200 [13:25<21:45, 10.44s/it]epoch 76
Train Loss: 0.066003, Acc: 97.736364%
Val Loss: 0.288721, Acc: 92.800000%
 38%|██████████████████████████████████████████████▎                                                                           | 76/200 [13:37<21:57, 10.62s/it]epoch 77
Train Loss: 0.061026, Acc: 97.882405%
Val Loss: 0.324701, Acc: 90.920000%
 38%|██████████████████████████████████████████████▉                                                                           | 77/200 [13:47<21:49, 10.65s/it]epoch 78
Train Loss: 0.070859, Acc: 97.556988%
Val Loss: 0.245311, Acc: 92.440000%
 39%|███████████████████████████████████████████████▌                                                                          | 78/200 [13:58<22:00, 10.82s/it]epoch 79
Train Loss: 0.062711, Acc: 97.857007%
Val Loss: 0.246487, Acc: 93.060000%
 40%|████████████████████████████████████████████████▏                                                                         | 79/200 [14:09<21:34, 10.70s/it]epoch 80
Train Loss: 0.065365, Acc: 97.753826%
Val Loss: 0.248767, Acc: 92.720000%
 40%|████████████████████████████████████████████████▊                                                                         | 80/200 [14:20<21:44, 10.87s/it]epoch 81
Train Loss: 0.061826, Acc: 97.863356%
Val Loss: 0.244182, Acc: 93.080000%
 40%|█████████████████████████████████████████████████▍                                                                        | 81/200 [14:30<21:05, 10.64s/it]epoch 82
Train Loss: 0.059714, Acc: 97.942727%
Val Loss: 0.230142, Acc: 93.620000%
 41%|██████████████████████████████████████████████████                                                                        | 82/200 [14:41<20:48, 10.58s/it]epoch 83
Train Loss: 0.066221, Acc: 97.706204%
Val Loss: 0.315502, Acc: 91.780000%
 42%|██████████████████████████████████████████████████▋                                                                       | 83/200 [14:51<20:44, 10.63s/it]epoch 84
Train Loss: 0.063729, Acc: 97.726840%
Val Loss: 0.242018, Acc: 92.920000%
 42%|███████████████████████████████████████████████████▏                                                                      | 84/200 [15:02<20:29, 10.60s/it]epoch 85
Train Loss: 0.057751, Acc: 97.976062%
Val Loss: 0.232803, Acc: 94.320000%
 42%|███████████████████████████████████████████████████▊                                                                      | 85/200 [15:12<20:16, 10.58s/it]epoch 86
Train Loss: 0.059713, Acc: 97.993523%
Val Loss: 0.230316, Acc: 93.260000%
 43%|████████████████████████████████████████████████████▍                                                                     | 86/200 [15:23<20:07, 10.60s/it]epoch 87
Train Loss: 0.064774, Acc: 97.734777%
Val Loss: 0.243860, Acc: 93.220000%
 44%|█████████████████████████████████████████████████████                                                                     | 87/200 [15:34<20:06, 10.67s/it]epoch 88
Train Loss: 0.059820, Acc: 97.890342%
Val Loss: 0.248495, Acc: 92.880000%
 44%|█████████████████████████████████████████████████████▋                                                                    | 88/200 [15:44<19:47, 10.60s/it]epoch 89
Train Loss: 0.059849, Acc: 97.893517%
Val Loss: 0.256244, Acc: 92.880000%
 44%|██████████████████████████████████████████████████████▎                                                                   | 89/200 [15:54<19:05, 10.32s/it]epoch 90
Train Loss: 0.058329, Acc: 97.964950%
Val Loss: 0.192352, Acc: 94.860000%
 45%|██████████████████████████████████████████████████████▉                                                                   | 90/200 [16:05<19:19, 10.54s/it]epoch 91
Train Loss: 0.056814, Acc: 98.037971%
Val Loss: 0.251220, Acc: 92.880000%
 46%|███████████████████████████████████████████████████████▌                                                                  | 91/200 [16:16<19:16, 10.61s/it]epoch 92
Train Loss: 0.060638, Acc: 97.898279%
Val Loss: 0.224954, Acc: 93.300000%
 46%|████████████████████████████████████████████████████████                                                                  | 92/200 [16:26<19:00, 10.56s/it]epoch 93
Train Loss: 0.059368, Acc: 97.877643%
Val Loss: 0.345810, Acc: 90.240000%
 46%|████████████████████████████████████████████████████████▋                                                                 | 93/200 [16:37<19:02, 10.67s/it]epoch 94
Train Loss: 0.071903, Acc: 97.596673%
Val Loss: 0.233036, Acc: 93.380000%
 47%|█████████████████████████████████████████████████████████▎                                                                | 94/200 [16:48<18:57, 10.73s/it]epoch 95
Train Loss: 0.059890, Acc: 97.974475%
Val Loss: 0.305041, Acc: 92.580000%
 48%|█████████████████████████████████████████████████████████▉                                                                | 95/200 [16:59<19:06, 10.92s/it]epoch 96
Train Loss: 0.054774, Acc: 98.153851%
Val Loss: 0.247979, Acc: 93.740000%
 48%|██████████████████████████████████████████████████████████▌                                                               | 96/200 [17:10<18:38, 10.75s/it]epoch 97
Train Loss: 0.059264, Acc: 97.999873%
Val Loss: 0.229097, Acc: 93.440000%
 48%|███████████████████████████████████████████████████████████▏                                                              | 97/200 [17:20<18:13, 10.62s/it]epoch 98
Train Loss: 0.063342, Acc: 97.857007%
Val Loss: 0.224247, Acc: 93.900000%
 49%|███████████████████████████████████████████████████████████▊                                                              | 98/200 [17:31<17:59, 10.58s/it]epoch 99
Train Loss: 0.059204, Acc: 98.010985%
Val Loss: 0.202401, Acc: 94.480000%
 50%|████████████████████████████████████████████████████████████▍                                                             | 99/200 [17:41<17:27, 10.38s/it]epoch 100
Train Loss: 0.065660, Acc: 97.744301%
Val Loss: 0.197812, Acc: 93.900000%
 50%|████████████████████████████████████████████████████████████▌                                                            | 100/200 [17:51<17:23, 10.44s/it]epoch 101
Train Loss: 0.022322, Acc: 99.355515%
Val Loss: 0.127930, Acc: 96.540000%
 50%|█████████████████████████████████████████████████████████████                                                            | 101/200 [18:02<17:34, 10.65s/it]epoch 102
Train Loss: 0.011734, Acc: 99.679345%
Val Loss: 0.130306, Acc: 96.600000%
 51%|█████████████████████████████████████████████████████████████▋                                                           | 102/200 [18:13<17:26, 10.68s/it]epoch 103
Train Loss: 0.009647, Acc: 99.747603%
Val Loss: 0.125418, Acc: 96.480000%
 52%|██████████████████████████████████████████████████████████████▎                                                          | 103/200 [18:25<17:39, 10.92s/it]epoch 104
Train Loss: 0.007382, Acc: 99.812687%
Val Loss: 0.126621, Acc: 96.600000%
 52%|██████████████████████████████████████████████████████████████▉                                                          | 104/200 [18:36<17:40, 11.05s/it]epoch 105
Train Loss: 0.006828, Acc: 99.838085%
Val Loss: 0.121242, Acc: 96.700000%
 52%|███████████████████████████████████████████████████████████████▌                                                         | 105/200 [18:47<17:18, 10.93s/it]epoch 106
Train Loss: 0.005635, Acc: 99.869833%
Val Loss: 0.131936, Acc: 96.680000%
 53%|████████████████████████████████████████████████████████████████▏                                                        | 106/200 [18:57<16:47, 10.72s/it]epoch 107
Train Loss: 0.005859, Acc: 99.857134%
Val Loss: 0.136635, Acc: 96.760000%
 54%|████████████████████████████████████████████████████████████████▋                                                        | 107/200 [19:08<16:38, 10.74s/it]epoch 108
Train Loss: 0.005156, Acc: 99.880945%
Val Loss: 0.127959, Acc: 96.700000%
 54%|█████████████████████████████████████████████████████████████████▎                                                       | 108/200 [19:18<16:23, 10.69s/it]epoch 109
Train Loss: 0.003992, Acc: 99.925392%
Val Loss: 0.133386, Acc: 96.660000%
 55%|█████████████████████████████████████████████████████████████████▉                                                       | 109/200 [19:28<15:53, 10.48s/it]epoch 110
Train Loss: 0.003619, Acc: 99.933329%
Val Loss: 0.128644, Acc: 96.820000%
 55%|██████████████████████████████████████████████████████████████████▌                                                      | 110/200 [19:38<15:34, 10.39s/it]epoch 111
Train Loss: 0.003308, Acc: 99.938091%
Val Loss: 0.146221, Acc: 96.480000%
 56%|███████████████████████████████████████████████████████████████████▏                                                     | 111/200 [19:48<15:15, 10.29s/it]epoch 112
Train Loss: 0.002918, Acc: 99.953965%
Val Loss: 0.134377, Acc: 96.800000%
 56%|███████████████████████████████████████████████████████████████████▊                                                     | 112/200 [19:59<15:22, 10.48s/it]epoch 113
Train Loss: 0.003016, Acc: 99.933329%
Val Loss: 0.146637, Acc: 96.660000%
 56%|████████████████████████████████████████████████████████████████████▎                                                    | 113/200 [20:11<15:38, 10.78s/it]epoch 114
Train Loss: 0.002868, Acc: 99.939679%
Val Loss: 0.140914, Acc: 96.640000%
 57%|████████████████████████████████████████████████████████████████████▉                                                    | 114/200 [20:22<15:29, 10.81s/it]epoch 115
Train Loss: 0.002703, Acc: 99.947616%
Val Loss: 0.138713, Acc: 96.760000%
 57%|█████████████████████████████████████████████████████████████████████▌                                                   | 115/200 [20:32<15:15, 10.77s/it]epoch 116
Train Loss: 0.002725, Acc: 99.949203%
Val Loss: 0.136326, Acc: 96.740000%
 58%|██████████████████████████████████████████████████████████████████████▏                                                  | 116/200 [20:44<15:22, 10.98s/it]epoch 117
Train Loss: 0.002205, Acc: 99.961902%
Val Loss: 0.139126, Acc: 96.860000%
 58%|██████████████████████████████████████████████████████████████████████▊                                                  | 117/200 [20:54<14:55, 10.78s/it]epoch 118
Train Loss: 0.002286, Acc: 99.955553%
Val Loss: 0.126185, Acc: 96.960000%
 59%|███████████████████████████████████████████████████████████████████████▍                                                 | 118/200 [21:05<14:52, 10.88s/it]epoch 119
Train Loss: 0.002052, Acc: 99.952378%
Val Loss: 0.127710, Acc: 96.880000%
 60%|███████████████████████████████████████████████████████████████████████▉                                                 | 119/200 [21:16<14:37, 10.84s/it]epoch 120
Train Loss: 0.001874, Acc: 99.976189%
Val Loss: 0.136134, Acc: 96.940000%
 60%|████████████████████████████████████████████████████████████████████████▌                                                | 120/200 [21:27<14:23, 10.80s/it]epoch 121
Train Loss: 0.001851, Acc: 99.973014%
Val Loss: 0.136870, Acc: 96.740000%
 60%|█████████████████████████████████████████████████████████████████████████▏                                               | 121/200 [21:37<14:01, 10.65s/it]epoch 122
Train Loss: 0.001726, Acc: 99.966665%
Val Loss: 0.128086, Acc: 96.780000%
 61%|█████████████████████████████████████████████████████████████████████████▊                                               | 122/200 [21:48<13:59, 10.76s/it]epoch 123
Train Loss: 0.001832, Acc: 99.976189%
Val Loss: 0.124713, Acc: 96.620000%
 62%|██████████████████████████████████████████████████████████████████████████▍                                              | 123/200 [21:59<13:56, 10.87s/it]epoch 124
Train Loss: 0.002233, Acc: 99.952378%
Val Loss: 0.128742, Acc: 96.900000%
 62%|███████████████████████████████████████████████████████████████████████████                                              | 124/200 [22:10<13:48, 10.90s/it]epoch 125
Train Loss: 0.002086, Acc: 99.955553%
Val Loss: 0.146761, Acc: 96.800000%
 62%|███████████████████████████████████████████████████████████████████████████▋                                             | 125/200 [22:20<13:21, 10.68s/it]epoch 126
Train Loss: 0.001782, Acc: 99.977776%
Val Loss: 0.136611, Acc: 96.860000%
 63%|████████████████████████████████████████████████████████████████████████████▏                                            | 126/200 [22:31<13:19, 10.80s/it]epoch 127
Train Loss: 0.001519, Acc: 99.980951%
Val Loss: 0.141939, Acc: 96.800000%
 64%|████████████████████████████████████████████████████████████████████████████▊                                            | 127/200 [22:43<13:19, 10.96s/it]epoch 128
Train Loss: 0.001492, Acc: 99.980951%
Val Loss: 0.145364, Acc: 96.700000%
 64%|█████████████████████████████████████████████████████████████████████████████▍                                           | 128/200 [22:53<12:52, 10.73s/it]epoch 129
Train Loss: 0.001582, Acc: 99.973014%
Val Loss: 0.135413, Acc: 97.120000%
 64%|██████████████████████████████████████████████████████████████████████████████                                           | 129/200 [23:03<12:35, 10.64s/it]epoch 130
Train Loss: 0.001628, Acc: 99.979364%
Val Loss: 0.144830, Acc: 96.700000%
 65%|██████████████████████████████████████████████████████████████████████████████▋                                          | 130/200 [23:15<12:38, 10.83s/it]epoch 131
Train Loss: 0.002250, Acc: 99.947616%
Val Loss: 0.136718, Acc: 96.560000%
 66%|███████████████████████████████████████████████████████████████████████████████▎                                         | 131/200 [23:25<12:12, 10.62s/it]epoch 132
Train Loss: 0.001555, Acc: 99.984126%
Val Loss: 0.147260, Acc: 96.880000%
 66%|███████████████████████████████████████████████████████████████████████████████▊                                         | 132/200 [23:37<12:28, 11.01s/it]epoch 133
Train Loss: 0.001408, Acc: 99.979364%
Val Loss: 0.127551, Acc: 96.780000%
 66%|████████████████████████████████████████████████████████████████████████████████▍                                        | 133/200 [23:48<12:22, 11.09s/it]epoch 134
Train Loss: 0.001356, Acc: 99.982539%
Val Loss: 0.133591, Acc: 96.880000%
 67%|█████████████████████████████████████████████████████████████████████████████████                                        | 134/200 [23:58<11:54, 10.82s/it]epoch 135
Train Loss: 0.001017, Acc: 99.990476%
Val Loss: 0.131936, Acc: 96.940000%
 68%|█████████████████████████████████████████████████████████████████████████████████▋                                       | 135/200 [24:09<11:40, 10.78s/it]epoch 136
Train Loss: 0.001225, Acc: 99.987301%
Val Loss: 0.144483, Acc: 96.860000%
 68%|██████████████████████████████████████████████████████████████████████████████████▎                                      | 136/200 [24:20<11:38, 10.92s/it]epoch 137
Train Loss: 0.001222, Acc: 99.984126%
Val Loss: 0.136939, Acc: 96.780000%
 68%|██████████████████████████████████████████████████████████████████████████████████▉                                      | 137/200 [24:31<11:27, 10.92s/it]epoch 138
Train Loss: 0.001198, Acc: 99.977776%
Val Loss: 0.140843, Acc: 96.640000%
 69%|███████████████████████████████████████████████████████████████████████████████████▍                                     | 138/200 [24:41<11:00, 10.65s/it]epoch 139
Train Loss: 0.001164, Acc: 99.990476%
Val Loss: 0.139826, Acc: 96.820000%
 70%|████████████████████████████████████████████████████████████████████████████████████                                     | 139/200 [24:51<10:36, 10.43s/it]epoch 140
Train Loss: 0.001072, Acc: 99.990476%
Val Loss: 0.136649, Acc: 96.600000%
 70%|████████████████████████████████████████████████████████████████████████████████████▋                                    | 140/200 [25:01<10:15, 10.26s/it]epoch 141
Train Loss: 0.001023, Acc: 99.990476%
Val Loss: 0.149935, Acc: 96.660000%
 70%|█████████████████████████████████████████████████████████████████████████████████████▎                                   | 141/200 [25:11<10:02, 10.22s/it]epoch 142
Train Loss: 0.001177, Acc: 99.985713%
Val Loss: 0.134582, Acc: 97.140000%
 71%|█████████████████████████████████████████████████████████████████████████████████████▉                                   | 142/200 [25:22<10:05, 10.44s/it]epoch 143
Train Loss: 0.001182, Acc: 99.987301%
Val Loss: 0.143089, Acc: 96.860000%
 72%|██████████████████████████████████████████████████████████████████████████████████████▌                                  | 143/200 [25:33<10:07, 10.66s/it]epoch 144
Train Loss: 0.001025, Acc: 99.995238%
Val Loss: 0.134241, Acc: 96.980000%
 72%|███████████████████████████████████████████████████████████████████████████████████████                                  | 144/200 [25:43<09:44, 10.43s/it]epoch 145
Train Loss: 0.000928, Acc: 99.996825%
Val Loss: 0.137260, Acc: 96.860000%
 72%|███████████████████████████████████████████████████████████████████████████████████████▋                                 | 145/200 [25:54<09:46, 10.67s/it]epoch 146
Train Loss: 0.001106, Acc: 99.980951%
Val Loss: 0.137024, Acc: 96.840000%
 73%|████████████████████████████████████████████████████████████████████████████████████████▎                                | 146/200 [26:05<09:34, 10.63s/it]epoch 147
Train Loss: 0.000946, Acc: 99.993650%
Val Loss: 0.131187, Acc: 96.780000%
 74%|████████████████████████████████████████████████████████████████████████████████████████▉                                | 147/200 [26:15<09:18, 10.55s/it]epoch 148
Train Loss: 0.001002, Acc: 99.993650%
Val Loss: 0.136776, Acc: 97.060000%
 74%|█████████████████████████████████████████████████████████████████████████████████████████▌                               | 148/200 [26:26<09:08, 10.55s/it]epoch 149
Train Loss: 0.000857, Acc: 99.995238%
Val Loss: 0.133107, Acc: 96.960000%
 74%|██████████████████████████████████████████████████████████████████████████████████████████▏                              | 149/200 [26:36<08:59, 10.57s/it]epoch 150
Train Loss: 0.000915, Acc: 99.988888%
Val Loss: 0.166068, Acc: 96.860000%
 75%|██████████████████████████████████████████████████████████████████████████████████████████▊                              | 150/200 [26:47<08:59, 10.79s/it]epoch 151
Train Loss: 0.001737, Acc: 99.993650%
Val Loss: 0.145571, Acc: 96.500000%
 76%|███████████████████████████████████████████████████████████████████████████████████████████▎                             | 151/200 [26:59<08:59, 11.00s/it]epoch 152
Train Loss: 0.000972, Acc: 99.985713%
Val Loss: 0.140690, Acc: 96.800000%
 76%|███████████████████████████████████████████████████████████████████████████████████████████▉                             | 152/200 [27:10<08:41, 10.87s/it]epoch 153
Train Loss: 0.000852, Acc: 99.995238%
Val Loss: 0.129246, Acc: 96.980000%
 76%|████████████████████████████████████████████████████████████████████████████████████████████▌                            | 153/200 [27:20<08:27, 10.80s/it]epoch 154
Train Loss: 0.000893, Acc: 99.995238%
Val Loss: 0.132245, Acc: 96.820000%
 77%|█████████████████████████████████████████████████████████████████████████████████████████████▏                           | 154/200 [27:30<08:04, 10.52s/it]epoch 155
Train Loss: 0.000816, Acc: 99.996825%
Val Loss: 0.141530, Acc: 96.640000%
 78%|█████████████████████████████████████████████████████████████████████████████████████████████▊                           | 155/200 [27:40<07:49, 10.43s/it]epoch 156
Train Loss: 0.000843, Acc: 99.995238%
Val Loss: 0.140788, Acc: 96.620000%
 78%|██████████████████████████████████████████████████████████████████████████████████████████████▍                          | 156/200 [27:52<07:55, 10.82s/it]epoch 157
Train Loss: 0.000908, Acc: 99.992063%
Val Loss: 0.144702, Acc: 96.740000%
 78%|██████████████████████████████████████████████████████████████████████████████████████████████▉                          | 157/200 [28:03<07:42, 10.75s/it]epoch 158
Train Loss: 0.000871, Acc: 99.992063%
Val Loss: 0.141573, Acc: 97.080000%
 79%|███████████████████████████████████████████████████████████████████████████████████████████████▌                         | 158/200 [28:14<07:35, 10.86s/it]epoch 159
Train Loss: 0.000867, Acc: 99.990476%
Val Loss: 0.140298, Acc: 96.820000%
 80%|████████████████████████████████████████████████████████████████████████████████████████████████▏                        | 159/200 [28:24<07:15, 10.63s/it]epoch 160
Train Loss: 0.000917, Acc: 99.990476%
Val Loss: 0.144944, Acc: 96.700000%
 80%|████████████████████████████████████████████████████████████████████████████████████████████████▊                        | 160/200 [28:35<07:13, 10.84s/it]epoch 161
Train Loss: 0.001185, Acc: 99.995238%
Val Loss: 0.150221, Acc: 96.940000%
 80%|█████████████████████████████████████████████████████████████████████████████████████████████████▍                       | 161/200 [28:46<07:01, 10.82s/it]epoch 162
Train Loss: 0.000860, Acc: 99.993650%
Val Loss: 0.151120, Acc: 96.980000%
 81%|██████████████████████████████████████████████████████████████████████████████████████████████████                       | 162/200 [28:56<06:44, 10.64s/it]epoch 163
Train Loss: 0.000894, Acc: 99.987301%
Val Loss: 0.143946, Acc: 96.840000%
 82%|██████████████████████████████████████████████████████████████████████████████████████████████████▌                      | 163/200 [29:07<06:39, 10.80s/it]epoch 164
Train Loss: 0.000809, Acc: 99.995238%
Val Loss: 0.145083, Acc: 96.880000%
 82%|███████████████████████████████████████████████████████████████████████████████████████████████████▏                     | 164/200 [29:19<06:34, 10.95s/it]epoch 165
Train Loss: 0.000883, Acc: 99.996825%
Val Loss: 0.147941, Acc: 96.700000%
 82%|███████████████████████████████████████████████████████████████████████████████████████████████████▊                     | 165/200 [29:29<06:21, 10.91s/it]epoch 166
Train Loss: 0.000938, Acc: 99.992063%
Val Loss: 0.157211, Acc: 96.740000%
 83%|████████████████████████████████████████████████████████████████████████████████████████████████████▍                    | 166/200 [29:40<06:08, 10.84s/it]epoch 167
Train Loss: 0.000753, Acc: 99.996825%
Val Loss: 0.149754, Acc: 96.680000%
 84%|█████████████████████████████████████████████████████████████████████████████████████████████████████                    | 167/200 [29:52<06:06, 11.10s/it]epoch 168
Train Loss: 0.000974, Acc: 99.992063%
Val Loss: 0.139182, Acc: 96.660000%
 84%|█████████████████████████████████████████████████████████████████████████████████████████████████████▋                   | 168/200 [30:03<05:53, 11.06s/it]epoch 169
Train Loss: 0.000905, Acc: 99.992063%
Val Loss: 0.154599, Acc: 96.860000%
 84%|██████████████████████████████████████████████████████████████████████████████████████████████████████▏                  | 169/200 [30:13<05:37, 10.89s/it]epoch 170
Train Loss: 0.000853, Acc: 99.993650%
Val Loss: 0.137999, Acc: 96.920000%
 85%|██████████████████████████████████████████████████████████████████████████████████████████████████████▊                  | 170/200 [30:25<05:30, 11.01s/it]epoch 171
Train Loss: 0.000820, Acc: 99.995238%
Val Loss: 0.144136, Acc: 96.860000%
 86%|███████████████████████████████████████████████████████████████████████████████████████████████████████▍                 | 171/200 [30:35<05:17, 10.94s/it]epoch 172
Train Loss: 0.000766, Acc: 99.993650%
Val Loss: 0.150003, Acc: 96.660000%
 86%|████████████████████████████████████████████████████████████████████████████████████████████████████████                 | 172/200 [30:45<04:59, 10.70s/it]epoch 173
Train Loss: 0.000702, Acc: 99.998413%
Val Loss: 0.137658, Acc: 96.940000%
 86%|████████████████████████████████████████████████████████████████████████████████████████████████████████▋                | 173/200 [30:56<04:44, 10.53s/it]epoch 174
Train Loss: 0.000813, Acc: 99.998413%
Val Loss: 0.140726, Acc: 96.860000%
 87%|█████████████████████████████████████████████████████████████████████████████████████████████████████████▎               | 174/200 [31:06<04:31, 10.44s/it]epoch 175
Train Loss: 0.000753, Acc: 99.996825%
Val Loss: 0.141631, Acc: 96.960000%
 88%|█████████████████████████████████████████████████████████████████████████████████████████████████████████▉               | 175/200 [31:16<04:21, 10.48s/it]epoch 176
Train Loss: 0.001290, Acc: 99.992063%
Val Loss: 0.131647, Acc: 96.800000%
 88%|██████████████████████████████████████████████████████████████████████████████████████████████████████████▍              | 176/200 [31:27<04:14, 10.61s/it]epoch 177
Train Loss: 0.000833, Acc: 99.995238%
Val Loss: 0.147326, Acc: 96.900000%
 88%|███████████████████████████████████████████████████████████████████████████████████████████████████████████              | 177/200 [31:37<03:59, 10.42s/it]epoch 178
Train Loss: 0.000804, Acc: 99.995238%
Val Loss: 0.139081, Acc: 96.840000%
 89%|███████████████████████████████████████████████████████████████████████████████████████████████████████████▋             | 178/200 [31:48<03:54, 10.64s/it]epoch 179
Train Loss: 0.000826, Acc: 99.993650%
Val Loss: 0.150361, Acc: 96.760000%
 90%|████████████████████████████████████████████████████████████████████████████████████████████████████████████▎            | 179/200 [31:59<03:41, 10.56s/it]epoch 180
Train Loss: 0.000899, Acc: 99.996825%
Val Loss: 0.141755, Acc: 96.900000%
 90%|████████████████████████████████████████████████████████████████████████████████████████████████████████████▉            | 180/200 [32:10<03:33, 10.65s/it]epoch 181
Train Loss: 0.000765, Acc: 99.995238%
Val Loss: 0.143064, Acc: 96.860000%
 90%|█████████████████████████████████████████████████████████████████████████████████████████████████████████████▌           | 181/200 [32:21<03:25, 10.81s/it]epoch 182
Train Loss: 0.000818, Acc: 99.996825%
Val Loss: 0.141406, Acc: 97.000000%
 91%|██████████████████████████████████████████████████████████████████████████████████████████████████████████████           | 182/200 [32:32<03:15, 10.84s/it]epoch 183
Train Loss: 0.000786, Acc: 99.995238%
Val Loss: 0.145491, Acc: 97.000000%
 92%|██████████████████████████████████████████████████████████████████████████████████████████████████████████████▋          | 183/200 [32:43<03:05, 10.93s/it]epoch 184
Train Loss: 0.000848, Acc: 99.993650%
Val Loss: 0.151116, Acc: 96.760000%
 92%|███████████████████████████████████████████████████████████████████████████████████████████████████████████████▎         | 184/200 [32:54<02:55, 10.95s/it]epoch 185
Train Loss: 0.000744, Acc: 99.995238%
Val Loss: 0.151523, Acc: 96.600000%
 92%|███████████████████████████████████████████████████████████████████████████████████████████████████████████████▉         | 185/200 [33:04<02:42, 10.80s/it]epoch 186
Train Loss: 0.000926, Acc: 99.993650%
Val Loss: 0.153026, Acc: 96.840000%
 93%|████████████████████████████████████████████████████████████████████████████████████████████████████████████████▌        | 186/200 [33:14<02:27, 10.57s/it]epoch 187
Train Loss: 0.000807, Acc: 99.998413%
Val Loss: 0.136681, Acc: 96.740000%
 94%|█████████████████████████████████████████████████████████████████████████████████████████████████████████████████▏       | 187/200 [33:26<02:21, 10.87s/it]epoch 188
Train Loss: 0.000790, Acc: 99.995238%
Val Loss: 0.137138, Acc: 96.880000%
 94%|█████████████████████████████████████████████████████████████████████████████████████████████████████████████████▋       | 188/200 [33:37<02:09, 10.79s/it]epoch 189
Train Loss: 0.000811, Acc: 99.993650%
Val Loss: 0.129755, Acc: 96.900000%
 94%|██████████████████████████████████████████████████████████████████████████████████████████████████████████████████▎      | 189/200 [33:48<02:00, 10.94s/it]epoch 190
Train Loss: 0.000819, Acc: 99.996825%
Val Loss: 0.134378, Acc: 96.920000%
 95%|██████████████████████████████████████████████████████████████████████████████████████████████████████████████████▉      | 190/200 [33:58<01:47, 10.70s/it]epoch 191
Train Loss: 0.000808, Acc: 99.996825%
Val Loss: 0.144847, Acc: 96.700000%
 96%|███████████████████████████████████████████████████████████████████████████████████████████████████████████████████▌     | 191/200 [34:09<01:37, 10.86s/it]epoch 192
Train Loss: 0.000800, Acc: 99.996825%
Val Loss: 0.131399, Acc: 96.900000%
 96%|████████████████████████████████████████████████████████████████████████████████████████████████████████████████████▏    | 192/200 [34:20<01:27, 10.90s/it]epoch 193
Train Loss: 0.000886, Acc: 99.990476%
Val Loss: 0.146481, Acc: 96.720000%
 96%|████████████████████████████████████████████████████████████████████████████████████████████████████████████████████▊    | 193/200 [34:31<01:16, 10.86s/it]epoch 194
Train Loss: 0.000957, Acc: 99.993650%
Val Loss: 0.121474, Acc: 97.260000%
 97%|█████████████████████████████████████████████████████████████████████████████████████████████████████████████████████▎   | 194/200 [34:43<01:06, 11.08s/it]epoch 195
Train Loss: 0.000822, Acc: 99.995238%
Val Loss: 0.137439, Acc: 97.040000%
 98%|█████████████████████████████████████████████████████████████████████████████████████████████████████████████████████▉   | 195/200 [34:53<00:54, 10.85s/it]epoch 196
Train Loss: 0.000771, Acc: 99.998413%
Val Loss: 0.137979, Acc: 97.040000%
 98%|██████████████████████████████████████████████████████████████████████████████████████████████████████████████████████▌  | 196/200 [35:03<00:42, 10.71s/it]epoch 197
Train Loss: 0.000831, Acc: 99.995238%
Val Loss: 0.131934, Acc: 97.000000%
 98%|███████████████████████████████████████████████████████████████████████████████████████████████████████████████████████▏ | 197/200 [35:13<00:31, 10.49s/it]epoch 198
Train Loss: 0.000731, Acc: 99.995238%
Val Loss: 0.144645, Acc: 96.720000%
 99%|███████████████████████████████████████████████████████████████████████████████████████████████████████████████████████▊ | 198/200 [35:24<00:20, 10.48s/it]epoch 199
Train Loss: 0.000796, Acc: 99.995238%
Val Loss: 0.146813, Acc: 96.980000%
100%|████████████████████████████████████████████████████████████████████████████████████████████████████████████████████████▍| 199/200 [35:34<00:10, 10.40s/it]epoch 200
Train Loss: 0.000749, Acc: 100.000000%
Val Loss: 0.144499, Acc: 96.920000%
100%|█████████████████████████████████████████████████████████████████████████████████████████████████████████████████████████| 200/200 [35:45<00:00, 10.73s/it]
Test Loss: 0.626929, Acc: 87.010000%
