==> Preparing data..
==> Warmup for distillation..
==> Warmming up the model...
  0%|                                                                                                                                    | 0/70 [00:00<?, ?it/s]==> Epoch: 1
  1%|█▊                                                                                                                          | 1/70 [00:10<12:38, 10.99s/it]==> Epoch: 2
  3%|███▌                                                                                                                        | 2/70 [00:21<12:20, 10.89s/it]==> Epoch: 3
  4%|█████▎                                                                                                                      | 3/70 [00:31<11:35, 10.38s/it]==> Epoch: 4
  6%|███████                                                                                                                     | 4/70 [00:42<11:34, 10.52s/it]==> Epoch: 5
  7%|████████▊                                                                                                                   | 5/70 [00:53<11:31, 10.64s/it]==> Epoch: 6
  9%|██████████▋                                                                                                                 | 6/70 [01:03<11:04, 10.38s/it]==> Epoch: 7
 10%|████████████▍                                                                                                               | 7/70 [01:13<10:48, 10.29s/it]==> Epoch: 8
 11%|██████████████▏                                                                                                             | 8/70 [01:23<10:32, 10.20s/it]==> Epoch: 9
 13%|███████████████▉                                                                                                            | 9/70 [01:33<10:22, 10.21s/it]==> Epoch: 10
 14%|█████████████████▌                                                                                                         | 10/70 [01:43<10:04, 10.07s/it]==> Epoch: 11
 16%|███████████████████▎                                                                                                       | 11/70 [01:53<09:56, 10.11s/it]==> Epoch: 12
 17%|█████████████████████                                                                                                      | 12/70 [02:02<09:32,  9.87s/it]==> Epoch: 13
 19%|██████████████████████▊                                                                                                    | 13/70 [02:13<09:32, 10.05s/it]==> Epoch: 14
 20%|████████████████████████▌                                                                                                  | 14/70 [02:23<09:24, 10.08s/it]==> Epoch: 15
 21%|██████████████████████████▎                                                                                                | 15/70 [02:33<09:24, 10.27s/it]==> Epoch: 16
 23%|████████████████████████████                                                                                               | 16/70 [02:44<09:15, 10.30s/it]==> Epoch: 17
 24%|█████████████████████████████▊                                                                                             | 17/70 [02:54<09:07, 10.33s/it]==> Epoch: 18
 26%|███████████████████████████████▋                                                                                           | 18/70 [03:04<08:41, 10.02s/it]==> Epoch: 19
 27%|█████████████████████████████████▍                                                                                         | 19/70 [03:15<08:46, 10.32s/it]==> Epoch: 20
 29%|███████████████████████████████████▏                                                                                       | 20/70 [03:24<08:23, 10.07s/it]==> Epoch: 21
 30%|████████████████████████████████████▉                                                                                      | 21/70 [03:33<08:01,  9.82s/it]==> Epoch: 22
 31%|██████████████████████████████████████▋                                                                                    | 22/70 [03:43<07:45,  9.70s/it]==> Epoch: 23
 33%|████████████████████████████████████████▍                                                                                  | 23/70 [03:53<07:42,  9.84s/it]==> Epoch: 24
 34%|██████████████████████████████████████████▏                                                                                | 24/70 [04:03<07:33,  9.87s/it]==> Epoch: 25
 36%|███████████████████████████████████████████▉                                                                               | 25/70 [04:13<07:27,  9.94s/it]==> Epoch: 26
 37%|█████████████████████████████████████████████▋                                                                             | 26/70 [04:23<07:16,  9.93s/it]==> Epoch: 27
 39%|███████████████████████████████████████████████▍                                                                           | 27/70 [04:33<07:08,  9.97s/it]==> Epoch: 28
 40%|█████████████████████████████████████████████████▏                                                                         | 28/70 [04:43<07:05, 10.14s/it]==> Epoch: 29
 41%|██████████████████████████████████████████████████▉                                                                        | 29/70 [04:53<06:52, 10.05s/it]==> Epoch: 30
 43%|████████████████████████████████████████████████████▋                                                                      | 30/70 [05:03<06:40, 10.02s/it]==> Epoch: 31
 44%|██████████████████████████████████████████████████████▍                                                                    | 31/70 [05:13<06:22,  9.81s/it]==> Epoch: 32
 46%|████████████████████████████████████████████████████████▏                                                                  | 32/70 [05:23<06:17,  9.93s/it]==> Epoch: 33
 47%|█████████████████████████████████████████████████████████▉                                                                 | 33/70 [05:33<06:12, 10.06s/it]==> Epoch: 34
 49%|███████████████████████████████████████████████████████████▋                                                               | 34/70 [05:42<05:50,  9.73s/it]==> Epoch: 35
 50%|█████████████████████████████████████████████████████████████▌                                                             | 35/70 [05:52<05:46,  9.90s/it]==> Epoch: 36
 51%|███████████████████████████████████████████████████████████████▎                                                           | 36/70 [06:03<05:39,  9.98s/it]==> Epoch: 37
 53%|█████████████████████████████████████████████████████████████████                                                          | 37/70 [06:13<05:33, 10.12s/it]==> Epoch: 38
 54%|██████████████████████████████████████████████████████████████████▊                                                        | 38/70 [06:23<05:23, 10.11s/it]==> Epoch: 39
 56%|████████████████████████████████████████████████████████████████████▌                                                      | 39/70 [06:33<05:10, 10.00s/it]==> Epoch: 40
 57%|██████████████████████████████████████████████████████████████████████▎                                                    | 40/70 [06:43<04:57,  9.93s/it]==> Epoch: 41
 59%|████████████████████████████████████████████████████████████████████████                                                   | 41/70 [06:53<04:49,  9.98s/it]==> Epoch: 42
 60%|█████████████████████████████████████████████████████████████████████████▊                                                 | 42/70 [07:02<04:34,  9.81s/it]==> Epoch: 43
 61%|███████████████████████████████████████████████████████████████████████████▌                                               | 43/70 [07:12<04:23,  9.75s/it]==> Epoch: 44
 63%|█████████████████████████████████████████████████████████████████████████████▎                                             | 44/70 [07:21<04:13,  9.76s/it]==> Epoch: 45
 64%|███████████████████████████████████████████████████████████████████████████████                                            | 45/70 [07:31<04:01,  9.66s/it]==> Epoch: 46
 66%|████████████████████████████████████████████████████████████████████████████████▊                                          | 46/70 [07:41<03:53,  9.72s/it]==> Epoch: 47
 67%|██████████████████████████████████████████████████████████████████████████████████▌                                        | 47/70 [07:50<03:39,  9.52s/it]==> Epoch: 48
 69%|████████████████████████████████████████████████████████████████████████████████████▎                                      | 48/70 [07:59<03:29,  9.51s/it]==> Epoch: 49
 70%|██████████████████████████████████████████████████████████████████████████████████████                                     | 49/70 [08:10<03:24,  9.73s/it]==> Epoch: 50
 71%|███████████████████████████████████████████████████████████████████████████████████████▊                                   | 50/70 [08:19<03:15,  9.78s/it]==> Epoch: 51
 73%|█████████████████████████████████████████████████████████████████████████████████████████▌                                 | 51/70 [08:29<03:02,  9.62s/it]==> Epoch: 52
 74%|███████████████████████████████████████████████████████████████████████████████████████████▎                               | 52/70 [08:38<02:51,  9.51s/it]==> Epoch: 53
 76%|█████████████████████████████████████████████████████████████████████████████████████████████▏                             | 53/70 [08:47<02:41,  9.49s/it]==> Epoch: 54
 77%|██████████████████████████████████████████████████████████████████████████████████████████████▉                            | 54/70 [08:56<02:29,  9.32s/it]==> Epoch: 55
 79%|████████████████████████████████████████████████████████████████████████████████████████████████▋                          | 55/70 [09:06<02:20,  9.36s/it]==> Epoch: 56
 80%|██████████████████████████████████████████████████████████████████████████████████████████████████▍                        | 56/70 [09:15<02:10,  9.33s/it]==> Epoch: 57
 81%|████████████████████████████████████████████████████████████████████████████████████████████████████▏                      | 57/70 [09:24<02:00,  9.29s/it]==> Epoch: 58
 83%|█████████████████████████████████████████████████████████████████████████████████████████████████████▉                     | 58/70 [09:35<01:55,  9.64s/it]==> Epoch: 59
 84%|███████████████████████████████████████████████████████████████████████████████████████████████████████▋                   | 59/70 [09:44<01:45,  9.55s/it]==> Epoch: 60
 86%|█████████████████████████████████████████████████████████████████████████████████████████████████████████▍                 | 60/70 [09:54<01:36,  9.69s/it]==> Epoch: 61
 87%|███████████████████████████████████████████████████████████████████████████████████████████████████████████▏               | 61/70 [10:04<01:26,  9.65s/it]==> Epoch: 62
 89%|████████████████████████████████████████████████████████████████████████████████████████████████████████████▉              | 62/70 [10:13<01:16,  9.59s/it]==> Epoch: 63
 90%|██████████████████████████████████████████████████████████████████████████████████████████████████████████████▋            | 63/70 [10:22<01:06,  9.52s/it]==> Epoch: 64
 91%|████████████████████████████████████████████████████████████████████████████████████████████████████████████████▍          | 64/70 [10:32<00:58,  9.68s/it]==> Epoch: 65
 93%|██████████████████████████████████████████████████████████████████████████████████████████████████████████████████▏        | 65/70 [10:42<00:47,  9.55s/it]==> Epoch: 66
 94%|███████████████████████████████████████████████████████████████████████████████████████████████████████████████████▉       | 66/70 [10:51<00:38,  9.58s/it]==> Epoch: 67
 96%|█████████████████████████████████████████████████████████████████████████████████████████████████████████████████████▋     | 67/70 [11:01<00:28,  9.58s/it]==> Epoch: 68
 97%|███████████████████████████████████████████████████████████████████████████████████████████████████████████████████████▍   | 68/70 [11:10<00:19,  9.54s/it]==> Epoch: 69
 99%|█████████████████████████████████████████████████████████████████████████████████████████████████████████████████████████▏ | 69/70 [11:20<00:09,  9.56s/it]==> Epoch: 70
100%|███████████████████████████████████████████████████████████████████████████████████████████████████████████████████████████| 70/70 [11:29<00:00,  9.85s/it]
==> Filtering dataset..
Number of distilled train examples: 17996
Accuracy of distilled train examples collection: 97.71060235607914%
Number of distilled validation examples: 1997
Accuracy of distilled validation examples collection: 98.04707060590886%
==> Distilled dataset building..
==> Distilled dataset building done..
==> Start training..
source_weight: 0.285669, target_weight: 0.714331
  0%|                                                                                                                                   | 0/200 [00:00<?, ?it/s]epoch 1
Train Loss: 0.105643, Acc: 90.483523%
Val Loss: 0.255149, Acc: 91.524939%
  0%|▌                                                                                                                          | 1/200 [00:10<35:04, 10.57s/it]epoch 2
Train Loss: 0.063678, Acc: 94.083751%
Val Loss: 0.223740, Acc: 92.668286%
  1%|█▏                                                                                                                         | 2/200 [00:22<36:44, 11.13s/it]epoch 3
Train Loss: 0.054037, Acc: 94.955235%
Val Loss: 0.208376, Acc: 92.968415%
  2%|█▊                                                                                                                         | 3/200 [00:33<37:06, 11.30s/it]epoch 4
Train Loss: 0.048271, Acc: 95.506064%
Val Loss: 0.198661, Acc: 93.668715%
  2%|██▍                                                                                                                        | 4/200 [00:45<37:12, 11.39s/it]epoch 5
Train Loss: 0.043312, Acc: 95.948949%
Val Loss: 0.223695, Acc: 92.768329%
  2%|███                                                                                                                        | 5/200 [00:56<37:31, 11.55s/it]epoch 6
Train Loss: 0.042713, Acc: 96.009270%
Val Loss: 0.190222, Acc: 93.554380%
  3%|███▋                                                                                                                       | 6/200 [01:08<37:01, 11.45s/it]epoch 7
Train Loss: 0.039597, Acc: 96.334688%
Val Loss: 0.198974, Acc: 93.525797%
  4%|████▎                                                                                                                      | 7/200 [01:19<36:23, 11.31s/it]epoch 8
Train Loss: 0.038328, Acc: 96.431519%
Val Loss: 0.188817, Acc: 93.954552%
  4%|████▉                                                                                                                      | 8/200 [01:30<36:15, 11.33s/it]epoch 9
Train Loss: 0.041438, Acc: 96.255318%
Val Loss: 0.197746, Acc: 93.440046%
  4%|█████▌                                                                                                                     | 9/200 [01:41<36:01, 11.32s/it]epoch 10
Train Loss: 0.038153, Acc: 96.553749%
Val Loss: 0.218874, Acc: 92.796913%
  5%|██████                                                                                                                    | 10/200 [01:53<36:02, 11.38s/it]epoch 11
Train Loss: 0.039259, Acc: 96.507715%
Val Loss: 0.211556, Acc: 93.282836%
  6%|██████▋                                                                                                                   | 11/200 [02:04<35:09, 11.16s/it]epoch 12
Train Loss: 0.042124, Acc: 96.291828%
Val Loss: 0.208647, Acc: 93.454338%
  6%|███████▎                                                                                                                  | 12/200 [02:15<35:01, 11.18s/it]epoch 13
Train Loss: 0.045885, Acc: 96.018795%
Val Loss: 0.198754, Acc: 93.525797%
  6%|███████▉                                                                                                                  | 13/200 [02:26<35:15, 11.31s/it]epoch 14
Train Loss: 0.036441, Acc: 96.771224%
Val Loss: 0.219216, Acc: 92.811205%
  7%|████████▌                                                                                                                 | 14/200 [02:37<34:26, 11.11s/it]epoch 15
Train Loss: 0.040226, Acc: 96.522001%
Val Loss: 0.226317, Acc: 92.839788%
  8%|█████████▏                                                                                                                | 15/200 [02:48<34:05, 11.06s/it]epoch 16
Train Loss: 0.040077, Acc: 96.548987%
Val Loss: 0.199664, Acc: 93.597256%
  8%|█████████▊                                                                                                                | 16/200 [03:00<34:37, 11.29s/it]epoch 17
Train Loss: 0.038870, Acc: 96.550575%
Val Loss: 0.217796, Acc: 93.354295%
  8%|██████████▎                                                                                                               | 17/200 [03:11<34:37, 11.35s/it]epoch 18
Train Loss: 0.040907, Acc: 96.529938%
Val Loss: 0.216373, Acc: 92.811205%
  9%|██████████▉                                                                                                               | 18/200 [03:23<34:49, 11.48s/it]epoch 19
Train Loss: 0.039414, Acc: 96.658518%
Val Loss: 0.291170, Acc: 91.167643%
 10%|███████████▌                                                                                                              | 19/200 [03:35<34:43, 11.51s/it]epoch 20
Train Loss: 0.041846, Acc: 96.571211%
Val Loss: 0.305370, Acc: 90.338717%
 10%|████████████▏                                                                                                             | 20/200 [03:46<34:24, 11.47s/it]epoch 21
Train Loss: 0.042869, Acc: 96.501365%
Val Loss: 0.209418, Acc: 93.311419%
 10%|████████████▊                                                                                                             | 21/200 [03:57<33:35, 11.26s/it]epoch 22
Train Loss: 0.041490, Acc: 96.517239%
Val Loss: 0.199516, Acc: 93.711591%
 11%|█████████████▍                                                                                                            | 22/200 [04:09<34:07, 11.51s/it]epoch 23
Train Loss: 0.038984, Acc: 96.728364%
Val Loss: 0.204731, Acc: 93.382878%
 12%|██████████████                                                                                                            | 23/200 [04:20<33:53, 11.49s/it]epoch 24
Train Loss: 0.045199, Acc: 96.325164%
Val Loss: 0.238826, Acc: 92.296699%
 12%|██████████████▋                                                                                                           | 24/200 [04:32<33:58, 11.58s/it]epoch 25
Train Loss: 0.040873, Acc: 96.569623%
Val Loss: 0.217157, Acc: 93.039874%
 12%|███████████████▎                                                                                                          | 25/200 [04:43<32:47, 11.24s/it]epoch 26
Train Loss: 0.040479, Acc: 96.550575%
Val Loss: 0.172573, Acc: 94.540517%
 13%|███████████████▊                                                                                                          | 26/200 [04:54<33:01, 11.39s/it]epoch 27
Train Loss: 0.040265, Acc: 96.528351%
Val Loss: 0.201177, Acc: 93.397170%
 14%|████████████████▍                                                                                                         | 27/200 [05:06<32:48, 11.38s/it]epoch 28
Train Loss: 0.041253, Acc: 96.598197%
Val Loss: 0.234218, Acc: 92.411033%
 14%|█████████████████                                                                                                         | 28/200 [05:17<32:14, 11.25s/it]epoch 29
Train Loss: 0.040009, Acc: 96.633120%
Val Loss: 0.233561, Acc: 92.539660%
 14%|█████████████████▋                                                                                                        | 29/200 [05:28<31:52, 11.18s/it]epoch 30
Train Loss: 0.039149, Acc: 96.696616%
Val Loss: 0.191789, Acc: 93.725883%
 15%|██████████████████▎                                                                                                       | 30/200 [05:38<31:06, 10.98s/it]epoch 31
Train Loss: 0.039456, Acc: 96.680742%
Val Loss: 0.217306, Acc: 93.525797%
 16%|██████████████████▉                                                                                                       | 31/200 [05:49<30:31, 10.84s/it]epoch 32
Train Loss: 0.041478, Acc: 96.501365%
Val Loss: 0.164662, Acc: 94.754895%
 16%|███████████████████▌                                                                                                      | 32/200 [06:00<30:38, 10.95s/it]epoch 33
Train Loss: 0.037025, Acc: 96.956950%
Val Loss: 0.219444, Acc: 93.254252%
 16%|████████████████████▏                                                                                                     | 33/200 [06:10<30:01, 10.79s/it]epoch 34
Train Loss: 0.042446, Acc: 96.553749%
Val Loss: 0.192199, Acc: 93.825925%
 17%|████████████████████▋                                                                                                     | 34/200 [06:22<30:14, 10.93s/it]epoch 35
Train Loss: 0.036764, Acc: 96.950600%
Val Loss: 0.270907, Acc: 91.825068%
 18%|█████████████████████▎                                                                                                    | 35/200 [06:32<29:51, 10.86s/it]epoch 36
Train Loss: 0.035698, Acc: 97.126802%
Val Loss: 0.210883, Acc: 93.368587%
 18%|█████████████████████▉                                                                                                    | 36/200 [06:44<30:07, 11.02s/it]epoch 37
Train Loss: 0.039290, Acc: 96.693441%
Val Loss: 0.210944, Acc: 93.254252%
 18%|██████████████████████▌                                                                                                   | 37/200 [06:55<30:10, 11.11s/it]epoch 38
Train Loss: 0.038643, Acc: 96.887104%
Val Loss: 0.182365, Acc: 94.283264%
 19%|███████████████████████▏                                                                                                  | 38/200 [07:06<29:52, 11.07s/it]epoch 39
Train Loss: 0.039293, Acc: 96.774398%
Val Loss: 0.230340, Acc: 92.896956%
 20%|███████████████████████▊                                                                                                  | 39/200 [07:17<29:29, 10.99s/it]epoch 40
Train Loss: 0.039498, Acc: 96.779161%
Val Loss: 0.226816, Acc: 92.939831%
 20%|████████████████████████▍                                                                                                 | 40/200 [07:28<29:25, 11.04s/it]epoch 41
Train Loss: 0.036939, Acc: 96.975998%
Val Loss: 0.179727, Acc: 94.126054%
 20%|█████████████████████████                                                                                                 | 41/200 [07:40<29:50, 11.26s/it]epoch 42
Train Loss: 0.039723, Acc: 96.922027%
Val Loss: 0.199375, Acc: 93.783050%
 21%|█████████████████████████▌                                                                                                | 42/200 [07:51<29:57, 11.38s/it]epoch 43
Train Loss: 0.041756, Acc: 96.609309%
Val Loss: 0.189164, Acc: 93.983136%
 22%|██████████████████████████▏                                                                                               | 43/200 [08:03<30:11, 11.54s/it]epoch 44
Train Loss: 0.040084, Acc: 96.799797%
Val Loss: 0.173197, Acc: 94.426183%
 22%|██████████████████████████▊                                                                                               | 44/200 [08:14<29:05, 11.19s/it]epoch 45
Train Loss: 0.035432, Acc: 97.083942%
Val Loss: 0.261288, Acc: 92.139488%
 22%|███████████████████████████▍                                                                                              | 45/200 [08:25<29:17, 11.34s/it]epoch 46
Train Loss: 0.037252, Acc: 96.999810%
Val Loss: 0.192129, Acc: 93.754466%
 23%|████████████████████████████                                                                                              | 46/200 [08:36<28:46, 11.21s/it]epoch 47
Train Loss: 0.034335, Acc: 97.209347%
Val Loss: 0.221872, Acc: 93.154209%
 24%|████████████████████████████▋                                                                                             | 47/200 [08:48<28:41, 11.25s/it]epoch 48
Train Loss: 0.035530, Acc: 97.055369%
Val Loss: 0.209335, Acc: 93.125625%
 24%|█████████████████████████████▎                                                                                            | 48/200 [08:58<27:39, 10.92s/it]epoch 49
Train Loss: 0.034322, Acc: 97.215696%
Val Loss: 0.209945, Acc: 93.397170%
 24%|█████████████████████████████▉                                                                                            | 49/200 [09:09<28:05, 11.16s/it]epoch 50
Train Loss: 0.037246, Acc: 96.969649%
Val Loss: 0.211036, Acc: 93.597256%
 25%|██████████████████████████████▌                                                                                           | 50/200 [09:21<28:01, 11.21s/it]epoch 51
Train Loss: 0.035404, Acc: 97.114102%
Val Loss: 0.210330, Acc: 93.211376%
 26%|███████████████████████████████                                                                                           | 51/200 [09:32<28:09, 11.34s/it]epoch 52
Train Loss: 0.034374, Acc: 97.206172%
Val Loss: 0.171362, Acc: 94.540517%
 26%|███████████████████████████████▋                                                                                          | 52/200 [09:42<27:02, 10.96s/it]epoch 53
Train Loss: 0.031997, Acc: 97.344276%
Val Loss: 0.207287, Acc: 93.711591%
 26%|████████████████████████████████▎                                                                                         | 53/200 [09:55<27:37, 11.28s/it]epoch 54
Train Loss: 0.035037, Acc: 97.225221%
Val Loss: 0.197325, Acc: 93.754466%
 27%|████████████████████████████████▉                                                                                         | 54/200 [10:06<27:52, 11.45s/it]epoch 55
Train Loss: 0.035214, Acc: 97.123627%
Val Loss: 0.206361, Acc: 93.582964%
 28%|█████████████████████████████████▌                                                                                        | 55/200 [10:17<27:24, 11.34s/it]epoch 56
Train Loss: 0.036602, Acc: 97.042669%
Val Loss: 0.184862, Acc: 93.811634%
 28%|██████████████████████████████████▏                                                                                       | 56/200 [10:30<27:44, 11.56s/it]epoch 57
Train Loss: 0.033975, Acc: 97.279192%
Val Loss: 0.211353, Acc: 93.597256%
 28%|██████████████████████████████████▊                                                                                       | 57/200 [10:41<27:27, 11.52s/it]epoch 58
Train Loss: 0.045644, Acc: 96.396597%
Val Loss: 0.202455, Acc: 93.697299%
 29%|███████████████████████████████████▍                                                                                      | 58/200 [10:53<27:37, 11.67s/it]epoch 59
Train Loss: 0.035163, Acc: 97.137914%
Val Loss: 0.226650, Acc: 92.711162%
 30%|███████████████████████████████████▉                                                                                      | 59/200 [11:04<27:08, 11.55s/it]epoch 60
Train Loss: 0.032883, Acc: 97.317290%
Val Loss: 0.153224, Acc: 94.969273%
 30%|████████████████████████████████████▌                                                                                     | 60/200 [11:16<26:59, 11.57s/it]epoch 61
Train Loss: 0.033768, Acc: 97.237920%
Val Loss: 0.168115, Acc: 94.526226%
 30%|█████████████████████████████████████▏                                                                                    | 61/200 [11:27<26:27, 11.42s/it]epoch 62
Train Loss: 0.033312, Acc: 97.406185%
Val Loss: 0.176124, Acc: 94.197513%
 31%|█████████████████████████████████████▊                                                                                    | 62/200 [11:39<26:32, 11.54s/it]epoch 63
Train Loss: 0.032834, Acc: 97.303003%
Val Loss: 0.177083, Acc: 94.340432%
 32%|██████████████████████████████████████▍                                                                                   | 63/200 [11:50<26:09, 11.46s/it]epoch 64
Train Loss: 0.035561, Acc: 97.087117%
Val Loss: 0.199766, Acc: 93.711591%
 32%|███████████████████████████████████████                                                                                   | 64/200 [12:01<25:45, 11.37s/it]epoch 65
Train Loss: 0.031736, Acc: 97.437933%
Val Loss: 0.177504, Acc: 94.454766%
 32%|███████████████████████████████████████▋                                                                                  | 65/200 [12:13<25:47, 11.47s/it]epoch 66
Train Loss: 0.035305, Acc: 97.190298%
Val Loss: 0.199601, Acc: 93.711591%
 33%|████████████████████████████████████████▎                                                                                 | 66/200 [12:24<25:34, 11.45s/it]epoch 67
Train Loss: 0.032894, Acc: 97.466506%
Val Loss: 0.185001, Acc: 94.469058%
 34%|████████████████████████████████████████▊                                                                                 | 67/200 [12:36<25:21, 11.44s/it]epoch 68
Train Loss: 0.032212, Acc: 97.361737%
Val Loss: 0.217965, Acc: 93.197084%
 34%|█████████████████████████████████████████▍                                                                                | 68/200 [12:47<24:57, 11.35s/it]epoch 69
Train Loss: 0.034821, Acc: 97.158550%
Val Loss: 0.194140, Acc: 93.840217%
 34%|██████████████████████████████████████████                                                                                | 69/200 [12:58<24:21, 11.15s/it]epoch 70
Train Loss: 0.032025, Acc: 97.466506%
Val Loss: 0.202693, Acc: 94.026011%
 35%|██████████████████████████████████████████▋                                                                               | 70/200 [13:08<23:33, 10.87s/it]epoch 71
Train Loss: 0.032348, Acc: 97.366499%
Val Loss: 0.195226, Acc: 93.525797%
 36%|███████████████████████████████████████████▎                                                                              | 71/200 [13:18<23:04, 10.73s/it]epoch 72
Train Loss: 0.031146, Acc: 97.449044%
Val Loss: 0.170875, Acc: 94.569101%
 36%|███████████████████████████████████████████▉                                                                              | 72/200 [13:28<22:18, 10.46s/it]epoch 73
Train Loss: 0.031650, Acc: 97.482380%
Val Loss: 0.163558, Acc: 95.112191%
 36%|████████████████████████████████████████████▌                                                                             | 73/200 [13:39<22:35, 10.67s/it]epoch 74
Train Loss: 0.032281, Acc: 97.406185%
Val Loss: 0.195479, Acc: 93.968844%
 37%|█████████████████████████████████████████████▏                                                                            | 74/200 [13:50<22:47, 10.85s/it]epoch 75
Train Loss: 0.031833, Acc: 97.496666%
Val Loss: 0.170370, Acc: 94.854938%
 38%|█████████████████████████████████████████████▊                                                                            | 75/200 [14:01<22:42, 10.90s/it]epoch 76
Train Loss: 0.034258, Acc: 97.242682%
Val Loss: 0.190992, Acc: 93.883093%
 38%|██████████████████████████████████████████████▎                                                                           | 76/200 [14:12<22:35, 10.93s/it]epoch 77
Train Loss: 0.030884, Acc: 97.598260%
Val Loss: 0.233486, Acc: 93.011291%
 38%|██████████████████████████████████████████████▉                                                                           | 77/200 [14:24<22:45, 11.10s/it]epoch 78
Train Loss: 0.031031, Acc: 97.526827%
Val Loss: 0.212426, Acc: 93.625840%
 39%|███████████████████████████████████████████████▌                                                                          | 78/200 [14:36<23:02, 11.33s/it]epoch 79
Train Loss: 0.033642, Acc: 97.320465%
Val Loss: 0.219410, Acc: 93.182793%
 40%|████████████████████████████████████████████████▏                                                                         | 79/200 [14:47<22:47, 11.31s/it]epoch 80
Train Loss: 0.032094, Acc: 97.488729%
Val Loss: 0.186342, Acc: 94.197513%
 40%|████████████████████████████████████████████████▊                                                                         | 80/200 [14:58<22:33, 11.28s/it]epoch 81
Train Loss: 0.042178, Acc: 96.715664%
Val Loss: 0.203373, Acc: 93.511505%
 40%|█████████████████████████████████████████████████▍                                                                        | 81/200 [15:09<22:10, 11.18s/it]epoch 82
Train Loss: 0.030932, Acc: 97.552226%
Val Loss: 0.164470, Acc: 94.926397%
 41%|██████████████████████████████████████████████████                                                                        | 82/200 [15:20<21:52, 11.12s/it]epoch 83
Train Loss: 0.033585, Acc: 97.396660%
Val Loss: 0.201770, Acc: 93.797342%
 42%|██████████████████████████████████████████████████▋                                                                       | 83/200 [15:30<21:11, 10.87s/it]epoch 84
Train Loss: 0.034089, Acc: 97.285542%
Val Loss: 0.169764, Acc: 94.526226%
 42%|███████████████████████████████████████████████████▏                                                                      | 84/200 [15:42<21:09, 10.94s/it]epoch 85
Train Loss: 0.030727, Acc: 97.488729%
Val Loss: 0.193066, Acc: 93.940260%
 42%|███████████████████████████████████████████████████▊                                                                      | 85/200 [15:53<21:11, 11.06s/it]epoch 86
Train Loss: 0.032258, Acc: 97.528415%
Val Loss: 0.203794, Acc: 94.097470%
 43%|████████████████████████████████████████████████████▍                                                                     | 86/200 [16:04<21:19, 11.22s/it]epoch 87
Train Loss: 0.044500, Acc: 96.580735%
Val Loss: 0.174115, Acc: 94.797770%
 44%|█████████████████████████████████████████████████████                                                                     | 87/200 [16:15<20:29, 10.88s/it]epoch 88
Train Loss: 0.033575, Acc: 97.279192%
Val Loss: 0.181174, Acc: 94.511934%
 44%|█████████████████████████████████████████████████████▋                                                                    | 88/200 [16:25<20:14, 10.84s/it]epoch 89
Train Loss: 0.031618, Acc: 97.569687%
Val Loss: 0.199221, Acc: 94.197513%
 44%|██████████████████████████████████████████████████████▎                                                                   | 89/200 [16:37<20:35, 11.13s/it]epoch 90
Train Loss: 0.034197, Acc: 97.306178%
Val Loss: 0.165030, Acc: 94.983564%
 45%|██████████████████████████████████████████████████████▉                                                                   | 90/200 [16:49<20:38, 11.26s/it]epoch 91
Train Loss: 0.026372, Acc: 97.820497%
Val Loss: 0.223164, Acc: 93.211376%
 46%|███████████████████████████████████████████████████████▌                                                                  | 91/200 [17:00<20:22, 11.21s/it]epoch 92
Train Loss: 0.032925, Acc: 97.393485%
Val Loss: 0.158619, Acc: 94.997856%
 46%|████████████████████████████████████████████████████████                                                                  | 92/200 [17:11<20:21, 11.31s/it]epoch 93
Train Loss: 0.030326, Acc: 97.606197%
Val Loss: 0.196216, Acc: 93.897385%
 46%|████████████████████████████████████████████████████████▋                                                                 | 93/200 [17:22<19:47, 11.10s/it]epoch 94
Train Loss: 0.029800, Acc: 97.604610%
Val Loss: 0.177478, Acc: 94.554809%
 47%|█████████████████████████████████████████████████████████▎                                                                | 94/200 [17:33<19:38, 11.12s/it]epoch 95
Train Loss: 0.032577, Acc: 97.428408%
Val Loss: 0.165803, Acc: 95.012148%
 48%|█████████████████████████████████████████████████████████▉                                                                | 95/200 [17:43<18:59, 10.85s/it]epoch 96
Train Loss: 0.031607, Acc: 97.487142%
Val Loss: 0.217719, Acc: 93.411462%
 48%|██████████████████████████████████████████████████████████▌                                                               | 96/200 [17:55<19:24, 11.20s/it]epoch 97
Train Loss: 0.032661, Acc: 97.445870%
Val Loss: 0.210571, Acc: 93.640131%
 48%|███████████████████████████████████████████████████████████▏                                                              | 97/200 [18:07<19:16, 11.22s/it]epoch 98
Train Loss: 0.034530, Acc: 97.223633%
Val Loss: 0.159201, Acc: 94.812062%
 49%|███████████████████████████████████████████████████████████▊                                                              | 98/200 [18:18<19:01, 11.19s/it]epoch 99
Train Loss: 0.027579, Acc: 97.752238%
Val Loss: 0.204168, Acc: 93.725883%
 50%|████████████████████████████████████████████████████████████▍                                                             | 99/200 [18:28<18:29, 10.99s/it]epoch 100
Train Loss: 0.033114, Acc: 97.423646%
Val Loss: 0.151964, Acc: 95.283693%
 50%|████████████████████████████████████████████████████████████▌                                                            | 100/200 [18:39<18:10, 10.91s/it]epoch 101
Train Loss: 0.012046, Acc: 99.058670%
Val Loss: 0.100300, Acc: 96.927255%
 50%|█████████████████████████████████████████████████████████████                                                            | 101/200 [18:50<18:00, 10.91s/it]epoch 102
Train Loss: 0.007073, Acc: 99.484094%
Val Loss: 0.092937, Acc: 97.241675%
 51%|█████████████████████████████████████████████████████████████▋                                                           | 102/200 [19:01<18:05, 11.08s/it]epoch 103
Train Loss: 0.005649, Acc: 99.592038%
Val Loss: 0.087604, Acc: 97.298842%
 52%|██████████████████████████████████████████████████████████████▎                                                          | 103/200 [19:13<17:59, 11.13s/it]epoch 104
Train Loss: 0.004981, Acc: 99.634897%
Val Loss: 0.094171, Acc: 97.327426%
 52%|██████████████████████████████████████████████████████████████▉                                                          | 104/200 [19:24<18:04, 11.30s/it]epoch 105
Train Loss: 0.004410, Acc: 99.701568%
Val Loss: 0.093186, Acc: 97.213091%
 52%|███████████████████████████████████████████████████████████████▌                                                         | 105/200 [19:36<18:10, 11.48s/it]epoch 106
Train Loss: 0.003746, Acc: 99.739666%
Val Loss: 0.087270, Acc: 97.398885%
 53%|████████████████████████████████████████████████████████████████▏                                                        | 106/200 [19:48<17:53, 11.43s/it]epoch 107
Train Loss: 0.003163, Acc: 99.795225%
Val Loss: 0.091956, Acc: 97.241675%
 54%|████████████████████████████████████████████████████████████████▋                                                        | 107/200 [19:58<17:22, 11.21s/it]epoch 108
Train Loss: 0.002909, Acc: 99.804750%
Val Loss: 0.091257, Acc: 97.470344%
 54%|█████████████████████████████████████████████████████████████████▎                                                       | 108/200 [20:09<17:10, 11.20s/it]epoch 109
Train Loss: 0.002879, Acc: 99.807924%
Val Loss: 0.093586, Acc: 97.413177%
 55%|█████████████████████████████████████████████████████████████████▉                                                       | 109/200 [20:21<17:22, 11.46s/it]epoch 110
Train Loss: 0.002231, Acc: 99.885707%
Val Loss: 0.100501, Acc: 97.127340%
 55%|██████████████████████████████████████████████████████████████████▌                                                      | 110/200 [20:33<17:04, 11.38s/it]epoch 111
Train Loss: 0.002284, Acc: 99.855546%
Val Loss: 0.095364, Acc: 97.270259%
 56%|███████████████████████████████████████████████████████████████████▏                                                     | 111/200 [20:44<16:44, 11.29s/it]epoch 112
Train Loss: 0.002067, Acc: 99.893644%
Val Loss: 0.100732, Acc: 97.255967%
 56%|███████████████████████████████████████████████████████████████████▊                                                     | 112/200 [20:55<16:38, 11.35s/it]epoch 113
Train Loss: 0.002022, Acc: 99.896819%
Val Loss: 0.096695, Acc: 97.513220%
 56%|████████████████████████████████████████████████████████████████████▎                                                    | 113/200 [21:07<16:30, 11.38s/it]epoch 114
Train Loss: 0.002039, Acc: 99.888882%
Val Loss: 0.091704, Acc: 97.413177%
 57%|████████████████████████████████████████████████████████████████████▉                                                    | 114/200 [21:18<16:18, 11.38s/it]epoch 115
Train Loss: 0.001840, Acc: 99.906343%
Val Loss: 0.096754, Acc: 97.213091%
 57%|█████████████████████████████████████████████████████████████████████▌                                                   | 115/200 [21:29<16:06, 11.37s/it]epoch 116
Train Loss: 0.001839, Acc: 99.922217%
Val Loss: 0.096749, Acc: 97.513220%
 58%|██████████████████████████████████████████████████████████████████████▏                                                  | 116/200 [21:41<15:56, 11.38s/it]epoch 117
Train Loss: 0.001725, Acc: 99.907931%
Val Loss: 0.094750, Acc: 97.398885%
 58%|██████████████████████████████████████████████████████████████████████▊                                                  | 117/200 [21:53<15:52, 11.48s/it]epoch 118
Train Loss: 0.001529, Acc: 99.919042%
Val Loss: 0.099545, Acc: 97.184508%
 59%|███████████████████████████████████████████████████████████████████████▍                                                 | 118/200 [22:04<15:34, 11.39s/it]epoch 119
Train Loss: 0.001492, Acc: 99.936504%
Val Loss: 0.100505, Acc: 97.284551%
 60%|███████████████████████████████████████████████████████████████████████▉                                                 | 119/200 [22:15<15:16, 11.32s/it]epoch 120
Train Loss: 0.001448, Acc: 99.926979%
Val Loss: 0.098446, Acc: 97.227383%
 60%|████████████████████████████████████████████████████████████████████████▌                                                | 120/200 [22:26<15:11, 11.39s/it]epoch 121
Train Loss: 0.001435, Acc: 99.936504%
Val Loss: 0.100214, Acc: 97.356010%
 60%|█████████████████████████████████████████████████████████████████████████▏                                               | 121/200 [22:38<15:03, 11.43s/it]epoch 122
Train Loss: 0.001345, Acc: 99.933329%
Val Loss: 0.106046, Acc: 97.027297%
 61%|█████████████████████████████████████████████████████████████████████████▊                                               | 122/200 [22:49<14:51, 11.44s/it]epoch 123
Train Loss: 0.001325, Acc: 99.930154%
Val Loss: 0.101425, Acc: 97.384593%
 62%|██████████████████████████████████████████████████████████████████████████▍                                              | 123/200 [23:01<14:34, 11.35s/it]epoch 124
Train Loss: 0.001282, Acc: 99.939679%
Val Loss: 0.102397, Acc: 97.141632%
 62%|███████████████████████████████████████████████████████████████████████████                                              | 124/200 [23:11<14:04, 11.11s/it]epoch 125
Train Loss: 0.001180, Acc: 99.950791%
Val Loss: 0.099414, Acc: 97.170216%
 62%|███████████████████████████████████████████████████████████████████████████▋                                             | 125/200 [23:23<14:03, 11.24s/it]epoch 126
Train Loss: 0.001235, Acc: 99.934917%
Val Loss: 0.102244, Acc: 97.055881%
 63%|████████████████████████████████████████████████████████████████████████████▏                                            | 126/200 [23:34<13:48, 11.20s/it]epoch 127
Train Loss: 0.001251, Acc: 99.934917%
Val Loss: 0.099484, Acc: 97.370302%
 64%|████████████████████████████████████████████████████████████████████████████▊                                            | 127/200 [23:45<13:31, 11.12s/it]epoch 128
Train Loss: 0.001098, Acc: 99.965077%
Val Loss: 0.102006, Acc: 97.127340%
 64%|█████████████████████████████████████████████████████████████████████████████▍                                           | 128/200 [23:55<13:05, 10.91s/it]epoch 129
Train Loss: 0.001088, Acc: 99.969839%
Val Loss: 0.100605, Acc: 97.327426%
 64%|██████████████████████████████████████████████████████████████████████████████                                           | 129/200 [24:06<12:50, 10.85s/it]epoch 130
Train Loss: 0.001291, Acc: 99.933329%
Val Loss: 0.092090, Acc: 97.470344%
 65%|██████████████████████████████████████████████████████████████████████████████▋                                          | 130/200 [24:16<12:32, 10.74s/it]epoch 131
Train Loss: 0.001078, Acc: 99.965077%
Val Loss: 0.095580, Acc: 97.441761%
 66%|███████████████████████████████████████████████████████████████████████████████▎                                         | 131/200 [24:28<12:34, 10.94s/it]epoch 132
Train Loss: 0.001151, Acc: 99.934917%
Val Loss: 0.105207, Acc: 97.255967%
 66%|███████████████████████████████████████████████████████████████████████████████▊                                         | 132/200 [24:38<12:13, 10.78s/it]epoch 133
Train Loss: 0.000961, Acc: 99.965077%
Val Loss: 0.103130, Acc: 97.155924%
 66%|████████████████████████████████████████████████████████████████████████████████▍                                        | 133/200 [24:50<12:15, 10.98s/it]epoch 134
Train Loss: 0.000973, Acc: 99.957140%
Val Loss: 0.100224, Acc: 97.213091%
 67%|█████████████████████████████████████████████████████████████████████████████████                                        | 134/200 [25:02<12:33, 11.41s/it]epoch 135
Train Loss: 0.001037, Acc: 99.957140%
Val Loss: 0.103435, Acc: 97.356010%
 68%|█████████████████████████████████████████████████████████████████████████████████▋                                       | 135/200 [25:13<12:23, 11.44s/it]epoch 136
Train Loss: 0.000864, Acc: 99.977776%
Val Loss: 0.098286, Acc: 97.356010%
 68%|██████████████████████████████████████████████████████████████████████████████████▎                                      | 136/200 [25:25<12:05, 11.33s/it]epoch 137
Train Loss: 0.000898, Acc: 99.974602%
Val Loss: 0.107177, Acc: 97.013006%
 68%|██████████████████████████████████████████████████████████████████████████████████▉                                      | 137/200 [25:35<11:43, 11.17s/it]epoch 138
Train Loss: 0.000926, Acc: 99.974602%
Val Loss: 0.098612, Acc: 97.398885%
 69%|███████████████████████████████████████████████████████████████████████████████████▍                                     | 138/200 [25:46<11:27, 11.08s/it]epoch 139
Train Loss: 0.000831, Acc: 99.977776%
Val Loss: 0.103926, Acc: 97.270259%
 70%|████████████████████████████████████████████████████████████████████████████████████                                     | 139/200 [25:58<11:22, 11.18s/it]epoch 140
Train Loss: 0.000802, Acc: 99.984126%
Val Loss: 0.113463, Acc: 97.084465%
 70%|████████████████████████████████████████████████████████████████████████████████████▋                                    | 140/200 [26:09<11:06, 11.10s/it]epoch 141
Train Loss: 0.000864, Acc: 99.974602%
Val Loss: 0.097690, Acc: 97.541804%
 70%|█████████████████████████████████████████████████████████████████████████████████████▎                                   | 141/200 [26:20<11:03, 11.25s/it]epoch 142
Train Loss: 0.000863, Acc: 99.969839%
Val Loss: 0.103326, Acc: 97.084465%
 71%|█████████████████████████████████████████████████████████████████████████████████████▉                                   | 142/200 [26:31<10:48, 11.19s/it]epoch 143
Train Loss: 0.000864, Acc: 99.976189%
Val Loss: 0.097547, Acc: 97.313134%
 72%|██████████████████████████████████████████████████████████████████████████████████████▌                                  | 143/200 [26:43<10:45, 11.33s/it]epoch 144
Train Loss: 0.000806, Acc: 99.985713%
Val Loss: 0.102549, Acc: 97.327426%
 72%|███████████████████████████████████████████████████████████████████████████████████████                                  | 144/200 [26:55<10:49, 11.60s/it]epoch 145
Train Loss: 0.000807, Acc: 99.969839%
Val Loss: 0.101412, Acc: 97.356010%
 72%|███████████████████████████████████████████████████████████████████████████████████████▋                                 | 145/200 [27:07<10:37, 11.59s/it]epoch 146
Train Loss: 0.000785, Acc: 99.976189%
Val Loss: 0.099782, Acc: 97.341718%
 73%|████████████████████████████████████████████████████████████████████████████████████████▎                                | 146/200 [27:18<10:22, 11.53s/it]epoch 147
Train Loss: 0.000797, Acc: 99.979364%
Val Loss: 0.100430, Acc: 97.327426%
 74%|████████████████████████████████████████████████████████████████████████████████████████▉                                | 147/200 [27:30<10:15, 11.61s/it]epoch 148
Train Loss: 0.000749, Acc: 99.980951%
Val Loss: 0.102475, Acc: 97.484636%
 74%|█████████████████████████████████████████████████████████████████████████████████████████▌                               | 148/200 [27:41<10:02, 11.58s/it]epoch 149
Train Loss: 0.000795, Acc: 99.971427%
Val Loss: 0.098653, Acc: 97.656138%
 74%|██████████████████████████████████████████████████████████████████████████████████████████▏                              | 149/200 [27:53<09:51, 11.59s/it]epoch 150
Train Loss: 0.000765, Acc: 99.984126%
Val Loss: 0.096077, Acc: 97.570387%
 75%|██████████████████████████████████████████████████████████████████████████████████████████▊                              | 150/200 [28:04<09:35, 11.51s/it]epoch 151
Train Loss: 0.000945, Acc: 99.974602%
Val Loss: 0.099865, Acc: 97.456053%
 76%|███████████████████████████████████████████████████████████████████████████████████████████▎                             | 151/200 [28:15<09:11, 11.26s/it]epoch 152
Train Loss: 0.000787, Acc: 99.974602%
Val Loss: 0.102819, Acc: 97.413177%
 76%|███████████████████████████████████████████████████████████████████████████████████████████▉                             | 152/200 [28:27<09:05, 11.36s/it]epoch 153
Train Loss: 0.000735, Acc: 99.985713%
Val Loss: 0.095989, Acc: 97.398885%
 76%|████████████████████████████████████████████████████████████████████████████████████████████▌                            | 153/200 [28:38<08:54, 11.38s/it]epoch 154
Train Loss: 0.000700, Acc: 99.988888%
Val Loss: 0.100346, Acc: 97.284551%
 77%|█████████████████████████████████████████████████████████████████████████████████████████████▏                           | 154/200 [28:49<08:40, 11.31s/it]epoch 155
Train Loss: 0.000645, Acc: 99.988888%
Val Loss: 0.103395, Acc: 97.284551%
 78%|█████████████████████████████████████████████████████████████████████████████████████████████▊                           | 155/200 [29:00<08:28, 11.30s/it]epoch 156
Train Loss: 0.000682, Acc: 99.990476%
Val Loss: 0.104249, Acc: 97.313134%
 78%|██████████████████████████████████████████████████████████████████████████████████████████████▍                          | 156/200 [29:12<08:15, 11.27s/it]epoch 157
Train Loss: 0.000675, Acc: 99.992063%
Val Loss: 0.096585, Acc: 97.456053%
 78%|██████████████████████████████████████████████████████████████████████████████████████████████▉                          | 157/200 [29:23<08:03, 11.24s/it]epoch 158
Train Loss: 0.000706, Acc: 99.984126%
Val Loss: 0.105233, Acc: 97.127340%
 79%|███████████████████████████████████████████████████████████████████████████████████████████████▌                         | 158/200 [29:34<07:50, 11.20s/it]epoch 159
Train Loss: 0.000695, Acc: 99.985713%
Val Loss: 0.100204, Acc: 97.370302%
 80%|████████████████████████████████████████████████████████████████████████████████████████████████▏                        | 159/200 [29:45<07:40, 11.23s/it]epoch 160
Train Loss: 0.000731, Acc: 99.980951%
Val Loss: 0.099345, Acc: 97.327426%
 80%|████████████████████████████████████████████████████████████████████████████████████████████████▊                        | 160/200 [29:57<07:33, 11.34s/it]epoch 161
Train Loss: 0.000670, Acc: 99.988888%
Val Loss: 0.100918, Acc: 97.270259%
 80%|█████████████████████████████████████████████████████████████████████████████████████████████████▍                       | 161/200 [30:08<07:24, 11.39s/it]epoch 162
Train Loss: 0.000700, Acc: 99.984126%
Val Loss: 0.102642, Acc: 97.341718%
 81%|██████████████████████████████████████████████████████████████████████████████████████████████████                       | 162/200 [30:20<07:14, 11.43s/it]epoch 163
Train Loss: 0.000679, Acc: 99.979364%
Val Loss: 0.096454, Acc: 97.413177%
 82%|██████████████████████████████████████████████████████████████████████████████████████████████████▌                      | 163/200 [30:31<07:00, 11.36s/it]epoch 164
Train Loss: 0.000624, Acc: 99.988888%
Val Loss: 0.101770, Acc: 97.370302%
 82%|███████████████████████████████████████████████████████████████████████████████████████████████████▏                     | 164/200 [30:42<06:43, 11.22s/it]epoch 165
Train Loss: 0.000760, Acc: 99.979364%
Val Loss: 0.104356, Acc: 97.341718%
 82%|███████████████████████████████████████████████████████████████████████████████████████████████████▊                     | 165/200 [30:54<06:39, 11.42s/it]epoch 166
Train Loss: 0.000650, Acc: 99.987301%
Val Loss: 0.102062, Acc: 97.484636%
 83%|████████████████████████████████████████████████████████████████████████████████████████████████████▍                    | 166/200 [31:04<06:17, 11.10s/it]epoch 167
Train Loss: 0.000635, Acc: 99.985713%
Val Loss: 0.098554, Acc: 97.398885%
 84%|█████████████████████████████████████████████████████████████████████████████████████████████████████                    | 167/200 [31:16<06:09, 11.21s/it]epoch 168
Train Loss: 0.000690, Acc: 99.982539%
Val Loss: 0.108104, Acc: 97.413177%
 84%|█████████████████████████████████████████████████████████████████████████████████████████████████████▋                   | 168/200 [31:27<06:01, 11.30s/it]epoch 169
Train Loss: 0.000688, Acc: 99.985713%
Val Loss: 0.106161, Acc: 97.113048%
 84%|██████████████████████████████████████████████████████████████████████████████████████████████████████▏                  | 169/200 [31:38<05:48, 11.24s/it]epoch 170
Train Loss: 0.000626, Acc: 99.992063%
Val Loss: 0.102804, Acc: 97.341718%
 85%|██████████████████████████████████████████████████████████████████████████████████████████████████████▊                  | 170/200 [31:50<05:40, 11.35s/it]epoch 171
Train Loss: 0.000651, Acc: 99.988888%
Val Loss: 0.099310, Acc: 97.398885%
 86%|███████████████████████████████████████████████████████████████████████████████████████████████████████▍                 | 171/200 [32:01<05:25, 11.21s/it]epoch 172
Train Loss: 0.000653, Acc: 99.987301%
Val Loss: 0.103546, Acc: 97.398885%
 86%|████████████████████████████████████████████████████████████████████████████████████████████████████████                 | 172/200 [32:11<05:09, 11.05s/it]epoch 173
Train Loss: 0.000612, Acc: 99.993650%
Val Loss: 0.095541, Acc: 97.470344%
 86%|████████████████████████████████████████████████████████████████████████████████████████████████████████▋                | 173/200 [32:23<04:59, 11.11s/it]epoch 174
Train Loss: 0.000635, Acc: 99.988888%
Val Loss: 0.098066, Acc: 97.498928%
 87%|█████████████████████████████████████████████████████████████████████████████████████████████████████████▎               | 174/200 [32:34<04:54, 11.31s/it]epoch 175
Train Loss: 0.001045, Acc: 99.974602%
Val Loss: 0.097836, Acc: 97.341718%
 88%|█████████████████████████████████████████████████████████████████████████████████████████████████████████▉               | 175/200 [32:45<04:36, 11.06s/it]epoch 176
Train Loss: 0.000699, Acc: 99.980951%
Val Loss: 0.098503, Acc: 97.398885%
 88%|██████████████████████████████████████████████████████████████████████████████████████████████████████████▍              | 176/200 [32:56<04:23, 10.96s/it]epoch 177
Train Loss: 0.000640, Acc: 99.992063%
Val Loss: 0.094219, Acc: 97.470344%
 88%|███████████████████████████████████████████████████████████████████████████████████████████████████████████              | 177/200 [33:07<04:15, 11.09s/it]epoch 178
Train Loss: 0.000619, Acc: 99.988888%
Val Loss: 0.094854, Acc: 97.456053%
 89%|███████████████████████████████████████████████████████████████████████████████████████████████████████████▋             | 178/200 [33:18<04:05, 11.15s/it]epoch 179
Train Loss: 0.000651, Acc: 99.988888%
Val Loss: 0.101956, Acc: 97.341718%
 90%|████████████████████████████████████████████████████████████████████████████████████████████████████████████▎            | 179/200 [33:30<03:54, 11.17s/it]epoch 180
Train Loss: 0.000605, Acc: 99.993650%
Val Loss: 0.101777, Acc: 97.470344%
 90%|████████████████████████████████████████████████████████████████████████████████████████████████████████████▉            | 180/200 [33:41<03:42, 11.15s/it]epoch 181
Train Loss: 0.000655, Acc: 99.984126%
Val Loss: 0.102926, Acc: 97.413177%
 90%|█████████████████████████████████████████████████████████████████████████████████████████████████████████████▌           | 181/200 [33:52<03:36, 11.37s/it]epoch 182
Train Loss: 0.000790, Acc: 99.988888%
Val Loss: 0.098023, Acc: 97.427469%
 91%|██████████████████████████████████████████████████████████████████████████████████████████████████████████████           | 182/200 [34:04<03:27, 11.53s/it]epoch 183
Train Loss: 0.000648, Acc: 99.985713%
Val Loss: 0.097107, Acc: 97.456053%
 92%|██████████████████████████████████████████████████████████████████████████████████████████████████████████████▋          | 183/200 [34:15<03:09, 11.17s/it]epoch 184
Train Loss: 0.000648, Acc: 99.993650%
Val Loss: 0.105997, Acc: 97.356010%
 92%|███████████████████████████████████████████████████████████████████████████████████████████████████████████████▎         | 184/200 [34:27<03:01, 11.36s/it]epoch 185
Train Loss: 0.000648, Acc: 99.987301%
Val Loss: 0.097155, Acc: 97.498928%
 92%|███████████████████████████████████████████████████████████████████████████████████████████████████████████████▉         | 185/200 [34:38<02:49, 11.30s/it]epoch 186
Train Loss: 0.000755, Acc: 99.992063%
Val Loss: 0.097734, Acc: 97.313134%
 93%|████████████████████████████████████████████████████████████████████████████████████████████████████████████████▌        | 186/200 [34:49<02:38, 11.34s/it]epoch 187
Train Loss: 0.000673, Acc: 99.987301%
Val Loss: 0.100745, Acc: 97.341718%
 94%|█████████████████████████████████████████████████████████████████████████████████████████████████████████████████▏       | 187/200 [35:00<02:24, 11.08s/it]epoch 188
Train Loss: 0.000776, Acc: 99.980951%
Val Loss: 0.099786, Acc: 97.498928%
 94%|█████████████████████████████████████████████████████████████████████████████████████████████████████████████████▋       | 188/200 [35:10<02:12, 11.01s/it]epoch 189
Train Loss: 0.000649, Acc: 99.988888%
Val Loss: 0.101242, Acc: 97.398885%
 94%|██████████████████████████████████████████████████████████████████████████████████████████████████████████████████▎      | 189/200 [35:22<02:02, 11.11s/it]epoch 190
Train Loss: 0.000620, Acc: 99.992063%
Val Loss: 0.100973, Acc: 97.384593%
 95%|██████████████████████████████████████████████████████████████████████████████████████████████████████████████████▉      | 190/200 [35:33<01:51, 11.11s/it]epoch 191
Train Loss: 0.000614, Acc: 99.988888%
Val Loss: 0.104901, Acc: 97.384593%
 96%|███████████████████████████████████████████████████████████████████████████████████████████████████████████████████▌     | 191/200 [35:44<01:40, 11.17s/it]epoch 192
Train Loss: 0.000634, Acc: 99.992063%
Val Loss: 0.101443, Acc: 97.484636%
 96%|████████████████████████████████████████████████████████████████████████████████████████████████████████████████████▏    | 192/200 [35:56<01:30, 11.26s/it]epoch 193
Train Loss: 0.000632, Acc: 99.990476%
Val Loss: 0.098168, Acc: 97.413177%
 96%|████████████████████████████████████████████████████████████████████████████████████████████████████████████████████▊    | 193/200 [36:07<01:18, 11.21s/it]epoch 194
Train Loss: 0.000653, Acc: 99.985713%
Val Loss: 0.095044, Acc: 97.656138%
 97%|█████████████████████████████████████████████████████████████████████████████████████████████████████████████████████▎   | 194/200 [36:17<01:05, 10.98s/it]epoch 195
Train Loss: 0.000620, Acc: 99.993650%
Val Loss: 0.101572, Acc: 97.298842%
 98%|█████████████████████████████████████████████████████████████████████████████████████████████████████████████████████▉   | 195/200 [36:28<00:54, 10.98s/it]epoch 196
Train Loss: 0.000622, Acc: 99.992063%
Val Loss: 0.098988, Acc: 97.370302%
 98%|██████████████████████████████████████████████████████████████████████████████████████████████████████████████████████▌  | 196/200 [36:39<00:43, 10.89s/it]epoch 197
Train Loss: 0.000645, Acc: 99.988888%
Val Loss: 0.096395, Acc: 97.413177%
 98%|███████████████████████████████████████████████████████████████████████████████████████████████████████████████████████▏ | 197/200 [36:50<00:33, 11.06s/it]epoch 198
Train Loss: 0.000602, Acc: 99.992063%
Val Loss: 0.101941, Acc: 97.170216%
 99%|███████████████████████████████████████████████████████████████████████████████████████████████████████████████████████▊ | 198/200 [37:01<00:21, 10.98s/it]epoch 199
Train Loss: 0.000627, Acc: 99.990476%
Val Loss: 0.097545, Acc: 97.513220%
100%|████████████████████████████████████████████████████████████████████████████████████████████████████████████████████████▍| 199/200 [37:12<00:10, 10.86s/it]epoch 200
Train Loss: 0.000607, Acc: 99.996825%
Val Loss: 0.100154, Acc: 97.341718%
100%|█████████████████████████████████████████████████████████████████████████████████████████████████████████████████████████| 200/200 [37:23<00:00, 11.22s/it]
Test Loss: 0.586099, Acc: 87.370000%