==> Preparing data..
==> Warmup for distillation..
==> Distilling training set..
==> Distilling training set done..
Number of distilled training examples: 7311
Accuracy of distilled training examples collection: 96.93612364929558%
==> Distilling validation set..
==> Distilling validation set done..
Number of distilled validation examples: 805
Accuracy of distilled validation examples collection: 95.40372670807453%
==> Distilled dataset building..
==> Distilled dataset building done..
==> Start training..
  0%|                                                                                                                                   | 0/200 [00:00<?, ?it/s]epoch 1
Train Loss: 0.332997, Acc: 89.217778%
Val Loss: 0.260479, Acc: 92.000000%
  0%|▌                                                                                                                          | 1/200 [00:16<54:26, 16.41s/it]epoch 2
Train Loss: 0.213491, Acc: 92.851111%
Val Loss: 0.261459, Acc: 92.540000%
  1%|█▏                                                                                                                         | 2/200 [00:31<51:16, 15.54s/it]epoch 3
Train Loss: 0.183910, Acc: 93.888889%
Val Loss: 0.198297, Acc: 93.920000%
  2%|█▊                                                                                                                         | 3/200 [00:46<50:22, 15.34s/it]epoch 4
Train Loss: 0.153675, Acc: 94.784444%
Val Loss: 0.233800, Acc: 92.920000%
  2%|██▍                                                                                                                        | 4/200 [01:01<49:49, 15.25s/it]epoch 5
Train Loss: 0.141453, Acc: 95.222222%
Val Loss: 0.197117, Acc: 94.120000%
  2%|███                                                                                                                        | 5/200 [01:16<49:31, 15.24s/it]epoch 6
Train Loss: 0.127823, Acc: 95.728889%
Val Loss: 0.163111, Acc: 95.320000%
  3%|███▋                                                                                                                       | 6/200 [01:32<49:21, 15.26s/it]epoch 7
Train Loss: 0.120974, Acc: 95.822222%
Val Loss: 0.175682, Acc: 94.620000%
  4%|████▎                                                                                                                      | 7/200 [01:47<49:01, 15.24s/it]epoch 8
Train Loss: 0.114255, Acc: 96.135556%
Val Loss: 0.154680, Acc: 95.340000%
  4%|████▉                                                                                                                      | 8/200 [02:02<48:48, 15.26s/it]epoch 9
Train Loss: 0.106218, Acc: 96.420000%
Val Loss: 0.218425, Acc: 93.120000%
  4%|█████▌                                                                                                                     | 9/200 [02:17<48:29, 15.23s/it]epoch 10
Train Loss: 0.102233, Acc: 96.482222%
Val Loss: 0.188273, Acc: 94.240000%
  5%|██████                                                                                                                    | 10/200 [02:33<48:18, 15.25s/it]epoch 11
Train Loss: 0.097441, Acc: 96.775556%
Val Loss: 0.157681, Acc: 95.260000%
  6%|██████▋                                                                                                                   | 11/200 [02:48<48:04, 15.26s/it]epoch 12
Train Loss: 0.095492, Acc: 96.717778%
Val Loss: 0.197277, Acc: 93.960000%
  6%|███████▎                                                                                                                  | 12/200 [03:03<47:48, 15.26s/it]epoch 13
Train Loss: 0.086663, Acc: 97.071111%
Val Loss: 0.184671, Acc: 94.700000%
  6%|███████▉                                                                                                                  | 13/200 [03:18<47:34, 15.26s/it]epoch 14
Train Loss: 0.086654, Acc: 97.053333%
Val Loss: 0.162271, Acc: 95.180000%
  7%|████████▌                                                                                                                 | 14/200 [03:34<47:21, 15.27s/it]epoch 15
Train Loss: 0.080694, Acc: 97.166667%
Val Loss: 0.174152, Acc: 94.760000%
  8%|█████████▏                                                                                                                | 15/200 [03:49<47:11, 15.30s/it]epoch 16
Train Loss: 0.079361, Acc: 97.222222%
Val Loss: 0.129260, Acc: 95.760000%
  8%|█████████▊                                                                                                                | 16/200 [04:04<47:04, 15.35s/it]epoch 17
Train Loss: 0.075548, Acc: 97.411111%
Val Loss: 0.176892, Acc: 95.280000%
  8%|██████████▎                                                                                                               | 17/200 [04:20<46:49, 15.35s/it]epoch 18
Train Loss: 0.073040, Acc: 97.497778%
Val Loss: 0.149142, Acc: 95.760000%
  9%|██████████▉                                                                                                               | 18/200 [04:35<46:33, 15.35s/it]epoch 19
Train Loss: 0.072524, Acc: 97.448889%
Val Loss: 0.166226, Acc: 95.400000%
 10%|███████████▌                                                                                                              | 19/200 [04:51<46:19, 15.36s/it]epoch 20
Train Loss: 0.072964, Acc: 97.493333%
Val Loss: 0.138768, Acc: 95.900000%
 10%|████████████▏                                                                                                             | 20/200 [05:06<46:12, 15.40s/it]epoch 21
Train Loss: 0.070512, Acc: 97.577778%
Val Loss: 0.147132, Acc: 96.140000%
 10%|████████████▊                                                                                                             | 21/200 [05:22<46:00, 15.42s/it]epoch 22
Train Loss: 0.067451, Acc: 97.648889%
Val Loss: 0.220670, Acc: 93.640000%
 11%|█████████████▍                                                                                                            | 22/200 [05:37<45:40, 15.40s/it]epoch 23
Train Loss: 0.066565, Acc: 97.715556%
Val Loss: 0.196057, Acc: 94.700000%
 12%|██████████████                                                                                                            | 23/200 [05:52<45:22, 15.38s/it]epoch 24
Train Loss: 0.067158, Acc: 97.724444%
Val Loss: 0.137453, Acc: 96.240000%
 12%|██████████████▋                                                                                                           | 24/200 [06:08<45:11, 15.40s/it]epoch 25
Train Loss: 0.063163, Acc: 97.837778%
Val Loss: 0.163291, Acc: 95.200000%
 12%|███████████████▎                                                                                                          | 25/200 [06:23<44:56, 15.41s/it]epoch 26
Train Loss: 0.063227, Acc: 97.866667%
Val Loss: 0.179668, Acc: 95.820000%
 13%|███████████████▊                                                                                                          | 26/200 [06:39<44:43, 15.42s/it]epoch 27
Train Loss: 0.063697, Acc: 97.788889%
Val Loss: 0.130361, Acc: 96.280000%
 14%|████████████████▍                                                                                                         | 27/200 [06:54<44:29, 15.43s/it]epoch 28
Train Loss: 0.054268, Acc: 98.160000%
Val Loss: 0.188346, Acc: 95.140000%
 14%|█████████████████                                                                                                         | 28/200 [07:09<44:09, 15.40s/it]epoch 29
Train Loss: 0.062570, Acc: 97.860000%
Val Loss: 0.166195, Acc: 95.300000%
 14%|█████████████████▋                                                                                                        | 29/200 [07:25<43:50, 15.38s/it]epoch 30
Train Loss: 0.060367, Acc: 97.873333%
Val Loss: 0.166578, Acc: 95.740000%
 15%|██████████████████▎                                                                                                       | 30/200 [07:40<43:34, 15.38s/it]epoch 31
Train Loss: 0.062743, Acc: 97.795556%
Val Loss: 0.161605, Acc: 95.600000%
 16%|██████████████████▉                                                                                                       | 31/200 [07:55<43:15, 15.36s/it]epoch 32
Train Loss: 0.054468, Acc: 98.102222%
Val Loss: 0.139583, Acc: 96.140000%
 16%|███████████████████▌                                                                                                      | 32/200 [08:11<43:05, 15.39s/it]epoch 33
Train Loss: 0.053595, Acc: 98.135556%
Val Loss: 0.127258, Acc: 96.700000%
 16%|████████████████████▏                                                                                                     | 33/200 [08:26<42:51, 15.40s/it]epoch 34
Train Loss: 0.057685, Acc: 98.037778%
Val Loss: 0.181051, Acc: 95.400000%
 17%|████████████████████▋                                                                                                     | 34/200 [08:42<42:34, 15.39s/it]epoch 35
Train Loss: 0.053293, Acc: 98.131111%
Val Loss: 0.146376, Acc: 96.240000%
 18%|█████████████████████▎                                                                                                    | 35/200 [08:57<42:17, 15.38s/it]epoch 36
Train Loss: 0.055641, Acc: 98.044444%
Val Loss: 0.135135, Acc: 96.300000%
 18%|█████████████████████▉                                                                                                    | 36/200 [09:12<42:02, 15.38s/it]epoch 37
Train Loss: 0.051659, Acc: 98.228889%
Val Loss: 0.161405, Acc: 95.740000%
 18%|██████████████████████▌                                                                                                   | 37/200 [09:28<41:48, 15.39s/it]epoch 38
Train Loss: 0.053545, Acc: 98.120000%
Val Loss: 0.156470, Acc: 95.800000%
 19%|███████████████████████▏                                                                                                  | 38/200 [09:43<41:31, 15.38s/it]epoch 39
Train Loss: 0.054270, Acc: 98.137778%
Val Loss: 0.146163, Acc: 95.760000%
 20%|███████████████████████▊                                                                                                  | 39/200 [09:58<41:14, 15.37s/it]epoch 40
Train Loss: 0.047733, Acc: 98.388889%
Val Loss: 0.143870, Acc: 96.300000%
 20%|████████████████████████▍                                                                                                 | 40/200 [10:14<40:58, 15.37s/it]epoch 41
Train Loss: 0.050287, Acc: 98.255556%
Val Loss: 0.147331, Acc: 96.060000%
 20%|█████████████████████████                                                                                                 | 41/200 [10:29<40:44, 15.37s/it]epoch 42
Train Loss: 0.051201, Acc: 98.251111%
Val Loss: 0.127043, Acc: 95.900000%
 21%|█████████████████████████▌                                                                                                | 42/200 [10:45<40:27, 15.36s/it]epoch 43
Train Loss: 0.046061, Acc: 98.375556%
Val Loss: 0.181894, Acc: 95.000000%
 22%|██████████████████████████▏                                                                                               | 43/200 [11:00<40:12, 15.36s/it]epoch 44
Train Loss: 0.051165, Acc: 98.271111%
Val Loss: 0.174319, Acc: 95.960000%
 22%|██████████████████████████▊                                                                                               | 44/200 [11:15<39:55, 15.36s/it]epoch 45
Train Loss: 0.051197, Acc: 98.255556%
Val Loss: 0.143517, Acc: 96.000000%
 22%|███████████████████████████▍                                                                                              | 45/200 [11:31<39:41, 15.37s/it]epoch 46
Train Loss: 0.042827, Acc: 98.464444%
Val Loss: 0.174870, Acc: 95.800000%
 23%|████████████████████████████                                                                                              | 46/200 [11:46<39:27, 15.37s/it]epoch 47
Train Loss: 0.052730, Acc: 98.184444%
Val Loss: 0.164395, Acc: 95.040000%
 24%|████████████████████████████▋                                                                                             | 47/200 [12:01<39:09, 15.36s/it]epoch 48
Train Loss: 0.051423, Acc: 98.240000%
Val Loss: 0.153737, Acc: 95.600000%
 24%|█████████████████████████████▎                                                                                            | 48/200 [12:17<38:54, 15.36s/it]epoch 49
Train Loss: 0.044627, Acc: 98.444444%
Val Loss: 0.169871, Acc: 95.860000%
 24%|█████████████████████████████▉                                                                                            | 49/200 [12:32<38:37, 15.35s/it]epoch 50
Train Loss: 0.045447, Acc: 98.446667%
Val Loss: 0.122656, Acc: 96.520000%
 25%|██████████████████████████████▌                                                                                           | 50/200 [12:47<38:22, 15.35s/it]epoch 51
Train Loss: 0.051198, Acc: 98.264444%
Val Loss: 0.144924, Acc: 96.380000%
 26%|███████████████████████████████                                                                                           | 51/200 [13:03<38:05, 15.34s/it]epoch 52
Train Loss: 0.045844, Acc: 98.422222%
Val Loss: 0.150606, Acc: 95.840000%
 26%|███████████████████████████████▋                                                                                          | 52/200 [13:18<37:52, 15.36s/it]epoch 53
Train Loss: 0.048238, Acc: 98.413333%
Val Loss: 0.144496, Acc: 95.960000%
 26%|████████████████████████████████▎                                                                                         | 53/200 [13:33<37:37, 15.36s/it]epoch 54
Train Loss: 0.045889, Acc: 98.408889%
Val Loss: 0.155989, Acc: 95.700000%
 27%|████████████████████████████████▉                                                                                         | 54/200 [13:49<37:21, 15.35s/it]epoch 55
Train Loss: 0.049465, Acc: 98.291111%
Val Loss: 0.142920, Acc: 96.460000%
 28%|█████████████████████████████████▌                                                                                        | 55/200 [14:04<37:06, 15.35s/it]epoch 56
Train Loss: 0.048911, Acc: 98.362222%
Val Loss: 0.185102, Acc: 95.440000%
 28%|██████████████████████████████████▏                                                                                       | 56/200 [14:20<36:51, 15.36s/it]epoch 57
Train Loss: 0.048166, Acc: 98.360000%
Val Loss: 0.174755, Acc: 95.780000%
 28%|██████████████████████████████████▊                                                                                       | 57/200 [14:35<36:36, 15.36s/it]epoch 58
Train Loss: 0.045645, Acc: 98.433333%
Val Loss: 0.143384, Acc: 96.260000%
 29%|███████████████████████████████████▍                                                                                      | 58/200 [14:50<36:21, 15.36s/it]epoch 59
Train Loss: 0.045128, Acc: 98.400000%
Val Loss: 0.149925, Acc: 96.040000%
 30%|███████████████████████████████████▉                                                                                      | 59/200 [15:06<36:04, 15.35s/it]epoch 60
Train Loss: 0.042076, Acc: 98.511111%
Val Loss: 0.137695, Acc: 96.020000%
 30%|████████████████████████████████████▌                                                                                     | 60/200 [15:21<35:52, 15.37s/it]epoch 61
Train Loss: 0.049883, Acc: 98.300000%
Val Loss: 0.133218, Acc: 96.200000%
 30%|█████████████████████████████████████▏                                                                                    | 61/200 [15:36<35:34, 15.36s/it]epoch 62
Train Loss: 0.039380, Acc: 98.666667%
Val Loss: 0.134651, Acc: 96.700000%
 31%|█████████████████████████████████████▊                                                                                    | 62/200 [15:52<35:20, 15.36s/it]epoch 63
Train Loss: 0.042407, Acc: 98.624444%
Val Loss: 0.160891, Acc: 95.660000%
 32%|██████████████████████████████████████▍                                                                                   | 63/200 [16:07<35:03, 15.35s/it]epoch 64
Train Loss: 0.050746, Acc: 98.266667%
Val Loss: 0.131767, Acc: 96.180000%
 32%|███████████████████████████████████████                                                                                   | 64/200 [16:22<34:49, 15.36s/it]epoch 65
Train Loss: 0.041259, Acc: 98.586667%
Val Loss: 0.167447, Acc: 96.060000%
 32%|███████████████████████████████████████▋                                                                                  | 65/200 [16:38<34:33, 15.36s/it]epoch 66
Train Loss: 0.042786, Acc: 98.515556%
Val Loss: 0.151451, Acc: 96.080000%
 33%|████████████████████████████████████████▎                                                                                 | 66/200 [16:53<34:17, 15.35s/it]epoch 67
Train Loss: 0.042016, Acc: 98.611111%
Val Loss: 0.161394, Acc: 95.880000%
 34%|████████████████████████████████████████▊                                                                                 | 67/200 [17:08<33:59, 15.34s/it]epoch 68
Train Loss: 0.048156, Acc: 98.404444%
Val Loss: 0.138314, Acc: 96.340000%
 34%|█████████████████████████████████████████▍                                                                                | 68/200 [17:24<33:46, 15.35s/it]epoch 69
Train Loss: 0.043094, Acc: 98.526667%
Val Loss: 0.258020, Acc: 93.360000%
 34%|██████████████████████████████████████████                                                                                | 69/200 [17:39<33:33, 15.37s/it]epoch 70
Train Loss: 0.041793, Acc: 98.597778%
Val Loss: 0.123209, Acc: 96.780000%
 35%|██████████████████████████████████████████▋                                                                               | 70/200 [17:55<33:21, 15.40s/it]epoch 71
Train Loss: 0.041803, Acc: 98.646667%
Val Loss: 0.141274, Acc: 96.020000%
 36%|███████████████████████████████████████████▎                                                                              | 71/200 [18:10<33:04, 15.38s/it]epoch 72
Train Loss: 0.042356, Acc: 98.600000%
Val Loss: 0.159895, Acc: 95.600000%
 36%|███████████████████████████████████████████▉                                                                              | 72/200 [18:25<32:49, 15.39s/it]epoch 73
Train Loss: 0.038846, Acc: 98.668889%
Val Loss: 0.183882, Acc: 95.380000%
 36%|████████████████████████████████████████████▌                                                                             | 73/200 [18:41<32:33, 15.38s/it]epoch 74
Train Loss: 0.042635, Acc: 98.580000%
Val Loss: 0.201584, Acc: 94.420000%
 37%|█████████████████████████████████████████████▏                                                                            | 74/200 [18:56<32:16, 15.37s/it]epoch 75
Train Loss: 0.041036, Acc: 98.588889%
Val Loss: 0.141570, Acc: 96.700000%
 38%|█████████████████████████████████████████████▊                                                                            | 75/200 [19:12<32:02, 15.38s/it]epoch 76
Train Loss: 0.041083, Acc: 98.586667%
Val Loss: 0.183965, Acc: 96.020000%
 38%|██████████████████████████████████████████████▎                                                                           | 76/200 [19:27<31:48, 15.39s/it]epoch 77
Train Loss: 0.046555, Acc: 98.384444%
Val Loss: 0.187022, Acc: 94.740000%
 38%|██████████████████████████████████████████████▉                                                                           | 77/200 [19:42<31:30, 15.37s/it]epoch 78
Train Loss: 0.041004, Acc: 98.606667%
Val Loss: 0.183379, Acc: 95.500000%
 39%|███████████████████████████████████████████████▌                                                                          | 78/200 [19:58<31:13, 15.36s/it]epoch 79
Train Loss: 0.043948, Acc: 98.444444%
Val Loss: 0.175575, Acc: 95.980000%
 40%|████████████████████████████████████████████████▏                                                                         | 79/200 [20:13<31:00, 15.37s/it]epoch 80
Train Loss: 0.045175, Acc: 98.480000%
Val Loss: 0.124583, Acc: 97.000000%
 40%|████████████████████████████████████████████████▊                                                                         | 80/200 [20:28<30:49, 15.41s/it]epoch 81
Train Loss: 0.040867, Acc: 98.624444%
Val Loss: 0.161763, Acc: 96.080000%
 40%|█████████████████████████████████████████████████▍                                                                        | 81/200 [20:44<30:33, 15.41s/it]epoch 82
Train Loss: 0.036883, Acc: 98.771111%
Val Loss: 0.172937, Acc: 95.440000%
 41%|██████████████████████████████████████████████████                                                                        | 82/200 [20:59<30:16, 15.40s/it]epoch 83
Train Loss: 0.046290, Acc: 98.437778%
Val Loss: 0.180597, Acc: 95.840000%
 42%|██████████████████████████████████████████████████▋                                                                       | 83/200 [21:15<29:59, 15.38s/it]epoch 84
Train Loss: 0.043590, Acc: 98.482222%
Val Loss: 0.236650, Acc: 93.960000%
 42%|███████████████████████████████████████████████████▏                                                                      | 84/200 [21:30<29:43, 15.37s/it]epoch 85
Train Loss: 0.041892, Acc: 98.553333%
Val Loss: 0.126539, Acc: 96.560000%
 42%|███████████████████████████████████████████████████▊                                                                      | 85/200 [21:45<29:23, 15.34s/it]epoch 86
Train Loss: 0.037379, Acc: 98.680000%
Val Loss: 0.245915, Acc: 94.340000%
 43%|████████████████████████████████████████████████████▍                                                                     | 86/200 [22:01<29:10, 15.35s/it]epoch 87
Train Loss: 0.042984, Acc: 98.520000%
Val Loss: 0.152637, Acc: 96.040000%
 44%|█████████████████████████████████████████████████████                                                                     | 87/200 [22:16<28:55, 15.36s/it]epoch 88
Train Loss: 0.042162, Acc: 98.571111%
Val Loss: 0.146323, Acc: 96.180000%
 44%|█████████████████████████████████████████████████████▋                                                                    | 88/200 [22:31<28:40, 15.36s/it]epoch 89
Train Loss: 0.043559, Acc: 98.511111%
Val Loss: 0.183789, Acc: 95.920000%
 44%|██████████████████████████████████████████████████████▎                                                                   | 89/200 [22:47<28:27, 15.38s/it]epoch 90
Train Loss: 0.035848, Acc: 98.764444%
Val Loss: 0.152402, Acc: 95.940000%
 45%|██████████████████████████████████████████████████████▉                                                                   | 90/200 [23:02<28:11, 15.37s/it]epoch 91
Train Loss: 0.040403, Acc: 98.608889%
Val Loss: 0.138574, Acc: 96.460000%
 46%|███████████████████████████████████████████████████████▌                                                                  | 91/200 [23:17<27:54, 15.36s/it]epoch 92
Train Loss: 0.039273, Acc: 98.655556%
Val Loss: 0.144820, Acc: 96.300000%
 46%|████████████████████████████████████████████████████████                                                                  | 92/200 [23:33<27:39, 15.36s/it]epoch 93
Train Loss: 0.036907, Acc: 98.744444%
Val Loss: 0.155313, Acc: 96.220000%
 46%|████████████████████████████████████████████████████████▋                                                                 | 93/200 [23:48<27:23, 15.36s/it]epoch 94
Train Loss: 0.041060, Acc: 98.582222%
Val Loss: 0.144912, Acc: 95.960000%
 47%|█████████████████████████████████████████████████████████▎                                                                | 94/200 [24:04<27:10, 15.38s/it]epoch 95
Train Loss: 0.037223, Acc: 98.760000%
Val Loss: 0.168359, Acc: 95.660000%
 48%|█████████████████████████████████████████████████████████▉                                                                | 95/200 [24:19<26:54, 15.38s/it]epoch 96
Train Loss: 0.039733, Acc: 98.682222%
Val Loss: 0.165923, Acc: 95.700000%
 48%|██████████████████████████████████████████████████████████▌                                                               | 96/200 [24:34<26:38, 15.37s/it]epoch 97
Train Loss: 0.042029, Acc: 98.557778%
Val Loss: 0.142692, Acc: 96.160000%
 48%|███████████████████████████████████████████████████████████▏                                                              | 97/200 [24:50<26:24, 15.38s/it]epoch 98
Train Loss: 0.039499, Acc: 98.635556%
Val Loss: 0.139702, Acc: 95.820000%
 49%|███████████████████████████████████████████████████████████▊                                                              | 98/200 [25:05<26:08, 15.38s/it]epoch 99
Train Loss: 0.041376, Acc: 98.624444%
Val Loss: 0.173137, Acc: 96.040000%
 50%|████████████████████████████████████████████████████████████▍                                                             | 99/200 [25:21<25:53, 15.38s/it]epoch 100
Train Loss: 0.043530, Acc: 98.535556%
Val Loss: 0.142616, Acc: 95.960000%
 50%|████████████████████████████████████████████████████████████▌                                                            | 100/200 [25:36<25:39, 15.39s/it]epoch 101
Train Loss: 0.014550, Acc: 99.582222%
Val Loss: 0.093809, Acc: 97.680000%
 50%|█████████████████████████████████████████████████████████████                                                            | 101/200 [25:51<25:25, 15.41s/it]epoch 102
Train Loss: 0.008092, Acc: 99.791111%
Val Loss: 0.093632, Acc: 98.160000%
 51%|█████████████████████████████████████████████████████████████▋                                                           | 102/200 [26:07<25:12, 15.43s/it]epoch 103
Train Loss: 0.005937, Acc: 99.860000%
Val Loss: 0.089804, Acc: 97.840000%
 52%|██████████████████████████████████████████████████████████████▎                                                          | 103/200 [26:22<24:56, 15.43s/it]epoch 104
Train Loss: 0.005054, Acc: 99.873333%
Val Loss: 0.097199, Acc: 97.880000%
 52%|██████████████████████████████████████████████████████████████▉                                                          | 104/200 [26:38<24:38, 15.40s/it]epoch 105
Train Loss: 0.004105, Acc: 99.926667%
Val Loss: 0.092133, Acc: 97.800000%
 52%|███████████████████████████████████████████████████████████████▌                                                         | 105/200 [26:53<24:22, 15.40s/it]epoch 106
Train Loss: 0.003606, Acc: 99.933333%
Val Loss: 0.099431, Acc: 97.920000%
 53%|████████████████████████████████████████████████████████████████▏                                                        | 106/200 [27:08<24:05, 15.38s/it]epoch 107
Train Loss: 0.003030, Acc: 99.955556%
Val Loss: 0.092293, Acc: 98.100000%
 54%|████████████████████████████████████████████████████████████████▋                                                        | 107/200 [27:24<23:52, 15.40s/it]epoch 108
Train Loss: 0.002968, Acc: 99.955556%
Val Loss: 0.089175, Acc: 98.220000%
 54%|█████████████████████████████████████████████████████████████████▎                                                       | 108/200 [27:39<23:38, 15.42s/it]epoch 109
Train Loss: 0.002658, Acc: 99.964444%
Val Loss: 0.094845, Acc: 97.900000%
 55%|█████████████████████████████████████████████████████████████████▉                                                       | 109/200 [27:55<23:21, 15.40s/it]epoch 110
Train Loss: 0.002271, Acc: 99.966667%
Val Loss: 0.093965, Acc: 97.960000%
 55%|██████████████████████████████████████████████████████████████████▌                                                      | 110/200 [28:10<23:04, 15.39s/it]epoch 111
Train Loss: 0.002150, Acc: 99.964444%
Val Loss: 0.099038, Acc: 98.040000%
 56%|███████████████████████████████████████████████████████████████████▏                                                     | 111/200 [28:25<22:50, 15.40s/it]epoch 112
Train Loss: 0.002202, Acc: 99.966667%
Val Loss: 0.087778, Acc: 98.060000%
 56%|███████████████████████████████████████████████████████████████████▊                                                     | 112/200 [28:41<22:34, 15.39s/it]epoch 113
Train Loss: 0.002059, Acc: 99.957778%
Val Loss: 0.083039, Acc: 98.080000%
 56%|████████████████████████████████████████████████████████████████████▎                                                    | 113/200 [28:56<22:19, 15.39s/it]epoch 114
Train Loss: 0.001852, Acc: 99.971111%
Val Loss: 0.099301, Acc: 97.940000%
 57%|████████████████████████████████████████████████████████████████████▉                                                    | 114/200 [29:12<22:03, 15.39s/it]epoch 115
Train Loss: 0.001775, Acc: 99.968889%
Val Loss: 0.090260, Acc: 98.000000%
 57%|█████████████████████████████████████████████████████████████████████▌                                                   | 115/200 [29:27<21:48, 15.39s/it]epoch 116
Train Loss: 0.001606, Acc: 99.982222%
Val Loss: 0.100000, Acc: 98.020000%
 58%|██████████████████████████████████████████████████████████████████████▏                                                  | 116/200 [29:42<21:33, 15.40s/it]epoch 117
Train Loss: 0.001669, Acc: 99.975556%
Val Loss: 0.096006, Acc: 98.100000%
 58%|██████████████████████████████████████████████████████████████████████▊                                                  | 117/200 [29:58<21:18, 15.41s/it]epoch 118
Train Loss: 0.001553, Acc: 99.980000%
Val Loss: 0.104119, Acc: 98.040000%
 59%|███████████████████████████████████████████████████████████████████████▍                                                 | 118/200 [30:13<21:02, 15.40s/it]epoch 119
Train Loss: 0.001589, Acc: 99.968889%
Val Loss: 0.102292, Acc: 98.000000%
 60%|███████████████████████████████████████████████████████████████████████▉                                                 | 119/200 [30:29<20:53, 15.48s/it]epoch 120
Train Loss: 0.001364, Acc: 99.977778%
Val Loss: 0.095528, Acc: 98.080000%
 60%|████████████████████████████████████████████████████████████████████████▌                                                | 120/200 [30:44<20:34, 15.43s/it]epoch 121
Train Loss: 0.001434, Acc: 99.980000%
Val Loss: 0.097835, Acc: 98.000000%
 60%|█████████████████████████████████████████████████████████████████████████▏                                               | 121/200 [31:00<20:17, 15.41s/it]epoch 122
Train Loss: 0.001335, Acc: 99.980000%
Val Loss: 0.103727, Acc: 98.080000%
 61%|█████████████████████████████████████████████████████████████████████████▊                                               | 122/200 [31:15<20:00, 15.39s/it]epoch 123
Train Loss: 0.001183, Acc: 99.986667%
Val Loss: 0.097026, Acc: 97.940000%
 62%|██████████████████████████████████████████████████████████████████████████▍                                              | 123/200 [31:30<19:44, 15.39s/it]epoch 124
Train Loss: 0.001199, Acc: 99.986667%
Val Loss: 0.096035, Acc: 98.160000%
 62%|███████████████████████████████████████████████████████████████████████████                                              | 124/200 [31:46<19:29, 15.39s/it]epoch 125
Train Loss: 0.001295, Acc: 99.980000%
Val Loss: 0.107981, Acc: 98.080000%
 62%|███████████████████████████████████████████████████████████████████████████▋                                             | 125/200 [32:01<19:13, 15.38s/it]epoch 126
Train Loss: 0.001159, Acc: 99.986667%
Val Loss: 0.103512, Acc: 98.100000%
 63%|████████████████████████████████████████████████████████████████████████████▏                                            | 126/200 [32:16<18:58, 15.39s/it]epoch 127
Train Loss: 0.001162, Acc: 99.991111%
Val Loss: 0.088018, Acc: 98.120000%
 64%|████████████████████████████████████████████████████████████████████████████▊                                            | 127/200 [32:32<18:43, 15.39s/it]epoch 128
Train Loss: 0.001078, Acc: 99.988889%
Val Loss: 0.109329, Acc: 98.040000%
 64%|█████████████████████████████████████████████████████████████████████████████▍                                           | 128/200 [32:47<18:28, 15.39s/it]epoch 129
Train Loss: 0.001119, Acc: 99.980000%
Val Loss: 0.107913, Acc: 98.080000%
 64%|██████████████████████████████████████████████████████████████████████████████                                           | 129/200 [33:03<18:12, 15.38s/it]epoch 130
Train Loss: 0.001055, Acc: 99.988889%
Val Loss: 0.101134, Acc: 97.900000%
 65%|██████████████████████████████████████████████████████████████████████████████▋                                          | 130/200 [33:18<17:58, 15.41s/it]epoch 131
Train Loss: 0.001120, Acc: 99.984444%
Val Loss: 0.104001, Acc: 98.200000%
 66%|███████████████████████████████████████████████████████████████████████████████▎                                         | 131/200 [33:33<17:42, 15.39s/it]epoch 132
Train Loss: 0.001015, Acc: 99.991111%
Val Loss: 0.112030, Acc: 97.900000%
 66%|███████████████████████████████████████████████████████████████████████████████▊                                         | 132/200 [33:49<17:26, 15.40s/it]epoch 133
Train Loss: 0.000898, Acc: 99.997778%
Val Loss: 0.101488, Acc: 98.000000%
 66%|████████████████████████████████████████████████████████████████████████████████▍                                        | 133/200 [34:04<17:11, 15.39s/it]epoch 134
Train Loss: 0.001002, Acc: 99.986667%
Val Loss: 0.105401, Acc: 98.080000%
 67%|█████████████████████████████████████████████████████████████████████████████████                                        | 134/200 [34:20<16:56, 15.40s/it]epoch 135
Train Loss: 0.000922, Acc: 99.995556%
Val Loss: 0.104249, Acc: 98.220000%
 68%|█████████████████████████████████████████████████████████████████████████████████▋                                       | 135/200 [34:35<16:41, 15.40s/it]epoch 136
Train Loss: 0.000903, Acc: 99.995556%
Val Loss: 0.109588, Acc: 98.060000%
 68%|██████████████████████████████████████████████████████████████████████████████████▎                                      | 136/200 [34:50<16:24, 15.39s/it]epoch 137
Train Loss: 0.000843, Acc: 99.988889%
Val Loss: 0.107366, Acc: 98.080000%
 68%|██████████████████████████████████████████████████████████████████████████████████▉                                      | 137/200 [35:06<16:08, 15.37s/it]epoch 138
Train Loss: 0.000869, Acc: 99.995556%
Val Loss: 0.102905, Acc: 98.180000%
 69%|███████████████████████████████████████████████████████████████████████████████████▍                                     | 138/200 [35:21<15:53, 15.38s/it]epoch 139
Train Loss: 0.000884, Acc: 99.993333%
Val Loss: 0.097879, Acc: 98.120000%
 70%|████████████████████████████████████████████████████████████████████████████████████                                     | 139/200 [35:36<15:37, 15.38s/it]epoch 140
Train Loss: 0.000870, Acc: 99.991111%
Val Loss: 0.099517, Acc: 98.080000%
 70%|████████████████████████████████████████████████████████████████████████████████████▋                                    | 140/200 [35:52<15:22, 15.38s/it]epoch 141
Train Loss: 0.000799, Acc: 99.995556%
Val Loss: 0.109035, Acc: 98.040000%
 70%|█████████████████████████████████████████████████████████████████████████████████████▎                                   | 141/200 [36:07<15:05, 15.34s/it]epoch 142
Train Loss: 0.000905, Acc: 99.991111%
Val Loss: 0.089550, Acc: 98.060000%
 71%|█████████████████████████████████████████████████████████████████████████████████████▉                                   | 142/200 [36:22<14:50, 15.35s/it]epoch 143
Train Loss: 0.000859, Acc: 99.986667%
Val Loss: 0.119666, Acc: 97.940000%
 72%|██████████████████████████████████████████████████████████████████████████████████████▌                                  | 143/200 [36:38<14:35, 15.36s/it]epoch 144
Train Loss: 0.000787, Acc: 99.997778%
Val Loss: 0.111397, Acc: 98.120000%
 72%|███████████████████████████████████████████████████████████████████████████████████████                                  | 144/200 [36:53<14:19, 15.35s/it]epoch 145
Train Loss: 0.000911, Acc: 99.993333%
Val Loss: 0.096217, Acc: 98.100000%
 72%|███████████████████████████████████████████████████████████████████████████████████████▋                                 | 145/200 [37:08<14:03, 15.34s/it]epoch 146
Train Loss: 0.000908, Acc: 99.988889%
Val Loss: 0.103629, Acc: 98.320000%
 73%|████████████████████████████████████████████████████████████████████████████████████████▎                                | 146/200 [37:24<13:50, 15.38s/it]epoch 147
Train Loss: 0.000776, Acc: 99.995556%
Val Loss: 0.099743, Acc: 98.180000%
 74%|████████████████████████████████████████████████████████████████████████████████████████▉                                | 147/200 [37:39<13:34, 15.36s/it]epoch 148
Train Loss: 0.000800, Acc: 99.991111%
Val Loss: 0.108165, Acc: 97.880000%
 74%|█████████████████████████████████████████████████████████████████████████████████████████▌                               | 148/200 [37:55<13:18, 15.36s/it]epoch 149
Train Loss: 0.000734, Acc: 99.997778%
Val Loss: 0.114196, Acc: 98.060000%
 74%|██████████████████████████████████████████████████████████████████████████████████████████▏                              | 149/200 [38:10<13:03, 15.36s/it]epoch 150
Train Loss: 0.000798, Acc: 99.993333%
Val Loss: 0.093459, Acc: 98.280000%
 75%|██████████████████████████████████████████████████████████████████████████████████████████▊                              | 150/200 [38:25<12:47, 15.36s/it]epoch 151
Train Loss: 0.000909, Acc: 99.991111%
Val Loss: 0.112580, Acc: 98.120000%
 76%|███████████████████████████████████████████████████████████████████████████████████████████▎                             | 151/200 [38:41<12:32, 15.36s/it]epoch 152
Train Loss: 0.000847, Acc: 99.993333%
Val Loss: 0.101695, Acc: 98.200000%
 76%|███████████████████████████████████████████████████████████████████████████████████████████▉                             | 152/200 [38:56<12:17, 15.37s/it]epoch 153
Train Loss: 0.000786, Acc: 99.988889%
Val Loss: 0.114543, Acc: 98.020000%
 76%|████████████████████████████████████████████████████████████████████████████████████████████▌                            | 153/200 [39:11<12:01, 15.36s/it]epoch 154
Train Loss: 0.000758, Acc: 99.993333%
Val Loss: 0.105799, Acc: 98.160000%
 77%|█████████████████████████████████████████████████████████████████████████████████████████████▏                           | 154/200 [39:27<11:46, 15.35s/it]epoch 155
Train Loss: 0.000840, Acc: 99.991111%
Val Loss: 0.107623, Acc: 98.260000%
 78%|█████████████████████████████████████████████████████████████████████████████████████████████▊                           | 155/200 [39:42<11:30, 15.34s/it]epoch 156
Train Loss: 0.000778, Acc: 99.995556%
Val Loss: 0.109552, Acc: 98.160000%
 78%|██████████████████████████████████████████████████████████████████████████████████████████████▍                          | 156/200 [39:57<11:14, 15.34s/it]epoch 157
Train Loss: 0.000825, Acc: 99.991111%
Val Loss: 0.114006, Acc: 97.980000%
 78%|██████████████████████████████████████████████████████████████████████████████████████████████▉                          | 157/200 [40:13<11:00, 15.36s/it]epoch 158
Train Loss: 0.000748, Acc: 99.995556%
Val Loss: 0.101311, Acc: 98.140000%
 79%|███████████████████████████████████████████████████████████████████████████████████████████████▌                         | 158/200 [40:28<10:45, 15.37s/it]epoch 159
Train Loss: 0.000731, Acc: 99.995556%
Val Loss: 0.102996, Acc: 98.040000%
 80%|████████████████████████████████████████████████████████████████████████████████████████████████▏                        | 159/200 [40:44<10:30, 15.38s/it]epoch 160
Train Loss: 0.000771, Acc: 99.993333%
Val Loss: 0.108945, Acc: 98.120000%
 80%|████████████████████████████████████████████████████████████████████████████████████████████████▊                        | 160/200 [40:59<10:15, 15.39s/it]epoch 161
Train Loss: 0.000730, Acc: 99.993333%
Val Loss: 0.104416, Acc: 98.180000%
 80%|█████████████████████████████████████████████████████████████████████████████████████████████████▍                       | 161/200 [41:14<09:58, 15.36s/it]epoch 162
Train Loss: 0.000664, Acc: 99.995556%
Val Loss: 0.113965, Acc: 98.100000%
 81%|██████████████████████████████████████████████████████████████████████████████████████████████████                       | 162/200 [41:30<09:43, 15.35s/it]epoch 163
Train Loss: 0.000835, Acc: 99.993333%
Val Loss: 0.107300, Acc: 98.060000%
 82%|██████████████████████████████████████████████████████████████████████████████████████████████████▌                      | 163/200 [41:45<09:27, 15.35s/it]epoch 164
Train Loss: 0.000756, Acc: 99.995556%
Val Loss: 0.104143, Acc: 98.040000%
 82%|███████████████████████████████████████████████████████████████████████████████████████████████████▏                     | 164/200 [42:00<09:13, 15.37s/it]epoch 165
Train Loss: 0.000674, Acc: 99.995556%
Val Loss: 0.094761, Acc: 98.380000%
 82%|███████████████████████████████████████████████████████████████████████████████████████████████████▊                     | 165/200 [42:16<08:59, 15.40s/it]epoch 166
Train Loss: 0.000734, Acc: 99.997778%
Val Loss: 0.094934, Acc: 98.260000%
 83%|████████████████████████████████████████████████████████████████████████████████████████████████████▍                    | 166/200 [42:31<08:43, 15.40s/it]epoch 167
Train Loss: 0.000655, Acc: 99.997778%
Val Loss: 0.092661, Acc: 98.240000%
 84%|█████████████████████████████████████████████████████████████████████████████████████████████████████                    | 167/200 [42:47<08:27, 15.39s/it]epoch 168
Train Loss: 0.000648, Acc: 99.995556%
Val Loss: 0.099395, Acc: 98.100000%
 84%|█████████████████████████████████████████████████████████████████████████████████████████████████████▋                   | 168/200 [43:02<08:12, 15.39s/it]epoch 169
Train Loss: 0.000756, Acc: 99.993333%
Val Loss: 0.102372, Acc: 98.080000%
 84%|██████████████████████████████████████████████████████████████████████████████████████████████████████▏                  | 169/200 [43:17<07:57, 15.40s/it]epoch 170
Train Loss: 0.000769, Acc: 99.993333%
Val Loss: 0.107039, Acc: 98.200000%
 85%|██████████████████████████████████████████████████████████████████████████████████████████████████████▊                  | 170/200 [43:33<07:41, 15.39s/it]epoch 171
Train Loss: 0.000690, Acc: 99.995556%
Val Loss: 0.102670, Acc: 98.000000%
 86%|███████████████████████████████████████████████████████████████████████████████████████████████████████▍                 | 171/200 [43:48<07:25, 15.37s/it]epoch 172
Train Loss: 0.000647, Acc: 99.997778%
Val Loss: 0.102240, Acc: 97.940000%
 86%|████████████████████████████████████████████████████████████████████████████████████████████████████████                 | 172/200 [44:04<07:10, 15.37s/it]epoch 173
Train Loss: 0.000659, Acc: 100.000000%
Val Loss: 0.098666, Acc: 98.220000%
 86%|████████████████████████████████████████████████████████████████████████████████████████████████████████▋                | 173/200 [44:19<06:54, 15.37s/it]epoch 174
Train Loss: 0.000623, Acc: 99.997778%
Val Loss: 0.104232, Acc: 98.180000%
 87%|█████████████████████████████████████████████████████████████████████████████████████████████████████████▎               | 174/200 [44:34<06:39, 15.38s/it]epoch 175
Train Loss: 0.000678, Acc: 99.993333%
Val Loss: 0.096958, Acc: 98.260000%
 88%|█████████████████████████████████████████████████████████████████████████████████████████████████████████▉               | 175/200 [44:50<06:24, 15.40s/it]epoch 176
Train Loss: 0.000594, Acc: 100.000000%
Val Loss: 0.112611, Acc: 98.100000%
 88%|██████████████████████████████████████████████████████████████████████████████████████████████████████████▍              | 176/200 [45:05<06:09, 15.40s/it]epoch 177
Train Loss: 0.000649, Acc: 100.000000%
Val Loss: 0.104491, Acc: 98.160000%
 88%|███████████████████████████████████████████████████████████████████████████████████████████████████████████              | 177/200 [45:21<05:53, 15.38s/it]epoch 178
Train Loss: 0.000691, Acc: 99.995556%
Val Loss: 0.103003, Acc: 98.140000%
 89%|███████████████████████████████████████████████████████████████████████████████████████████████████████████▋             | 178/200 [45:36<05:38, 15.39s/it]epoch 179
Train Loss: 0.000729, Acc: 99.995556%
Val Loss: 0.102729, Acc: 97.960000%
 90%|████████████████████████████████████████████████████████████████████████████████████████████████████████████▎            | 179/200 [45:51<05:23, 15.39s/it]epoch 180
Train Loss: 0.000625, Acc: 100.000000%
Val Loss: 0.098661, Acc: 98.300000%
 90%|████████████████████████████████████████████████████████████████████████████████████████████████████████████▉            | 180/200 [46:07<05:07, 15.37s/it]epoch 181
Train Loss: 0.000754, Acc: 99.993333%
Val Loss: 0.112068, Acc: 98.140000%
 90%|█████████████████████████████████████████████████████████████████████████████████████████████████████████████▌           | 181/200 [46:22<04:52, 15.37s/it]epoch 182
Train Loss: 0.000688, Acc: 99.995556%
Val Loss: 0.104723, Acc: 98.200000%
 91%|██████████████████████████████████████████████████████████████████████████████████████████████████████████████           | 182/200 [46:37<04:36, 15.37s/it]epoch 183
Train Loss: 0.000662, Acc: 99.997778%
Val Loss: 0.094212, Acc: 98.240000%
 92%|██████████████████████████████████████████████████████████████████████████████████████████████████████████████▋          | 183/200 [46:53<04:21, 15.37s/it]epoch 184
Train Loss: 0.000654, Acc: 99.995556%
Val Loss: 0.106817, Acc: 98.260000%
 92%|███████████████████████████████████████████████████████████████████████████████████████████████████████████████▎         | 184/200 [47:08<04:05, 15.36s/it]epoch 185
Train Loss: 0.000706, Acc: 99.997778%
Val Loss: 0.104463, Acc: 98.220000%
 92%|███████████████████████████████████████████████████████████████████████████████████████████████████████████████▉         | 185/200 [47:23<03:50, 15.36s/it]epoch 186
Train Loss: 0.000760, Acc: 99.993333%
Val Loss: 0.097536, Acc: 98.200000%
 93%|████████████████████████████████████████████████████████████████████████████████████████████████████████████████▌        | 186/200 [47:39<03:35, 15.37s/it]epoch 187
Train Loss: 0.000667, Acc: 100.000000%
Val Loss: 0.109034, Acc: 98.060000%
 94%|█████████████████████████████████████████████████████████████████████████████████████████████████████████████████▏       | 187/200 [47:54<03:19, 15.38s/it]epoch 188
Train Loss: 0.000709, Acc: 99.991111%
Val Loss: 0.103876, Acc: 98.060000%
 94%|█████████████████████████████████████████████████████████████████████████████████████████████████████████████████▋       | 188/200 [48:10<03:04, 15.37s/it]epoch 189
Train Loss: 0.000669, Acc: 99.995556%
Val Loss: 0.106249, Acc: 98.080000%
 94%|██████████████████████████████████████████████████████████████████████████████████████████████████████████████████▎      | 189/200 [48:25<02:49, 15.36s/it]epoch 190
Train Loss: 0.000645, Acc: 99.997778%
Val Loss: 0.114382, Acc: 98.040000%
 95%|██████████████████████████████████████████████████████████████████████████████████████████████████████████████████▉      | 190/200 [48:40<02:33, 15.38s/it]epoch 191
Train Loss: 0.000675, Acc: 99.993333%
Val Loss: 0.098649, Acc: 98.400000%
 96%|███████████████████████████████████████████████████████████████████████████████████████████████████████████████████▌     | 191/200 [48:56<02:18, 15.40s/it]epoch 192
Train Loss: 0.000605, Acc: 99.997778%
Val Loss: 0.103386, Acc: 98.120000%
 96%|████████████████████████████████████████████████████████████████████████████████████████████████████████████████████▏    | 192/200 [49:11<02:02, 15.37s/it]epoch 193
Train Loss: 0.000664, Acc: 99.995556%
Val Loss: 0.100603, Acc: 98.200000%
 96%|████████████████████████████████████████████████████████████████████████████████████████████████████████████████████▊    | 193/200 [49:26<01:47, 15.35s/it]epoch 194
Train Loss: 0.000668, Acc: 99.997778%
Val Loss: 0.095842, Acc: 98.240000%
 97%|█████████████████████████████████████████████████████████████████████████████████████████████████████████████████████▎   | 194/200 [49:42<01:32, 15.36s/it]epoch 195
Train Loss: 0.000676, Acc: 99.995556%
Val Loss: 0.102490, Acc: 98.220000%
 98%|█████████████████████████████████████████████████████████████████████████████████████████████████████████████████████▉   | 195/200 [49:57<01:16, 15.37s/it]epoch 196
Train Loss: 0.000614, Acc: 100.000000%
Val Loss: 0.115830, Acc: 97.960000%
 98%|██████████████████████████████████████████████████████████████████████████████████████████████████████████████████████▌  | 196/200 [50:12<01:01, 15.35s/it]epoch 197
Train Loss: 0.000564, Acc: 100.000000%
Val Loss: 0.096625, Acc: 98.080000%
 98%|███████████████████████████████████████████████████████████████████████████████████████████████████████████████████████▏ | 197/200 [50:28<00:46, 15.36s/it]epoch 198
Train Loss: 0.000624, Acc: 99.995556%
Val Loss: 0.097306, Acc: 98.140000%
 99%|███████████████████████████████████████████████████████████████████████████████████████████████████████████████████████▊ | 198/200 [50:43<00:30, 15.38s/it]epoch 199
Train Loss: 0.000575, Acc: 100.000000%
Val Loss: 0.096691, Acc: 98.140000%
100%|████████████████████████████████████████████████████████████████████████████████████████████████████████████████████████▍| 199/200 [50:59<00:15, 15.38s/it]epoch 200
Train Loss: 0.000566, Acc: 100.000000%
Val Loss: 0.103590, Acc: 98.040000%
100%|█████████████████████████████████████████████████████████████████████████████████████████████████████████████████████████| 200/200 [51:14<00:00, 15.37s/it]
Test Loss: 1.177466, Acc: 75.710000%