==> Preparing data..
Files already downloaded and verified
Downloading https://www.cs.toronto.edu/~kriz/cifar-10-python.tar.gz to ./data/cifar10/instance_noise_0.5/cifar-10-python.tar.gz
100%|███████████████████████████████████████████████████████████████████████████████████████████████████████| 170498071/170498071 [00:14<00:00, 11777053.67it/s]
Extracting ./data/cifar10/instance_noise_0.5/cifar-10-python.tar.gz to ./data/cifar10/instance_noise_0.5
./data/cifar10/instance_noise_0.5/v6_cifar10_labels_0.5_1.npy
noise rate = 0.49904
****************************************
following is flip percentage:
 0.50	 0.00	 0.00	 0.00	 0.00	 0.00	 0.00	 0.00	 0.04	 0.46
 0.01	 0.51	 0.21	 0.01	 0.00	 0.00	 0.11	 0.00	 0.06	 0.09
 0.21	 0.03	 0.50	 0.01	 0.00	 0.01	 0.00	 0.24	 0.00	 0.00
 0.06	 0.03	 0.13	 0.51	 0.06	 0.00	 0.00	 0.01	 0.05	 0.16
 0.00	 0.00	 0.01	 0.00	 0.50	 0.00	 0.01	 0.49	 0.00	 0.00
 0.00	 0.00	 0.00	 0.33	 0.02	 0.50	 0.11	 0.01	 0.00	 0.03
 0.00	 0.02	 0.03	 0.10	 0.00	 0.00	 0.50	 0.00	 0.00	 0.34
 0.00	 0.00	 0.00	 0.33	 0.00	 0.00	 0.00	 0.50	 0.00	 0.17
 0.46	 0.02	 0.00	 0.02	 0.00	 0.00	 0.00	 0.01	 0.49	 0.00
 0.00	 0.00	 0.00	 0.00	 0.00	 0.00	 0.00	 0.50	 0.00	 0.49
0.50	0.00	0.00	0.00	0.00	0.00	0.00	0.00	0.00	0.50
0.51	0.00	0.00	0.00	0.00	0.00	0.00	0.00	0.00	0.49
0.56	0.00	0.00	0.00	0.00	0.00	0.00	0.00	0.00	0.44
0.70	0.00	0.00	0.00	0.00	0.00	0.00	0.00	0.02	0.29
0.54	0.00	0.00	0.00	0.00	0.00	0.00	0.00	0.00	0.46
0.39	0.00	0.00	0.00	0.00	0.00	0.00	0.00	0.00	0.61
0.54	0.00	0.00	0.00	0.00	0.00	0.00	0.00	0.00	0.46
0.55	0.00	0.00	0.00	0.00	0.00	0.00	0.00	0.00	0.45
0.62	0.00	0.00	0.00	0.00	0.00	0.00	0.00	0.00	0.38
0.60	0.00	0.00	0.00	0.00	0.00	0.00	0.00	0.00	0.40
==> Warmup for distillation..
==> Start training..
  0%|                                                                                                                                   | 0/200 [00:00<?, ?it/s]epoch 1
Train Loss: 2.235301, Acc: 21.740000%
Val Loss: 2.034804, Acc: 25.220000%
  0%|▌                                                                                                                          | 1/200 [00:07<25:15,  7.61s/it]epoch 2
Train Loss: 1.936755, Acc: 28.193333%
Val Loss: 1.950599, Acc: 29.400000%
  1%|█▏                                                                                                                         | 2/200 [00:15<25:33,  7.75s/it]epoch 3
Train Loss: 1.861029, Acc: 30.735556%
Val Loss: 1.929598, Acc: 29.720000%
  2%|█▊                                                                                                                         | 3/200 [00:23<26:02,  7.93s/it]epoch 4
Train Loss: 1.802841, Acc: 32.084444%
Val Loss: 1.870223, Acc: 31.820000%
  2%|██▍                                                                                                                        | 4/200 [00:31<26:16,  8.04s/it]epoch 5
Train Loss: 1.745939, Acc: 33.640000%
Val Loss: 1.834089, Acc: 32.460000%
  2%|███                                                                                                                        | 5/200 [00:39<26:01,  8.01s/it]epoch 6
Train Loss: 1.685961, Acc: 35.064444%
Val Loss: 1.713240, Acc: 33.900000%
  3%|███▋                                                                                                                       | 6/200 [00:48<26:12,  8.11s/it]epoch 7
Train Loss: 1.637697, Acc: 36.222222%
Val Loss: 1.714195, Acc: 34.680000%
  4%|████▎                                                                                                                      | 7/200 [00:55<25:13,  7.84s/it]epoch 8
Train Loss: 1.593007, Acc: 37.231111%
Val Loss: 1.681073, Acc: 34.720000%
  4%|████▉                                                                                                                      | 8/200 [01:02<24:42,  7.72s/it]epoch 9
Train Loss: 1.552403, Acc: 38.355556%
Val Loss: 1.657805, Acc: 35.980000%
  4%|█████▌                                                                                                                     | 9/200 [01:10<24:07,  7.58s/it]epoch 10
Train Loss: 1.522077, Acc: 39.017778%
Val Loss: 1.564013, Acc: 38.480000%
  5%|██████                                                                                                                    | 10/200 [01:17<23:20,  7.37s/it]epoch 11
Train Loss: 1.491696, Acc: 39.908889%
Val Loss: 1.575319, Acc: 37.740000%
  6%|██████▋                                                                                                                   | 11/200 [01:25<24:10,  7.68s/it]epoch 12
Train Loss: 1.462207, Acc: 40.417778%
Val Loss: 1.511555, Acc: 38.780000%
  6%|███████▎                                                                                                                  | 12/200 [01:33<24:27,  7.81s/it]epoch 13
Train Loss: 1.434496, Acc: 40.988889%
Val Loss: 1.525013, Acc: 38.820000%
  6%|███████▉                                                                                                                  | 13/200 [01:41<24:50,  7.97s/it]epoch 14
Train Loss: 1.407522, Acc: 41.935556%
Val Loss: 1.459815, Acc: 40.980000%
  7%|████████▌                                                                                                                 | 14/200 [01:49<24:34,  7.93s/it]epoch 15
Train Loss: 1.382815, Acc: 42.371111%
Val Loss: 1.476068, Acc: 40.300000%
  8%|█████████▏                                                                                                                | 15/200 [01:57<24:26,  7.93s/it]epoch 16
Train Loss: 1.358803, Acc: 42.691111%
Val Loss: 1.454933, Acc: 40.480000%
  8%|█████████▊                                                                                                                | 16/200 [02:06<24:48,  8.09s/it]epoch 17
Train Loss: 1.341135, Acc: 43.217778%
Val Loss: 1.452970, Acc: 40.460000%
  8%|██████████▎                                                                                                               | 17/200 [02:13<24:30,  8.03s/it]epoch 18
Train Loss: 1.322822, Acc: 43.884444%
Val Loss: 1.470652, Acc: 38.180000%
  9%|██████████▉                                                                                                               | 18/200 [02:22<24:33,  8.10s/it]epoch 19
Train Loss: 1.304475, Acc: 44.031111%
Val Loss: 1.493579, Acc: 39.620000%
 10%|███████████▌                                                                                                              | 19/200 [02:30<24:12,  8.02s/it]epoch 20
Train Loss: 1.290632, Acc: 44.357778%
Val Loss: 1.445160, Acc: 41.080000%
 10%|████████████▏                                                                                                             | 20/200 [02:37<23:43,  7.91s/it]epoch 21
Train Loss: 1.274908, Acc: 44.862222%
Val Loss: 1.436026, Acc: 41.560000%
 10%|████████████▊                                                                                                             | 21/200 [02:45<23:28,  7.87s/it]epoch 22
Train Loss: 1.258512, Acc: 45.224444%
Val Loss: 1.400706, Acc: 42.180000%
 11%|█████████████▍                                                                                                            | 22/200 [02:53<23:15,  7.84s/it]epoch 23
Train Loss: 1.248413, Acc: 45.393333%
Val Loss: 1.400962, Acc: 42.200000%
 12%|██████████████                                                                                                            | 23/200 [03:01<23:17,  7.90s/it]epoch 24
Train Loss: 1.236906, Acc: 45.700000%
Val Loss: 1.408577, Acc: 41.500000%
 12%|██████████████▋                                                                                                           | 24/200 [03:09<23:20,  7.96s/it]epoch 25
Train Loss: 1.225055, Acc: 46.077778%
Val Loss: 1.393340, Acc: 43.440000%
 12%|███████████████▎                                                                                                          | 25/200 [03:17<23:06,  7.92s/it]epoch 26
Train Loss: 1.214353, Acc: 46.537778%
Val Loss: 1.433766, Acc: 40.880000%
 13%|███████████████▊                                                                                                          | 26/200 [03:25<23:30,  8.11s/it]epoch 27
Train Loss: 1.206058, Acc: 46.655556%
Val Loss: 1.384837, Acc: 41.400000%
 14%|████████████████▍                                                                                                         | 27/200 [03:33<23:06,  8.02s/it]epoch 28
Train Loss: 1.193960, Acc: 46.937778%
Val Loss: 1.423556, Acc: 41.280000%
 14%|█████████████████                                                                                                         | 28/200 [03:41<22:53,  7.99s/it]epoch 29
Train Loss: 1.182576, Acc: 47.508889%
Val Loss: 1.381636, Acc: 42.360000%
 14%|█████████████████▋                                                                                                        | 29/200 [03:49<22:32,  7.91s/it]epoch 30
Train Loss: 1.169362, Acc: 47.782222%
Val Loss: 1.400095, Acc: 41.560000%
 15%|██████████████████▎                                                                                                       | 30/200 [03:57<22:34,  7.97s/it]epoch 31
Train Loss: 1.159817, Acc: 48.635556%
Val Loss: 1.420312, Acc: 42.500000%
 16%|██████████████████▉                                                                                                       | 31/200 [04:04<22:08,  7.86s/it]epoch 32
Train Loss: 1.152538, Acc: 48.524444%
Val Loss: 1.403012, Acc: 41.560000%
 16%|███████████████████▌                                                                                                      | 32/200 [04:12<22:00,  7.86s/it]epoch 33
Train Loss: 1.139197, Acc: 49.073333%
Val Loss: 1.410188, Acc: 42.960000%
 16%|████████████████████▏                                                                                                     | 33/200 [04:20<21:44,  7.81s/it]epoch 34
Train Loss: 1.134336, Acc: 49.433333%
Val Loss: 1.386331, Acc: 42.060000%
 17%|████████████████████▋                                                                                                     | 34/200 [04:27<21:17,  7.70s/it]epoch 35
Train Loss: 1.123247, Acc: 49.986667%
Val Loss: 1.416363, Acc: 42.320000%
 18%|█████████████████████▎                                                                                                    | 35/200 [04:36<21:32,  7.83s/it]epoch 36
Train Loss: 1.112191, Acc: 50.184444%
Val Loss: 1.394978, Acc: 42.540000%
 18%|█████████████████████▉                                                                                                    | 36/200 [04:43<21:13,  7.76s/it]epoch 37
Train Loss: 1.106368, Acc: 50.304444%
Val Loss: 1.395893, Acc: 42.400000%
 18%|██████████████████████▌                                                                                                   | 37/200 [04:51<21:04,  7.76s/it]epoch 38
Train Loss: 1.095179, Acc: 50.660000%
Val Loss: 1.405941, Acc: 42.120000%
 19%|███████████████████████▏                                                                                                  | 38/200 [04:59<21:11,  7.85s/it]epoch 39
Train Loss: 1.080129, Acc: 51.571111%
Val Loss: 1.464956, Acc: 41.140000%
 20%|███████████████████████▊                                                                                                  | 39/200 [05:07<21:25,  7.98s/it]epoch 40
Train Loss: 1.072120, Acc: 51.946667%
Val Loss: 1.470724, Acc: 42.120000%
 20%|████████████████████████▍                                                                                                 | 40/200 [05:14<20:36,  7.73s/it]epoch 41
Train Loss: 1.066773, Acc: 51.988889%
Val Loss: 1.396721, Acc: 42.460000%
 20%|█████████████████████████                                                                                                 | 41/200 [05:22<20:20,  7.68s/it]epoch 42
Train Loss: 1.059194, Acc: 52.124444%
Val Loss: 1.435944, Acc: 41.060000%
 21%|█████████████████████████▌                                                                                                | 42/200 [05:29<20:07,  7.64s/it]epoch 43
Train Loss: 1.043467, Acc: 53.117778%
Val Loss: 1.434296, Acc: 41.700000%
 22%|██████████████████████████▏                                                                                               | 43/200 [05:37<19:39,  7.51s/it]epoch 44
Train Loss: 1.035900, Acc: 53.273333%
Val Loss: 1.493147, Acc: 41.660000%
 22%|██████████████████████████▊                                                                                               | 44/200 [05:44<19:43,  7.59s/it]epoch 45
Train Loss: 1.028256, Acc: 53.711111%
Val Loss: 1.468112, Acc: 39.780000%
 22%|███████████████████████████▍                                                                                              | 45/200 [05:52<19:25,  7.52s/it]epoch 46
Train Loss: 1.018350, Acc: 54.144444%
Val Loss: 1.466020, Acc: 40.120000%
 23%|████████████████████████████                                                                                              | 46/200 [05:59<19:09,  7.46s/it]epoch 47
Train Loss: 1.002627, Acc: 54.631111%
Val Loss: 1.496198, Acc: 41.660000%
 24%|████████████████████████████▋                                                                                             | 47/200 [06:07<19:12,  7.53s/it]epoch 48
Train Loss: 0.997087, Acc: 55.371111%
Val Loss: 1.484998, Acc: 41.520000%
 24%|█████████████████████████████▎                                                                                            | 48/200 [06:14<19:03,  7.52s/it]epoch 49
Train Loss: 0.985683, Acc: 55.544444%
Val Loss: 1.460129, Acc: 41.740000%
 24%|█████████████████████████████▉                                                                                            | 49/200 [06:22<19:23,  7.71s/it]epoch 50
Train Loss: 0.973803, Acc: 56.364444%
Val Loss: 1.570823, Acc: 40.060000%
 25%|██████████████████████████████▌                                                                                           | 50/200 [06:31<19:35,  7.84s/it]epoch 51
Train Loss: 0.961176, Acc: 56.893333%
Val Loss: 1.516318, Acc: 41.320000%
 26%|███████████████████████████████                                                                                           | 51/200 [06:38<19:26,  7.83s/it]epoch 52
Train Loss: 0.954777, Acc: 56.991111%
Val Loss: 1.580859, Acc: 39.180000%
 26%|███████████████████████████████▋                                                                                          | 52/200 [06:47<19:35,  7.94s/it]epoch 53
Train Loss: 0.945747, Acc: 57.600000%
Val Loss: 1.506441, Acc: 40.180000%
 26%|████████████████████████████████▎                                                                                         | 53/200 [06:55<19:31,  7.97s/it]epoch 54
Train Loss: 0.932608, Acc: 58.324444%
Val Loss: 1.563701, Acc: 40.740000%
 27%|████████████████████████████████▉                                                                                         | 54/200 [07:02<18:54,  7.77s/it]epoch 55
Train Loss: 0.912245, Acc: 59.371111%
Val Loss: 1.554768, Acc: 40.840000%
 28%|█████████████████████████████████▌                                                                                        | 55/200 [07:09<18:11,  7.53s/it]epoch 56
Train Loss: 0.911374, Acc: 59.062222%
Val Loss: 1.559346, Acc: 40.120000%
 28%|██████████████████████████████████▏                                                                                       | 56/200 [07:16<17:39,  7.36s/it]epoch 57
Train Loss: 0.902393, Acc: 60.077778%
Val Loss: 1.588228, Acc: 41.120000%
 28%|██████████████████████████████████▊                                                                                       | 57/200 [07:24<17:55,  7.52s/it]epoch 58
Train Loss: 0.883415, Acc: 60.897778%
Val Loss: 1.605955, Acc: 39.900000%
 29%|███████████████████████████████████▍                                                                                      | 58/200 [07:31<17:35,  7.43s/it]epoch 59
Train Loss: 0.870402, Acc: 61.302222%
Val Loss: 1.638569, Acc: 40.760000%
 30%|███████████████████████████████████▉                                                                                      | 59/200 [07:38<17:22,  7.39s/it]epoch 60
Train Loss: 0.863070, Acc: 61.808889%
Val Loss: 1.633303, Acc: 39.680000%
 30%|████████████████████████████████████▌                                                                                     | 60/200 [07:46<17:37,  7.55s/it]epoch 61
Train Loss: 0.850891, Acc: 62.395556%
Val Loss: 1.601814, Acc: 40.440000%
 30%|█████████████████████████████████████▏                                                                                    | 61/200 [07:54<17:26,  7.53s/it]epoch 62
Train Loss: 0.843704, Acc: 62.777778%
Val Loss: 1.620562, Acc: 40.140000%
 31%|█████████████████████████████████████▊                                                                                    | 62/200 [08:02<17:45,  7.72s/it]epoch 63
Train Loss: 0.832034, Acc: 63.486667%
Val Loss: 1.633485, Acc: 40.340000%
 32%|██████████████████████████████████████▍                                                                                   | 63/200 [08:10<17:38,  7.72s/it]epoch 64
Train Loss: 0.817954, Acc: 64.340000%
Val Loss: 1.678920, Acc: 39.300000%
 32%|███████████████████████████████████████                                                                                   | 64/200 [08:18<17:41,  7.80s/it]epoch 65
Train Loss: 0.807505, Acc: 64.564444%
Val Loss: 1.752590, Acc: 40.580000%
 32%|███████████████████████████████████████▋                                                                                  | 65/200 [08:24<16:48,  7.47s/it]epoch 66
Train Loss: 0.795891, Acc: 65.357778%
Val Loss: 1.703646, Acc: 39.300000%
 33%|████████████████████████████████████████▎                                                                                 | 66/200 [08:32<16:54,  7.57s/it]epoch 67
Train Loss: 0.782984, Acc: 66.044444%
Val Loss: 1.687271, Acc: 39.880000%
 34%|████████████████████████████████████████▊                                                                                 | 67/200 [08:41<17:19,  7.81s/it]epoch 68
Train Loss: 0.772516, Acc: 66.431111%
Val Loss: 1.721041, Acc: 40.140000%
 34%|█████████████████████████████████████████▍                                                                                | 68/200 [08:48<17:12,  7.82s/it]epoch 69
Train Loss: 0.763935, Acc: 66.931111%
Val Loss: 1.728737, Acc: 40.280000%
 34%|██████████████████████████████████████████                                                                                | 69/200 [08:56<16:56,  7.76s/it]epoch 70
Train Loss: 0.747091, Acc: 67.866667%
Val Loss: 1.783163, Acc: 39.060000%
 35%|██████████████████████████████████████████▋                                                                               | 70/200 [09:04<16:46,  7.74s/it]epoch 71
Train Loss: 0.741343, Acc: 68.193333%
Val Loss: 1.813278, Acc: 39.300000%
 36%|███████████████████████████████████████████▎                                                                              | 71/200 [09:11<16:36,  7.72s/it]epoch 72
Train Loss: 0.729275, Acc: 68.688889%
Val Loss: 1.852938, Acc: 39.460000%
 36%|███████████████████████████████████████████▉                                                                              | 72/200 [09:18<16:00,  7.50s/it]epoch 73
Train Loss: 0.716720, Acc: 69.415556%
Val Loss: 1.854455, Acc: 38.640000%
 36%|████████████████████████████████████████████▌                                                                             | 73/200 [09:26<16:11,  7.65s/it]epoch 74
Train Loss: 0.709611, Acc: 69.375556%
Val Loss: 1.818635, Acc: 40.720000%
 37%|█████████████████████████████████████████████▏                                                                            | 74/200 [09:34<16:14,  7.73s/it]epoch 75
Train Loss: 0.699849, Acc: 70.331111%
Val Loss: 1.826417, Acc: 40.220000%
 38%|█████████████████████████████████████████████▊                                                                            | 75/200 [09:43<16:28,  7.91s/it]epoch 76
Train Loss: 0.690102, Acc: 70.651111%
Val Loss: 1.858522, Acc: 39.640000%
 38%|██████████████████████████████████████████████▎                                                                           | 76/200 [09:50<16:17,  7.88s/it]epoch 77
Train Loss: 0.676087, Acc: 71.313333%
Val Loss: 1.749055, Acc: 41.760000%
 38%|██████████████████████████████████████████████▉                                                                           | 77/200 [09:57<15:39,  7.64s/it]epoch 78
Train Loss: 0.670380, Acc: 71.551111%
Val Loss: 1.883442, Acc: 40.780000%
 39%|███████████████████████████████████████████████▌                                                                          | 78/200 [10:04<15:05,  7.42s/it]epoch 79
Train Loss: 0.656758, Acc: 72.395556%
Val Loss: 1.844090, Acc: 40.060000%
 40%|████████████████████████████████████████████████▏                                                                         | 79/200 [10:12<15:13,  7.55s/it]epoch 80
Train Loss: 0.653069, Acc: 72.542222%
Val Loss: 1.963016, Acc: 39.780000%
 40%|████████████████████████████████████████████████▊                                                                         | 80/200 [10:19<14:50,  7.42s/it]epoch 81
Train Loss: 0.645651, Acc: 73.006667%
Val Loss: 1.964003, Acc: 38.620000%
 40%|█████████████████████████████████████████████████▍                                                                        | 81/200 [10:27<14:41,  7.41s/it]epoch 82
Train Loss: 0.627802, Acc: 73.535556%
Val Loss: 1.903291, Acc: 40.800000%
 41%|██████████████████████████████████████████████████                                                                        | 82/200 [10:35<15:01,  7.64s/it]epoch 83
Train Loss: 0.618697, Acc: 74.093333%
Val Loss: 1.988144, Acc: 39.680000%
 42%|██████████████████████████████████████████████████▋                                                                       | 83/200 [10:43<15:11,  7.79s/it]epoch 84
Train Loss: 0.619707, Acc: 74.288889%
Val Loss: 2.071626, Acc: 41.020000%
 42%|███████████████████████████████████████████████████▏                                                                      | 84/200 [10:51<15:19,  7.92s/it]epoch 85
Train Loss: 0.606166, Acc: 74.800000%
Val Loss: 2.014249, Acc: 39.180000%
 42%|███████████████████████████████████████████████████▊                                                                      | 85/200 [10:59<15:16,  7.97s/it]epoch 86
Train Loss: 0.604064, Acc: 74.953333%
Val Loss: 1.990387, Acc: 39.360000%
 43%|████████████████████████████████████████████████████▍                                                                     | 86/200 [11:08<15:15,  8.03s/it]epoch 87
Train Loss: 0.586758, Acc: 75.842222%
Val Loss: 1.997909, Acc: 39.440000%
 44%|█████████████████████████████████████████████████████                                                                     | 87/200 [11:16<15:21,  8.15s/it]epoch 88
Train Loss: 0.592400, Acc: 75.746667%
Val Loss: 1.960749, Acc: 38.140000%
 44%|█████████████████████████████████████████████████████▋                                                                    | 88/200 [11:24<14:54,  7.99s/it]epoch 89
Train Loss: 0.573631, Acc: 76.517778%
Val Loss: 2.086184, Acc: 39.960000%
 44%|██████████████████████████████████████████████████████▎                                                                   | 89/200 [11:31<14:42,  7.95s/it]epoch 90
Train Loss: 0.564087, Acc: 77.011111%
Val Loss: 2.007152, Acc: 38.980000%
 45%|██████████████████████████████████████████████████████▉                                                                   | 90/200 [11:39<14:19,  7.82s/it]epoch 91
Train Loss: 0.555342, Acc: 77.337778%
Val Loss: 2.054278, Acc: 40.800000%
 46%|███████████████████████████████████████████████████████▌                                                                  | 91/200 [11:46<14:01,  7.72s/it]epoch 92
Train Loss: 0.565588, Acc: 77.015556%
Val Loss: 2.042989, Acc: 39.120000%
 46%|████████████████████████████████████████████████████████                                                                  | 92/200 [11:54<13:49,  7.68s/it]epoch 93
Train Loss: 0.556117, Acc: 77.593333%
Val Loss: 2.030866, Acc: 38.540000%
 46%|████████████████████████████████████████████████████████▋                                                                 | 93/200 [12:02<13:37,  7.64s/it]epoch 94
Train Loss: 0.546219, Acc: 78.140000%
Val Loss: 2.066986, Acc: 38.940000%
 47%|█████████████████████████████████████████████████████████▎                                                                | 94/200 [12:10<13:46,  7.80s/it]epoch 95
Train Loss: 0.532967, Acc: 78.280000%
Val Loss: 2.180494, Acc: 39.540000%
 48%|█████████████████████████████████████████████████████████▉                                                                | 95/200 [12:17<13:20,  7.62s/it]epoch 96
Train Loss: 0.528788, Acc: 78.495556%
Val Loss: 2.034759, Acc: 38.820000%
 48%|██████████████████████████████████████████████████████████▌                                                               | 96/200 [12:25<13:28,  7.77s/it]epoch 97
Train Loss: 0.530328, Acc: 78.488889%
Val Loss: 2.102958, Acc: 39.020000%
 48%|███████████████████████████████████████████████████████████▏                                                              | 97/200 [12:32<12:56,  7.54s/it]epoch 98
Train Loss: 0.513153, Acc: 79.051111%
Val Loss: 2.110986, Acc: 39.420000%
 49%|███████████████████████████████████████████████████████████▊                                                              | 98/200 [12:40<12:49,  7.55s/it]epoch 99
Train Loss: 0.513953, Acc: 79.313333%
Val Loss: 2.130660, Acc: 37.300000%
 50%|████████████████████████████████████████████████████████████▍                                                             | 99/200 [12:47<12:31,  7.44s/it]epoch 100
Train Loss: 0.503365, Acc: 79.708889%
Val Loss: 2.080834, Acc: 38.340000%
 50%|████████████████████████████████████████████████████████████▌                                                            | 100/200 [12:55<12:53,  7.73s/it]epoch 101
Train Loss: 0.296464, Acc: 89.362222%
Val Loss: 2.139258, Acc: 41.420000%
 50%|█████████████████████████████████████████████████████████████                                                            | 101/200 [13:03<12:37,  7.65s/it]epoch 102
Train Loss: 0.198573, Acc: 93.404444%
Val Loss: 2.322317, Acc: 41.640000%
 51%|█████████████████████████████████████████████████████████████▋                                                           | 102/200 [13:10<12:15,  7.51s/it]epoch 103
Train Loss: 0.164241, Acc: 94.537778%
Val Loss: 2.446989, Acc: 42.040000%
 52%|██████████████████████████████████████████████████████████████▎                                                          | 103/200 [13:17<11:52,  7.35s/it]epoch 104
Train Loss: 0.138899, Acc: 95.384444%
Val Loss: 2.552700, Acc: 41.640000%
 52%|██████████████████████████████████████████████████████████████▉                                                          | 104/200 [13:24<11:39,  7.29s/it]epoch 105
Train Loss: 0.125521, Acc: 95.797778%
Val Loss: 2.633297, Acc: 41.020000%
 52%|███████████████████████████████████████████████████████████████▌                                                         | 105/200 [13:31<11:24,  7.21s/it]epoch 106
Train Loss: 0.113036, Acc: 96.373333%
Val Loss: 2.736156, Acc: 41.080000%
 53%|████████████████████████████████████████████████████████████████▏                                                        | 106/200 [13:38<11:21,  7.25s/it]epoch 107
Train Loss: 0.102479, Acc: 96.795556%
Val Loss: 2.857478, Acc: 41.180000%
 54%|████████████████████████████████████████████████████████████████▋                                                        | 107/200 [13:46<11:25,  7.37s/it]epoch 108
Train Loss: 0.091074, Acc: 97.160000%
Val Loss: 2.874439, Acc: 41.000000%
 54%|█████████████████████████████████████████████████████████████████▎                                                       | 108/200 [13:54<11:45,  7.66s/it]epoch 109
Train Loss: 0.083914, Acc: 97.400000%
Val Loss: 3.011059, Acc: 40.660000%
 55%|█████████████████████████████████████████████████████████████████▉                                                       | 109/200 [14:02<11:44,  7.75s/it]epoch 110
Train Loss: 0.078578, Acc: 97.473333%
Val Loss: 3.028863, Acc: 40.920000%
 55%|██████████████████████████████████████████████████████████████████▌                                                      | 110/200 [14:10<11:34,  7.72s/it]epoch 111
Train Loss: 0.073543, Acc: 97.646667%
Val Loss: 3.034838, Acc: 42.020000%
 56%|███████████████████████████████████████████████████████████████████▏                                                     | 111/200 [14:17<11:08,  7.51s/it]epoch 112
Train Loss: 0.068884, Acc: 97.826667%
Val Loss: 3.145506, Acc: 40.520000%
 56%|███████████████████████████████████████████████████████████████████▊                                                     | 112/200 [14:24<10:57,  7.47s/it]epoch 113
Train Loss: 0.064958, Acc: 98.113333%
Val Loss: 3.169015, Acc: 40.740000%
 56%|████████████████████████████████████████████████████████████████████▎                                                    | 113/200 [14:32<10:44,  7.41s/it]epoch 114
Train Loss: 0.060160, Acc: 98.088889%
Val Loss: 3.168132, Acc: 41.180000%
 57%|████████████████████████████████████████████████████████████████████▉                                                    | 114/200 [14:39<10:42,  7.47s/it]epoch 115
Train Loss: 0.058157, Acc: 98.215556%
Val Loss: 3.217170, Acc: 41.660000%
 57%|█████████████████████████████████████████████████████████████████████▌                                                   | 115/200 [14:48<10:56,  7.72s/it]epoch 116
Train Loss: 0.055416, Acc: 98.293333%
Val Loss: 3.317819, Acc: 40.500000%
 58%|██████████████████████████████████████████████████████████████████████▏                                                  | 116/200 [14:56<11:02,  7.89s/it]epoch 117
Train Loss: 0.050697, Acc: 98.544444%
Val Loss: 3.306113, Acc: 41.100000%
 58%|██████████████████████████████████████████████████████████████████████▊                                                  | 117/200 [15:04<10:51,  7.85s/it]epoch 118
Train Loss: 0.046495, Acc: 98.597778%
Val Loss: 3.396017, Acc: 40.900000%
 59%|███████████████████████████████████████████████████████████████████████▍                                                 | 118/200 [15:11<10:35,  7.75s/it]epoch 119
Train Loss: 0.046194, Acc: 98.642222%
Val Loss: 3.369351, Acc: 41.640000%
 60%|███████████████████████████████████████████████████████████████████████▉                                                 | 119/200 [15:19<10:37,  7.87s/it]epoch 120
Train Loss: 0.044406, Acc: 98.715556%
Val Loss: 3.518738, Acc: 40.820000%
 60%|████████████████████████████████████████████████████████████████████████▌                                                | 120/200 [15:27<10:16,  7.71s/it]epoch 121
Train Loss: 0.041893, Acc: 98.748889%
Val Loss: 3.474480, Acc: 40.840000%
 60%|█████████████████████████████████████████████████████████████████████████▏                                               | 121/200 [15:35<10:20,  7.86s/it]epoch 122
Train Loss: 0.040816, Acc: 98.833333%
Val Loss: 3.505840, Acc: 40.860000%
 61%|█████████████████████████████████████████████████████████████████████████▊                                               | 122/200 [15:42<10:08,  7.81s/it]epoch 123
Train Loss: 0.036943, Acc: 98.971111%
Val Loss: 3.541961, Acc: 41.000000%
 62%|██████████████████████████████████████████████████████████████████████████▍                                              | 123/200 [15:50<09:59,  7.79s/it]epoch 124
Train Loss: 0.035864, Acc: 98.971111%
Val Loss: 3.521950, Acc: 41.140000%
 62%|███████████████████████████████████████████████████████████████████████████                                              | 124/200 [15:58<09:43,  7.68s/it]epoch 125
Train Loss: 0.035905, Acc: 98.940000%
Val Loss: 3.595691, Acc: 41.020000%
 62%|███████████████████████████████████████████████████████████████████████████▋                                             | 125/200 [16:05<09:26,  7.56s/it]epoch 126
Train Loss: 0.033862, Acc: 99.020000%
Val Loss: 3.596992, Acc: 41.220000%
 63%|████████████████████████████████████████████████████████████████████████████▏                                            | 126/200 [16:13<09:21,  7.58s/it]epoch 127
Train Loss: 0.033184, Acc: 99.022222%
Val Loss: 3.681847, Acc: 40.880000%
 64%|████████████████████████████████████████████████████████████████████████████▊                                            | 127/200 [16:20<09:17,  7.64s/it]epoch 128
Train Loss: 0.030940, Acc: 99.166667%
Val Loss: 3.642409, Acc: 39.940000%
 64%|█████████████████████████████████████████████████████████████████████████████▍                                           | 128/200 [16:28<09:09,  7.63s/it]epoch 129
Train Loss: 0.029474, Acc: 99.171111%
Val Loss: 3.651140, Acc: 40.900000%
 64%|██████████████████████████████████████████████████████████████████████████████                                           | 129/200 [16:35<08:52,  7.50s/it]epoch 130
Train Loss: 0.029486, Acc: 99.168889%
Val Loss: 3.690639, Acc: 40.920000%
 65%|██████████████████████████████████████████████████████████████████████████████▋                                          | 130/200 [16:43<08:50,  7.58s/it]epoch 131
Train Loss: 0.028276, Acc: 99.186667%
Val Loss: 3.687723, Acc: 40.440000%
 66%|███████████████████████████████████████████████████████████████████████████████▎                                         | 131/200 [16:51<08:54,  7.75s/it]epoch 132
Train Loss: 0.027048, Acc: 99.284444%
Val Loss: 3.694924, Acc: 41.760000%
 66%|███████████████████████████████████████████████████████████████████████████████▊                                         | 132/200 [16:59<08:46,  7.74s/it]epoch 133
Train Loss: 0.026129, Acc: 99.315556%
Val Loss: 3.704442, Acc: 40.800000%
 66%|████████████████████████████████████████████████████████████████████████████████▍                                        | 133/200 [17:06<08:37,  7.72s/it]epoch 134
Train Loss: 0.024227, Acc: 99.362222%
Val Loss: 3.739341, Acc: 40.420000%
 67%|█████████████████████████████████████████████████████████████████████████████████                                        | 134/200 [17:15<08:41,  7.90s/it]epoch 135
Train Loss: 0.024775, Acc: 99.351111%
Val Loss: 3.718670, Acc: 41.140000%
 68%|█████████████████████████████████████████████████████████████████████████████████▋                                       | 135/200 [17:23<08:37,  7.97s/it]epoch 136
Train Loss: 0.025426, Acc: 99.315556%
Val Loss: 3.773861, Acc: 41.140000%
 68%|██████████████████████████████████████████████████████████████████████████████████▎                                      | 136/200 [17:31<08:23,  7.87s/it]epoch 137
Train Loss: 0.025631, Acc: 99.293333%
Val Loss: 3.773032, Acc: 41.480000%
 68%|██████████████████████████████████████████████████████████████████████████████████▉                                      | 137/200 [17:38<08:03,  7.68s/it]epoch 138
Train Loss: 0.022318, Acc: 99.415556%
Val Loss: 3.856088, Acc: 39.980000%
 69%|███████████████████████████████████████████████████████████████████████████████████▍                                     | 138/200 [17:45<07:56,  7.68s/it]epoch 139
Train Loss: 0.022383, Acc: 99.375556%
Val Loss: 3.754037, Acc: 41.340000%
 70%|████████████████████████████████████████████████████████████████████████████████████                                     | 139/200 [17:53<07:46,  7.64s/it]epoch 140
Train Loss: 0.021735, Acc: 99.440000%
Val Loss: 3.818691, Acc: 41.600000%
 70%|████████████████████████████████████████████████████████████████████████████████████▋                                    | 140/200 [18:01<07:40,  7.68s/it]epoch 141
Train Loss: 0.021417, Acc: 99.457778%
Val Loss: 3.803036, Acc: 40.920000%
 70%|█████████████████████████████████████████████████████████████████████████████████████▎                                   | 141/200 [18:08<07:32,  7.67s/it]epoch 142
Train Loss: 0.020634, Acc: 99.493333%
Val Loss: 3.816511, Acc: 41.040000%
 71%|█████████████████████████████████████████████████████████████████████████████████████▉                                   | 142/200 [18:17<07:33,  7.82s/it]epoch 143
Train Loss: 0.020892, Acc: 99.420000%
Val Loss: 3.851089, Acc: 41.200000%
 72%|██████████████████████████████████████████████████████████████████████████████████████▌                                  | 143/200 [18:24<07:24,  7.80s/it]epoch 144
Train Loss: 0.019468, Acc: 99.495556%
Val Loss: 3.843981, Acc: 40.560000%
 72%|███████████████████████████████████████████████████████████████████████████████████████                                  | 144/200 [18:31<07:05,  7.60s/it]epoch 145
Train Loss: 0.018468, Acc: 99.528889%
Val Loss: 3.848394, Acc: 41.360000%
 72%|███████████████████████████████████████████████████████████████████████████████████████▋                                 | 145/200 [18:39<06:56,  7.57s/it]epoch 146
Train Loss: 0.018476, Acc: 99.508889%
Val Loss: 3.940803, Acc: 40.520000%
 73%|████████████████████████████████████████████████████████████████████████████████████████▎                                | 146/200 [18:46<06:40,  7.43s/it]epoch 147
Train Loss: 0.018953, Acc: 99.493333%
Val Loss: 3.889205, Acc: 41.300000%
 74%|████████████████████████████████████████████████████████████████████████████████████████▉                                | 147/200 [18:54<06:36,  7.48s/it]epoch 148
Train Loss: 0.019839, Acc: 99.517778%
Val Loss: 3.935698, Acc: 40.800000%
 74%|█████████████████████████████████████████████████████████████████████████████████████████▌                               | 148/200 [19:01<06:33,  7.57s/it]epoch 149
Train Loss: 0.018429, Acc: 99.544444%
Val Loss: 3.896249, Acc: 40.800000%
 74%|██████████████████████████████████████████████████████████████████████████████████████████▏                              | 149/200 [19:09<06:26,  7.58s/it]epoch 150
Train Loss: 0.018416, Acc: 99.522222%
Val Loss: 3.920284, Acc: 41.280000%
 75%|██████████████████████████████████████████████████████████████████████████████████████████▊                              | 150/200 [19:16<06:12,  7.45s/it]epoch 151
Train Loss: 0.015063, Acc: 99.646667%
Val Loss: 3.917707, Acc: 41.360000%
 76%|███████████████████████████████████████████████████████████████████████████████████████████▎                             | 151/200 [19:23<06:02,  7.41s/it]epoch 152
Train Loss: 0.014301, Acc: 99.697778%
Val Loss: 3.853243, Acc: 41.020000%
 76%|███████████████████████████████████████████████████████████████████████████████████████████▉                             | 152/200 [19:31<05:52,  7.35s/it]epoch 153
Train Loss: 0.013025, Acc: 99.664444%
Val Loss: 3.858605, Acc: 41.800000%
 76%|████████████████████████████████████████████████████████████████████████████████████████████▌                            | 153/200 [19:38<05:49,  7.44s/it]epoch 154
Train Loss: 0.012790, Acc: 99.737778%
Val Loss: 3.887593, Acc: 41.260000%
 77%|█████████████████████████████████████████████████████████████████████████████████████████████▏                           | 154/200 [19:45<05:35,  7.30s/it]epoch 155
Train Loss: 0.012525, Acc: 99.731111%
Val Loss: 3.829893, Acc: 41.780000%
 78%|█████████████████████████████████████████████████████████████████████████████████████████████▊                           | 155/200 [19:53<05:30,  7.35s/it]epoch 156
Train Loss: 0.012182, Acc: 99.735556%
Val Loss: 3.904648, Acc: 40.660000%
 78%|██████████████████████████████████████████████████████████████████████████████████████████████▍                          | 156/200 [20:00<05:27,  7.43s/it]epoch 157
Train Loss: 0.012749, Acc: 99.720000%
Val Loss: 3.861236, Acc: 41.120000%
 78%|██████████████████████████████████████████████████████████████████████████████████████████████▉                          | 157/200 [20:08<05:26,  7.59s/it]epoch 158
Train Loss: 0.011921, Acc: 99.735556%
Val Loss: 3.850365, Acc: 42.400000%
 79%|███████████████████████████████████████████████████████████████████████████████████████████████▌                         | 158/200 [20:16<05:16,  7.54s/it]epoch 159
Train Loss: 0.011724, Acc: 99.742222%
Val Loss: 3.876534, Acc: 40.760000%
 80%|████████████████████████████████████████████████████████████████████████████████████████████████▏                        | 159/200 [20:24<05:16,  7.72s/it]epoch 160
Train Loss: 0.011502, Acc: 99.762222%
Val Loss: 3.930105, Acc: 41.080000%
 80%|████████████████████████████████████████████████████████████████████████████████████████████████▊                        | 160/200 [20:32<05:14,  7.85s/it]epoch 161
Train Loss: 0.012090, Acc: 99.728889%
Val Loss: 3.916960, Acc: 41.420000%
 80%|█████████████████████████████████████████████████████████████████████████████████████████████████▍                       | 161/200 [20:40<05:09,  7.95s/it]epoch 162
Train Loss: 0.011377, Acc: 99.791111%
Val Loss: 3.837908, Acc: 40.660000%
 81%|██████████████████████████████████████████████████████████████████████████████████████████████████                       | 162/200 [20:48<04:59,  7.89s/it]epoch 163
Train Loss: 0.011192, Acc: 99.780000%
Val Loss: 3.925401, Acc: 41.180000%
 82%|██████████████████████████████████████████████████████████████████████████████████████████████████▌                      | 163/200 [20:56<04:52,  7.90s/it]epoch 164
Train Loss: 0.011131, Acc: 99.771111%
Val Loss: 3.907463, Acc: 41.240000%
 82%|███████████████████████████████████████████████████████████████████████████████████████████████████▏                     | 164/200 [21:04<04:44,  7.90s/it]epoch 165
Train Loss: 0.011136, Acc: 99.766667%
Val Loss: 3.850132, Acc: 41.460000%
 82%|███████████████████████████████████████████████████████████████████████████████████████████████████▊                     | 165/200 [21:12<04:41,  8.04s/it]epoch 166
Train Loss: 0.010494, Acc: 99.784444%
Val Loss: 3.912462, Acc: 41.380000%
 83%|████████████████████████████████████████████████████████████████████████████████████████████████████▍                    | 166/200 [21:20<04:32,  8.01s/it]epoch 167
Train Loss: 0.011085, Acc: 99.802222%
Val Loss: 3.845418, Acc: 41.220000%
 84%|█████████████████████████████████████████████████████████████████████████████████████████████████████                    | 167/200 [21:28<04:25,  8.04s/it]epoch 168
Train Loss: 0.010767, Acc: 99.793333%
Val Loss: 3.905446, Acc: 41.060000%
 84%|█████████████████████████████████████████████████████████████████████████████████████████████████████▋                   | 168/200 [21:36<04:15,  7.98s/it]epoch 169
Train Loss: 0.010318, Acc: 99.804444%
Val Loss: 3.972087, Acc: 40.740000%
 84%|██████████████████████████████████████████████████████████████████████████████████████████████████████▏                  | 169/200 [21:44<04:06,  7.95s/it]epoch 170
Train Loss: 0.010855, Acc: 99.800000%
Val Loss: 3.888689, Acc: 41.280000%
 85%|██████████████████████████████████████████████████████████████████████████████████████████████████████▊                  | 170/200 [21:51<03:53,  7.78s/it]epoch 171
Train Loss: 0.009994, Acc: 99.811111%
Val Loss: 3.939012, Acc: 40.800000%
 86%|███████████████████████████████████████████████████████████████████████████████████████████████████████▍                 | 171/200 [21:59<03:42,  7.67s/it]epoch 172
Train Loss: 0.010479, Acc: 99.795556%
Val Loss: 3.886222, Acc: 41.760000%
 86%|████████████████████████████████████████████████████████████████████████████████████████████████████████                 | 172/200 [22:06<03:34,  7.67s/it]epoch 173
Train Loss: 0.009983, Acc: 99.822222%
Val Loss: 3.872863, Acc: 41.520000%
 86%|████████████████████████████████████████████████████████████████████████████████████████████████████████▋                | 173/200 [22:14<03:24,  7.58s/it]epoch 174
Train Loss: 0.010277, Acc: 99.777778%
Val Loss: 3.930796, Acc: 41.600000%
 87%|█████████████████████████████████████████████████████████████████████████████████████████████████████████▎               | 174/200 [22:22<03:20,  7.69s/it]epoch 175
Train Loss: 0.009519, Acc: 99.826667%
Val Loss: 3.943043, Acc: 40.480000%
 88%|█████████████████████████████████████████████████████████████████████████████████████████████████████████▉               | 175/200 [22:30<03:14,  7.78s/it]epoch 176
Train Loss: 0.009946, Acc: 99.808889%
Val Loss: 3.971944, Acc: 40.620000%
 88%|██████████████████████████████████████████████████████████████████████████████████████████████████████████▍              | 176/200 [22:38<03:09,  7.91s/it]epoch 177
Train Loss: 0.010271, Acc: 99.795556%
Val Loss: 3.951970, Acc: 40.980000%
 88%|███████████████████████████████████████████████████████████████████████████████████████████████████████████              | 177/200 [22:45<02:58,  7.77s/it]epoch 178
Train Loss: 0.009860, Acc: 99.793333%
Val Loss: 3.845975, Acc: 40.980000%
 89%|███████████████████████████████████████████████████████████████████████████████████████████████████████████▋             | 178/200 [22:53<02:50,  7.74s/it]epoch 179
Train Loss: 0.009523, Acc: 99.840000%
Val Loss: 3.948182, Acc: 41.060000%
 90%|████████████████████████████████████████████████████████████████████████████████████████████████████████████▎            | 179/200 [23:01<02:43,  7.80s/it]epoch 180
Train Loss: 0.009763, Acc: 99.822222%
Val Loss: 3.924790, Acc: 40.540000%
 90%|████████████████████████████████████████████████████████████████████████████████████████████████████████████▉            | 180/200 [23:09<02:37,  7.89s/it]epoch 181
Train Loss: 0.009614, Acc: 99.820000%
Val Loss: 3.950476, Acc: 41.120000%
 90%|█████████████████████████████████████████████████████████████████████████████████████████████████████████████▌           | 181/200 [23:17<02:32,  8.02s/it]epoch 182
Train Loss: 0.009268, Acc: 99.875556%
Val Loss: 3.914425, Acc: 41.660000%
 91%|██████████████████████████████████████████████████████████████████████████████████████████████████████████████           | 182/200 [23:26<02:25,  8.08s/it]epoch 183
Train Loss: 0.009149, Acc: 99.840000%
Val Loss: 3.900138, Acc: 41.120000%
 92%|██████████████████████████████████████████████████████████████████████████████████████████████████████████████▋          | 183/200 [23:33<02:15,  7.95s/it]epoch 184
Train Loss: 0.009566, Acc: 99.833333%
Val Loss: 3.880219, Acc: 42.220000%
 92%|███████████████████████████████████████████████████████████████████████████████████████████████████████████████▎         | 184/200 [23:41<02:07,  8.00s/it]epoch 185
Train Loss: 0.008816, Acc: 99.866667%
Val Loss: 3.899094, Acc: 41.460000%
 92%|███████████████████████████████████████████████████████████████████████████████████████████████████████████████▉         | 185/200 [23:49<01:59,  7.98s/it]epoch 186
Train Loss: 0.009244, Acc: 99.831111%
Val Loss: 3.927286, Acc: 40.860000%
 93%|████████████████████████████████████████████████████████████████████████████████████████████████████████████████▌        | 186/200 [23:57<01:51,  8.00s/it]epoch 187
Train Loss: 0.008879, Acc: 99.868889%
Val Loss: 3.949091, Acc: 41.420000%
 94%|█████████████████████████████████████████████████████████████████████████████████████████████████████████████████▏       | 187/200 [24:05<01:42,  7.85s/it]epoch 188
Train Loss: 0.009029, Acc: 99.837778%
Val Loss: 3.884671, Acc: 41.060000%
 94%|█████████████████████████████████████████████████████████████████████████████████████████████████████████████████▋       | 188/200 [24:12<01:32,  7.74s/it]epoch 189
Train Loss: 0.008849, Acc: 99.853333%
Val Loss: 3.917945, Acc: 40.900000%
 94%|██████████████████████████████████████████████████████████████████████████████████████████████████████████████████▎      | 189/200 [24:20<01:25,  7.76s/it]epoch 190
Train Loss: 0.008764, Acc: 99.862222%
Val Loss: 3.886773, Acc: 41.080000%
 95%|██████████████████████████████████████████████████████████████████████████████████████████████████████████████████▉      | 190/200 [24:28<01:17,  7.72s/it]epoch 191
Train Loss: 0.008837, Acc: 99.840000%
Val Loss: 3.998791, Acc: 40.460000%
 96%|███████████████████████████████████████████████████████████████████████████████████████████████████████████████████▌     | 191/200 [24:36<01:09,  7.75s/it]epoch 192
Train Loss: 0.008813, Acc: 99.857778%
Val Loss: 3.957060, Acc: 40.840000%
 96%|████████████████████████████████████████████████████████████████████████████████████████████████████████████████████▏    | 192/200 [24:43<01:02,  7.76s/it]epoch 193
Train Loss: 0.008758, Acc: 99.871111%
Val Loss: 3.960536, Acc: 40.880000%
 96%|████████████████████████████████████████████████████████████████████████████████████████████████████████████████████▊    | 193/200 [24:51<00:54,  7.83s/it]epoch 194
Train Loss: 0.008335, Acc: 99.882222%
Val Loss: 3.909773, Acc: 41.260000%
 97%|█████████████████████████████████████████████████████████████████████████████████████████████████████████████████████▎   | 194/200 [24:59<00:46,  7.79s/it]epoch 195
Train Loss: 0.008472, Acc: 99.877778%
Val Loss: 3.936604, Acc: 40.980000%
 98%|█████████████████████████████████████████████████████████████████████████████████████████████████████████████████████▉   | 195/200 [25:07<00:39,  7.92s/it]epoch 196
Train Loss: 0.008391, Acc: 99.857778%
Val Loss: 3.977793, Acc: 41.400000%
 98%|██████████████████████████████████████████████████████████████████████████████████████████████████████████████████████▌  | 196/200 [25:15<00:31,  7.94s/it]epoch 197
Train Loss: 0.008434, Acc: 99.855556%
Val Loss: 3.920163, Acc: 41.220000%
 98%|███████████████████████████████████████████████████████████████████████████████████████████████████████████████████████▏ | 197/200 [25:23<00:23,  7.88s/it]epoch 198
Train Loss: 0.008496, Acc: 99.866667%
Val Loss: 3.903180, Acc: 41.260000%
 99%|███████████████████████████████████████████████████████████████████████████████████████████████████████████████████████▊ | 198/200 [25:30<00:15,  7.61s/it]epoch 199
Train Loss: 0.008309, Acc: 99.862222%
Val Loss: 3.924918, Acc: 41.080000%
100%|████████████████████████████████████████████████████████████████████████████████████████████████████████████████████████▍| 199/200 [25:38<00:07,  7.77s/it]epoch 200
Train Loss: 0.008316, Acc: 99.860000%
Val Loss: 3.947817, Acc: 40.900000%
100%|█████████████████████████████████████████████████████████████████████████████████████████████████████████████████████████| 200/200 [25:46<00:00,  7.73s/it]
Test Loss: 1.120740, Acc: 57.620000%
