==> Dataset: cifar10, Noise Type: symmetric, Noise Rate: 0.3, Batch Size: 128, Seed: 114514
==> Preparing data..
==> Distilled dataset building..
==> Warmming up the model...
  0%|                                                                                                                                    | 0/70 [00:00<?, ?it/s]==> Epoch: 1
  1%|█▊                                                                                                                          | 1/70 [00:28<32:50, 28.56s/it]==> Epoch: 2
  3%|███▌                                                                                                                        | 2/70 [00:52<29:07, 25.70s/it]==> Epoch: 3
  4%|█████▎                                                                                                                      | 3/70 [01:15<27:40, 24.79s/it]==> Epoch: 4
  6%|███████                                                                                                                     | 4/70 [01:39<26:48, 24.36s/it]==> Epoch: 5
  7%|████████▊                                                                                                                   | 5/70 [02:03<26:07, 24.11s/it]==> Epoch: 6
  9%|██████████▋                                                                                                                 | 6/70 [02:27<25:34, 23.98s/it]==> Epoch: 7
 10%|████████████▍                                                                                                               | 7/70 [02:50<25:06, 23.91s/it]==> Epoch: 8
 11%|██████████████▏                                                                                                             | 8/70 [03:14<24:39, 23.86s/it]==> Epoch: 9
 13%|███████████████▉                                                                                                            | 9/70 [03:38<24:12, 23.81s/it]==> Epoch: 10
 14%|█████████████████▌                                                                                                         | 10/70 [04:02<23:47, 23.79s/it]==> Epoch: 11
 16%|███████████████████▎                                                                                                       | 11/70 [04:25<23:21, 23.76s/it]==> Epoch: 12
 17%|█████████████████████                                                                                                      | 12/70 [04:49<22:57, 23.74s/it]==> Epoch: 13
 19%|██████████████████████▊                                                                                                    | 13/70 [05:13<22:32, 23.73s/it]==> Epoch: 14
 20%|████████████████████████▌                                                                                                  | 14/70 [05:36<22:08, 23.73s/it]==> Epoch: 15
 21%|██████████████████████████▎                                                                                                | 15/70 [06:00<21:44, 23.72s/it]==> Epoch: 16
 23%|████████████████████████████                                                                                               | 16/70 [06:24<21:22, 23.74s/it]==> Epoch: 17
 24%|█████████████████████████████▊                                                                                             | 17/70 [06:48<20:58, 23.74s/it]==> Epoch: 18
 26%|███████████████████████████████▋                                                                                           | 18/70 [07:11<20:35, 23.76s/it]==> Epoch: 19
 27%|█████████████████████████████████▍                                                                                         | 19/70 [07:35<20:10, 23.74s/it]==> Epoch: 20
 29%|███████████████████████████████████▏                                                                                       | 20/70 [07:59<19:47, 23.75s/it]==> Epoch: 21
 30%|████████████████████████████████████▉                                                                                      | 21/70 [08:23<19:23, 23.75s/it]==> Epoch: 22
 31%|██████████████████████████████████████▋                                                                                    | 22/70 [08:46<18:58, 23.73s/it]==> Epoch: 23
 33%|████████████████████████████████████████▍                                                                                  | 23/70 [09:10<18:35, 23.73s/it]==> Epoch: 24
 34%|██████████████████████████████████████████▏                                                                                | 24/70 [09:34<18:11, 23.73s/it]==> Epoch: 25
 36%|███████████████████████████████████████████▉                                                                               | 25/70 [09:57<17:46, 23.69s/it]==> Epoch: 26
 37%|█████████████████████████████████████████████▋                                                                             | 26/70 [10:21<17:23, 23.71s/it]==> Epoch: 27
 39%|███████████████████████████████████████████████▍                                                                           | 27/70 [10:45<16:58, 23.70s/it]==> Epoch: 28
 40%|█████████████████████████████████████████████████▏                                                                         | 28/70 [11:09<16:35, 23.71s/it]==> Epoch: 29
 41%|██████████████████████████████████████████████████▉                                                                        | 29/70 [11:32<16:12, 23.73s/it]==> Epoch: 30
 43%|████████████████████████████████████████████████████▋                                                                      | 30/70 [11:56<15:48, 23.72s/it]==> Epoch: 31
 44%|██████████████████████████████████████████████████████▍                                                                    | 31/70 [12:20<15:24, 23.71s/it]==> Epoch: 32
 46%|████████████████████████████████████████████████████████▏                                                                  | 32/70 [12:43<15:00, 23.71s/it]==> Epoch: 33
 47%|█████████████████████████████████████████████████████████▉                                                                 | 33/70 [13:07<14:36, 23.70s/it]==> Epoch: 34
 49%|███████████████████████████████████████████████████████████▋                                                               | 34/70 [13:31<14:14, 23.73s/it]==> Epoch: 35
 50%|█████████████████████████████████████████████████████████████▌                                                             | 35/70 [13:55<13:50, 23.73s/it]==> Epoch: 36
 51%|███████████████████████████████████████████████████████████████▎                                                           | 36/70 [14:18<13:26, 23.71s/it]==> Epoch: 37
 53%|█████████████████████████████████████████████████████████████████                                                          | 37/70 [14:42<13:02, 23.71s/it]==> Epoch: 38
 54%|██████████████████████████████████████████████████████████████████▊                                                        | 38/70 [15:06<12:38, 23.70s/it]==> Epoch: 39
 56%|████████████████████████████████████████████████████████████████████▌                                                      | 39/70 [15:29<12:15, 23.72s/it]==> Epoch: 40
 57%|██████████████████████████████████████████████████████████████████████▎                                                    | 40/70 [15:53<11:51, 23.71s/it]==> Epoch: 41
 59%|████████████████████████████████████████████████████████████████████████                                                   | 41/70 [16:17<11:27, 23.70s/it]==> Epoch: 42
 60%|█████████████████████████████████████████████████████████████████████████▊                                                 | 42/70 [16:41<11:04, 23.74s/it]==> Epoch: 43
 61%|███████████████████████████████████████████████████████████████████████████▌                                               | 43/70 [17:04<10:41, 23.77s/it]==> Epoch: 44
 63%|█████████████████████████████████████████████████████████████████████████████▎                                             | 44/70 [17:28<10:18, 23.77s/it]==> Epoch: 45
 64%|███████████████████████████████████████████████████████████████████████████████                                            | 45/70 [17:52<09:53, 23.75s/it]==> Epoch: 46
 66%|████████████████████████████████████████████████████████████████████████████████▊                                          | 46/70 [18:16<09:29, 23.74s/it]==> Epoch: 47
 67%|██████████████████████████████████████████████████████████████████████████████████▌                                        | 47/70 [18:39<09:05, 23.71s/it]==> Epoch: 48
 69%|████████████████████████████████████████████████████████████████████████████████████▎                                      | 48/70 [19:03<08:41, 23.71s/it]==> Epoch: 49
 70%|██████████████████████████████████████████████████████████████████████████████████████                                     | 49/70 [19:27<08:18, 23.72s/it]==> Epoch: 50
 71%|███████████████████████████████████████████████████████████████████████████████████████▊                                   | 50/70 [19:50<07:54, 23.71s/it]==> Epoch: 51
 73%|█████████████████████████████████████████████████████████████████████████████████████████▌                                 | 51/70 [20:14<07:30, 23.70s/it]==> Epoch: 52
 74%|███████████████████████████████████████████████████████████████████████████████████████████▎                               | 52/70 [20:38<07:06, 23.68s/it]==> Epoch: 53
 76%|█████████████████████████████████████████████████████████████████████████████████████████████▏                             | 53/70 [21:01<06:42, 23.70s/it]==> Epoch: 54
 77%|██████████████████████████████████████████████████████████████████████████████████████████████▉                            | 54/70 [21:25<06:19, 23.71s/it]==> Epoch: 55
 79%|████████████████████████████████████████████████████████████████████████████████████████████████▋                          | 55/70 [21:49<05:55, 23.71s/it]==> Epoch: 56
 80%|██████████████████████████████████████████████████████████████████████████████████████████████████▍                        | 56/70 [22:13<05:31, 23.71s/it]==> Epoch: 57
 81%|████████████████████████████████████████████████████████████████████████████████████████████████████▏                      | 57/70 [22:36<05:08, 23.72s/it]==> Epoch: 58
 83%|█████████████████████████████████████████████████████████████████████████████████████████████████████▉                     | 58/70 [23:00<04:44, 23.73s/it]==> Epoch: 59
 84%|███████████████████████████████████████████████████████████████████████████████████████████████████████▋                   | 59/70 [23:24<04:21, 23.74s/it]==> Epoch: 60
 86%|█████████████████████████████████████████████████████████████████████████████████████████████████████████▍                 | 60/70 [23:48<03:57, 23.75s/it]==> Epoch: 61
 87%|███████████████████████████████████████████████████████████████████████████████████████████████████████████▏               | 61/70 [24:11<03:33, 23.75s/it]==> Epoch: 62
 89%|████████████████████████████████████████████████████████████████████████████████████████████████████████████▉              | 62/70 [24:35<03:09, 23.74s/it]==> Epoch: 63
 90%|██████████████████████████████████████████████████████████████████████████████████████████████████████████████▋            | 63/70 [24:59<02:46, 23.73s/it]==> Epoch: 64
 91%|████████████████████████████████████████████████████████████████████████████████████████████████████████████████▍          | 64/70 [25:23<02:22, 23.74s/it]==> Epoch: 65
 93%|██████████████████████████████████████████████████████████████████████████████████████████████████████████████████▏        | 65/70 [25:46<01:58, 23.76s/it]==> Epoch: 66
 94%|███████████████████████████████████████████████████████████████████████████████████████████████████████████████████▉       | 66/70 [26:10<01:34, 23.73s/it]==> Epoch: 67
 96%|█████████████████████████████████████████████████████████████████████████████████████████████████████████████████████▋     | 67/70 [26:34<01:11, 23.73s/it]==> Epoch: 68
 97%|███████████████████████████████████████████████████████████████████████████████████████████████████████████████████████▍   | 68/70 [26:58<00:47, 23.76s/it]==> Epoch: 69
 99%|█████████████████████████████████████████████████████████████████████████████████████████████████████████████████████████▏ | 69/70 [27:21<00:23, 23.74s/it]==> Epoch: 70
100%|███████████████████████████████████████████████████████████████████████████████████████████████████████████████████████████| 70/70 [27:45<00:00, 23.79s/it]
==> Filtering dataset..
Number of distilled train examples: 28345
Accuracy of distilled train examples collection: 98.95219615452461%
Number of distilled validation examples: 3146
Accuracy of distilled validation examples collection: 98.95104895104895%
==> Distilled dataset building done..
==> Start training..
source_weight: 0.386461, target_weight: 0.613539
  0%|                                                                                                                                   | 0/200 [00:00<?, ?it/s]epoch 1
Train Loss: 0.589514, Acc: 59.334651%
Val Loss: 3.345529, Acc: 32.911859%
Test Loss: 2.950719, Acc: 26.520000%
  0%|▌                                                                                                                        | 1/200 [00:32<1:46:14, 32.03s/it]epoch 2
Train Loss: 0.568883, Acc: 63.017247%
Val Loss: 0.786634, Acc: 73.041984%
Test Loss: 1.387737, Acc: 52.750000%
  1%|█▏                                                                                                                       | 2/200 [01:03<1:44:12, 31.58s/it]epoch 3
Train Loss: 0.342765, Acc: 77.314064%
Val Loss: 13.326690, Acc: 36.803339%
Test Loss: 4.690986, Acc: 30.040000%
  2%|█▊                                                                                                                       | 3/200 [01:34<1:42:54, 31.34s/it]epoch 4
Train Loss: 0.397581, Acc: 76.164701%
Val Loss: 0.680177, Acc: 76.184630%
Test Loss: 1.272710, Acc: 58.400000%
  2%|██▍                                                                                                                      | 4/200 [02:05<1:42:12, 31.29s/it]epoch 5
Train Loss: 0.291659, Acc: 81.006204%
Val Loss: 0.483643, Acc: 83.611589%
Test Loss: 0.915342, Acc: 70.890000%
  2%|███                                                                                                                      | 5/200 [02:36<1:41:41, 31.29s/it]epoch 6
Train Loss: 0.218364, Acc: 85.461858%
Val Loss: 0.419930, Acc: 85.330223%
Test Loss: 0.894680, Acc: 71.280000%
  3%|███▋                                                                                                                     | 6/200 [03:08<1:41:09, 31.29s/it]epoch 7
Train Loss: 0.184904, Acc: 87.779671%
Val Loss: 0.395391, Acc: 86.643752%
Test Loss: 0.849803, Acc: 72.710000%
  4%|████▏                                                                                                                    | 7/200 [03:39<1:40:35, 31.27s/it]epoch 8
Train Loss: 0.171369, Acc: 88.765424%
Val Loss: 0.379712, Acc: 87.282102%
Test Loss: 0.901734, Acc: 72.800000%
  4%|████▊                                                                                                                    | 8/200 [04:10<1:39:59, 31.25s/it]epoch 9
Train Loss: 0.156408, Acc: 89.538483%
Val Loss: 0.340214, Acc: 88.558802%
Test Loss: 0.764478, Acc: 77.070000%
  4%|█████▍                                                                                                                   | 9/200 [04:41<1:39:34, 31.28s/it]epoch 10
Train Loss: 0.133078, Acc: 91.069603%
Val Loss: 0.435621, Acc: 85.526639%
Test Loss: 0.946510, Acc: 72.830000%
  5%|██████                                                                                                                  | 10/200 [05:13<1:38:52, 31.22s/it]epoch 11
Train Loss: 0.132060, Acc: 91.141864%
Val Loss: 0.312380, Acc: 88.877977%
Test Loss: 0.686937, Acc: 79.050000%
  6%|██████▌                                                                                                                 | 11/200 [05:44<1:38:24, 31.24s/it]epoch 12
Train Loss: 0.119137, Acc: 91.949008%
Val Loss: 0.320660, Acc: 89.184876%
Test Loss: 0.794564, Acc: 76.870000%
  6%|███████▏                                                                                                                | 12/200 [06:15<1:37:48, 31.22s/it]epoch 13
Train Loss: 0.106306, Acc: 92.746608%
Val Loss: 0.297980, Acc: 90.252885%
Test Loss: 0.757449, Acc: 78.250000%
  6%|███████▊                                                                                                                | 13/200 [06:46<1:37:21, 31.24s/it]epoch 14
Train Loss: 0.101698, Acc: 93.142000%
Val Loss: 0.273984, Acc: 90.547508%
Test Loss: 0.670284, Acc: 80.070000%
  7%|████████▍                                                                                                               | 14/200 [07:18<1:36:52, 31.25s/it]epoch 15
Train Loss: 0.102501, Acc: 93.041107%
Val Loss: 0.286638, Acc: 90.412472%
Test Loss: 0.686363, Acc: 80.200000%
  8%|█████████                                                                                                               | 15/200 [07:49<1:36:20, 31.25s/it]epoch 16
Train Loss: 0.100957, Acc: 93.169269%
Val Loss: 0.247112, Acc: 91.861036%
Test Loss: 0.670736, Acc: 79.940000%
  8%|█████████▌                                                                                                              | 16/200 [08:20<1:35:47, 31.24s/it]epoch 17
Train Loss: 0.087082, Acc: 94.096394%
Val Loss: 0.215730, Acc: 92.744905%
Test Loss: 0.603931, Acc: 81.780000%
  8%|██████████▏                                                                                                             | 17/200 [08:51<1:35:10, 31.20s/it]epoch 18
Train Loss: 0.084887, Acc: 94.220465%
Val Loss: 0.294979, Acc: 90.559784%
Test Loss: 0.742941, Acc: 79.560000%
  9%|██████████▊                                                                                                             | 18/200 [09:22<1:34:37, 31.20s/it]epoch 19
Train Loss: 0.082228, Acc: 94.446793%
Val Loss: 0.249143, Acc: 91.897864%
Test Loss: 0.609258, Acc: 82.370000%
 10%|███████████▍                                                                                                            | 19/200 [09:53<1:34:05, 31.19s/it]epoch 20
Train Loss: 0.077258, Acc: 94.719476%
Val Loss: 0.287219, Acc: 90.707096%
Test Loss: 0.700736, Acc: 80.180000%
 10%|████████████                                                                                                            | 20/200 [10:25<1:33:28, 31.16s/it]epoch 21
Train Loss: 0.077396, Acc: 94.619947%
Val Loss: 0.210449, Acc: 93.186840%
Test Loss: 0.597520, Acc: 83.100000%
 10%|████████████▌                                                                                                           | 21/200 [10:56<1:33:00, 31.18s/it]epoch 22
Train Loss: 0.072547, Acc: 94.990797%
Val Loss: 0.311714, Acc: 90.142401%
Test Loss: 0.791060, Acc: 79.230000%
 11%|█████████████▏                                                                                                          | 22/200 [11:27<1:32:27, 31.17s/it]epoch 23
Train Loss: 0.072020, Acc: 95.148954%
Val Loss: 0.286466, Acc: 90.964891%
Test Loss: 0.771970, Acc: 79.640000%
 12%|█████████████▊                                                                                                          | 23/200 [11:58<1:31:55, 31.16s/it]epoch 24
Train Loss: 0.074870, Acc: 94.917172%
Val Loss: 0.270205, Acc: 91.173582%
Test Loss: 0.675730, Acc: 80.670000%
 12%|██████████████▍                                                                                                         | 24/200 [12:29<1:31:20, 31.14s/it]epoch 25
Train Loss: 0.068516, Acc: 95.461177%
Val Loss: 0.219664, Acc: 92.867665%
Test Loss: 0.621095, Acc: 82.410000%
 12%|███████████████                                                                                                         | 25/200 [13:00<1:30:49, 31.14s/it]epoch 26
Train Loss: 0.069898, Acc: 95.315291%
Val Loss: 0.252264, Acc: 92.180211%
Test Loss: 0.673280, Acc: 81.530000%
 13%|███████████████▌                                                                                                        | 26/200 [13:31<1:30:22, 31.16s/it]epoch 27
Train Loss: 0.065302, Acc: 95.639785%
Val Loss: 0.232470, Acc: 92.585318%
Test Loss: 0.673603, Acc: 81.650000%
 14%|████████████████▏                                                                                                       | 27/200 [14:03<1:29:55, 31.19s/it]epoch 28
Train Loss: 0.065028, Acc: 95.729770%
Val Loss: 0.214821, Acc: 93.162288%
Test Loss: 0.592213, Acc: 83.130000%
 14%|████████████████▊                                                                                                       | 28/200 [14:34<1:29:22, 31.18s/it]epoch 29
Train Loss: 0.063215, Acc: 95.732497%
Val Loss: 0.227749, Acc: 92.757181%
Test Loss: 0.637432, Acc: 82.320000%
 14%|█████████████████▍                                                                                                      | 29/200 [15:05<1:28:50, 31.17s/it]epoch 30
Train Loss: 0.062833, Acc: 95.776127%
Val Loss: 0.194858, Acc: 93.739259%
Test Loss: 0.571798, Acc: 83.400000%
 15%|██████████████████                                                                                                      | 30/200 [15:36<1:28:27, 31.22s/it]epoch 31
Train Loss: 0.060716, Acc: 95.893381%
Val Loss: 0.311806, Acc: 90.854407%
Test Loss: 0.794703, Acc: 80.290000%
 16%|██████████████████▌                                                                                                     | 31/200 [16:08<1:27:57, 31.23s/it]epoch 32
Train Loss: 0.059322, Acc: 96.001091%
Val Loss: 0.203842, Acc: 93.235944%
Test Loss: 0.601433, Acc: 83.910000%
 16%|███████████████████▏                                                                                                    | 32/200 [16:39<1:27:22, 31.20s/it]epoch 33
Train Loss: 0.061787, Acc: 96.009271%
Val Loss: 0.204983, Acc: 93.800638%
Test Loss: 0.563471, Acc: 84.340000%
 16%|███████████████████▊                                                                                                    | 33/200 [17:10<1:26:54, 31.22s/it]epoch 34
Train Loss: 0.061910, Acc: 95.844297%
Val Loss: 0.205472, Acc: 93.272772%
Test Loss: 0.581860, Acc: 83.760000%
 17%|████████████████████▍                                                                                                   | 34/200 [17:41<1:26:19, 31.20s/it]epoch 35
Train Loss: 0.060942, Acc: 95.901561%
Val Loss: 0.253275, Acc: 92.131107%
Test Loss: 0.633949, Acc: 82.880000%
 18%|█████████████████████                                                                                                   | 35/200 [18:12<1:25:47, 31.20s/it]epoch 36
Train Loss: 0.056658, Acc: 96.238326%
Val Loss: 0.305833, Acc: 90.719371%
Test Loss: 0.740257, Acc: 80.540000%
 18%|█████████████████████▌                                                                                                  | 36/200 [18:44<1:25:13, 31.18s/it]epoch 37
Train Loss: 0.060594, Acc: 95.954734%
Val Loss: 0.259702, Acc: 92.045176%
Test Loss: 0.679618, Acc: 81.880000%
 18%|██████████████████████▏                                                                                                 | 37/200 [19:15<1:24:43, 31.19s/it]epoch 38
Train Loss: 0.058170, Acc: 96.155157%
Val Loss: 0.204781, Acc: 93.235944%
Test Loss: 0.603816, Acc: 83.510000%
 19%|██████████████████████▊                                                                                                 | 38/200 [19:46<1:24:17, 31.22s/it]epoch 39
Train Loss: 0.058208, Acc: 96.126525%
Val Loss: 0.203394, Acc: 93.346428%
Test Loss: 0.591863, Acc: 83.440000%
 20%|███████████████████████▍                                                                                                | 39/200 [20:17<1:23:39, 31.18s/it]epoch 40
Train Loss: 0.057450, Acc: 96.145613%
Val Loss: 0.225698, Acc: 92.965873%
Test Loss: 0.624886, Acc: 83.000000%
 20%|████████████████████████                                                                                                | 40/200 [20:48<1:23:17, 31.23s/it]epoch 41
Train Loss: 0.055516, Acc: 96.231509%
Val Loss: 0.300191, Acc: 91.001719%
Test Loss: 0.789844, Acc: 79.970000%
 20%|████████████████████████▌                                                                                               | 41/200 [21:20<1:22:41, 31.20s/it]epoch 42
Train Loss: 0.056347, Acc: 96.381485%
Val Loss: 0.266632, Acc: 92.167935%
Test Loss: 0.727039, Acc: 81.770000%
 21%|█████████████████████████▏                                                                                              | 42/200 [21:51<1:22:07, 31.19s/it]epoch 43
Train Loss: 0.062974, Acc: 95.872929%
Val Loss: 0.213333, Acc: 93.420083%
Test Loss: 0.608500, Acc: 83.800000%
 22%|█████████████████████████▊                                                                                              | 43/200 [22:22<1:21:40, 31.21s/it]epoch 44
Train Loss: 0.055478, Acc: 96.386938%
Val Loss: 0.211364, Acc: 93.088632%
Test Loss: 0.547748, Acc: 84.690000%
 22%|██████████████████████████▍                                                                                             | 44/200 [22:53<1:21:08, 31.21s/it]epoch 45
Train Loss: 0.053585, Acc: 96.493285%
Val Loss: 0.251508, Acc: 92.744905%
Test Loss: 0.652131, Acc: 83.320000%
 22%|███████████████████████████                                                                                             | 45/200 [23:24<1:20:32, 31.18s/it]epoch 46
Train Loss: 0.058102, Acc: 96.104711%
Val Loss: 0.179367, Acc: 94.156641%
Test Loss: 0.532107, Acc: 85.190000%
 23%|███████████████████████████▌                                                                                            | 46/200 [23:56<1:20:05, 31.20s/it]epoch 47
Train Loss: 0.053782, Acc: 96.370577%
Val Loss: 0.174419, Acc: 94.389885%
Test Loss: 0.555312, Acc: 85.310000%
 24%|████████████████████████████▏                                                                                           | 47/200 [24:27<1:19:37, 31.23s/it]epoch 48
Train Loss: 0.051487, Acc: 96.614629%
Val Loss: 0.230604, Acc: 93.199116%
Test Loss: 0.604867, Acc: 84.770000%
 24%|████████████████████████████▊                                                                                           | 48/200 [24:58<1:19:03, 31.21s/it]epoch 49
Train Loss: 0.051532, Acc: 96.622810%
Val Loss: 0.253951, Acc: 92.462558%
Test Loss: 0.718307, Acc: 81.630000%
 24%|█████████████████████████████▍                                                                                          | 49/200 [25:29<1:18:32, 31.21s/it]epoch 50
Train Loss: 0.050497, Acc: 96.568273%
Val Loss: 0.203277, Acc: 93.518291%
Test Loss: 0.556562, Acc: 84.680000%
 25%|██████████████████████████████                                                                                          | 50/200 [26:00<1:17:58, 31.19s/it]epoch 51
Train Loss: 0.052434, Acc: 96.577817%
Val Loss: 0.337202, Acc: 90.031918%
Test Loss: 0.822677, Acc: 78.780000%
 26%|██████████████████████████████▌                                                                                         | 51/200 [26:32<1:17:26, 31.18s/it]epoch 52
Train Loss: 0.056583, Acc: 96.266958%
Val Loss: 0.252980, Acc: 92.376627%
Test Loss: 0.673646, Acc: 83.590000%
 26%|███████████████████████████████▏                                                                                        | 52/200 [27:03<1:16:51, 31.16s/it]epoch 53
Train Loss: 0.055051, Acc: 96.392392%
Val Loss: 0.233079, Acc: 92.867665%
Test Loss: 0.597397, Acc: 83.920000%
 26%|███████████████████████████████▊                                                                                        | 53/200 [27:34<1:16:18, 31.15s/it]epoch 54
Train Loss: 0.050912, Acc: 96.568273%
Val Loss: 0.197427, Acc: 93.898846%
Test Loss: 0.569746, Acc: 85.270000%
 27%|████████████████████████████████▍                                                                                       | 54/200 [28:05<1:15:46, 31.14s/it]epoch 55
Train Loss: 0.046166, Acc: 96.868226%
Val Loss: 0.209103, Acc: 93.285048%
Test Loss: 0.632300, Acc: 83.530000%
 28%|█████████████████████████████████                                                                                       | 55/200 [28:36<1:15:17, 31.15s/it]epoch 56
Train Loss: 0.048372, Acc: 96.794601%
Val Loss: 0.202978, Acc: 93.506015%
Test Loss: 0.602483, Acc: 83.780000%
 28%|█████████████████████████████████▌                                                                                      | 56/200 [29:07<1:14:51, 31.19s/it]epoch 57
Train Loss: 0.047485, Acc: 96.834140%
Val Loss: 0.223519, Acc: 93.027253%
Test Loss: 0.631037, Acc: 84.030000%
 28%|██████████████████████████████████▏                                                                                     | 57/200 [29:39<1:14:26, 31.23s/it]epoch 58
Train Loss: 0.050913, Acc: 96.688254%
Val Loss: 0.186825, Acc: 93.960226%
Test Loss: 0.546346, Acc: 84.770000%
 29%|██████████████████████████████████▊                                                                                     | 58/200 [30:10<1:13:49, 31.19s/it]epoch 59
Train Loss: 0.049100, Acc: 96.725066%
Val Loss: 0.249661, Acc: 92.843113%
Test Loss: 0.663955, Acc: 83.570000%
 30%|███████████████████████████████████▍                                                                                    | 59/200 [30:41<1:13:23, 31.23s/it]epoch 60
Train Loss: 0.048926, Acc: 96.689618%
Val Loss: 0.191903, Acc: 94.095261%
Test Loss: 0.593936, Acc: 84.510000%
 30%|████████████████████████████████████                                                                                    | 60/200 [31:12<1:12:52, 31.23s/it]epoch 61
Train Loss: 0.046859, Acc: 96.993660%
Val Loss: 0.207963, Acc: 94.009330%
Test Loss: 0.640696, Acc: 83.880000%
 30%|████████████████████████████████████▌                                                                                   | 61/200 [31:44<1:12:19, 31.22s/it]epoch 62
Train Loss: 0.050346, Acc: 96.756425%
Val Loss: 0.210292, Acc: 93.358704%
Test Loss: 0.586530, Acc: 83.910000%
 31%|█████████████████████████████████████▏                                                                                  | 62/200 [32:15<1:11:47, 31.21s/it]epoch 63
Train Loss: 0.050872, Acc: 96.596905%
Val Loss: 0.257904, Acc: 92.683526%
Test Loss: 0.682522, Acc: 82.410000%
 32%|█████████████████████████████████████▊                                                                                  | 63/200 [32:46<1:11:22, 31.26s/it]epoch 64
Train Loss: 0.052262, Acc: 96.583271%
Val Loss: 0.216003, Acc: 93.493739%
Test Loss: 0.629014, Acc: 83.350000%
 32%|██████████████████████████████████████▍                                                                                 | 64/200 [33:17<1:10:44, 31.21s/it]epoch 65
Train Loss: 0.052334, Acc: 96.515100%
Val Loss: 0.208485, Acc: 93.935674%
Test Loss: 0.591807, Acc: 84.630000%
 32%|███████████████████████████████████████                                                                                 | 65/200 [33:49<1:10:21, 31.27s/it]epoch 66
Train Loss: 0.043717, Acc: 97.146363%
Val Loss: 0.212341, Acc: 93.628775%
Test Loss: 0.600202, Acc: 84.280000%
 33%|███████████████████████████████████████▌                                                                                | 66/200 [34:20<1:09:50, 31.27s/it]epoch 67
Train Loss: 0.045183, Acc: 96.981389%
Val Loss: 0.176950, Acc: 94.230297%
Test Loss: 0.535672, Acc: 85.510000%
 34%|████████████████████████████████████████▏                                                                               | 67/200 [34:51<1:09:18, 31.26s/it]epoch 68
Train Loss: 0.045675, Acc: 97.026382%
Val Loss: 0.190440, Acc: 94.218021%
Test Loss: 0.558238, Acc: 85.360000%
 34%|████████████████████████████████████████▊                                                                               | 68/200 [35:22<1:08:46, 31.27s/it]epoch 69
Train Loss: 0.049999, Acc: 96.768696%
Val Loss: 0.206602, Acc: 93.886570%
Test Loss: 0.595747, Acc: 85.060000%
 34%|█████████████████████████████████████████▍                                                                              | 69/200 [35:54<1:08:16, 31.27s/it]epoch 70
Train Loss: 0.043970, Acc: 97.090463%
Val Loss: 0.220691, Acc: 93.567395%
Test Loss: 0.707367, Acc: 82.800000%
 35%|██████████████████████████████████████████                                                                              | 70/200 [36:25<1:07:42, 31.25s/it]epoch 71
Train Loss: 0.044299, Acc: 97.055014%
Val Loss: 0.194536, Acc: 94.058434%
Test Loss: 0.530030, Acc: 85.430000%
 36%|██████████████████████████████████████████▌                                                                             | 71/200 [36:56<1:07:07, 31.22s/it]epoch 72
Train Loss: 0.044600, Acc: 97.060468%
Val Loss: 0.266231, Acc: 92.352075%
Test Loss: 0.707904, Acc: 82.360000%
 36%|███████████████████████████████████████████▏                                                                            | 72/200 [37:27<1:06:41, 31.27s/it]epoch 73
Train Loss: 0.044470, Acc: 97.093190%
Val Loss: 0.195631, Acc: 94.242573%
Test Loss: 0.570621, Acc: 85.220000%
 36%|███████████████████████████████████████████▊                                                                            | 73/200 [37:59<1:06:05, 31.23s/it]epoch 74
Train Loss: 0.044626, Acc: 97.044107%
Val Loss: 0.199880, Acc: 93.677879%
Test Loss: 0.616738, Acc: 83.770000%
 37%|████████████████████████████████████████████▍                                                                           | 74/200 [38:30<1:05:35, 31.24s/it]epoch 75
Train Loss: 0.045310, Acc: 96.980026%
Val Loss: 0.209482, Acc: 93.235944%
Test Loss: 0.661381, Acc: 82.860000%
 38%|█████████████████████████████████████████████                                                                           | 75/200 [39:01<1:05:01, 31.21s/it]epoch 76
Train Loss: 0.044196, Acc: 97.136819%
Val Loss: 0.195191, Acc: 93.665603%
Test Loss: 0.566202, Acc: 85.100000%
 38%|█████████████████████████████████████████████▌                                                                          | 76/200 [39:32<1:04:33, 31.23s/it]epoch 77
Train Loss: 0.046890, Acc: 96.995024%
Val Loss: 0.217276, Acc: 93.309600%
Test Loss: 0.629899, Acc: 83.790000%
 38%|██████████████████████████████████████████████▏                                                                         | 77/200 [40:04<1:04:04, 31.26s/it]epoch 78
Train Loss: 0.044773, Acc: 97.053651%
Val Loss: 0.203340, Acc: 93.677879%
Test Loss: 0.553728, Acc: 85.100000%
 39%|██████████████████████████████████████████████▊                                                                         | 78/200 [40:35<1:03:31, 31.24s/it]epoch 79
Train Loss: 0.044605, Acc: 97.105460%
Val Loss: 0.222628, Acc: 93.088632%
Test Loss: 0.590242, Acc: 84.520000%
 40%|███████████████████████████████████████████████▍                                                                        | 79/200 [41:06<1:02:56, 31.21s/it]epoch 80
Train Loss: 0.046388, Acc: 96.982753%
Val Loss: 0.208413, Acc: 93.653327%
Test Loss: 0.601955, Acc: 84.730000%
 40%|████████████████████████████████████████████████                                                                        | 80/200 [41:37<1:02:25, 31.22s/it]epoch 81
Train Loss: 0.046970, Acc: 96.941850%
Val Loss: 0.194029, Acc: 94.046158%
Test Loss: 0.553007, Acc: 85.050000%
 40%|████████████████████████████████████████████████▌                                                                       | 81/200 [42:08<1:01:50, 31.18s/it]epoch 82
Train Loss: 0.043383, Acc: 97.112278%
Val Loss: 0.201415, Acc: 93.837466%
Test Loss: 0.611076, Acc: 84.160000%
 41%|█████████████████████████████████████████████████▏                                                                      | 82/200 [42:39<1:01:19, 31.18s/it]epoch 83
Train Loss: 0.042308, Acc: 97.176358%
Val Loss: 0.235014, Acc: 93.199116%
Test Loss: 0.670897, Acc: 83.880000%
 42%|█████████████████████████████████████████████████▊                                                                      | 83/200 [43:11<1:00:52, 31.22s/it]epoch 84
Train Loss: 0.044167, Acc: 97.094553%
Val Loss: 0.231097, Acc: 93.027253%
Test Loss: 0.647451, Acc: 83.620000%
 42%|██████████████████████████████████████████████████▍                                                                     | 84/200 [43:42<1:00:21, 31.22s/it]epoch 85
Train Loss: 0.042222, Acc: 97.202263%
Val Loss: 0.159358, Acc: 94.893199%
Test Loss: 0.549650, Acc: 85.160000%
 42%|███████████████████████████████████████████████████▊                                                                      | 85/200 [44:13<59:53, 31.24s/it]epoch 86
Train Loss: 0.041605, Acc: 97.254073%
Val Loss: 0.240647, Acc: 92.609870%
Test Loss: 0.654946, Acc: 83.120000%
 43%|████████████████████████████████████████████████████▍                                                                     | 86/200 [44:45<59:22, 31.25s/it]epoch 87
Train Loss: 0.043312, Acc: 97.128639%
Val Loss: 0.206486, Acc: 93.849742%
Test Loss: 0.565914, Acc: 84.890000%
 44%|█████████████████████████████████████████████████████                                                                     | 87/200 [45:16<58:48, 31.22s/it]epoch 88
Train Loss: 0.042594, Acc: 97.230895%
Val Loss: 0.217594, Acc: 93.370980%
Test Loss: 0.592424, Acc: 84.220000%
 44%|█████████████████████████████████████████████████████▋                                                                    | 88/200 [45:47<58:17, 31.22s/it]epoch 89
Train Loss: 0.047244, Acc: 96.984116%
Val Loss: 0.295477, Acc: 91.762828%
Test Loss: 0.741991, Acc: 81.610000%
 44%|██████████████████████████████████████████████████████▎                                                                   | 89/200 [46:18<57:44, 31.22s/it]epoch 90
Train Loss: 0.049048, Acc: 96.798691%
Val Loss: 0.225082, Acc: 93.444635%
Test Loss: 0.598775, Acc: 84.550000%
 45%|██████████████████████████████████████████████████████▉                                                                   | 90/200 [46:49<57:18, 31.25s/it]epoch 91
Train Loss: 0.042231, Acc: 97.239076%
Val Loss: 0.182810, Acc: 94.107537%
Test Loss: 0.529654, Acc: 85.840000%
 46%|███████████████████████████████████████████████████████▌                                                                  | 91/200 [47:21<56:41, 31.21s/it]epoch 92
Train Loss: 0.042354, Acc: 97.248620%
Val Loss: 0.215679, Acc: 93.358704%
Test Loss: 0.620076, Acc: 84.860000%
 46%|████████████████████████████████████████████████████████                                                                  | 92/200 [47:52<56:09, 31.20s/it]epoch 93
Train Loss: 0.040913, Acc: 97.359057%
Val Loss: 0.231255, Acc: 93.162288%
Test Loss: 0.647439, Acc: 84.220000%
 46%|████████████████████████████████████████████████████████▋                                                                 | 93/200 [48:23<55:33, 31.16s/it]epoch 94
Train Loss: 0.043131, Acc: 97.222715%
Val Loss: 0.223902, Acc: 93.456911%
Test Loss: 0.633000, Acc: 84.240000%
 47%|█████████████████████████████████████████████████████████▎                                                                | 94/200 [48:54<55:06, 31.19s/it]epoch 95
Train Loss: 0.043034, Acc: 97.189993%
Val Loss: 0.212869, Acc: 93.309600%
Test Loss: 0.663220, Acc: 82.540000%
 48%|█████████████████████████████████████████████████████████▉                                                                | 95/200 [49:25<54:36, 31.21s/it]epoch 96
Train Loss: 0.045311, Acc: 97.010021%
Val Loss: 0.214314, Acc: 93.456911%
Test Loss: 0.568532, Acc: 84.960000%
 48%|██████████████████████████████████████████████████████████▌                                                               | 96/200 [49:57<54:06, 31.22s/it]epoch 97
Train Loss: 0.042517, Acc: 97.271798%
Val Loss: 0.260089, Acc: 92.744905%
Test Loss: 0.675543, Acc: 83.050000%
 48%|███████████████████████████████████████████████████████████▏                                                              | 97/200 [50:28<53:37, 31.24s/it]epoch 98
Train Loss: 0.047024, Acc: 96.982753%
Val Loss: 0.296511, Acc: 91.934692%
Test Loss: 0.801137, Acc: 80.930000%
 49%|███████████████████████████████████████████████████████████▊                                                              | 98/200 [50:59<53:08, 31.26s/it]epoch 99
Train Loss: 0.045477, Acc: 97.094553%
Val Loss: 0.214925, Acc: 93.211392%
Test Loss: 0.564963, Acc: 84.810000%
 50%|████████████████████████████████████████████████████████████▍                                                             | 99/200 [51:30<52:39, 31.28s/it]epoch 100
Train Loss: 0.046144, Acc: 97.019565%
Val Loss: 0.230536, Acc: 93.383256%
Test Loss: 0.631114, Acc: 84.000000%
 50%|████████████████████████████████████████████████████████████▌                                                            | 100/200 [52:02<52:05, 31.26s/it]epoch 101
Train Loss: 0.019735, Acc: 98.970618%
Val Loss: 0.117440, Acc: 96.415419%
Test Loss: 0.433863, Acc: 89.010000%
 50%|█████████████████████████████████████████████████████████████                                                            | 101/200 [52:33<51:33, 31.24s/it]epoch 102
Train Loss: 0.011616, Acc: 99.349649%
Val Loss: 0.118603, Acc: 96.513626%
Test Loss: 0.428306, Acc: 89.470000%
 51%|█████████████████████████████████████████████████████████████▋                                                           | 102/200 [53:04<51:02, 31.25s/it]epoch 103
Train Loss: 0.009207, Acc: 99.522803%
Val Loss: 0.113953, Acc: 96.869629%
Test Loss: 0.424506, Acc: 89.740000%
 52%|██████████████████████████████████████████████████████████████▎                                                          | 103/200 [53:35<50:32, 31.26s/it]epoch 104
Train Loss: 0.008036, Acc: 99.555525%
Val Loss: 0.107934, Acc: 97.102873%
Test Loss: 0.426971, Acc: 89.670000%
 52%|██████████████████████████████████████████████████████████████▉                                                          | 104/200 [54:07<50:03, 31.28s/it]epoch 105
Train Loss: 0.006986, Acc: 99.664599%
Val Loss: 0.120474, Acc: 96.894181%
Test Loss: 0.462672, Acc: 89.480000%
 52%|███████████████████████████████████████████████████████████████▌                                                         | 105/200 [54:38<49:30, 31.27s/it]epoch 106
Train Loss: 0.006433, Acc: 99.710955%
Val Loss: 0.113350, Acc: 96.943285%
Test Loss: 0.454258, Acc: 89.610000%
 53%|████████████████████████████████████████████████████████████████▏                                                        | 106/200 [55:09<48:57, 31.25s/it]epoch 107
Train Loss: 0.006064, Acc: 99.702775%
Val Loss: 0.116185, Acc: 96.955561%
Test Loss: 0.444572, Acc: 89.760000%
 54%|████████████████████████████████████████████████████████████████▋                                                        | 107/200 [55:40<48:19, 31.17s/it]epoch 108
Train Loss: 0.005488, Acc: 99.766855%
Val Loss: 0.114120, Acc: 96.857353%
Test Loss: 0.458977, Acc: 89.840000%
 54%|█████████████████████████████████████████████████████████████████▎                                                       | 108/200 [56:11<47:49, 31.19s/it]epoch 109
Train Loss: 0.005351, Acc: 99.773672%
Val Loss: 0.122492, Acc: 96.759146%
Test Loss: 0.463743, Acc: 89.940000%
 55%|█████████████████████████████████████████████████████████████████▉                                                       | 109/200 [56:43<47:16, 31.17s/it]epoch 110
Train Loss: 0.005115, Acc: 99.779126%
Val Loss: 0.120025, Acc: 96.808249%
Test Loss: 0.451411, Acc: 89.670000%
 55%|██████████████████████████████████████████████████████████████████▌                                                      | 110/200 [57:14<46:44, 31.16s/it]epoch 111
Train Loss: 0.005227, Acc: 99.822755%
Val Loss: 0.113131, Acc: 97.016941%
Test Loss: 0.464765, Acc: 90.050000%
 56%|███████████████████████████████████████████████████████████████████▏                                                     | 111/200 [57:45<46:15, 31.19s/it]epoch 112
Train Loss: 0.004916, Acc: 99.826846%
Val Loss: 0.115818, Acc: 97.250184%
Test Loss: 0.456583, Acc: 89.920000%
 56%|███████████████████████████████████████████████████████████████████▊                                                     | 112/200 [58:16<45:47, 31.22s/it]epoch 113
Train Loss: 0.004196, Acc: 99.862295%
Val Loss: 0.124702, Acc: 96.857353%
Test Loss: 0.460137, Acc: 90.020000%
 56%|████████████████████████████████████████████████████████████████████▎                                                    | 113/200 [58:47<45:14, 31.20s/it]epoch 114
Train Loss: 0.006247, Acc: 99.847297%
Val Loss: 0.128353, Acc: 96.771422%
Test Loss: 0.484485, Acc: 89.730000%
 57%|████████████████████████████████████████████████████████████████████▉                                                    | 114/200 [59:19<44:45, 31.23s/it]epoch 115
Train Loss: 0.004836, Acc: 99.878656%
Val Loss: 0.127853, Acc: 96.857353%
Test Loss: 0.486151, Acc: 89.720000%
 57%|█████████████████████████████████████████████████████████████████████▌                                                   | 115/200 [59:50<44:11, 31.19s/it]epoch 116
Train Loss: 0.003811, Acc: 99.867748%
Val Loss: 0.125305, Acc: 96.918733%
Test Loss: 0.505699, Acc: 89.970000%
 58%|█████████████████████████████████████████████████████████████████████                                                  | 116/200 [1:00:21<43:39, 31.18s/it]epoch 117
Train Loss: 0.003637, Acc: 99.889563%
Val Loss: 0.125448, Acc: 97.029217%
Test Loss: 0.481453, Acc: 89.920000%
 58%|█████████████████████████████████████████████████████████████████████▌                                                 | 117/200 [1:00:52<43:08, 31.19s/it]epoch 118
Train Loss: 0.005083, Acc: 99.852751%
Val Loss: 0.134016, Acc: 96.746870%
Test Loss: 0.471792, Acc: 90.010000%
 59%|██████████████████████████████████████████████████████████████████████▏                                                | 118/200 [1:01:23<42:41, 31.23s/it]epoch 119
Train Loss: 0.003868, Acc: 99.896380%
Val Loss: 0.127133, Acc: 96.783698%
Test Loss: 0.492452, Acc: 89.450000%
 60%|██████████████████████████████████████████████████████████████████████▊                                                | 119/200 [1:01:55<42:10, 31.24s/it]epoch 120
Train Loss: 0.003835, Acc: 99.918195%
Val Loss: 0.123825, Acc: 96.967837%
Test Loss: 0.485082, Acc: 89.750000%
 60%|███████████████████████████████████████████████████████████████████████▍                                               | 120/200 [1:02:26<41:38, 31.23s/it]epoch 121
Train Loss: 0.002807, Acc: 99.890926%
Val Loss: 0.122626, Acc: 97.004665%
Test Loss: 0.472431, Acc: 90.210000%
 60%|███████████████████████████████████████████████████████████████████████▉                                               | 121/200 [1:02:57<41:07, 31.23s/it]epoch 122
Train Loss: 0.003123, Acc: 99.933192%
Val Loss: 0.125625, Acc: 97.041493%
Test Loss: 0.485506, Acc: 90.120000%
 61%|████████████████████████████████████████████████████████████████████████▌                                              | 122/200 [1:03:28<40:30, 31.16s/it]epoch 123
Train Loss: 0.003417, Acc: 99.907287%
Val Loss: 0.128821, Acc: 96.820525%
Test Loss: 0.475200, Acc: 90.060000%
 62%|█████████████████████████████████████████████████████████████████████████▏                                             | 123/200 [1:03:59<40:02, 31.20s/it]epoch 124
Train Loss: 0.003267, Acc: 99.899107%
Val Loss: 0.119579, Acc: 97.066045%
Test Loss: 0.479841, Acc: 89.850000%
 62%|█████████████████████████████████████████████████████████████████████████▊                                             | 124/200 [1:04:31<39:29, 31.18s/it]epoch 125
Train Loss: 0.003508, Acc: 99.904561%
Val Loss: 0.132227, Acc: 96.783698%
Test Loss: 0.501116, Acc: 89.640000%
 62%|██████████████████████████████████████████████████████████████████████████▍                                            | 125/200 [1:05:02<38:57, 31.17s/it]epoch 126
Train Loss: 0.002320, Acc: 99.912741%
Val Loss: 0.122539, Acc: 96.992389%
Test Loss: 0.486908, Acc: 89.770000%
 63%|██████████████████████████████████████████████████████████████████████████▉                                            | 126/200 [1:05:33<38:26, 31.17s/it]epoch 127
Train Loss: 0.004071, Acc: 99.920922%
Val Loss: 0.125694, Acc: 96.808249%
Test Loss: 0.487278, Acc: 89.960000%
 64%|███████████████████████████████████████████████████████████████████████████▌                                           | 127/200 [1:06:04<37:58, 31.21s/it]epoch 128
Train Loss: 0.002706, Acc: 99.897744%
Val Loss: 0.120269, Acc: 97.127425%
Test Loss: 0.500558, Acc: 89.970000%
 64%|████████████████████████████████████████████████████████████████████████████▏                                          | 128/200 [1:06:35<37:25, 31.19s/it]epoch 129
Train Loss: 0.003009, Acc: 99.935919%
Val Loss: 0.128435, Acc: 96.980113%
Test Loss: 0.492390, Acc: 89.790000%
 64%|████████████████████████████████████████████████████████████████████████████▊                                          | 129/200 [1:07:06<36:52, 31.16s/it]epoch 130
Train Loss: 0.003296, Acc: 99.931829%
Val Loss: 0.122570, Acc: 96.992389%
Test Loss: 0.485313, Acc: 90.020000%
 65%|█████████████████████████████████████████████████████████████████████████████▎                                         | 130/200 [1:07:38<36:21, 31.17s/it]epoch 131
Train Loss: 0.002395, Acc: 99.952280%
Val Loss: 0.135635, Acc: 96.906457%
Test Loss: 0.503914, Acc: 89.960000%
 66%|█████████████████████████████████████████████████████████████████████████████▉                                         | 131/200 [1:08:09<35:51, 31.17s/it]epoch 132
Train Loss: 0.002245, Acc: 99.931829%
Val Loss: 0.123586, Acc: 96.955561%
Test Loss: 0.497042, Acc: 90.040000%
 66%|██████████████████████████████████████████████████████████████████████████████▌                                        | 132/200 [1:08:40<35:20, 31.18s/it]epoch 133
Train Loss: 0.002910, Acc: 99.937283%
Val Loss: 0.126858, Acc: 97.041493%
Test Loss: 0.492402, Acc: 90.050000%
 66%|███████████████████████████████████████████████████████████████████████████████▏                                       | 133/200 [1:09:11<34:48, 31.17s/it]epoch 134
Train Loss: 0.002302, Acc: 99.934556%
Val Loss: 0.125927, Acc: 96.955561%
Test Loss: 0.489586, Acc: 90.050000%
 67%|███████████████████████████████████████████████████████████████████████████████▋                                       | 134/200 [1:09:42<34:18, 31.19s/it]epoch 135
Train Loss: 0.002156, Acc: 99.950917%
Val Loss: 0.116583, Acc: 97.201080%
Test Loss: 0.477037, Acc: 90.130000%
 68%|████████████████████████████████████████████████████████████████████████████████▎                                      | 135/200 [1:10:13<33:43, 31.14s/it]epoch 136
Train Loss: 0.003309, Acc: 99.950917%
Val Loss: 0.125262, Acc: 97.004665%
Test Loss: 0.492330, Acc: 90.080000%
 68%|████████████████████████████████████████████████████████████████████████████████▉                                      | 136/200 [1:10:45<33:12, 31.14s/it]epoch 137
Train Loss: 0.004231, Acc: 99.931829%
Val Loss: 0.126659, Acc: 96.931009%
Test Loss: 0.504430, Acc: 89.850000%
 68%|█████████████████████████████████████████████████████████████████████████████████▌                                     | 137/200 [1:11:16<32:42, 31.15s/it]epoch 138
Train Loss: 0.003139, Acc: 99.948190%
Val Loss: 0.117494, Acc: 97.250184%
Test Loss: 0.484470, Acc: 90.080000%
 69%|██████████████████████████████████████████████████████████████████████████████████                                     | 138/200 [1:11:47<32:13, 31.18s/it]epoch 139
Train Loss: 0.002881, Acc: 99.938646%
Val Loss: 0.129626, Acc: 96.980113%
Test Loss: 0.499255, Acc: 90.040000%
 70%|██████████████████████████████████████████████████████████████████████████████████▋                                    | 139/200 [1:12:18<31:42, 31.19s/it]epoch 140
Train Loss: 0.002846, Acc: 99.942736%
Val Loss: 0.129480, Acc: 97.066045%
Test Loss: 0.490317, Acc: 89.910000%
 70%|███████████████████████████████████████████████████████████████████████████████████▎                                   | 140/200 [1:12:49<31:12, 31.21s/it]epoch 141
Train Loss: 0.001843, Acc: 99.938646%
Val Loss: 0.125805, Acc: 97.151976%
Test Loss: 0.487617, Acc: 90.240000%
 70%|███████████████████████████████████████████████████████████████████████████████████▉                                   | 141/200 [1:13:21<30:41, 31.21s/it]epoch 142
Train Loss: 0.002424, Acc: 99.949553%
Val Loss: 0.125049, Acc: 97.090597%
Test Loss: 0.479223, Acc: 90.240000%
 71%|████████████████████████████████████████████████████████████████████████████████████▍                                  | 142/200 [1:13:52<30:09, 31.20s/it]epoch 143
Train Loss: 0.002232, Acc: 99.952280%
Val Loss: 0.126409, Acc: 96.992389%
Test Loss: 0.485082, Acc: 89.980000%
 72%|█████████████████████████████████████████████████████████████████████████████████████                                  | 143/200 [1:14:23<29:36, 31.16s/it]epoch 144
Train Loss: 0.003081, Acc: 99.944100%
Val Loss: 0.132544, Acc: 96.894181%
Test Loss: 0.498996, Acc: 90.120000%
 72%|█████████████████████████████████████████████████████████████████████████████████████▋                                 | 144/200 [1:14:54<29:06, 31.20s/it]epoch 145
Train Loss: 0.003171, Acc: 99.938646%
Val Loss: 0.121765, Acc: 97.164252%
Test Loss: 0.493323, Acc: 89.900000%
 72%|██████████████████████████████████████████████████████████████████████████████████████▎                                | 145/200 [1:15:25<28:33, 31.16s/it]epoch 146
Train Loss: 0.002056, Acc: 99.963188%
Val Loss: 0.125406, Acc: 97.066045%
Test Loss: 0.483036, Acc: 90.240000%
 73%|██████████████████████████████████████████████████████████████████████████████████████▊                                | 146/200 [1:15:56<28:02, 31.15s/it]epoch 147
Train Loss: 0.003189, Acc: 99.956371%
Val Loss: 0.126861, Acc: 96.955561%
Test Loss: 0.477120, Acc: 90.100000%
 74%|███████████████████████████████████████████████████████████████████████████████████████▍                               | 147/200 [1:16:28<27:32, 31.18s/it]epoch 148
Train Loss: 0.002970, Acc: 99.955007%
Val Loss: 0.118907, Acc: 97.336116%
Test Loss: 0.487306, Acc: 90.130000%
 74%|████████████████████████████████████████████████████████████████████████████████████████                               | 148/200 [1:16:59<27:04, 31.25s/it]epoch 149
Train Loss: 0.002802, Acc: 99.952280%
Val Loss: 0.123126, Acc: 97.151976%
Test Loss: 0.482920, Acc: 90.070000%
 74%|████████████████████████████████████████████████████████████████████████████████████████▋                              | 149/200 [1:17:30<26:32, 31.23s/it]epoch 150
Train Loss: 0.001983, Acc: 99.961824%
Val Loss: 0.120600, Acc: 97.127425%
Test Loss: 0.493483, Acc: 90.070000%
 75%|█████████████████████████████████████████████████████████████████████████████████████████▎                             | 150/200 [1:18:02<26:04, 31.29s/it]epoch 151
Train Loss: 0.002596, Acc: 99.961824%
Val Loss: 0.140660, Acc: 96.746870%
Test Loss: 0.499460, Acc: 89.910000%
 76%|█████████████████████████████████████████████████████████████████████████████████████████▊                             | 151/200 [1:18:33<25:30, 31.24s/it]epoch 152
Train Loss: 0.002687, Acc: 99.967278%
Val Loss: 0.119491, Acc: 97.262460%
Test Loss: 0.466804, Acc: 90.400000%
 76%|██████████████████████████████████████████████████████████████████████████████████████████▍                            | 152/200 [1:19:04<24:57, 31.20s/it]epoch 153
Train Loss: 0.003120, Acc: 99.965915%
Val Loss: 0.140352, Acc: 96.611834%
Test Loss: 0.495648, Acc: 89.500000%
 76%|███████████████████████████████████████████████████████████████████████████████████████████                            | 153/200 [1:19:35<24:25, 31.18s/it]epoch 154
Train Loss: 0.002484, Acc: 99.976822%
Val Loss: 0.125109, Acc: 97.115149%
Test Loss: 0.511987, Acc: 89.620000%
 77%|███████████████████████████████████████████████████████████████████████████████████████████▋                           | 154/200 [1:20:06<23:55, 31.20s/it]epoch 155
Train Loss: 0.001588, Acc: 99.982276%
Val Loss: 0.123652, Acc: 97.078321%
Test Loss: 0.479402, Acc: 90.440000%
 78%|████████████████████████████████████████████████████████████████████████████████████████████▏                          | 155/200 [1:20:37<23:22, 31.17s/it]epoch 156
Train Loss: 0.002578, Acc: 99.976822%
Val Loss: 0.124684, Acc: 97.041493%
Test Loss: 0.472446, Acc: 90.300000%
 78%|████████████████████████████████████████████████████████████████████████████████████████████▊                          | 156/200 [1:21:09<22:51, 31.17s/it]epoch 157
Train Loss: 0.002469, Acc: 99.961824%
Val Loss: 0.126654, Acc: 97.016941%
Test Loss: 0.471622, Acc: 90.450000%
 78%|█████████████████████████████████████████████████████████████████████████████████████████████▍                         | 157/200 [1:21:40<22:20, 31.18s/it]epoch 158
Train Loss: 0.002804, Acc: 99.980912%
Val Loss: 0.118069, Acc: 97.213356%
Test Loss: 0.498901, Acc: 90.100000%
 79%|██████████████████████████████████████████████████████████████████████████████████████████████                         | 158/200 [1:22:11<21:50, 31.20s/it]epoch 159
Train Loss: 0.003247, Acc: 99.976822%
Val Loss: 0.122584, Acc: 97.127425%
Test Loss: 0.469222, Acc: 90.320000%
 80%|██████████████████████████████████████████████████████████████████████████████████████████████▌                        | 159/200 [1:22:42<21:18, 31.19s/it]epoch 160
Train Loss: 0.001842, Acc: 99.982276%
Val Loss: 0.120876, Acc: 97.139700%
Test Loss: 0.466038, Acc: 90.480000%
 80%|███████████████████████████████████████████████████████████████████████████████████████████████▏                       | 160/200 [1:23:13<20:46, 31.17s/it]epoch 161
Train Loss: 0.002110, Acc: 99.979549%
Val Loss: 0.121974, Acc: 97.225632%
Test Loss: 0.489019, Acc: 90.160000%
 80%|███████████████████████████████████████████████████████████████████████████████████████████████▊                       | 161/200 [1:23:44<20:15, 31.16s/it]epoch 162
Train Loss: 0.002257, Acc: 99.974095%
Val Loss: 0.124538, Acc: 97.213356%
Test Loss: 0.466751, Acc: 90.040000%
 81%|████████████████████████████████████████████████████████████████████████████████████████████████▍                      | 162/200 [1:24:16<19:43, 31.16s/it]epoch 163
Train Loss: 0.001989, Acc: 99.976822%
Val Loss: 0.119089, Acc: 97.041493%
Test Loss: 0.468980, Acc: 90.560000%
 82%|████████████████████████████████████████████████████████████████████████████████████████████████▉                      | 163/200 [1:24:47<19:13, 31.16s/it]epoch 164
Train Loss: 0.002228, Acc: 99.979549%
Val Loss: 0.121553, Acc: 97.201080%
Test Loss: 0.479149, Acc: 90.140000%
 82%|█████████████████████████████████████████████████████████████████████████████████████████████████▌                     | 164/200 [1:25:18<18:41, 31.15s/it]epoch 165
Train Loss: 0.002671, Acc: 99.975458%
Val Loss: 0.125522, Acc: 97.176528%
Test Loss: 0.485425, Acc: 90.070000%
 82%|██████████████████████████████████████████████████████████████████████████████████████████████████▏                    | 165/200 [1:25:49<18:10, 31.15s/it]epoch 166
Train Loss: 0.003099, Acc: 99.974095%
Val Loss: 0.125497, Acc: 97.090597%
Test Loss: 0.488598, Acc: 90.400000%
 83%|██████████████████████████████████████████████████████████████████████████████████████████████████▊                    | 166/200 [1:26:20<17:39, 31.16s/it]epoch 167
Train Loss: 0.003214, Acc: 99.974095%
Val Loss: 0.121683, Acc: 96.967837%
Test Loss: 0.491949, Acc: 89.860000%
 84%|███████████████████████████████████████████████████████████████████████████████████████████████████▎                   | 167/200 [1:26:51<17:09, 31.18s/it]epoch 168
Train Loss: 0.002976, Acc: 99.980912%
Val Loss: 0.118926, Acc: 97.213356%
Test Loss: 0.476643, Acc: 90.450000%
 84%|███████████████████████████████████████████████████████████████████████████████████████████████████▉                   | 168/200 [1:27:23<16:37, 31.16s/it]epoch 169
Train Loss: 0.002334, Acc: 99.991819%
Val Loss: 0.126688, Acc: 97.115149%
Test Loss: 0.461436, Acc: 90.600000%
 84%|████████████████████████████████████████████████████████████████████████████████████████████████████▌                  | 169/200 [1:27:54<16:06, 31.17s/it]epoch 170
Train Loss: 0.002861, Acc: 99.972732%
Val Loss: 0.120145, Acc: 97.188804%
Test Loss: 0.475746, Acc: 90.440000%
 85%|█████████████████████████████████████████████████████████████████████████████████████████████████████▏                 | 170/200 [1:28:25<15:35, 31.18s/it]epoch 171
Train Loss: 0.002749, Acc: 99.982276%
Val Loss: 0.120585, Acc: 97.225632%
Test Loss: 0.473205, Acc: 90.340000%
 86%|█████████████████████████████████████████████████████████████████████████████████████████████████████▋                 | 171/200 [1:28:56<15:04, 31.17s/it]epoch 172
Train Loss: 0.002603, Acc: 99.991819%
Val Loss: 0.126796, Acc: 97.127425%
Test Loss: 0.468565, Acc: 90.400000%
 86%|██████████████████████████████████████████████████████████████████████████████████████████████████████▎                | 172/200 [1:29:27<14:33, 31.19s/it]epoch 173
Train Loss: 0.001744, Acc: 99.985002%
Val Loss: 0.124675, Acc: 97.004665%
Test Loss: 0.489651, Acc: 90.390000%
 86%|██████████████████████████████████████████████████████████████████████████████████████████████████████▉                | 173/200 [1:29:58<14:00, 31.13s/it]epoch 174
Train Loss: 0.002159, Acc: 99.974095%
Val Loss: 0.140315, Acc: 96.697766%
Test Loss: 0.499233, Acc: 89.860000%
 87%|███████████████████████████████████████████████████████████████████████████████████████████████████████▌               | 174/200 [1:30:30<13:29, 31.15s/it]epoch 175
Train Loss: 0.003249, Acc: 99.979549%
Val Loss: 0.117725, Acc: 97.237908%
Test Loss: 0.481906, Acc: 90.320000%
 88%|████████████████████████████████████████████████████████████████████████████████████████████████████████▏              | 175/200 [1:31:01<12:59, 31.18s/it]epoch 176
Train Loss: 0.002839, Acc: 99.985002%
Val Loss: 0.118359, Acc: 97.188804%
Test Loss: 0.469316, Acc: 90.660000%
 88%|████████████████████████████████████████████████████████████████████████████████████████████████████████▋              | 176/200 [1:31:32<12:27, 31.16s/it]epoch 177
Train Loss: 0.002565, Acc: 99.975458%
Val Loss: 0.120255, Acc: 97.053769%
Test Loss: 0.469465, Acc: 90.130000%
 88%|█████████████████████████████████████████████████████████████████████████████████████████████████████████▎             | 177/200 [1:32:03<11:56, 31.13s/it]epoch 178
Train Loss: 0.003026, Acc: 99.968641%
Val Loss: 0.123085, Acc: 97.151976%
Test Loss: 0.471546, Acc: 90.280000%
 89%|█████████████████████████████████████████████████████████████████████████████████████████████████████████▉             | 178/200 [1:32:34<11:24, 31.11s/it]epoch 179
Train Loss: 0.002736, Acc: 99.982276%
Val Loss: 0.125671, Acc: 97.016941%
Test Loss: 0.468338, Acc: 90.480000%
 90%|██████████████████████████████████████████████████████████████████████████████████████████████████████████▌            | 179/200 [1:33:05<10:54, 31.17s/it]epoch 180
Train Loss: 0.001655, Acc: 99.990456%
Val Loss: 0.120624, Acc: 97.188804%
Test Loss: 0.470232, Acc: 90.240000%
 90%|███████████████████████████████████████████████████████████████████████████████████████████████████████████            | 180/200 [1:33:36<10:23, 31.17s/it]epoch 181
Train Loss: 0.001624, Acc: 99.989093%
Val Loss: 0.120877, Acc: 97.201080%
Test Loss: 0.484802, Acc: 90.310000%
 90%|███████████████████████████████████████████████████████████████████████████████████████████████████████████▋           | 181/200 [1:34:08<09:52, 31.17s/it]epoch 182
Train Loss: 0.002899, Acc: 99.985002%
Val Loss: 0.127721, Acc: 96.918733%
Test Loss: 0.486486, Acc: 90.300000%
 91%|████████████████████████████████████████████████████████████████████████████████████████████████████████████▎          | 182/200 [1:34:39<09:21, 31.18s/it]epoch 183
Train Loss: 0.002078, Acc: 99.989093%
Val Loss: 0.118777, Acc: 97.115149%
Test Loss: 0.476748, Acc: 90.140000%
 92%|████████████████████████████████████████████████████████████████████████████████████████████████████████████▉          | 183/200 [1:35:10<08:50, 31.18s/it]epoch 184
Train Loss: 0.002009, Acc: 99.993183%
Val Loss: 0.113604, Acc: 97.422048%
Test Loss: 0.481668, Acc: 90.470000%
 92%|█████████████████████████████████████████████████████████████████████████████████████████████████████████████▍         | 184/200 [1:35:42<08:20, 31.27s/it]epoch 185
Train Loss: 0.001581, Acc: 99.979549%
Val Loss: 0.128448, Acc: 97.029217%
Test Loss: 0.483983, Acc: 90.270000%
 92%|██████████████████████████████████████████████████████████████████████████████████████████████████████████████         | 185/200 [1:36:13<07:48, 31.26s/it]epoch 186
Train Loss: 0.002195, Acc: 99.986366%
Val Loss: 0.124311, Acc: 97.053769%
Test Loss: 0.474818, Acc: 90.730000%
 93%|██████████████████████████████████████████████████████████████████████████████████████████████████████████████▋        | 186/200 [1:36:44<07:17, 31.26s/it]epoch 187
Train Loss: 0.002904, Acc: 99.976822%
Val Loss: 0.117222, Acc: 97.164252%
Test Loss: 0.469081, Acc: 90.410000%
 94%|███████████████████████████████████████████████████████████████████████████████████████████████████████████████▎       | 187/200 [1:37:15<06:46, 31.29s/it]epoch 188
Train Loss: 0.002804, Acc: 99.974095%
Val Loss: 0.125446, Acc: 97.029217%
Test Loss: 0.477516, Acc: 90.340000%
 94%|███████████████████████████████████████████████████████████████████████████████████████████████████████████████▊       | 188/200 [1:37:47<06:15, 31.26s/it]epoch 189
Train Loss: 0.001544, Acc: 99.980912%
Val Loss: 0.113349, Acc: 97.385220%
Test Loss: 0.486788, Acc: 90.260000%
 94%|████████████████████████████████████████████████████████████████████████████████████████████████████████████████▍      | 189/200 [1:38:18<05:44, 31.30s/it]epoch 190
Train Loss: 0.002168, Acc: 99.987729%
Val Loss: 0.124653, Acc: 97.225632%
Test Loss: 0.479725, Acc: 90.430000%
 95%|█████████████████████████████████████████████████████████████████████████████████████████████████████████████████      | 190/200 [1:38:49<05:12, 31.27s/it]epoch 191
Train Loss: 0.001802, Acc: 99.990456%
Val Loss: 0.120427, Acc: 96.943285%
Test Loss: 0.464332, Acc: 90.480000%
 96%|█████████████████████████████████████████████████████████████████████████████████████████████████████████████████▋     | 191/200 [1:39:20<04:41, 31.24s/it]epoch 192
Train Loss: 0.001784, Acc: 99.993183%
Val Loss: 0.128107, Acc: 97.139700%
Test Loss: 0.479110, Acc: 90.050000%
 96%|██████████████████████████████████████████████████████████████████████████████████████████████████████████████████▏    | 192/200 [1:39:52<04:09, 31.23s/it]epoch 193
Train Loss: 0.002632, Acc: 99.990456%
Val Loss: 0.126221, Acc: 96.955561%
Test Loss: 0.478624, Acc: 90.450000%
 96%|██████████████████████████████████████████████████████████████████████████████████████████████████████████████████▊    | 193/200 [1:40:23<03:38, 31.23s/it]epoch 194
Train Loss: 0.003124, Acc: 99.986366%
Val Loss: 0.127599, Acc: 96.931009%
Test Loss: 0.480230, Acc: 90.390000%
 97%|███████████████████████████████████████████████████████████████████████████████████████████████████████████████████▍   | 194/200 [1:40:54<03:07, 31.23s/it]epoch 195
Train Loss: 0.002085, Acc: 99.986366%
Val Loss: 0.125901, Acc: 97.176528%
Test Loss: 0.488951, Acc: 90.250000%
 98%|████████████████████████████████████████████████████████████████████████████████████████████████████████████████████   | 195/200 [1:41:25<02:36, 31.23s/it]epoch 196
Train Loss: 0.002082, Acc: 99.990456%
Val Loss: 0.117985, Acc: 97.201080%
Test Loss: 0.467866, Acc: 90.460000%
 98%|████████████████████████████████████████████████████████████████████████████████████████████████████████████████████▌  | 196/200 [1:41:56<02:04, 31.21s/it]epoch 197
Train Loss: 0.002099, Acc: 99.985002%
Val Loss: 0.117393, Acc: 97.188804%
Test Loss: 0.480078, Acc: 90.160000%
 98%|█████████████████████████████████████████████████████████████████████████████████████████████████████████████████████▏ | 197/200 [1:42:28<01:33, 31.23s/it]epoch 198
Train Loss: 0.001443, Acc: 99.976822%
Val Loss: 0.121401, Acc: 97.151976%
Test Loss: 0.499670, Acc: 89.950000%
 99%|█████████████████████████████████████████████████████████████████████████████████████████████████████████████████████▊ | 198/200 [1:42:59<01:02, 31.24s/it]epoch 199
Train Loss: 0.001796, Acc: 99.987729%
Val Loss: 0.117226, Acc: 97.250184%
Test Loss: 0.467692, Acc: 90.570000%
100%|██████████████████████████████████████████████████████████████████████████████████████████████████████████████████████▍| 199/200 [1:43:30<00:31, 31.21s/it]epoch 200
Train Loss: 0.001596, Acc: 99.989093%
Val Loss: 0.120494, Acc: 97.201080%
Test Loss: 0.490310, Acc: 90.420000%
100%|███████████████████████████████████████████████████████████████████████████████████████████████████████████████████████| 200/200 [1:44:01<00:00, 31.21s/it]
Best Test Acc: 90.730000%
  0%|                                                                                                                                    | 0/40 [00:00<?, ?it/s]Fine Tune Loss: 0.011332, Acc: 99.675428%
Test Loss: 0.463818, Acc: 89.870000%
  2%|███                                                                                                                         | 1/40 [00:13<08:29, 13.06s/it]Fine Tune Loss: 0.003779, Acc: 99.954137%
Test Loss: 0.443049, Acc: 90.420000%
  5%|██████▏                                                                                                                     | 2/40 [00:25<08:12, 12.96s/it]Fine Tune Loss: 0.003186, Acc: 99.968248%
Test Loss: 0.448127, Acc: 90.200000%
  8%|█████████▎                                                                                                                  | 3/40 [00:38<07:57, 12.90s/it]Fine Tune Loss: 0.002725, Acc: 99.971776%
Test Loss: 0.430799, Acc: 90.390000%
 10%|████████████▍                                                                                                               | 4/40 [00:51<07:41, 12.82s/it]Fine Tune Loss: 0.002428, Acc: 99.985888%
Test Loss: 0.445419, Acc: 90.230000%
 12%|███████████████▌                                                                                                            | 5/40 [01:04<07:29, 12.83s/it]Fine Tune Loss: 0.002174, Acc: 99.975304%
Test Loss: 0.431924, Acc: 90.540000%
 15%|██████████████████▌                                                                                                         | 6/40 [01:17<07:16, 12.83s/it]Fine Tune Loss: 0.002051, Acc: 99.985888%
Test Loss: 0.450699, Acc: 90.550000%
 18%|█████████████████████▋                                                                                                      | 7/40 [01:29<07:03, 12.83s/it]Fine Tune Loss: 0.001828, Acc: 99.989416%
Test Loss: 0.434437, Acc: 90.580000%
 20%|████████████████████████▊                                                                                                   | 8/40 [01:42<06:50, 12.82s/it]Fine Tune Loss: 0.002015, Acc: 99.978832%
Test Loss: 0.449756, Acc: 90.310000%
 22%|███████████████████████████▉                                                                                                | 9/40 [01:55<06:37, 12.84s/it]Fine Tune Loss: 0.001889, Acc: 99.982360%
Test Loss: 0.438088, Acc: 90.460000%
 25%|██████████████████████████████▊                                                                                            | 10/40 [02:08<06:26, 12.87s/it]Fine Tune Loss: 0.001741, Acc: 99.982360%
Test Loss: 0.433052, Acc: 90.340000%
 28%|█████████████████████████████████▊                                                                                         | 11/40 [02:21<06:12, 12.84s/it]Fine Tune Loss: 0.001662, Acc: 99.996472%
Test Loss: 0.442293, Acc: 90.250000%
 30%|████████████████████████████████████▉                                                                                      | 12/40 [02:34<05:59, 12.83s/it]Fine Tune Loss: 0.001724, Acc: 99.982360%
Test Loss: 0.424491, Acc: 90.590000%
 32%|███████████████████████████████████████▉                                                                                   | 13/40 [02:46<05:45, 12.81s/it]Fine Tune Loss: 0.001566, Acc: 99.989416%
Test Loss: 0.434826, Acc: 90.680000%
 35%|███████████████████████████████████████████                                                                                | 14/40 [02:59<05:33, 12.82s/it]Fine Tune Loss: 0.001456, Acc: 99.992944%
Test Loss: 0.445043, Acc: 90.220000%
 38%|██████████████████████████████████████████████▏                                                                            | 15/40 [03:12<05:20, 12.83s/it]Fine Tune Loss: 0.001794, Acc: 99.982360%
Test Loss: 0.432154, Acc: 90.610000%
 40%|█████████████████████████████████████████████████▏                                                                         | 16/40 [03:25<05:07, 12.82s/it]Fine Tune Loss: 0.001682, Acc: 99.989416%
Test Loss: 0.424187, Acc: 90.510000%
 42%|████████████████████████████████████████████████████▎                                                                      | 17/40 [03:38<04:54, 12.81s/it]Fine Tune Loss: 0.001588, Acc: 99.989416%
Test Loss: 0.440609, Acc: 90.480000%
 45%|███████████████████████████████████████████████████████▎                                                                   | 18/40 [03:51<04:42, 12.84s/it]Fine Tune Loss: 0.001374, Acc: 99.996472%
Test Loss: 0.439832, Acc: 90.420000%
 48%|██████████████████████████████████████████████████████████▍                                                                | 19/40 [04:03<04:29, 12.84s/it]Fine Tune Loss: 0.001484, Acc: 99.989416%
Test Loss: 0.423193, Acc: 90.750000%
 50%|█████████████████████████████████████████████████████████████▌                                                             | 20/40 [04:16<04:16, 12.81s/it]Fine Tune Loss: 0.001550, Acc: 99.989416%
Test Loss: 0.431931, Acc: 90.610000%
 52%|████████████████████████████████████████████████████████████████▌                                                          | 21/40 [04:29<04:03, 12.79s/it]Fine Tune Loss: 0.001526, Acc: 99.985888%
Test Loss: 0.429841, Acc: 90.470000%
 55%|███████████████████████████████████████████████████████████████████▋                                                       | 22/40 [04:42<03:50, 12.81s/it]Fine Tune Loss: 0.001394, Acc: 99.989416%
Test Loss: 0.441555, Acc: 90.510000%
 57%|██████████████████████████████████████████████████████████████████████▋                                                    | 23/40 [04:55<03:38, 12.84s/it]Fine Tune Loss: 0.001321, Acc: 99.996472%
Test Loss: 0.435180, Acc: 90.560000%
 60%|█████████████████████████████████████████████████████████████████████████▊                                                 | 24/40 [05:07<03:25, 12.81s/it]Fine Tune Loss: 0.001601, Acc: 99.975304%
Test Loss: 0.433895, Acc: 90.660000%
 62%|████████████████████████████████████████████████████████████████████████████▉                                              | 25/40 [05:20<03:12, 12.81s/it]Fine Tune Loss: 0.001451, Acc: 99.989416%
Test Loss: 0.445527, Acc: 90.670000%
 65%|███████████████████████████████████████████████████████████████████████████████▉                                           | 26/40 [05:33<02:59, 12.80s/it]Fine Tune Loss: 0.001411, Acc: 99.982360%
Test Loss: 0.423434, Acc: 90.470000%
 68%|███████████████████████████████████████████████████████████████████████████████████                                        | 27/40 [05:46<02:46, 12.80s/it]Fine Tune Loss: 0.001238, Acc: 99.996472%
Test Loss: 0.427809, Acc: 90.710000%
 70%|██████████████████████████████████████████████████████████████████████████████████████                                     | 28/40 [05:59<02:33, 12.78s/it]Fine Tune Loss: 0.001337, Acc: 99.992944%
Test Loss: 0.433036, Acc: 90.610000%
 72%|█████████████████████████████████████████████████████████████████████████████████████████▏                                 | 29/40 [06:11<02:20, 12.79s/it]Fine Tune Loss: 0.001424, Acc: 99.982360%
Test Loss: 0.434165, Acc: 90.640000%
 75%|████████████████████████████████████████████████████████████████████████████████████████████▎                              | 30/40 [06:24<02:08, 12.84s/it]Fine Tune Loss: 0.001372, Acc: 99.982360%
Test Loss: 0.444523, Acc: 90.530000%
 78%|███████████████████████████████████████████████████████████████████████████████████████████████▎                           | 31/40 [06:37<01:55, 12.84s/it]Fine Tune Loss: 0.001397, Acc: 99.985888%
Test Loss: 0.428588, Acc: 90.760000%
 80%|██████████████████████████████████████████████████████████████████████████████████████████████████▍                        | 32/40 [06:50<01:42, 12.85s/it]Fine Tune Loss: 0.001159, Acc: 100.000000%
Test Loss: 0.429558, Acc: 90.710000%
 82%|█████████████████████████████████████████████████████████████████████████████████████████████████████▍                     | 33/40 [07:03<01:29, 12.85s/it]Fine Tune Loss: 0.001369, Acc: 99.992944%
Test Loss: 0.442974, Acc: 90.430000%
 85%|████████████████████████████████████████████████████████████████████████████████████████████████████████▌                  | 34/40 [07:16<01:16, 12.82s/it]Fine Tune Loss: 0.001217, Acc: 99.996472%
Test Loss: 0.430140, Acc: 90.680000%
 88%|███████████████████████████████████████████████████████████████████████████████████████████████████████████▋               | 35/40 [07:28<01:04, 12.80s/it]Fine Tune Loss: 0.001182, Acc: 99.996472%
Test Loss: 0.434877, Acc: 90.570000%
 90%|██████████████████████████████████████████████████████████████████████████████████████████████████████████████▋            | 36/40 [07:41<00:51, 12.81s/it]Fine Tune Loss: 0.001135, Acc: 99.996472%
Test Loss: 0.438690, Acc: 90.740000%
 92%|█████████████████████████████████████████████████████████████████████████████████████████████████████████████████▊         | 37/40 [07:54<00:38, 12.79s/it]Fine Tune Loss: 0.001202, Acc: 99.989416%
Test Loss: 0.437461, Acc: 90.690000%
 95%|████████████████████████████████████████████████████████████████████████████████████████████████████████████████████▊      | 38/40 [08:07<00:25, 12.77s/it]Fine Tune Loss: 0.001231, Acc: 99.996472%
Test Loss: 0.431788, Acc: 90.680000%
 98%|███████████████████████████████████████████████████████████████████████████████████████████████████████████████████████▉   | 39/40 [08:20<00:12, 12.78s/it]Fine Tune Loss: 0.001097, Acc: 99.996472%
Test Loss: 0.425637, Acc: 90.800000%
100%|███████████████████████████████████████████████████████████████████████████████████████████████████████████████████████████| 40/40 [08:32<00:00, 12.82s/it]
Best Test Acc: 90.800000%