==> Preparing data..
==> Warmup for distillation..
==> Warmming up the model...
  0%|                                                                                                                                    | 0/70 [00:00<?, ?it/s]==> Epoch: 1
  1%|█▊                                                                                                                          | 1/70 [00:10<12:09, 10.58s/it]==> Epoch: 2
  3%|███▌                                                                                                                        | 2/70 [00:21<11:59, 10.58s/it]==> Epoch: 3
  4%|█████▎                                                                                                                      | 3/70 [00:31<11:36, 10.39s/it]==> Epoch: 4
  6%|███████                                                                                                                     | 4/70 [00:42<11:33, 10.51s/it]==> Epoch: 5
  7%|████████▊                                                                                                                   | 5/70 [00:52<11:28, 10.60s/it]==> Epoch: 6
  9%|██████████▋                                                                                                                 | 6/70 [01:03<11:15, 10.56s/it]==> Epoch: 7
 10%|████████████▍                                                                                                               | 7/70 [01:12<10:45, 10.24s/it]==> Epoch: 8
 11%|██████████████▏                                                                                                             | 8/70 [01:23<10:35, 10.25s/it]==> Epoch: 9
 13%|███████████████▉                                                                                                            | 9/70 [01:32<10:15, 10.09s/it]==> Epoch: 10
 14%|█████████████████▌                                                                                                         | 10/70 [01:42<10:00, 10.01s/it]==> Epoch: 11
 16%|███████████████████▎                                                                                                       | 11/70 [01:52<09:50, 10.01s/it]==> Epoch: 12
 17%|█████████████████████                                                                                                      | 12/70 [02:02<09:41, 10.02s/it]==> Epoch: 13
 19%|██████████████████████▊                                                                                                    | 13/70 [02:12<09:22,  9.87s/it]==> Epoch: 14
 20%|████████████████████████▌                                                                                                  | 14/70 [02:21<09:07,  9.78s/it]==> Epoch: 15
 21%|██████████████████████████▎                                                                                                | 15/70 [02:31<09:03,  9.88s/it]==> Epoch: 16
 23%|████████████████████████████                                                                                               | 16/70 [02:41<08:40,  9.65s/it]==> Epoch: 17
 24%|█████████████████████████████▊                                                                                             | 17/70 [02:50<08:32,  9.67s/it]==> Epoch: 18
 26%|███████████████████████████████▋                                                                                           | 18/70 [03:01<08:35,  9.91s/it]==> Epoch: 19
 27%|█████████████████████████████████▍                                                                                         | 19/70 [03:11<08:27,  9.95s/it]==> Epoch: 20
 29%|███████████████████████████████████▏                                                                                       | 20/70 [03:21<08:16,  9.93s/it]==> Epoch: 21
 30%|████████████████████████████████████▉                                                                                      | 21/70 [03:30<08:03,  9.87s/it]==> Epoch: 22
 31%|██████████████████████████████████████▋                                                                                    | 22/70 [03:40<07:54,  9.88s/it]==> Epoch: 23
 33%|████████████████████████████████████████▍                                                                                  | 23/70 [03:50<07:43,  9.86s/it]==> Epoch: 24
 34%|██████████████████████████████████████████▏                                                                                | 24/70 [04:01<07:48, 10.19s/it]==> Epoch: 25
 36%|███████████████████████████████████████████▉                                                                               | 25/70 [04:11<07:30, 10.02s/it]==> Epoch: 26
 37%|█████████████████████████████████████████████▋                                                                             | 26/70 [04:20<07:13,  9.86s/it]==> Epoch: 27
 39%|███████████████████████████████████████████████▍                                                                           | 27/70 [04:31<07:10, 10.01s/it]==> Epoch: 28
 40%|█████████████████████████████████████████████████▏                                                                         | 28/70 [04:39<06:46,  9.68s/it]==> Epoch: 29
 41%|██████████████████████████████████████████████████▉                                                                        | 29/70 [04:49<06:41,  9.79s/it]==> Epoch: 30
 43%|████████████████████████████████████████████████████▋                                                                      | 30/70 [05:00<06:37,  9.93s/it]==> Epoch: 31
 44%|██████████████████████████████████████████████████████▍                                                                    | 31/70 [05:10<06:35, 10.14s/it]==> Epoch: 32
 46%|████████████████████████████████████████████████████████▏                                                                  | 32/70 [05:21<06:27, 10.19s/it]==> Epoch: 33
 47%|█████████████████████████████████████████████████████████▉                                                                 | 33/70 [05:31<06:21, 10.30s/it]==> Epoch: 34
 49%|███████████████████████████████████████████████████████████▋                                                               | 34/70 [05:41<06:08, 10.22s/it]==> Epoch: 35
 50%|█████████████████████████████████████████████████████████████▌                                                             | 35/70 [05:51<05:49, 10.00s/it]==> Epoch: 36
 51%|███████████████████████████████████████████████████████████████▎                                                           | 36/70 [06:00<05:35,  9.86s/it]==> Epoch: 37
 53%|█████████████████████████████████████████████████████████████████                                                          | 37/70 [06:11<05:31, 10.05s/it]==> Epoch: 38
 54%|██████████████████████████████████████████████████████████████████▊                                                        | 38/70 [06:20<05:10,  9.71s/it]==> Epoch: 39
 56%|████████████████████████████████████████████████████████████████████▌                                                      | 39/70 [06:30<05:05,  9.85s/it]==> Epoch: 40
 57%|██████████████████████████████████████████████████████████████████████▎                                                    | 40/70 [06:39<04:52,  9.74s/it]==> Epoch: 41
 59%|████████████████████████████████████████████████████████████████████████                                                   | 41/70 [06:49<04:43,  9.79s/it]==> Epoch: 42
 60%|█████████████████████████████████████████████████████████████████████████▊                                                 | 42/70 [07:00<04:40, 10.01s/it]==> Epoch: 43
 61%|███████████████████████████████████████████████████████████████████████████▌                                               | 43/70 [07:10<04:30, 10.02s/it]==> Epoch: 44
 63%|█████████████████████████████████████████████████████████████████████████████▎                                             | 44/70 [07:20<04:21, 10.05s/it]==> Epoch: 45
 64%|███████████████████████████████████████████████████████████████████████████████                                            | 45/70 [07:31<04:16, 10.26s/it]==> Epoch: 46
 66%|████████████████████████████████████████████████████████████████████████████████▊                                          | 46/70 [07:41<04:04, 10.17s/it]==> Epoch: 47
 67%|██████████████████████████████████████████████████████████████████████████████████▌                                        | 47/70 [07:51<03:52, 10.09s/it]==> Epoch: 48
 69%|████████████████████████████████████████████████████████████████████████████████████▎                                      | 48/70 [08:01<03:44, 10.19s/it]==> Epoch: 49
 70%|██████████████████████████████████████████████████████████████████████████████████████                                     | 49/70 [08:11<03:34, 10.23s/it]==> Epoch: 50
 71%|███████████████████████████████████████████████████████████████████████████████████████▊                                   | 50/70 [08:22<03:25, 10.26s/it]==> Epoch: 51
 73%|█████████████████████████████████████████████████████████████████████████████████████████▌                                 | 51/70 [08:32<03:13, 10.20s/it]==> Epoch: 52
 74%|███████████████████████████████████████████████████████████████████████████████████████████▎                               | 52/70 [08:42<03:03, 10.17s/it]==> Epoch: 53
 76%|█████████████████████████████████████████████████████████████████████████████████████████████▏                             | 53/70 [08:51<02:47,  9.87s/it]==> Epoch: 54
 77%|██████████████████████████████████████████████████████████████████████████████████████████████▉                            | 54/70 [09:01<02:38,  9.92s/it]==> Epoch: 55
 79%|████████████████████████████████████████████████████████████████████████████████████████████████▋                          | 55/70 [09:11<02:28,  9.92s/it]==> Epoch: 56
 80%|██████████████████████████████████████████████████████████████████████████████████████████████████▍                        | 56/70 [09:20<02:15,  9.71s/it]==> Epoch: 57
 81%|████████████████████████████████████████████████████████████████████████████████████████████████████▏                      | 57/70 [09:30<02:05,  9.63s/it]==> Epoch: 58
 83%|█████████████████████████████████████████████████████████████████████████████████████████████████████▉                     | 58/70 [09:39<01:56,  9.68s/it]==> Epoch: 59
 84%|███████████████████████████████████████████████████████████████████████████████████████████████████████▋                   | 59/70 [09:51<01:51, 10.14s/it]==> Epoch: 60
 86%|█████████████████████████████████████████████████████████████████████████████████████████████████████████▍                 | 60/70 [10:00<01:40, 10.00s/it]==> Epoch: 61
 87%|███████████████████████████████████████████████████████████████████████████████████████████████████████████▏               | 61/70 [10:10<01:28,  9.85s/it]==> Epoch: 62
 89%|████████████████████████████████████████████████████████████████████████████████████████████████████████████▉              | 62/70 [10:20<01:20, 10.04s/it]==> Epoch: 63
 90%|██████████████████████████████████████████████████████████████████████████████████████████████████████████████▋            | 63/70 [10:30<01:08,  9.83s/it]==> Epoch: 64
 91%|████████████████████████████████████████████████████████████████████████████████████████████████████████████████▍          | 64/70 [10:40<00:59,  9.96s/it]==> Epoch: 65
 93%|██████████████████████████████████████████████████████████████████████████████████████████████████████████████████▏        | 65/70 [10:50<00:49,  9.87s/it]==> Epoch: 66
 94%|███████████████████████████████████████████████████████████████████████████████████████████████████████████████████▉       | 66/70 [10:59<00:39,  9.82s/it]==> Epoch: 67
 96%|█████████████████████████████████████████████████████████████████████████████████████████████████████████████████████▋     | 67/70 [11:09<00:29,  9.92s/it]==> Epoch: 68
 97%|███████████████████████████████████████████████████████████████████████████████████████████████████████████████████████▍   | 68/70 [11:19<00:19,  9.85s/it]==> Epoch: 69
 99%|█████████████████████████████████████████████████████████████████████████████████████████████████████████████████████████▏ | 69/70 [11:29<00:09,  9.73s/it]==> Epoch: 70
100%|███████████████████████████████████████████████████████████████████████████████████████████████████████████████████████████| 70/70 [11:38<00:00,  9.98s/it]
==> Filtering dataset..
Number of distilled train examples: 17996
Accuracy of distilled train examples collection: 97.71060235607914%
Number of distilled validation examples: 1997
Accuracy of distilled validation examples collection: 98.04707060590886%
==> Distilled dataset building..
==> Distilled dataset building done..
==> Start training..
source_weight: 0.285669, target_weight: 0.714331
  0%|                                                                                                                                   | 0/200 [00:00<?, ?it/s]epoch 1
Train Loss: 0.529636, Acc: 58.729126%
Val Loss: 0.919616, Acc: 67.300272%
Test Loss: 1.595200, Acc: 46.250000%
  0%|▌                                                                                                                          | 1/200 [00:13<43:39, 13.16s/it]epoch 2
Train Loss: 0.340071, Acc: 74.288844%
Val Loss: 0.728077, Acc: 74.574818%
Test Loss: 1.425492, Acc: 52.640000%
  1%|█▏                                                                                                                         | 2/200 [00:26<44:25, 13.46s/it]epoch 3
Train Loss: 0.256399, Acc: 80.779732%
Val Loss: 0.527531, Acc: 81.592111%
Test Loss: 1.174327, Acc: 61.230000%
  2%|█▊                                                                                                                         | 3/200 [00:40<44:31, 13.56s/it]epoch 4
Train Loss: 0.201059, Acc: 84.951425%
Val Loss: 0.499723, Acc: 83.221381%
Test Loss: 1.091216, Acc: 65.390000%
  2%|██▍                                                                                                                        | 4/200 [00:53<43:30, 13.32s/it]epoch 5
Train Loss: 0.161277, Acc: 87.675408%
Val Loss: 0.406101, Acc: 86.351293%
Test Loss: 1.035565, Acc: 67.640000%
  2%|███                                                                                                                        | 5/200 [01:06<42:42, 13.14s/it]epoch 6
Train Loss: 0.139703, Acc: 89.346943%
Val Loss: 0.356512, Acc: 88.280692%
Test Loss: 0.930012, Acc: 71.990000%
  3%|███▋                                                                                                                       | 6/200 [01:19<42:13, 13.06s/it]epoch 7
Train Loss: 0.122549, Acc: 90.564480%
Val Loss: 0.319795, Acc: 89.195369%
Test Loss: 0.942679, Acc: 71.760000%
  4%|████▎                                                                                                                      | 7/200 [01:31<41:12, 12.81s/it]epoch 8
Train Loss: 0.107546, Acc: 91.524859%
Val Loss: 0.284007, Acc: 90.724596%
Test Loss: 0.861467, Acc: 73.620000%
  4%|████▉                                                                                                                      | 8/200 [01:44<41:37, 13.01s/it]epoch 9
Train Loss: 0.099200, Acc: 92.170931%
Val Loss: 0.260497, Acc: 91.739317%
Test Loss: 0.804576, Acc: 76.230000%
  4%|█████▌                                                                                                                     | 9/200 [01:58<41:46, 13.12s/it]epoch 10
Train Loss: 0.090530, Acc: 92.869389%
Val Loss: 0.293201, Acc: 90.338717%
Test Loss: 0.931934, Acc: 73.520000%
  5%|██████                                                                                                                    | 10/200 [02:11<41:13, 13.02s/it]epoch 11
Train Loss: 0.085748, Acc: 93.112261%
Val Loss: 0.264306, Acc: 91.167643%
Test Loss: 0.838392, Acc: 75.540000%
  6%|██████▋                                                                                                                   | 11/200 [02:22<39:51, 12.66s/it]epoch 12
Train Loss: 0.078821, Acc: 93.759921%
Val Loss: 0.232539, Acc: 92.339574%
Test Loss: 0.802418, Acc: 78.370000%
  6%|███████▎                                                                                                                  | 12/200 [02:35<39:26, 12.59s/it]epoch 13
Train Loss: 0.074249, Acc: 94.085339%
Val Loss: 0.244128, Acc: 92.025154%
Test Loss: 0.786280, Acc: 78.070000%
  6%|███████▉                                                                                                                  | 13/200 [02:47<38:25, 12.33s/it]epoch 14
Train Loss: 0.071114, Acc: 94.326624%
Val Loss: 0.226919, Acc: 92.696870%
Test Loss: 0.815232, Acc: 77.020000%
  7%|████████▌                                                                                                                 | 14/200 [03:00<39:11, 12.64s/it]epoch 15
Train Loss: 0.067720, Acc: 94.636167%
Val Loss: 0.209144, Acc: 93.068458%
Test Loss: 0.782992, Acc: 78.010000%
  8%|█████████▏                                                                                                                | 15/200 [03:13<39:14, 12.72s/it]epoch 16
Train Loss: 0.063757, Acc: 94.801257%
Val Loss: 0.198355, Acc: 93.597256%
Test Loss: 0.751528, Acc: 78.470000%
  8%|█████████▊                                                                                                                | 16/200 [03:25<38:55, 12.69s/it]epoch 17
Train Loss: 0.062247, Acc: 95.029843%
Val Loss: 0.223383, Acc: 93.082750%
Test Loss: 0.784837, Acc: 77.800000%
  8%|██████████▎                                                                                                               | 17/200 [03:39<39:10, 12.84s/it]epoch 18
Train Loss: 0.060807, Acc: 95.079053%
Val Loss: 0.206859, Acc: 93.397170%
Test Loss: 0.770785, Acc: 78.550000%
  9%|██████████▉                                                                                                               | 18/200 [03:52<39:36, 13.06s/it]epoch 19
Train Loss: 0.056553, Acc: 95.404470%
Val Loss: 0.222423, Acc: 92.825497%
Test Loss: 0.820666, Acc: 77.720000%
 10%|███████████▌                                                                                                              | 19/200 [04:05<39:17, 13.02s/it]epoch 20
Train Loss: 0.056320, Acc: 95.372722%
Val Loss: 0.212986, Acc: 92.811205%
Test Loss: 0.812462, Acc: 77.630000%
 10%|████████████▏                                                                                                             | 20/200 [04:18<38:58, 12.99s/it]epoch 21
Train Loss: 0.054591, Acc: 95.615595%
Val Loss: 0.224750, Acc: 92.811205%
Test Loss: 0.803319, Acc: 78.230000%
 10%|████████████▊                                                                                                             | 21/200 [04:30<37:57, 12.73s/it]epoch 22
Train Loss: 0.054032, Acc: 95.640993%
Val Loss: 0.206154, Acc: 93.297127%
Test Loss: 0.728765, Acc: 80.050000%
 11%|█████████████▍                                                                                                            | 22/200 [04:43<37:46, 12.73s/it]epoch 23
Train Loss: 0.055398, Acc: 95.498127%
Val Loss: 0.219479, Acc: 93.139917%
Test Loss: 0.747830, Acc: 78.930000%
 12%|██████████████                                                                                                            | 23/200 [04:55<37:03, 12.56s/it]epoch 24
Train Loss: 0.048447, Acc: 96.063242%
Val Loss: 0.191174, Acc: 93.683007%
Test Loss: 0.806829, Acc: 79.070000%
 12%|██████████████▋                                                                                                           | 24/200 [05:08<37:31, 12.79s/it]epoch 25
Train Loss: 0.050093, Acc: 95.971173%
Val Loss: 0.283420, Acc: 91.267686%
Test Loss: 0.930736, Acc: 76.720000%
 12%|███████████████▎                                                                                                          | 25/200 [05:22<37:48, 12.96s/it]epoch 26
Train Loss: 0.048220, Acc: 96.034669%
Val Loss: 0.170346, Acc: 94.511934%
Test Loss: 0.666753, Acc: 81.770000%
 13%|███████████████▊                                                                                                          | 26/200 [05:34<37:21, 12.88s/it]epoch 27
Train Loss: 0.048605, Acc: 96.041018%
Val Loss: 0.226879, Acc: 92.854080%
Test Loss: 0.791542, Acc: 79.050000%
 14%|████████████████▍                                                                                                         | 27/200 [05:47<37:00, 12.83s/it]epoch 28
Train Loss: 0.049649, Acc: 95.909264%
Val Loss: 0.200181, Acc: 93.511505%
Test Loss: 0.768433, Acc: 79.510000%
 14%|█████████████████                                                                                                         | 28/200 [06:00<36:49, 12.84s/it]epoch 29
Train Loss: 0.047363, Acc: 96.093403%
Val Loss: 0.207948, Acc: 93.411462%
Test Loss: 0.777046, Acc: 79.720000%
 14%|█████████████████▋                                                                                                        | 29/200 [06:13<36:35, 12.84s/it]epoch 30
Train Loss: 0.046226, Acc: 96.252143%
Val Loss: 0.155374, Acc: 94.783479%
Test Loss: 0.717045, Acc: 81.130000%
 15%|██████████████████▎                                                                                                       | 30/200 [06:25<35:54, 12.67s/it]epoch 31
Train Loss: 0.045647, Acc: 96.299765%
Val Loss: 0.191592, Acc: 93.740174%
Test Loss: 0.739691, Acc: 80.300000%
 16%|██████████████████▉                                                                                                       | 31/200 [06:37<35:03, 12.45s/it]epoch 32
Train Loss: 0.045688, Acc: 96.315639%
Val Loss: 0.196789, Acc: 93.497213%
Test Loss: 0.749074, Acc: 79.060000%
 16%|███████████████████▌                                                                                                      | 32/200 [06:50<35:09, 12.56s/it]epoch 33
Train Loss: 0.046610, Acc: 96.283891%
Val Loss: 0.215546, Acc: 92.968415%
Test Loss: 0.759783, Acc: 79.280000%
 16%|████████████████████▏                                                                                                     | 33/200 [07:03<35:29, 12.75s/it]epoch 34
Train Loss: 0.045389, Acc: 96.318814%
Val Loss: 0.175942, Acc: 94.340432%
Test Loss: 0.720981, Acc: 81.320000%
 17%|████████████████████▋                                                                                                     | 34/200 [07:15<34:50, 12.60s/it]epoch 35
Train Loss: 0.043447, Acc: 96.501365%
Val Loss: 0.218699, Acc: 93.225668%
Test Loss: 0.763573, Acc: 79.810000%
 18%|█████████████████████▎                                                                                                    | 35/200 [07:27<34:13, 12.45s/it]epoch 36
Train Loss: 0.045392, Acc: 96.348975%
Val Loss: 0.178424, Acc: 94.583393%
Test Loss: 0.678065, Acc: 81.310000%
 18%|█████████████████████▉                                                                                                    | 36/200 [07:40<33:50, 12.38s/it]epoch 37
Train Loss: 0.043520, Acc: 96.509302%
Val Loss: 0.230374, Acc: 92.582535%
Test Loss: 0.781427, Acc: 79.420000%
 18%|██████████████████████▌                                                                                                   | 37/200 [07:52<33:40, 12.40s/it]epoch 38
Train Loss: 0.049649, Acc: 96.075941%
Val Loss: 0.193087, Acc: 93.697299%
Test Loss: 0.732893, Acc: 80.720000%
 19%|███████████████████████▏                                                                                                  | 38/200 [08:04<33:24, 12.37s/it]epoch 39
Train Loss: 0.041216, Acc: 96.631532%
Val Loss: 0.198250, Acc: 93.468629%
Test Loss: 0.798640, Acc: 79.140000%
 20%|███████████████████████▊                                                                                                  | 39/200 [08:17<33:44, 12.57s/it]epoch 40
Train Loss: 0.041212, Acc: 96.645819%
Val Loss: 0.188300, Acc: 94.011719%
Test Loss: 0.687865, Acc: 80.760000%
 20%|████████████████████████▍                                                                                                 | 40/200 [08:30<33:39, 12.62s/it]epoch 41
Train Loss: 0.042745, Acc: 96.553749%
Val Loss: 0.177904, Acc: 94.340432%
Test Loss: 0.774320, Acc: 80.060000%
 20%|█████████████████████████                                                                                                 | 41/200 [08:43<33:22, 12.60s/it]epoch 42
Train Loss: 0.040816, Acc: 96.690266%
Val Loss: 0.177563, Acc: 94.068887%
Test Loss: 0.762274, Acc: 79.600000%
 21%|█████████████████████████▌                                                                                                | 42/200 [08:55<33:06, 12.57s/it]epoch 43
Train Loss: 0.040210, Acc: 96.728364%
Val Loss: 0.225919, Acc: 92.739746%
Test Loss: 0.878899, Acc: 77.680000%
 22%|██████████████████████████▏                                                                                               | 43/200 [09:08<32:54, 12.58s/it]epoch 44
Train Loss: 0.042219, Acc: 96.590260%
Val Loss: 0.192423, Acc: 94.011719%
Test Loss: 0.698416, Acc: 80.380000%
 22%|██████████████████████████▊                                                                                               | 44/200 [09:21<32:45, 12.60s/it]epoch 45
Train Loss: 0.038663, Acc: 96.853768%
Val Loss: 0.179690, Acc: 94.340432%
Test Loss: 0.730207, Acc: 80.370000%
 22%|███████████████████████████▍                                                                                              | 45/200 [09:33<32:34, 12.61s/it]epoch 46
Train Loss: 0.039044, Acc: 96.868055%
Val Loss: 0.197654, Acc: 93.954552%
Test Loss: 0.802338, Acc: 79.960000%
 23%|████████████████████████████                                                                                              | 46/200 [09:46<32:23, 12.62s/it]epoch 47
Train Loss: 0.042448, Acc: 96.545812%
Val Loss: 0.179350, Acc: 93.854509%
Test Loss: 0.707472, Acc: 80.830000%
 24%|████████████████████████████▋                                                                                             | 47/200 [09:57<31:19, 12.28s/it]epoch 48
Train Loss: 0.038053, Acc: 96.917265%
Val Loss: 0.207924, Acc: 93.197084%
Test Loss: 0.759350, Acc: 79.950000%
 24%|█████████████████████████████▎                                                                                            | 48/200 [10:10<31:22, 12.38s/it]epoch 49
Train Loss: 0.039211, Acc: 96.801384%
Val Loss: 0.167833, Acc: 94.383307%
Test Loss: 0.735865, Acc: 80.930000%
 24%|█████████████████████████████▉                                                                                            | 49/200 [10:23<31:32, 12.54s/it]epoch 50
Train Loss: 0.038554, Acc: 96.895041%
Val Loss: 0.213563, Acc: 93.239960%
Test Loss: 0.819887, Acc: 78.780000%
 25%|██████████████████████████████▌                                                                                           | 50/200 [10:35<30:47, 12.32s/it]epoch 51
Train Loss: 0.039360, Acc: 96.788685%
Val Loss: 0.201798, Acc: 93.525797%
Test Loss: 0.741101, Acc: 80.140000%
 26%|███████████████████████████████                                                                                           | 51/200 [10:47<30:44, 12.38s/it]epoch 52
Train Loss: 0.037705, Acc: 96.877580%
Val Loss: 0.189759, Acc: 94.369015%
Test Loss: 0.760724, Acc: 81.030000%
 26%|███████████████████████████████▋                                                                                          | 52/200 [11:00<30:52, 12.52s/it]epoch 53
Train Loss: 0.037073, Acc: 96.974411%
Val Loss: 0.208575, Acc: 93.282836%
Test Loss: 0.793204, Acc: 80.110000%
 26%|████████████████████████████████▎                                                                                         | 53/200 [11:13<30:59, 12.65s/it]epoch 54
Train Loss: 0.037931, Acc: 96.952187%
Val Loss: 0.198785, Acc: 93.654423%
Test Loss: 0.756590, Acc: 80.000000%
 27%|████████████████████████████████▉                                                                                         | 54/200 [11:26<30:54, 12.70s/it]epoch 55
Train Loss: 0.038903, Acc: 96.839482%
Val Loss: 0.201007, Acc: 93.897385%
Test Loss: 0.795406, Acc: 79.520000%
 28%|█████████████████████████████████▌                                                                                        | 55/200 [11:37<30:00, 12.42s/it]epoch 56
Train Loss: 0.038557, Acc: 96.890279%
Val Loss: 0.247385, Acc: 92.310990%
Test Loss: 0.897671, Acc: 76.800000%
 28%|██████████████████████████████████▏                                                                                       | 56/200 [11:50<29:41, 12.37s/it]epoch 57
Train Loss: 0.038129, Acc: 96.856943%
Val Loss: 0.185748, Acc: 93.983136%
Test Loss: 0.700581, Acc: 81.240000%
 28%|██████████████████████████████████▊                                                                                       | 57/200 [12:02<29:36, 12.42s/it]epoch 58
Train Loss: 0.035024, Acc: 97.149025%
Val Loss: 0.189184, Acc: 93.883093%
Test Loss: 0.828586, Acc: 79.030000%
 29%|███████████████████████████████████▍                                                                                      | 58/200 [12:14<29:06, 12.30s/it]epoch 59
Train Loss: 0.036634, Acc: 97.033145%
Val Loss: 0.221275, Acc: 93.382878%
Test Loss: 0.832080, Acc: 79.610000%
 30%|███████████████████████████████████▉                                                                                      | 59/200 [12:26<28:39, 12.19s/it]epoch 60
Train Loss: 0.038072, Acc: 96.847419%
Val Loss: 0.201532, Acc: 93.640131%
Test Loss: 0.870746, Acc: 78.220000%
 30%|████████████████████████████████████▌                                                                                     | 60/200 [12:38<28:05, 12.04s/it]epoch 61
Train Loss: 0.040778, Acc: 96.714077%
Val Loss: 0.189706, Acc: 93.911676%
Test Loss: 0.736088, Acc: 80.350000%
 30%|█████████████████████████████████████▏                                                                                    | 61/200 [12:51<28:15, 12.20s/it]epoch 62
Train Loss: 0.035365, Acc: 97.099816%
Val Loss: 0.202009, Acc: 93.625840%
Test Loss: 0.814316, Acc: 79.450000%
 31%|█████████████████████████████████████▊                                                                                    | 62/200 [13:03<28:27, 12.37s/it]epoch 63
Train Loss: 0.036297, Acc: 97.107753%
Val Loss: 0.208212, Acc: 93.640131%
Test Loss: 0.869522, Acc: 78.310000%
 32%|██████████████████████████████████████▍                                                                                   | 63/200 [13:16<28:20, 12.41s/it]epoch 64
Train Loss: 0.042548, Acc: 96.648994%
Val Loss: 0.169006, Acc: 94.683436%
Test Loss: 0.741965, Acc: 80.830000%
 32%|███████████████████████████████████████                                                                                   | 64/200 [13:29<28:25, 12.54s/it]epoch 65
Train Loss: 0.034370, Acc: 97.220458%
Val Loss: 0.201366, Acc: 93.597256%
Test Loss: 0.745871, Acc: 79.680000%
 32%|███████████████████████████████████████▋                                                                                  | 65/200 [13:42<28:40, 12.74s/it]epoch 66
Train Loss: 0.032528, Acc: 97.336339%
Val Loss: 0.174986, Acc: 94.683436%
Test Loss: 0.683571, Acc: 82.150000%
 33%|████████████████████████████████████████▎                                                                                 | 66/200 [13:54<28:21, 12.70s/it]epoch 67
Train Loss: 0.034273, Acc: 97.237920%
Val Loss: 0.189289, Acc: 93.825925%
Test Loss: 0.761577, Acc: 80.420000%
 34%|████████████████████████████████████████▊                                                                                 | 67/200 [14:07<28:14, 12.74s/it]epoch 68
Train Loss: 0.036087, Acc: 97.037907%
Val Loss: 0.216286, Acc: 93.725883%
Test Loss: 0.781776, Acc: 79.560000%
 34%|█████████████████████████████████████████▍                                                                                | 68/200 [14:20<28:08, 12.79s/it]epoch 69
Train Loss: 0.035888, Acc: 97.117277%
Val Loss: 0.221898, Acc: 92.811205%
Test Loss: 0.860205, Acc: 77.970000%
 34%|██████████████████████████████████████████                                                                                | 69/200 [14:33<28:04, 12.86s/it]epoch 70
Train Loss: 0.036442, Acc: 97.133151%
Val Loss: 0.199364, Acc: 93.711591%
Test Loss: 0.752683, Acc: 80.430000%
 35%|██████████████████████████████████████████▋                                                                               | 70/200 [14:46<27:40, 12.77s/it]epoch 71
Train Loss: 0.031431, Acc: 97.423646%
Val Loss: 0.187601, Acc: 93.911676%
Test Loss: 0.766137, Acc: 79.810000%
 36%|███████████████████████████████████████████▎                                                                              | 71/200 [14:58<27:10, 12.64s/it]epoch 72
Train Loss: 0.034782, Acc: 97.309353%
Val Loss: 0.199374, Acc: 94.183221%
Test Loss: 0.695271, Acc: 81.480000%
 36%|███████████████████████████████████████████▉                                                                              | 72/200 [15:11<26:55, 12.62s/it]epoch 73
Train Loss: 0.036082, Acc: 97.109340%
Val Loss: 0.142381, Acc: 95.112191%
Test Loss: 0.658129, Acc: 83.060000%
 36%|████████████████████████████████████████████▌                                                                             | 73/200 [15:24<27:14, 12.87s/it]epoch 74
Train Loss: 0.033259, Acc: 97.383961%
Val Loss: 0.203063, Acc: 94.369015%
Test Loss: 0.878244, Acc: 78.950000%
 37%|█████████████████████████████████████████████▏                                                                            | 74/200 [15:37<27:05, 12.90s/it]epoch 75
Train Loss: 0.039871, Acc: 96.909328%
Val Loss: 0.244055, Acc: 92.954123%
Test Loss: 0.947688, Acc: 77.270000%
 38%|█████████████████████████████████████████████▊                                                                            | 75/200 [15:49<26:31, 12.73s/it]epoch 76
Train Loss: 0.039503, Acc: 96.947425%
Val Loss: 0.178486, Acc: 94.940689%
Test Loss: 0.690335, Acc: 82.190000%
 38%|██████████████████████████████████████████████▎                                                                           | 76/200 [16:02<26:03, 12.61s/it]epoch 77
Train Loss: 0.033543, Acc: 97.333164%
Val Loss: 0.192630, Acc: 94.411891%
Test Loss: 0.733428, Acc: 81.590000%
 38%|██████████████████████████████████████████████▉                                                                           | 77/200 [16:14<25:44, 12.56s/it]epoch 78
Train Loss: 0.038801, Acc: 96.866468%
Val Loss: 0.190412, Acc: 94.383307%
Test Loss: 0.767708, Acc: 80.730000%
 39%|███████████████████████████████████████████████▌                                                                          | 78/200 [16:26<25:20, 12.46s/it]epoch 79
Train Loss: 0.031712, Acc: 97.415709%
Val Loss: 0.175742, Acc: 94.426183%
Test Loss: 0.725262, Acc: 81.210000%
 40%|████████████████████████████████████████████████▏                                                                         | 79/200 [16:39<25:03, 12.43s/it]epoch 80
Train Loss: 0.032754, Acc: 97.406185%
Val Loss: 0.161552, Acc: 94.854938%
Test Loss: 0.694522, Acc: 82.620000%
 40%|████████████████████████████████████████████████▊                                                                         | 80/200 [16:51<25:00, 12.51s/it]epoch 81
Train Loss: 0.032666, Acc: 97.336339%
Val Loss: 0.187657, Acc: 94.211805%
Test Loss: 0.718626, Acc: 80.870000%
 40%|█████████████████████████████████████████████████▍                                                                        | 81/200 [17:04<24:51, 12.54s/it]epoch 82
Train Loss: 0.033884, Acc: 97.266493%
Val Loss: 0.180196, Acc: 94.640560%
Test Loss: 0.717821, Acc: 81.390000%
 41%|██████████████████████████████████████████████████                                                                        | 82/200 [17:17<24:52, 12.65s/it]epoch 83
Train Loss: 0.033326, Acc: 97.372849%
Val Loss: 0.230392, Acc: 93.082750%
Test Loss: 0.987974, Acc: 77.020000%
 42%|██████████████████████████████████████████████████▋                                                                       | 83/200 [17:30<24:58, 12.80s/it]epoch 84
Train Loss: 0.038197, Acc: 96.996635%
Val Loss: 0.183321, Acc: 94.426183%
Test Loss: 0.780811, Acc: 80.550000%
 42%|███████████████████████████████████████████████████▏                                                                      | 84/200 [17:43<24:55, 12.89s/it]epoch 85
Train Loss: 0.032323, Acc: 97.461744%
Val Loss: 0.226353, Acc: 93.111333%
Test Loss: 0.812837, Acc: 80.070000%
 42%|███████████████████████████████████████████████████▊                                                                      | 85/200 [17:56<24:23, 12.73s/it]epoch 86
Train Loss: 0.032066, Acc: 97.377611%
Val Loss: 0.162052, Acc: 95.083607%
Test Loss: 0.690525, Acc: 82.310000%
 43%|████████████████████████████████████████████████████▍                                                                     | 86/200 [18:08<24:10, 12.72s/it]epoch 87
Train Loss: 0.033229, Acc: 97.372849%
Val Loss: 0.198110, Acc: 93.611548%
Test Loss: 0.775681, Acc: 80.220000%
 44%|█████████████████████████████████████████████████████                                                                     | 87/200 [18:21<24:11, 12.85s/it]epoch 88
Train Loss: 0.033274, Acc: 97.347451%
Val Loss: 0.149252, Acc: 95.197942%
Test Loss: 0.714077, Acc: 81.660000%
 44%|█████████████████████████████████████████████████████▋                                                                    | 88/200 [18:33<23:25, 12.55s/it]epoch 89
Train Loss: 0.032522, Acc: 97.464918%
Val Loss: 0.170050, Acc: 94.669144%
Test Loss: 0.696990, Acc: 82.430000%
 44%|██████████████████████████████████████████████████████▎                                                                   | 89/200 [18:46<23:27, 12.68s/it]epoch 90
Train Loss: 0.033981, Acc: 97.291892%
Val Loss: 0.224371, Acc: 92.968415%
Test Loss: 0.867107, Acc: 78.250000%
 45%|██████████████████████████████████████████████████████▉                                                                   | 90/200 [18:58<22:46, 12.42s/it]epoch 91
Train Loss: 0.031746, Acc: 97.469681%
Val Loss: 0.175403, Acc: 94.912105%
Test Loss: 0.699263, Acc: 82.030000%
 46%|███████████████████████████████████████████████████████▌                                                                  | 91/200 [19:12<23:06, 12.72s/it]epoch 92
Train Loss: 0.035141, Acc: 97.207759%
Val Loss: 0.183124, Acc: 94.197513%
Test Loss: 0.744936, Acc: 80.840000%
 46%|████████████████████████████████████████████████████████                                                                  | 92/200 [19:24<22:54, 12.73s/it]epoch 93
Train Loss: 0.033581, Acc: 97.285542%
Val Loss: 0.168973, Acc: 94.640560%
Test Loss: 0.729275, Acc: 82.070000%
 46%|████████████████████████████████████████████████████████▋                                                                 | 93/200 [19:38<23:01, 12.91s/it]epoch 94
Train Loss: 0.032121, Acc: 97.439520%
Val Loss: 0.135881, Acc: 95.798199%
Test Loss: 0.630194, Acc: 83.190000%
 47%|█████████████████████████████████████████████████████████▎                                                                | 94/200 [19:50<22:40, 12.83s/it]epoch 95
Train Loss: 0.030072, Acc: 97.641120%
Val Loss: 0.171306, Acc: 94.826354%
Test Loss: 0.700868, Acc: 82.530000%
 48%|█████████████████████████████████████████████████████████▉                                                                | 95/200 [20:03<22:28, 12.84s/it]epoch 96
Train Loss: 0.029978, Acc: 97.582386%
Val Loss: 0.190356, Acc: 94.068887%
Test Loss: 0.730673, Acc: 80.330000%
 48%|██████████████████████████████████████████████████████████▌                                                               | 96/200 [20:15<21:47, 12.57s/it]epoch 97
Train Loss: 0.034316, Acc: 97.266493%
Val Loss: 0.182764, Acc: 94.297556%
Test Loss: 0.727535, Acc: 80.990000%
 48%|███████████████████████████████████████████████████████████▏                                                              | 97/200 [20:27<21:17, 12.41s/it]epoch 98
Train Loss: 0.034783, Acc: 97.249032%
Val Loss: 0.260969, Acc: 92.139488%
Test Loss: 0.949240, Acc: 76.950000%
 49%|███████████████████████████████████████████████████████████▊                                                              | 98/200 [20:39<20:48, 12.24s/it]epoch 99
Train Loss: 0.032858, Acc: 97.380786%
Val Loss: 0.206604, Acc: 93.325711%
Test Loss: 0.855703, Acc: 78.420000%
 50%|████████████████████████████████████████████████████████████▍                                                             | 99/200 [20:51<20:32, 12.20s/it]epoch 100
Train Loss: 0.030872, Acc: 97.418884%
Val Loss: 0.180345, Acc: 94.626268%
Test Loss: 0.727270, Acc: 81.370000%
 50%|████████████████████████████████████████████████████████████▌                                                            | 100/200 [21:03<20:08, 12.09s/it]epoch 101
Train Loss: 0.012495, Acc: 99.044384%
Val Loss: 0.097344, Acc: 96.741461%
Test Loss: 0.573730, Acc: 85.330000%
 50%|█████████████████████████████████████████████████████████████                                                            | 101/200 [21:15<19:52, 12.05s/it]epoch 102
Train Loss: 0.007376, Acc: 99.423773%
Val Loss: 0.090614, Acc: 97.155924%
Test Loss: 0.554823, Acc: 86.130000%
 51%|█████████████████████████████████████████████████████████████▋                                                           | 102/200 [21:27<19:50, 12.14s/it]epoch 103
Train Loss: 0.005532, Acc: 99.593625%
Val Loss: 0.092834, Acc: 97.155924%
Test Loss: 0.560295, Acc: 86.150000%
 52%|██████████████████████████████████████████████████████████████▎                                                          | 103/200 [21:40<20:00, 12.37s/it]epoch 104
Train Loss: 0.005034, Acc: 99.633310%
Val Loss: 0.093410, Acc: 97.170216%
Test Loss: 0.559991, Acc: 86.420000%
 52%|██████████████████████████████████████████████████████████████▉                                                          | 104/200 [21:52<19:43, 12.33s/it]epoch 105
Train Loss: 0.004191, Acc: 99.660296%
Val Loss: 0.095057, Acc: 97.313134%
Test Loss: 0.581339, Acc: 86.380000%
 52%|███████████████████████████████████████████████████████████████▌                                                         | 105/200 [22:04<19:25, 12.27s/it]epoch 106
Train Loss: 0.004406, Acc: 99.666646%
Val Loss: 0.095536, Acc: 97.184508%
Test Loss: 0.594758, Acc: 86.520000%
 53%|████████████████████████████████████████████████████████████████▏                                                        | 106/200 [22:17<19:14, 12.28s/it]epoch 107
Train Loss: 0.003563, Acc: 99.715855%
Val Loss: 0.095405, Acc: 97.098757%
Test Loss: 0.585393, Acc: 86.380000%
 54%|████████████████████████████████████████████████████████████████▋                                                        | 107/200 [22:30<19:26, 12.54s/it]epoch 108
Train Loss: 0.003143, Acc: 99.761890%
Val Loss: 0.100551, Acc: 97.170216%
Test Loss: 0.596299, Acc: 86.610000%
 54%|█████████████████████████████████████████████████████████████████▎                                                       | 108/200 [22:42<19:06, 12.46s/it]epoch 109
Train Loss: 0.002843, Acc: 99.795225%
Val Loss: 0.090271, Acc: 97.413177%
Test Loss: 0.588925, Acc: 86.800000%
 55%|█████████████████████████████████████████████████████████████████▉                                                       | 109/200 [22:55<19:03, 12.57s/it]epoch 110
Train Loss: 0.002761, Acc: 99.803162%
Val Loss: 0.090671, Acc: 97.513220%
Test Loss: 0.589523, Acc: 86.740000%
 55%|██████████████████████████████████████████████████████████████████▌                                                      | 110/200 [23:08<18:54, 12.61s/it]epoch 111
Train Loss: 0.002392, Acc: 99.826973%
Val Loss: 0.098363, Acc: 97.198799%
Test Loss: 0.601227, Acc: 86.650000%
 56%|███████████████████████████████████████████████████████████████████▏                                                     | 111/200 [23:20<18:34, 12.52s/it]epoch 112
Train Loss: 0.002465, Acc: 99.836498%
Val Loss: 0.092967, Acc: 97.213091%
Test Loss: 0.604334, Acc: 86.590000%
 56%|███████████████████████████████████████████████████████████████████▊                                                     | 112/200 [23:33<18:25, 12.57s/it]epoch 113
Train Loss: 0.002559, Acc: 99.817449%
Val Loss: 0.098375, Acc: 97.313134%
Test Loss: 0.606984, Acc: 86.370000%
 56%|████████████████████████████████████████████████████████████████████▎                                                    | 113/200 [23:45<18:07, 12.50s/it]epoch 114
Train Loss: 0.002325, Acc: 99.847609%
Val Loss: 0.099170, Acc: 97.298842%
Test Loss: 0.594897, Acc: 86.720000%
 57%|████████████████████████████████████████████████████████████████████▉                                                    | 114/200 [23:58<18:05, 12.62s/it]epoch 115
Train Loss: 0.002028, Acc: 99.873008%
Val Loss: 0.102863, Acc: 97.284551%
Test Loss: 0.602233, Acc: 86.710000%
 57%|█████████████████████████████████████████████████████████████████████▌                                                   | 115/200 [24:11<17:53, 12.63s/it]epoch 116
Train Loss: 0.002031, Acc: 99.855546%
Val Loss: 0.098649, Acc: 97.070173%
Test Loss: 0.600231, Acc: 86.690000%
 58%|██████████████████████████████████████████████████████████████████████▏                                                  | 116/200 [24:23<17:33, 12.54s/it]epoch 117
Train Loss: 0.001862, Acc: 99.887294%
Val Loss: 0.101571, Acc: 97.184508%
Test Loss: 0.603336, Acc: 86.870000%
 58%|██████████████████████████████████████████████████████████████████████▊                                                  | 117/200 [24:36<17:23, 12.58s/it]epoch 118
Train Loss: 0.001805, Acc: 99.892057%
Val Loss: 0.098256, Acc: 97.255967%
Test Loss: 0.590292, Acc: 87.040000%
 59%|███████████████████████████████████████████████████████████████████████▍                                                 | 118/200 [24:48<17:07, 12.53s/it]epoch 119
Train Loss: 0.001547, Acc: 99.925392%
Val Loss: 0.097240, Acc: 97.441761%
Test Loss: 0.621331, Acc: 86.440000%
 60%|███████████████████████████████████████████████████████████████████████▉                                                 | 119/200 [25:01<17:09, 12.70s/it]epoch 120
Train Loss: 0.001623, Acc: 99.901581%
Val Loss: 0.102298, Acc: 97.170216%
Test Loss: 0.619090, Acc: 86.350000%
 60%|████████████████████████████████████████████████████████████████████████▌                                                | 120/200 [25:14<16:57, 12.72s/it]epoch 121
Train Loss: 0.001492, Acc: 99.912693%
Val Loss: 0.104735, Acc: 97.141632%
Test Loss: 0.613099, Acc: 86.490000%
 60%|█████████████████████████████████████████████████████████████████████████▏                                               | 121/200 [25:26<16:26, 12.49s/it]epoch 122
Train Loss: 0.001391, Acc: 99.931742%
Val Loss: 0.098486, Acc: 97.313134%
Test Loss: 0.611008, Acc: 86.720000%
 61%|█████████████████████████████████████████████████████████████████████████▊                                               | 122/200 [25:38<16:04, 12.36s/it]epoch 123
Train Loss: 0.001472, Acc: 99.917455%
Val Loss: 0.098754, Acc: 97.441761%
Test Loss: 0.609298, Acc: 86.460000%
 62%|██████████████████████████████████████████████████████████████████████████▍                                              | 123/200 [25:51<16:03, 12.52s/it]epoch 124
Train Loss: 0.001542, Acc: 99.884120%
Val Loss: 0.104555, Acc: 97.284551%
Test Loss: 0.609631, Acc: 86.870000%
 62%|███████████████████████████████████████████████████████████████████████████                                              | 124/200 [26:03<15:52, 12.53s/it]epoch 125
Train Loss: 0.001305, Acc: 99.939679%
Val Loss: 0.098498, Acc: 97.327426%
Test Loss: 0.614888, Acc: 86.690000%
 62%|███████████████████████████████████████████████████████████████████████████▋                                             | 125/200 [26:16<15:36, 12.49s/it]epoch 126
Train Loss: 0.001478, Acc: 99.911105%
Val Loss: 0.100941, Acc: 97.084465%
Test Loss: 0.615509, Acc: 86.760000%
 63%|████████████████████████████████████████████████████████████████████████████▏                                            | 126/200 [26:28<15:24, 12.49s/it]epoch 127
Train Loss: 0.001392, Acc: 99.923805%
Val Loss: 0.098935, Acc: 97.413177%
Test Loss: 0.619173, Acc: 86.590000%
 64%|████████████████████████████████████████████████████████████████████████████▊                                            | 127/200 [26:41<15:13, 12.51s/it]epoch 128
Train Loss: 0.001272, Acc: 99.931742%
Val Loss: 0.101567, Acc: 97.270259%
Test Loss: 0.611270, Acc: 86.780000%
 64%|█████████████████████████████████████████████████████████████████████████████▍                                           | 128/200 [26:53<14:55, 12.43s/it]epoch 129
Train Loss: 0.001075, Acc: 99.955553%
Val Loss: 0.099704, Acc: 97.370302%
Test Loss: 0.616669, Acc: 86.930000%
 64%|██████████████████████████████████████████████████████████████████████████████                                           | 129/200 [27:05<14:38, 12.38s/it]epoch 130
Train Loss: 0.001237, Acc: 99.931742%
Val Loss: 0.097863, Acc: 97.441761%
Test Loss: 0.609528, Acc: 86.950000%
 65%|██████████████████████████████████████████████████████████████████████████████▋                                          | 130/200 [27:17<14:15, 12.22s/it]epoch 131
Train Loss: 0.001155, Acc: 99.944441%
Val Loss: 0.093342, Acc: 97.470344%
Test Loss: 0.608700, Acc: 86.910000%
 66%|███████████████████████████████████████████████████████████████████████████████▎                                         | 131/200 [27:30<14:18, 12.45s/it]epoch 132
Train Loss: 0.001134, Acc: 99.953965%
Val Loss: 0.098278, Acc: 97.327426%
Test Loss: 0.594984, Acc: 86.960000%
 66%|███████████████████████████████████████████████████████████████████████████████▊                                         | 132/200 [27:43<14:11, 12.52s/it]epoch 133
Train Loss: 0.001089, Acc: 99.939679%
Val Loss: 0.103033, Acc: 97.384593%
Test Loss: 0.617963, Acc: 86.920000%
 66%|████████████████████████████████████████████████████████████████████████████████▍                                        | 133/200 [27:55<13:57, 12.49s/it]epoch 134
Train Loss: 0.001158, Acc: 99.936504%
Val Loss: 0.104534, Acc: 97.413177%
Test Loss: 0.604119, Acc: 86.850000%
 67%|█████████████████████████████████████████████████████████████████████████████████                                        | 134/200 [28:07<13:37, 12.38s/it]epoch 135
Train Loss: 0.001013, Acc: 99.957140%
Val Loss: 0.103661, Acc: 97.384593%
Test Loss: 0.631697, Acc: 86.460000%
 68%|█████████████████████████████████████████████████████████████████████████████████▋                                       | 135/200 [28:20<13:32, 12.50s/it]epoch 136
Train Loss: 0.001010, Acc: 99.947616%
Val Loss: 0.099006, Acc: 97.356010%
Test Loss: 0.608073, Acc: 86.810000%
 68%|██████████████████████████████████████████████████████████████████████████████████▎                                      | 136/200 [28:33<13:25, 12.59s/it]epoch 137
Train Loss: 0.000893, Acc: 99.963490%
Val Loss: 0.099136, Acc: 97.341718%
Test Loss: 0.600589, Acc: 86.950000%
 68%|██████████████████████████████████████████████████████████████████████████████████▉                                      | 137/200 [28:45<12:59, 12.38s/it]epoch 138
Train Loss: 0.000957, Acc: 99.971427%
Val Loss: 0.107134, Acc: 97.427469%
Test Loss: 0.610491, Acc: 87.110000%
 69%|███████████████████████████████████████████████████████████████████████████████████▍                                     | 138/200 [28:57<12:50, 12.42s/it]epoch 139
Train Loss: 0.000959, Acc: 99.968252%
Val Loss: 0.101369, Acc: 97.341718%
Test Loss: 0.597579, Acc: 87.020000%
 70%|████████████████████████████████████████████████████████████████████████████████████                                     | 139/200 [29:11<13:02, 12.83s/it]epoch 140
Train Loss: 0.000968, Acc: 99.960315%
Val Loss: 0.102897, Acc: 97.398885%
Test Loss: 0.607199, Acc: 86.990000%
 70%|████████████████████████████████████████████████████████████████████████████████████▋                                    | 140/200 [29:24<12:48, 12.81s/it]epoch 141
Train Loss: 0.000992, Acc: 99.963490%
Val Loss: 0.103137, Acc: 97.213091%
Test Loss: 0.613912, Acc: 86.930000%
 70%|█████████████████████████████████████████████████████████████████████████████████████▎                                   | 141/200 [29:37<12:34, 12.79s/it]epoch 142
Train Loss: 0.000781, Acc: 99.980951%
Val Loss: 0.103479, Acc: 97.527512%
Test Loss: 0.600756, Acc: 87.090000%
 71%|█████████████████████████████████████████████████████████████████████████████████████▉                                   | 142/200 [29:50<12:28, 12.90s/it]epoch 143
Train Loss: 0.000920, Acc: 99.955553%
Val Loss: 0.099548, Acc: 97.427469%
Test Loss: 0.614424, Acc: 87.040000%
 72%|██████████████████████████████████████████████████████████████████████████████████████▌                                  | 143/200 [30:02<12:09, 12.79s/it]epoch 144
Train Loss: 0.000939, Acc: 99.971427%
Val Loss: 0.104553, Acc: 97.341718%
Test Loss: 0.618783, Acc: 86.970000%
 72%|███████████████████████████████████████████████████████████████████████████████████████                                  | 144/200 [30:15<11:57, 12.82s/it]epoch 145
Train Loss: 0.001050, Acc: 99.949203%
Val Loss: 0.099432, Acc: 97.498928%
Test Loss: 0.594375, Acc: 87.020000%
 72%|███████████████████████████████████████████████████████████████████████████████████████▋                                 | 145/200 [30:28<11:40, 12.74s/it]epoch 146
Train Loss: 0.000778, Acc: 99.980951%
Val Loss: 0.105926, Acc: 97.255967%
Test Loss: 0.606207, Acc: 87.160000%
 73%|████████████████████████████████████████████████████████████████████████████████████████▎                                | 146/200 [30:41<11:30, 12.80s/it]epoch 147
Train Loss: 0.000770, Acc: 99.979364%
Val Loss: 0.102175, Acc: 97.356010%
Test Loss: 0.592769, Acc: 87.130000%
 74%|████████████████████████████████████████████████████████████████████████████████████████▉                                | 147/200 [30:53<11:05, 12.55s/it]epoch 148
Train Loss: 0.000725, Acc: 99.984126%
Val Loss: 0.101724, Acc: 97.313134%
Test Loss: 0.599470, Acc: 86.930000%
 74%|█████████████████████████████████████████████████████████████████████████████████████████▌                               | 148/200 [31:06<10:57, 12.65s/it]epoch 149
Train Loss: 0.000815, Acc: 99.961902%
Val Loss: 0.101086, Acc: 97.341718%
Test Loss: 0.592520, Acc: 87.180000%
 74%|██████████████████████████████████████████████████████████████████████████████████████████▏                              | 149/200 [31:18<10:41, 12.59s/it]epoch 150
Train Loss: 0.000894, Acc: 99.961902%
Val Loss: 0.103190, Acc: 97.141632%
Test Loss: 0.604517, Acc: 87.420000%
 75%|██████████████████████████████████████████████████████████████████████████████████████████▊                              | 150/200 [31:30<10:26, 12.52s/it]epoch 151
Train Loss: 0.000939, Acc: 99.977776%
Val Loss: 0.110237, Acc: 97.170216%
Test Loss: 0.607346, Acc: 87.190000%
 76%|███████████████████████████████████████████████████████████████████████████████████████████▎                             | 151/200 [31:43<10:19, 12.64s/it]epoch 152
Train Loss: 0.000797, Acc: 99.976189%
Val Loss: 0.107645, Acc: 97.198799%
Test Loss: 0.592311, Acc: 87.010000%
 76%|███████████████████████████████████████████████████████████████████████████████████████████▉                             | 152/200 [31:56<10:09, 12.69s/it]epoch 153
Train Loss: 0.000761, Acc: 99.984126%
Val Loss: 0.110028, Acc: 97.227383%
Test Loss: 0.604460, Acc: 87.050000%
 76%|████████████████████████████████████████████████████████████████████████████████████████████▌                            | 153/200 [32:09<10:00, 12.79s/it]epoch 154
Train Loss: 0.000655, Acc: 99.980951%
Val Loss: 0.101293, Acc: 97.341718%
Test Loss: 0.589322, Acc: 87.460000%
 77%|█████████████████████████████████████████████████████████████████████████████████████████████▏                           | 154/200 [32:22<09:53, 12.91s/it]epoch 155
Train Loss: 0.000730, Acc: 99.979364%
Val Loss: 0.104873, Acc: 97.313134%
Test Loss: 0.611016, Acc: 87.200000%
 78%|█████████████████████████████████████████████████████████████████████████████████████████████▊                           | 155/200 [32:35<09:33, 12.74s/it]epoch 156
Train Loss: 0.000649, Acc: 99.980951%
Val Loss: 0.108373, Acc: 97.184508%
Test Loss: 0.595359, Acc: 87.260000%
 78%|██████████████████████████████████████████████████████████████████████████████████████████████▍                          | 156/200 [32:47<09:17, 12.66s/it]epoch 157
Train Loss: 0.000734, Acc: 99.968252%
Val Loss: 0.104067, Acc: 97.270259%
Test Loss: 0.602054, Acc: 87.280000%
 78%|██████████████████████████████████████████████████████████████████████████████████████████████▉                          | 157/200 [33:00<09:01, 12.60s/it]epoch 158
Train Loss: 0.000689, Acc: 99.976189%
Val Loss: 0.105217, Acc: 97.427469%
Test Loss: 0.601714, Acc: 86.970000%
 79%|███████████████████████████████████████████████████████████████████████████████████████████████▌                         | 158/200 [33:12<08:47, 12.55s/it]epoch 159
Train Loss: 0.000696, Acc: 99.968252%
Val Loss: 0.105931, Acc: 97.298842%
Test Loss: 0.595542, Acc: 87.130000%
 80%|████████████████████████████████████████████████████████████████████████████████████████████████▏                        | 159/200 [33:25<08:34, 12.54s/it]epoch 160
Train Loss: 0.000672, Acc: 99.982539%
Val Loss: 0.100533, Acc: 97.213091%
Test Loss: 0.610342, Acc: 87.300000%
 80%|████████████████████████████████████████████████████████████████████████████████████████████████▊                        | 160/200 [33:38<08:28, 12.71s/it]epoch 161
Train Loss: 0.000679, Acc: 99.984126%
Val Loss: 0.107491, Acc: 97.213091%
Test Loss: 0.614401, Acc: 87.120000%
 80%|█████████████████████████████████████████████████████████████████████████████████████████████████▍                       | 161/200 [33:51<08:20, 12.83s/it]epoch 162
Train Loss: 0.000653, Acc: 99.984126%
Val Loss: 0.101754, Acc: 97.255967%
Test Loss: 0.590988, Acc: 87.360000%
 81%|██████████████████████████████████████████████████████████████████████████████████████████████████                       | 162/200 [34:04<08:11, 12.93s/it]epoch 163
Train Loss: 0.000644, Acc: 99.988888%
Val Loss: 0.108063, Acc: 97.227383%
Test Loss: 0.602002, Acc: 87.010000%
 82%|██████████████████████████████████████████████████████████████████████████████████████████████████▌                      | 163/200 [34:16<07:51, 12.74s/it]epoch 164
Train Loss: 0.000611, Acc: 99.992063%
Val Loss: 0.102185, Acc: 97.570387%
Test Loss: 0.605715, Acc: 87.260000%
 82%|███████████████████████████████████████████████████████████████████████████████████████████████████▏                     | 164/200 [34:29<07:37, 12.70s/it]epoch 165
Train Loss: 0.000621, Acc: 99.995238%
Val Loss: 0.103221, Acc: 97.427469%
Test Loss: 0.596953, Acc: 87.270000%
 82%|███████████████████████████████████████████████████████████████████████████████████████████████████▊                     | 165/200 [34:42<07:27, 12.79s/it]epoch 166
Train Loss: 0.000789, Acc: 99.987301%
Val Loss: 0.109049, Acc: 97.241675%
Test Loss: 0.603821, Acc: 87.090000%
 83%|████████████████████████████████████████████████████████████████████████████████████████████████████▍                    | 166/200 [34:55<07:17, 12.88s/it]epoch 167
Train Loss: 0.000691, Acc: 99.984126%
Val Loss: 0.105745, Acc: 97.298842%
Test Loss: 0.604435, Acc: 87.220000%
 84%|█████████████████████████████████████████████████████████████████████████████████████████████████████                    | 167/200 [35:08<07:02, 12.82s/it]epoch 168
Train Loss: 0.000602, Acc: 99.987301%
Val Loss: 0.104383, Acc: 97.427469%
Test Loss: 0.600910, Acc: 87.230000%
 84%|█████████████████████████████████████████████████████████████████████████████████████████████████████▋                   | 168/200 [35:20<06:43, 12.62s/it]epoch 169
Train Loss: 0.000627, Acc: 99.980951%
Val Loss: 0.098331, Acc: 97.370302%
Test Loss: 0.596284, Acc: 87.030000%
 84%|██████████████████████████████████████████████████████████████████████████████████████████████████████▏                  | 169/200 [35:32<06:30, 12.61s/it]epoch 170
Train Loss: 0.000679, Acc: 99.980951%
Val Loss: 0.107101, Acc: 97.055881%
Test Loss: 0.619587, Acc: 86.740000%
 85%|██████████████████████████████████████████████████████████████████████████████████████████████████████▊                  | 170/200 [35:45<06:20, 12.68s/it]epoch 171
Train Loss: 0.000617, Acc: 99.985713%
Val Loss: 0.097194, Acc: 97.484636%
Test Loss: 0.616956, Acc: 86.820000%
 86%|███████████████████████████████████████████████████████████████████████████████████████████████████████▍                 | 171/200 [35:58<06:05, 12.61s/it]epoch 172
Train Loss: 0.000684, Acc: 99.987301%
Val Loss: 0.104217, Acc: 97.255967%
Test Loss: 0.612022, Acc: 86.910000%
 86%|████████████████████████████████████████████████████████████████████████████████████████████████████████                 | 172/200 [36:10<05:54, 12.68s/it]epoch 173
Train Loss: 0.000678, Acc: 99.988888%
Val Loss: 0.102284, Acc: 97.313134%
Test Loss: 0.602343, Acc: 87.130000%
 86%|████████████████████████████████████████████████████████████████████████████████████████████████████████▋                | 173/200 [36:23<05:43, 12.73s/it]epoch 174
Train Loss: 0.000680, Acc: 99.982539%
Val Loss: 0.106418, Acc: 97.327426%
Test Loss: 0.622688, Acc: 86.850000%
 87%|█████████████████████████████████████████████████████████████████████████████████████████████████████████▎               | 174/200 [36:36<05:29, 12.67s/it]epoch 175
Train Loss: 0.000667, Acc: 99.979364%
Val Loss: 0.101068, Acc: 97.427469%
Test Loss: 0.614898, Acc: 87.240000%
 88%|█████████████████████████████████████████████████████████████████████████████████████████████████████████▉               | 175/200 [36:49<05:17, 12.72s/it]epoch 176
Train Loss: 0.000624, Acc: 99.984126%
Val Loss: 0.101373, Acc: 97.470344%
Test Loss: 0.595189, Acc: 87.220000%
 88%|██████████████████████████████████████████████████████████████████████████████████████████████████████████▍              | 176/200 [37:02<05:08, 12.87s/it]epoch 177
Train Loss: 0.000621, Acc: 99.987301%
Val Loss: 0.105087, Acc: 97.413177%
Test Loss: 0.596700, Acc: 87.000000%
 88%|███████████████████████████████████████████████████████████████████████████████████████████████████████████              | 177/200 [37:14<04:53, 12.75s/it]epoch 178
Train Loss: 0.000652, Acc: 99.987301%
Val Loss: 0.103022, Acc: 97.327426%
Test Loss: 0.612112, Acc: 87.190000%
 89%|███████████████████████████████████████████████████████████████████████████████████████████████████████████▋             | 178/200 [37:28<04:45, 13.00s/it]epoch 179
Train Loss: 0.000632, Acc: 99.985713%
Val Loss: 0.099836, Acc: 97.456053%
Test Loss: 0.595290, Acc: 87.510000%
 90%|████████████████████████████████████████████████████████████████████████████████████████████████████████████▎            | 179/200 [37:41<04:30, 12.90s/it]epoch 180
Train Loss: 0.000639, Acc: 99.987301%
Val Loss: 0.107251, Acc: 97.255967%
Test Loss: 0.585954, Acc: 87.310000%
 90%|████████████████████████████████████████████████████████████████████████████████████████████████████████████▉            | 180/200 [37:54<04:19, 12.97s/it]epoch 181
Train Loss: 0.000655, Acc: 99.988888%
Val Loss: 0.103823, Acc: 97.370302%
Test Loss: 0.603980, Acc: 87.160000%
 90%|█████████████████████████████████████████████████████████████████████████████████████████████████████████████▌           | 181/200 [38:07<04:06, 13.00s/it]epoch 182
Train Loss: 0.000648, Acc: 99.984126%
Val Loss: 0.099216, Acc: 97.255967%
Test Loss: 0.598324, Acc: 87.370000%
 91%|██████████████████████████████████████████████████████████████████████████████████████████████████████████████           | 182/200 [38:20<03:53, 12.95s/it]epoch 183
Train Loss: 0.000627, Acc: 99.987301%
Val Loss: 0.095795, Acc: 97.427469%
Test Loss: 0.596105, Acc: 87.230000%
 92%|██████████████████████████████████████████████████████████████████████████████████████████████████████████████▋          | 183/200 [38:33<03:41, 13.03s/it]epoch 184
Train Loss: 0.000688, Acc: 99.980951%
Val Loss: 0.101664, Acc: 97.313134%
Test Loss: 0.590139, Acc: 87.390000%
 92%|███████████████████████████████████████████████████████████████████████████████████████████████████████████████▎         | 184/200 [38:46<03:27, 12.96s/it]epoch 185
Train Loss: 0.000709, Acc: 99.985713%
Val Loss: 0.106443, Acc: 97.255967%
Test Loss: 0.614313, Acc: 86.990000%
 92%|███████████████████████████████████████████████████████████████████████████████████████████████████████████████▉         | 185/200 [38:58<03:10, 12.72s/it]epoch 186
Train Loss: 0.000654, Acc: 99.982539%
Val Loss: 0.099434, Acc: 97.255967%
Test Loss: 0.598161, Acc: 87.280000%
 93%|████████████████████████████████████████████████████████████████████████████████████████████████████████████████▌        | 186/200 [39:10<02:56, 12.62s/it]epoch 187
Train Loss: 0.000595, Acc: 99.992063%
Val Loss: 0.103196, Acc: 97.370302%
Test Loss: 0.595880, Acc: 86.950000%
 94%|█████████████████████████████████████████████████████████████████████████████████████████████████████████████████▏       | 187/200 [39:23<02:46, 12.80s/it]epoch 188
Train Loss: 0.000656, Acc: 99.992063%
Val Loss: 0.100001, Acc: 97.470344%
Test Loss: 0.596710, Acc: 87.320000%
 94%|█████████████████████████████████████████████████████████████████████████████████████████████████████████████████▋       | 188/200 [39:36<02:31, 12.62s/it]epoch 189
Train Loss: 0.000607, Acc: 99.985713%
Val Loss: 0.104491, Acc: 97.184508%
Test Loss: 0.599974, Acc: 86.950000%
 94%|██████████████████████████████████████████████████████████████████████████████████████████████████████████████████▎      | 189/200 [39:48<02:19, 12.65s/it]epoch 190
Train Loss: 0.000647, Acc: 99.990476%
Val Loss: 0.100303, Acc: 97.513220%
Test Loss: 0.604262, Acc: 87.070000%
 95%|██████████████████████████████████████████████████████████████████████████████████████████████████████████████████▉      | 190/200 [40:01<02:07, 12.79s/it]epoch 191
Train Loss: 0.000652, Acc: 99.985713%
Val Loss: 0.100326, Acc: 97.470344%
Test Loss: 0.599534, Acc: 87.090000%
 96%|███████████████████████████████████████████████████████████████████████████████████████████████████████████████████▌     | 191/200 [40:14<01:55, 12.81s/it]epoch 192
Train Loss: 0.000642, Acc: 99.987301%
Val Loss: 0.106616, Acc: 97.327426%
Test Loss: 0.595271, Acc: 87.340000%
 96%|████████████████████████████████████████████████████████████████████████████████████████████████████████████████████▏    | 192/200 [40:27<01:41, 12.72s/it]epoch 193
Train Loss: 0.000596, Acc: 99.990476%
Val Loss: 0.105070, Acc: 97.413177%
Test Loss: 0.589934, Acc: 87.060000%
 96%|████████████████████████████████████████████████████████████████████████████████████████████████████████████████████▊    | 193/200 [40:39<01:28, 12.64s/it]epoch 194
Train Loss: 0.000656, Acc: 99.987301%
Val Loss: 0.098741, Acc: 97.441761%
Test Loss: 0.597680, Acc: 86.940000%
 97%|█████████████████████████████████████████████████████████████████████████████████████████████████████████████████████▎   | 194/200 [40:53<01:17, 12.84s/it]epoch 195
Train Loss: 0.000595, Acc: 99.995238%
Val Loss: 0.101798, Acc: 97.413177%
Test Loss: 0.600621, Acc: 87.240000%
 98%|█████████████████████████████████████████████████████████████████████████████████████████████████████████████████████▉   | 195/200 [41:05<01:03, 12.76s/it]epoch 196
Train Loss: 0.000686, Acc: 99.985713%
Val Loss: 0.100314, Acc: 97.384593%
Test Loss: 0.600879, Acc: 87.030000%
 98%|██████████████████████████████████████████████████████████████████████████████████████████████████████████████████████▌  | 196/200 [41:18<00:50, 12.73s/it]epoch 197
Train Loss: 0.000575, Acc: 99.982539%
Val Loss: 0.100359, Acc: 97.384593%
Test Loss: 0.593777, Acc: 87.120000%
 98%|███████████████████████████████████████████████████████████████████████████████████████████████████████████████████████▏ | 197/200 [41:30<00:37, 12.63s/it]epoch 198
Train Loss: 0.000611, Acc: 99.985713%
Val Loss: 0.101700, Acc: 97.613263%
Test Loss: 0.602253, Acc: 87.080000%
 99%|███████████████████████████████████████████████████████████████████████████████████████████████████████████████████████▊ | 198/200 [41:43<00:25, 12.57s/it]epoch 199
Train Loss: 0.000601, Acc: 99.993650%
Val Loss: 0.096499, Acc: 97.541804%
Test Loss: 0.594290, Acc: 87.200000%
100%|████████████████████████████████████████████████████████████████████████████████████████████████████████████████████████▍| 199/200 [41:55<00:12, 12.66s/it]epoch 200
Train Loss: 0.000587, Acc: 99.990476%
Val Loss: 0.104550, Acc: 97.270259%
Test Loss: 0.585109, Acc: 87.050000%
100%|█████████████████████████████████████████████████████████████████████████████████████████████████████████████████████████| 200/200 [42:08<00:00, 12.64s/it]
Best Test Acc: 87.510000%
  0%|                                                                                                                                    | 0/40 [00:00<?, ?it/s]Fine Tune Loss: 0.016968, Acc: 99.494332%
Test Loss: 0.602071, Acc: 86.130000%
  2%|███                                                                                                                         | 1/40 [00:04<02:54,  4.48s/it]Fine Tune Loss: 0.004863, Acc: 99.933319%
Test Loss: 0.587505, Acc: 86.510000%
  5%|██████▏                                                                                                                     | 2/40 [00:08<02:47,  4.40s/it]Fine Tune Loss: 0.003578, Acc: 99.972216%
Test Loss: 0.562008, Acc: 86.680000%
  8%|█████████▎                                                                                                                  | 3/40 [00:13<02:47,  4.53s/it]Fine Tune Loss: 0.003249, Acc: 99.972216%
Test Loss: 0.571879, Acc: 86.940000%
 10%|████████████▍                                                                                                               | 4/40 [00:18<02:49,  4.72s/it]Fine Tune Loss: 0.002518, Acc: 99.988886%
Test Loss: 0.565428, Acc: 86.890000%
 12%|███████████████▌                                                                                                            | 5/40 [00:23<02:47,  4.79s/it]Fine Tune Loss: 0.002499, Acc: 99.977773%
Test Loss: 0.558219, Acc: 87.010000%
 15%|██████████████████▌                                                                                                         | 6/40 [00:27<02:39,  4.68s/it]Fine Tune Loss: 0.002288, Acc: 99.994443%
Test Loss: 0.567989, Acc: 87.090000%
 18%|█████████████████████▋                                                                                                      | 7/40 [00:32<02:33,  4.64s/it]Fine Tune Loss: 0.002291, Acc: 99.972216%
Test Loss: 0.566515, Acc: 87.020000%
 20%|████████████████████████▊                                                                                                   | 8/40 [00:37<02:32,  4.78s/it]Fine Tune Loss: 0.002103, Acc: 99.988886%
Test Loss: 0.566356, Acc: 87.090000%
 22%|███████████████████████████▉                                                                                                | 9/40 [00:42<02:32,  4.93s/it]Fine Tune Loss: 0.001965, Acc: 100.000000%
Test Loss: 0.562715, Acc: 86.910000%
 25%|██████████████████████████████▊                                                                                            | 10/40 [00:47<02:25,  4.84s/it]Fine Tune Loss: 0.002062, Acc: 99.983330%
Test Loss: 0.563793, Acc: 87.000000%
 28%|█████████████████████████████████▊                                                                                         | 11/40 [00:52<02:18,  4.77s/it]Fine Tune Loss: 0.001862, Acc: 100.000000%
Test Loss: 0.555123, Acc: 87.200000%
 30%|████████████████████████████████████▉                                                                                      | 12/40 [00:56<02:12,  4.73s/it]Fine Tune Loss: 0.002026, Acc: 99.988886%
Test Loss: 0.557751, Acc: 87.270000%
 32%|███████████████████████████████████████▉                                                                                   | 13/40 [01:01<02:06,  4.68s/it]Fine Tune Loss: 0.002042, Acc: 99.988886%
Test Loss: 0.550334, Acc: 87.490000%
 35%|███████████████████████████████████████████                                                                                | 14/40 [01:06<02:03,  4.75s/it]Fine Tune Loss: 0.001948, Acc: 99.994443%
Test Loss: 0.549419, Acc: 87.400000%
 38%|██████████████████████████████████████████████▏                                                                            | 15/40 [01:10<01:57,  4.71s/it]Fine Tune Loss: 0.001733, Acc: 99.994443%
Test Loss: 0.554312, Acc: 87.190000%
 40%|█████████████████████████████████████████████████▏                                                                         | 16/40 [01:15<01:55,  4.79s/it]Fine Tune Loss: 0.001575, Acc: 99.988886%
Test Loss: 0.557328, Acc: 87.140000%
 42%|████████████████████████████████████████████████████▎                                                                      | 17/40 [01:20<01:49,  4.74s/it]Fine Tune Loss: 0.001781, Acc: 99.988886%
Test Loss: 0.562427, Acc: 87.170000%
 45%|███████████████████████████████████████████████████████▎                                                                   | 18/40 [01:24<01:40,  4.59s/it]Fine Tune Loss: 0.001659, Acc: 99.994443%
Test Loss: 0.563780, Acc: 87.280000%
 48%|██████████████████████████████████████████████████████████▍                                                                | 19/40 [01:29<01:37,  4.65s/it]Fine Tune Loss: 0.001730, Acc: 99.988886%
Test Loss: 0.562147, Acc: 87.140000%
 50%|█████████████████████████████████████████████████████████████▌                                                             | 20/40 [01:34<01:36,  4.82s/it]Fine Tune Loss: 0.001535, Acc: 99.994443%
Test Loss: 0.562225, Acc: 87.510000%
 52%|████████████████████████████████████████████████████████████████▌                                                          | 21/40 [01:39<01:30,  4.74s/it]Fine Tune Loss: 0.001416, Acc: 100.000000%
Test Loss: 0.547271, Acc: 87.380000%
 55%|███████████████████████████████████████████████████████████████████▋                                                       | 22/40 [01:44<01:25,  4.77s/it]Fine Tune Loss: 0.001529, Acc: 99.988886%
Test Loss: 0.563864, Acc: 87.470000%
 57%|██████████████████████████████████████████████████████████████████████▋                                                    | 23/40 [01:48<01:21,  4.80s/it]Fine Tune Loss: 0.001460, Acc: 100.000000%
Test Loss: 0.559161, Acc: 87.190000%
 60%|█████████████████████████████████████████████████████████████████████████▊                                                 | 24/40 [01:53<01:16,  4.81s/it]Fine Tune Loss: 0.001357, Acc: 100.000000%
Test Loss: 0.555664, Acc: 87.320000%
 62%|████████████████████████████████████████████████████████████████████████████▉                                              | 25/40 [01:58<01:12,  4.87s/it]Fine Tune Loss: 0.001363, Acc: 100.000000%
Test Loss: 0.551898, Acc: 87.380000%
 65%|███████████████████████████████████████████████████████████████████████████████▉                                           | 26/40 [02:03<01:09,  4.94s/it]Fine Tune Loss: 0.001434, Acc: 100.000000%
Test Loss: 0.556831, Acc: 87.240000%
 68%|███████████████████████████████████████████████████████████████████████████████████                                        | 27/40 [02:08<01:02,  4.80s/it]Fine Tune Loss: 0.001558, Acc: 99.983330%
Test Loss: 0.551540, Acc: 87.610000%
 70%|██████████████████████████████████████████████████████████████████████████████████████                                     | 28/40 [02:12<00:56,  4.72s/it]Fine Tune Loss: 0.001241, Acc: 100.000000%
Test Loss: 0.552498, Acc: 87.350000%
 72%|█████████████████████████████████████████████████████████████████████████████████████████▏                                 | 29/40 [02:17<00:51,  4.69s/it]Fine Tune Loss: 0.001502, Acc: 99.994443%
Test Loss: 0.562269, Acc: 87.120000%
 75%|████████████████████████████████████████████████████████████████████████████████████████████▎                              | 30/40 [02:21<00:46,  4.64s/it]Fine Tune Loss: 0.001485, Acc: 100.000000%
Test Loss: 0.559272, Acc: 87.270000%
 78%|███████████████████████████████████████████████████████████████████████████████████████████████▎                           | 31/40 [02:26<00:42,  4.70s/it]Fine Tune Loss: 0.001428, Acc: 100.000000%
Test Loss: 0.541649, Acc: 87.800000%
 80%|██████████████████████████████████████████████████████████████████████████████████████████████████▍                        | 32/40 [02:31<00:37,  4.71s/it]Fine Tune Loss: 0.001424, Acc: 100.000000%
Test Loss: 0.564864, Acc: 87.080000%
 82%|█████████████████████████████████████████████████████████████████████████████████████████████████████▍                     | 33/40 [02:36<00:33,  4.71s/it]Fine Tune Loss: 0.001401, Acc: 99.994443%
Test Loss: 0.555152, Acc: 87.350000%
 85%|████████████████████████████████████████████████████████████████████████████████████████████████████████▌                  | 34/40 [02:41<00:28,  4.76s/it]Fine Tune Loss: 0.001326, Acc: 99.994443%
Test Loss: 0.558129, Acc: 87.230000%
 88%|███████████████████████████████████████████████████████████████████████████████████████████████████████████▋               | 35/40 [02:45<00:23,  4.74s/it]Fine Tune Loss: 0.001478, Acc: 99.988886%
Test Loss: 0.557672, Acc: 87.100000%
 90%|██████████████████████████████████████████████████████████████████████████████████████████████████████████████▋            | 36/40 [02:50<00:19,  4.80s/it]Fine Tune Loss: 0.001376, Acc: 99.994443%
Test Loss: 0.560561, Acc: 87.820000%
 92%|█████████████████████████████████████████████████████████████████████████████████████████████████████████████████▊         | 37/40 [02:55<00:14,  4.83s/it]Fine Tune Loss: 0.001336, Acc: 99.994443%
Test Loss: 0.565849, Acc: 87.170000%
 95%|████████████████████████████████████████████████████████████████████████████████████████████████████████████████████▊      | 38/40 [03:00<00:09,  4.86s/it]Fine Tune Loss: 0.001311, Acc: 100.000000%
Test Loss: 0.557180, Acc: 87.310000%
 98%|███████████████████████████████████████████████████████████████████████████████████████████████████████████████████████▉   | 39/40 [03:05<00:04,  4.76s/it]Fine Tune Loss: 0.001244, Acc: 100.000000%
Test Loss: 0.551288, Acc: 87.390000%
100%|███████████████████████████████████████████████████████████████████████████████████████████████████████████████████████████| 40/40 [03:09<00:00,  4.74s/it]
Best Test Acc: 87.820000%